Log file open, 11/14/14 20:44:52
LogInit:Display: Running engine for game: CowTipping
LogInit: Version: 4.3.1-2226335+++depot+UE4-Releases+4.3
LogInit: API Version: 2215663
LogInit: Compiled (64-bit): Jul 21 2014 22:28:08
LogInit: Build Configuration: Development
LogInit: Branch Name: ++depot+UE4-Releases+4.3
LogInit: Command line:  
LogInit: Base directory: C:/Program Files/Unreal Engine/4.3/Engine/Binaries/Win64/
LogInit: Rocket: 1
[2014.11.15-01.44.52:793][  0]LogTaskGraph: Started task graph with 3 named threads and 4 total threads.
[2014.11.15-01.44.52:820][  0]LogOnline:Warning: No default platform service specified for OnlineSubsystem
[2014.11.15-01.44.52:827][  0]LogInit: Presizing for 0 objects not considered by GC, pre-allocating 0 bytes.
[2014.11.15-01.44.52:832][  0]LogInit: Object subsystem initialized
[2014.11.15-01.44.52:835][  0]LogInit: Selected Device Profile: [Windows]
[2014.11.15-01.44.52:835][  0]LogInit: Applying CVar settings loaded from the selected device profile: [Windows]
[2014.11.15-01.44.52:851][  0]LogInit: Computer: HINAGIKU
[2014.11.15-01.44.52:852][  0]LogInit: User: JustinYong
[2014.11.15-01.44.52:876][  0]LogInit: CPU Page size=4096, Cores=4
[2014.11.15-01.44.52:876][  0]LogInit: High frequency timer resolution =3.435864 MHz
[2014.11.15-01.44.52:876][  0]LogMemory: Memory total: Physical=15.9GB (16GB approx) Virtual=131072.0GB
[2014.11.15-01.44.52:876][  0]LogMemory: Platform Memory Stats for Windows
[2014.11.15-01.44.52:876][  0]LogMemory: Process Physical Memory: 59.31 MB used, 59.31 MB peak
[2014.11.15-01.44.52:876][  0]LogMemory: Process Virtual Memory: 35.97 MB used, 35.97 MB peak
[2014.11.15-01.44.52:876][  0]LogMemory: Physical Memory: 12475.74 MB used, 16321.69 MB total
[2014.11.15-01.44.52:876][  0]LogMemory: Virtual Memory: 252.09 MB used, 134217728.00 MB total
[2014.11.15-01.44.52:899][  0]LogD3D11RHI: Found D3D11 adapter 0: NVIDIA GeForce GTX 770 (Feature Level 11_0)
[2014.11.15-01.44.52:899][  0]LogD3D11RHI: Adapter has 1985MB of dedicated video memory, 0MB of dedicated system memory, and 2048MB of shared system memory, 3 output[s]
[2014.11.15-01.44.52:900][  0]LogD3D11RHI: Found D3D11 adapter 1: Microsoft Basic Render Driver (Feature Level 11_0)
[2014.11.15-01.44.52:900][  0]LogD3D11RHI: Adapter has 0MB of dedicated video memory, 0MB of dedicated system memory, and 256MB of shared system memory, 0 output[s]
[2014.11.15-01.44.52:900][  0]LogD3D11RHI: Chosen D3D11 Adapter Id = 0
[2014.11.15-01.44.52:922][  0]LogRHI: Texture pool is 1361 MB (70% of 1945 MB)
[2014.11.15-01.44.52:930][  0]LogD3D11RHI: Async texture creation enabled
[2014.11.15-01.44.53:026][  0]LogContentStreaming: Texture pool size is 0.000000MB
[2014.11.15-01.44.53:622][  0]LogTargetPlatformManager:Display: Building Assets For Windows
[2014.11.15-01.44.53:695][  0]LogTargetPlatformManager:Display: Building Assets For Windows
[2014.11.15-01.44.53:720][  0]LogDerivedDataCache:Display: Max Cache Size: 512 MB
[2014.11.15-01.44.53:762][  0]LogDerivedDataCache: Loaded boot cache 0.04s 39MB C:/Users/Justin Yong/AppData/Local/UnrealEngine/4.3/DerivedDataCache/Boot.ddc.
[2014.11.15-01.44.53:762][  0]LogDerivedDataCache:Display: Loaded Boot cache: C:/Users/Justin Yong/AppData/Local/UnrealEngine/4.3/DerivedDataCache/Boot.ddc
[2014.11.15-01.44.53:762][  0]LogDerivedDataCache: FDerivedDataBackendGraph:  Pak pak cache file B:/CGT 345/GitHub/Cow-Tipping/DerivedDataCache/DDC.ddp not found, will not use a pak cache.
[2014.11.15-01.44.53:762][  0]LogDerivedDataCache: Unable to find inner node Pak for hierarchical cache Hierarchy.
[2014.11.15-01.44.53:775][  0]LogDerivedDataCache:Display: Pak cache opened for reading ../../../Engine/DerivedDataCache/DDC.ddp.
[2014.11.15-01.44.53:786][  0]LogDerivedDataCache: Using Local data cache path C:/Users/Justin Yong/AppData/Local/UnrealEngine/4.3/DerivedDataCache: Writable
[2014.11.15-01.44.53:909][  0]LogMeshUtilities: No automatic mesh reduction module available
[2014.11.15-01.44.53:909][  0]LogMeshUtilities: No automatic mesh merging module available
[2014.11.15-01.44.54:165][  0]LogInit: WinSock: version 1.1 (2.2), MaxSocks=32767, MaxUdp=65467
[2014.11.15-01.44.54:693][  0]LogLinker:Warning: Asset '../../../Engine/Plugins/Experimental/Paper2D/Content/DefaultPaperTerrainMaterial.uasset' has been saved with empty engine version. The asset will be loaded but may be incompatible.
[2014.11.15-01.44.54:693][  0]LogLinker:Warning: Asset '../../../Engine/Plugins/Experimental/Paper2D/Content/DummySprite.uasset' has been saved with empty engine version. The asset will be loaded but may be incompatible.
[2014.11.15-01.44.54:694][  0]UdpMessaging: Initializing bridge on interface 0.0.0.0:0 to multicast group 230.0.0.1:6666.
[2014.11.15-01.44.54:767][  0]SourceControl: Info Source control is disabled
[2014.11.15-01.44.54:767][  0]SourceControl: Info Source control is disabled
[2014.11.15-01.44.54:770][  0]SourceControl: Info Source control is disabled
[2014.11.15-01.44.54:864][  0]BlueprintLog: New page: Editor Load
[2014.11.15-01.44.54:893][  0]LogObj: 20191 objects as part of root set at end of initial load.
[2014.11.15-01.44.54:893][  0]LogUObjectAllocator: 3997440 out of 0 bytes used by permanent object pool.
[2014.11.15-01.44.55:017][  0]LogEngine: Initializing Engine...
[2014.11.15-01.44.55:096][  0]LogInit: XAudio2 using 'Razer Surround (Razer Surround Audio Controller)' : 8 channels at 48 kHz using 16 bits per sample (channel mask 0x63f)
[2014.11.15-01.44.55:100][  0]LogInit: FAudioDevice initialized.
[2014.11.15-01.44.55:110][  0]LogAIModule: Creating AISystem for world NewWorld
[2014.11.15-01.44.55:132][  0]LogDerivedDataCache: Saved boot cache 0.02s 39MB C:/Users/Justin Yong/AppData/Local/UnrealEngine/4.3/DerivedDataCache/Boot.ddc.
[2014.11.15-01.44.55:138][  0]LogInit: Texture streaming: Enabled
[2014.11.15-01.44.55:176][  0]LogInit: Transaction tracking system initialized
[2014.11.15-01.44.55:238][  0]LogAssetRegistry: FAssetRegistry took 0.0112 seconds to start up
[2014.11.15-01.44.55:338][  0]LogTargetPlatformManager:Display: Building Assets For Windows
[2014.11.15-01.44.55:366][  0]LogTargetPlatformManager:Display: Building Assets For Windows
[2014.11.15-01.44.55:431][  0]LogConsoleResponse:Display: 
[2014.11.15-01.44.55:543][  0]SourceControl: Info Source control is disabled
[2014.11.15-01.44.55:543][  0]Cmd: MAP LOAD FILE="B:/CGT 345/GitHub/Cow-Tipping/Content/Maps/Level_01.umap" TEMPLATE=0 SHOWPROGRESS=1
[2014.11.15-01.44.55:572][  0]LightingResults: New page: Lighting Build
[2014.11.15-01.44.55:577][  0]MapCheck: New page: Map Check
[2014.11.15-01.44.55:577][  0]LightingResults: New page: Lighting Build
[2014.11.15-01.44.55:590][  0]LogParticles: Destroying 0 GPU particle simulations for FXSystem 0x0000008FE305A5C0
[2014.11.15-01.44.56:200][  0]LogEditorServer: Finished looking for orphan Actors (0.000 secs)
[2014.11.15-01.44.56:200][  0]LogAIModule: Creating AISystem for world Level_01
[2014.11.15-01.44.56:200][  0]Cmd: MAP CHECKDEP
[2014.11.15-01.44.56:201][  0]MapCheck: New page: Level_01 - Nov 14, 2014, 3:44:56 PM
[2014.11.15-01.44.56:232][  0]MapCheck: Info ========== Map Check: 0 Error(s), 0 Warning(s), [31.857ms] ==========
[2014.11.15-01.44.56:232][  0]LogFileHelpers: Loading map 'Level_01' took 0.689
[2014.11.15-01.44.56:357][  0]LogCollectionManager: Loaded 0 collections in 0.001025 seconds
[2014.11.15-01.44.56:494][  0]LogCrashTracker: Crashtracker disabled due to settings.
[2014.11.15-01.44.56:565][  0]LogLoad: Full Startup: 4.39 seconds (BP compile: 0.20 seconds)
[2014.11.15-01.44.56:583][  0]LogContentBrowser:Verbose: The content browser source was changed by the sources view to '/Game/Blueprints'
[2014.11.15-01.44.56:655][  0]LogRenderer:Warning: Reallocating scene render targets to support 32x32.
[2014.11.15-01.44.56:667][  0]LogSlate: SRTH: 0000008FEB16A8C0, 952 x 935
[2014.11.15-01.44.56:728][  0]LogRenderer:Warning: Reallocating scene render targets to support 952x936.
[2014.11.15-01.44.56:855][  1]LogEpicStorage:Warning: EnumerateFiles request failed. Invalid response. code=403 error=<?xml version="1.0" encoding="UTF-8"?>
<Error><Code>AccessDenied</Code><Message>Access Denied</Message><RequestId>63C64DCE69FA7705</RequestId><HostId>qh782PuHvgrtcw66KnHdcHG6jO/SQC0AcaZ9ubjFBnvQqpSj/tQjw6FqN/NS0Z4x</HostId></Error>
[2014.11.15-01.44.56:872][  1]LogAssetRegistry: Asset discovery search completed in 1.6458 seconds
[2014.11.15-01.44.56:912][  2]LogEpicSurvey:Warning: EnumerateFiles request failed. Invalid response. code=403 error=<?xml version="1.0" encoding="UTF-8"?>
<Error><Code>AccessDenied</Code><Message>Access Denied</Message><RequestId>B2A31493D869574E</RequestId><HostId>WdvG8J4tySzjtGwLURS48gUe/EpdQ8K2P24/7KNI0b8QstPlmLCGCiM8T3t4PJkn</HostId></Error>
[2014.11.15-01.44.56:927][  3]LogEpicStorage:Warning: EnumerateFiles request failed. Invalid response. code=403 error=<?xml version="1.0" encoding="UTF-8"?>
<Error><Code>AccessDenied</Code><Message>Access Denied</Message><RequestId>29C2F9A63EA5A945</RequestId><HostId>hnAQDR3v2w6vWeRS7ONkEIzANMqFA6bcgCHPHrqNxQnzKgGmylCQRqv/RNLCy7bGpm/OmQASfXQ=</HostId></Error>
[2014.11.15-01.44.57:003][  6]LogEpicSurvey:Warning: EnumerateFiles request failed. Invalid response. code=403 error=<?xml version="1.0" encoding="UTF-8"?>
<Error><Code>AccessDenied</Code><Message>Access Denied</Message><RequestId>0FDC0B70174F72B4</RequestId><HostId>Legyfewf3R9rsRQ2WPrJN6A194eZsRzcIoE58/CilF7DLYWptnIey5a0yDPA0vWc</HostId></Error>
[2014.11.15-01.44.57:076][  7]LogEpicStorage:Warning: ReadFile request failed. File request already pending for filename=http://cdn.unrealengine.com/newsfeed/blueprint_icon_b.png
[2014.11.15-01.44.57:096][  7]LogEpicStorage:Warning: ReadFile request failed. File request already pending for filename=http://cdn.unrealengine.com/newsfeed/blueprint_icon_b.png
[2014.11.15-01.49.15:219][275]BlueprintLog: New page: Compile CowTipping_HUD_Interface
[2014.11.15-01.49.15:278][275]LogActorComponent: UnregisterComponent: (/Engine/Transient.CharacterMovementComponent_0) Not registered. Aborting.
[2014.11.15-01.49.15:278][275]LogActorComponent: UnregisterComponent: (/Engine/Transient.CharacterMovementComponent_1) Not registered. Aborting.
[2014.11.15-01.49.15:278][275]LogActorComponent: UnregisterComponent: (/Engine/Transient.CharacterMovementComponent_2) Not registered. Aborting.
[2014.11.15-01.49.15:389][275]BlueprintEditorCompileResults: Info [0263.04] Compile of CowTipping_HUD_Interface successful! [in 0 ms]
[2014.11.15-01.49.18:522][422]BlueprintLog: New page: Compile CowTippingHUD
[2014.11.15-01.49.18:668][422]BlueprintEditorCompileResults: Info [0266.42] Compile of CowTippingHUD successful! [in 14 ms]
[2014.11.15-01.49.26:159][886]LogSlate:Warning: GetFontFace failed to load or process 'Roboto-Regular'
[2014.11.15-01.49.26:159][886]LogSlate:Warning: GetFontFace failed to load or process 'Roboto-Regular'
[2014.11.15-01.49.26:170][886]LogSlate:Warning: GetFontFace failed to load or process 'Roboto-Regular'
[2014.11.15-01.49.26:170][886]LogSlate:Warning: GetFontFace failed to load or process 'Roboto-Regular'
[2014.11.15-01.49.26:170][886]LogSlate:Warning: GetFontFace failed to load or process 'Roboto-Regular'
[2014.11.15-01.49.26:170][886]LogSlate:Warning: GetFontFace failed to load or process 'Roboto-Regular'
[2014.11.15-01.49.26:170][886]LogSlate:Warning: GetFontFace failed to load or process 'Roboto-Regular'
[2014.11.15-01.49.26:170][886]LogSlate:Warning: GetFontFace failed to load or process 'Roboto-Regular'
[2014.11.15-01.49.26:170][886]LogSlate:Warning: GetFontFace failed to load or process 'Roboto-Regular'
[2014.11.15-01.49.26:170][886]LogSlate:Warning: GetFontFace failed to load or process 'Roboto-Regular'
[2014.11.15-01.49.26:170][886]LogSlate:Warning: GetFontFace failed to load or process 'Roboto-Regular'
[2014.11.15-01.49.26:170][886]LogSlate:Warning: GetFontFace failed to load or process 'Roboto-Regular'
[2014.11.15-01.49.26:170][886]LogSlate:Warning: GetFontFace failed to load or process 'Roboto-Regular'
[2014.11.15-01.49.26:171][886]LogSlate:Warning: GetFontFace failed to load or process 'Roboto-Regular'
[2014.11.15-01.49.26:171][886]LogSlate:Warning: GetFontFace failed to load or process 'Roboto-Regular'
[2014.11.15-01.49.26:171][886]LogSlate:Warning: GetFontFace failed to load or process 'Roboto-Regular'
[2014.11.15-01.49.26:171][886]LogSlate:Warning: GetFontFace failed to load or process 'Roboto-Regular'
[2014.11.15-01.49.26:171][886]LogSlate:Warning: GetFontFace failed to load or process 'Roboto-Regular'
[2014.11.15-01.49.56:789][253]BlueprintLog: New page: Compile CowTipping_HUD_Interface
[2014.11.15-01.49.56:898][253]BlueprintEditorCompileResults: Info [0304.61] Compile of CowTipping_HUD_Interface successful! [in 0 ms]
[2014.11.15-01.49.58:874][336]BlueprintLog: New page: Compile CowTippingHUD
[2014.11.15-01.49.59:028][336]BlueprintEditorCompileResults: Info [0306.78] Compile of CowTippingHUD successful! [in 24 ms]
[2014.11.15-01.51.15:488][680]LogUObjectGlobals:Warning: Failed to find object 'Object None.'
[2014.11.15-01.51.15:489][680]LogUObjectGlobals:Warning: Failed to find object 'Object None.'
[2014.11.15-01.51.15:490][680]LogProperty:Warning: ObjectProperty /Script/Engine.EdGraphPin:LinkedTo.LinkedTo: unresolved reference to 'EdGraphPin'"K2Node_VariableSet_189.EdGraphPin_11334"''
[2014.11.15-01.52.55:751][129]BlueprintLog: New page: Compile CowTipping_Player_Controller
[2014.11.15-01.52.55:794][129]LogActorComponent: UnregisterComponent: (/Engine/Transient.CharacterMovementComponent_3) Not registered. Aborting.
[2014.11.15-01.52.55:794][129]LogActorComponent: UnregisterComponent: (/Engine/Transient.CharacterMovementComponent_4) Not registered. Aborting.
[2014.11.15-01.52.55:794][129]LogActorComponent: UnregisterComponent: (/Engine/Transient.CharacterMovementComponent_5) Not registered. Aborting.
[2014.11.15-01.52.55:835][129]BlueprintEditorCompileResults: Info [0483.58] Compile of CowTipping_Player_Controller successful! [in 1 ms]
[2014.11.15-01.53.04:469][815]BlueprintLog: New page: Compile CowTipping_Player_Controller
[2014.11.15-01.53.04:532][815]BlueprintEditorCompileResults: Info [0492.30] Compile of CowTipping_Player_Controller successful! [in 1 ms]
[2014.11.15-01.53.11:039][189]BlueprintLog: New page: Compile CowTippingHUD
[2014.11.15-01.53.11:234][189]BlueprintEditorCompileResults: Info [0498.96] Compile of CowTippingHUD successful! [in 15 ms]
[2014.11.15-01.53.19:085][473]BlueprintLog: New page: Compile CowTippingHUD
[2014.11.15-01.53.19:240][473]BlueprintEditorCompileResults: Info [0506.99] Compile of CowTippingHUD successful! [in 16 ms]
[2014.11.15-01.53.24:514][660]BlueprintLog: New page: Pre-PIE auto-recompile
[2014.11.15-01.53.24:514][660]LogPlayLevel: [PIE] Compiling Level_01 before PIE...
[2014.11.15-01.53.24:598][660]LogPlayLevel: PIE:  Blueprint regeneration took 83 ms (1 blueprints)
[2014.11.15-01.53.24:598][660]PIE: New page: PIE session: Level_01 (Nov 14, 2014, 3:53:24 PM)
[2014.11.15-01.53.24:602][660]LogPlayLevel: PIE: StaticDuplicateObject took: (0.004410s)
[2014.11.15-01.53.24:603][660]LogPlayLevel: PIE: World Init took: (0.000700s)
[2014.11.15-01.53.24:603][660]LogPlayLevel: PIE: Created PIE world by copying editor world from /Game/Maps/Level_01.Level_01 to /Game/Maps/UEDPIE_0_Level_01.Level_01 (0.005378s)
[2014.11.15-01.53.24:685][660]LogWorld: Game class is 'CowTippingGameMode_C'
[2014.11.15-01.53.24:718][660]LogSlate: SRTH: 0000008FEEE99D80, 1290 x 754
[2014.11.15-01.53.24:802][660]LogAIModule: Creating AISystem for world Level_01
[2014.11.15-01.53.24:804][660]LogWorld: Bringing World /Game/Maps/UEDPIE_0_Level_01.Level_01 up for play (max tick rate 0) at 2014.11.14-20.53.24
[2014.11.15-01.53.24:807][660]LogWorld: Bringing up level for play took: 0.004798
[2014.11.15-01.53.24:807][660]LogPlayerController: Spawned spectator SpectatorPawn_0 [server:1]
[2014.11.15-01.53.24:807][660]LogGameMode: RestartPlayer 256
[2014.11.15-01.53.24:808][660]LogPlayerController: ClientRestart_Implementation Bull_Character_C_0
[2014.11.15-01.53.24:808][660]LogPlayerController: ServerAcknowledgePossession_Implementation Bull_Character_C_0
[2014.11.15-01.53.24:812][660]LogBlueprintUserMessages: Loading Game from Begin Play
[2014.11.15-01.53.24:813][660]LogBlueprintUserMessages: Level Type Set to Main
[2014.11.15-01.53.24:824][660]PIE: Info Play in editor start time for /Game/Maps/UEDPIE_0_Level_01 0.523
[2014.11.15-01.53.24:946][660]LogRenderer:Warning: Reallocating scene render targets to support 1296x936.
[2014.11.15-01.53.24:954][660]LogSlate: SRTH: 0000008FF24C1000, 952 x 939, prev 0000000000000000
[2014.11.15-01.53.24:977][660]LogRenderer:Warning: Reallocating scene render targets to support 1296x944.
[2014.11.15-01.53.25:001][660]LogSlate: SRTH: 0000008FEA193280, 1280 x 720, prev 0000000000000000
[2014.11.15-01.53.25:033][661]LogCharacterMovement:Warning: GetSimulationTimeStep() - Max iterations 8 hit while remaining time 0.087949 > MaxSimulationTimeStep (0.050) for 'RedNeck_Character_20'
[2014.11.15-01.53.25:033][661]LogCharacterMovement:Warning: GetSimulationTimeStep() - Max iterations 8 hit while remaining time 0.077403 > MaxSimulationTimeStep (0.050) for 'Clown_Charater_C_0'
[2014.11.15-01.53.26:523][731]LogPlayerController:Warning: InputComponent 'InputComponent /Game/Maps/UEDPIE_0_Level_01.Level_01:PersistentLevel.CowTippingHUD_C_0.InputComponent_1' with no bindings pushed on the stack
[2014.11.15-01.53.29:957][907]LogActorComponent: UnregisterComponent: (/Engine/Transient.CharacterMovementComponent_6) Not registered. Aborting.
[2014.11.15-01.53.30:010][907]LogParticles: Destroying 0 GPU particle simulations for FXSystem 0x0000008FEE861260
[2014.11.15-01.53.30:017][907]LogSlate: SRTH: 0000008FDD6E0100, 952 x 935, prev 0000000000000000
[2014.11.15-01.53.48:135][915]LogSlate:Warning: GetFontFace failed to load or process 'Roboto-Regular'
[2014.11.15-01.53.48:135][915]LogSlate:Warning: GetFontFace failed to load or process 'Roboto-Regular'
[2014.11.15-01.53.48:136][915]LogSlate:Warning: GetFontFace failed to load or process 'Roboto-Regular'
[2014.11.15-01.53.48:136][915]LogSlate:Warning: GetFontFace failed to load or process 'Roboto-Regular'
[2014.11.15-01.53.59:215][410]BlueprintLog: New page: Compile CowTippingHUD
[2014.11.15-01.53.59:397][410]BlueprintEditorCompileResults: Info [0547.12] Compile of CowTippingHUD successful! [in 15 ms]
[2014.11.15-01.54.01:887][486]BlueprintLog: New page: Pre-PIE auto-recompile
[2014.11.15-01.54.01:887][486]LogPlayLevel: [PIE] Compiling Level_01 before PIE...
[2014.11.15-01.54.01:951][486]LogPlayLevel: PIE:  Blueprint regeneration took 63 ms (1 blueprints)
[2014.11.15-01.54.01:951][486]PIE: New page: PIE session: Level_01 (Nov 14, 2014, 3:54:01 PM)
[2014.11.15-01.54.01:957][486]LogPlayLevel: PIE: StaticDuplicateObject took: (0.006006s)
[2014.11.15-01.54.01:958][486]LogPlayLevel: PIE: World Init took: (0.000505s)
[2014.11.15-01.54.01:958][486]LogPlayLevel: PIE: Created PIE world by copying editor world from /Game/Maps/Level_01.Level_01 to /Game/Maps/UEDPIE_0_Level_01.Level_01 (0.006753s)
[2014.11.15-01.54.01:958][486]LogWorld: Game class is 'CowTippingGameMode_C'
[2014.11.15-01.54.01:994][486]LogSlate: SRTH: 0000008FDD2B8640, 1290 x 754
[2014.11.15-01.54.02:050][486]LogAIModule: Creating AISystem for world Level_01
[2014.11.15-01.54.02:056][486]LogWorld: Bringing World /Game/Maps/UEDPIE_0_Level_01.Level_01 up for play (max tick rate 0) at 2014.11.14-20.54.02
[2014.11.15-01.54.02:059][486]LogWorld: Bringing up level for play took: 0.008530
[2014.11.15-01.54.02:060][486]LogPlayerController: Spawned spectator SpectatorPawn_1 [server:1]
[2014.11.15-01.54.02:060][486]LogGameMode: RestartPlayer 257
[2014.11.15-01.54.02:061][486]LogPlayerController: ClientRestart_Implementation Bull_Character_C_1
[2014.11.15-01.54.02:061][486]LogPlayerController: ServerAcknowledgePossession_Implementation Bull_Character_C_1
[2014.11.15-01.54.02:062][486]LogBlueprintUserMessages: Loading Game from Begin Play
[2014.11.15-01.54.02:062][486]LogBlueprintUserMessages: Level Type Set to Main
[2014.11.15-01.54.02:073][486]PIE: Info Play in editor start time for /Game/Maps/UEDPIE_0_Level_01 -0.229
[2014.11.15-01.54.02:178][486]LogSlate: SRTH: 0000008FDD4EC340, 952 x 939, prev 0000000000000000
[2014.11.15-01.54.02:219][486]LogSlate: SRTH: 0000008FF546F100, 1280 x 720, prev 0000000000000000
[2014.11.15-01.54.02:249][487]LogCharacterMovement:Warning: GetSimulationTimeStep() - Max iterations 8 hit while remaining time 0.065426 > MaxSimulationTimeStep (0.050) for 'RedNeck_Character_20'
[2014.11.15-01.54.02:249][487]LogCharacterMovement:Warning: GetSimulationTimeStep() - Max iterations 8 hit while remaining time 0.054787 > MaxSimulationTimeStep (0.050) for 'Clown_Charater_C_0'
[2014.11.15-01.54.03:786][557]LogPlayerController:Warning: InputComponent 'InputComponent /Game/Maps/UEDPIE_0_Level_01.Level_01:PersistentLevel.CowTippingHUD_C_0.InputComponent_3' with no bindings pushed on the stack
[2014.11.15-01.54.06:257][673]LogParticles: Destroying 0 GPU particle simulations for FXSystem 0x0000008FEE6F6B60
[2014.11.15-01.54.06:261][673]LogSlate: SRTH: 0000008FE55C22C0, 952 x 935, prev 0000000000000000
[2014.11.15-01.55.05:809][506]BlueprintLog: New page: Compile CowTippingHUD
[2014.11.15-01.55.05:966][506]BlueprintEditorCompileResults: Info [0613.71] Compile of CowTippingHUD successful! [in 16 ms]
[2014.11.15-01.55.07:182][527]BlueprintLog: New page: Pre-PIE auto-recompile
[2014.11.15-01.55.07:182][527]LogPlayLevel: [PIE] Compiling Level_01 before PIE...
[2014.11.15-01.55.07:246][527]LogPlayLevel: PIE:  Blueprint regeneration took 64 ms (1 blueprints)
[2014.11.15-01.55.07:246][527]PIE: New page: PIE session: Level_01 (Nov 14, 2014, 3:55:07 PM)
[2014.11.15-01.55.07:251][527]LogPlayLevel: PIE: StaticDuplicateObject took: (0.004288s)
[2014.11.15-01.55.07:251][527]LogPlayLevel: PIE: World Init took: (0.000560s)
[2014.11.15-01.55.07:251][527]LogPlayLevel: PIE: Created PIE world by copying editor world from /Game/Maps/Level_01.Level_01 to /Game/Maps/UEDPIE_0_Level_01.Level_01 (0.005076s)
[2014.11.15-01.55.07:252][527]LogWorld: Game class is 'CowTippingGameMode_C'
[2014.11.15-01.55.07:288][527]LogSlate: SRTH: 0000008FE56E3280, 1290 x 754
[2014.11.15-01.55.07:345][527]LogAIModule: Creating AISystem for world Level_01
[2014.11.15-01.55.07:348][527]LogWorld: Bringing World /Game/Maps/UEDPIE_0_Level_01.Level_01 up for play (max tick rate 0) at 2014.11.14-20.55.07
[2014.11.15-01.55.07:350][527]LogWorld: Bringing up level for play took: 0.005631
[2014.11.15-01.55.07:351][527]LogPlayerController: Spawned spectator SpectatorPawn_2 [server:1]
[2014.11.15-01.55.07:351][527]LogGameMode: RestartPlayer 258
[2014.11.15-01.55.07:351][527]LogPlayerController: ClientRestart_Implementation Bull_Character_C_2
[2014.11.15-01.55.07:351][527]LogPlayerController: ServerAcknowledgePossession_Implementation Bull_Character_C_2
[2014.11.15-01.55.07:352][527]LogBlueprintUserMessages: Loading Game from Begin Play
[2014.11.15-01.55.07:352][527]LogBlueprintUserMessages: Level Type Set to Main
[2014.11.15-01.55.07:362][527]PIE: Info Play in editor start time for /Game/Maps/UEDPIE_0_Level_01 1.061
[2014.11.15-01.55.07:466][527]LogSlate: SRTH: 0000008FE0D9D9C0, 952 x 939, prev 0000000000000000
[2014.11.15-01.55.07:507][527]LogSlate: SRTH: 0000008FE0D9DB40, 1280 x 720, prev 0000000000000000
[2014.11.15-01.55.07:538][528]LogCharacterMovement:Warning: GetSimulationTimeStep() - Max iterations 8 hit while remaining time 0.053207 > MaxSimulationTimeStep (0.050) for 'RedNeck_Character_20'
[2014.11.15-01.55.08:763][584]LogBlueprintUserMessages: p pressed
[2014.11.15-01.55.08:763][584]LogPlayerController:Warning: InputComponent 'InputComponent /Game/Maps/UEDPIE_0_Level_01.Level_01:PersistentLevel.CowTippingHUD_C_0.InputComponent_5' with no bindings pushed on the stack
[2014.11.15-01.55.13:203][811]LogParticles: Destroying 0 GPU particle simulations for FXSystem 0x0000008FE7BC8F40
[2014.11.15-01.55.13:209][811]LogSlate: SRTH: 0000008FDD6E3940, 952 x 935, prev 0000000000000000
[2014.11.15-01.55.24:177][549]LogFileHelpers: Editor autosave (incl. sublevels) for '/Game/Maps/Level_01' took 0.024
[2014.11.15-01.55.24:211][549]OBJ SavePackage: Generating thumbnails for [0] asset(s) in package [/Game/Blueprints/CowTippingHUD] ([1] browsable assets)...
[2014.11.15-01.55.24:219][549]OBJ SavePackage: Finished generating thumbnails for package [/Game/Blueprints/CowTippingHUD]
[2014.11.15-01.55.24:225][549]Cmd: OBJ SAVEPACKAGE PACKAGE="/Game/Blueprints/CowTippingHUD" FILE="B:/CGT 345/GitHub/Cow-Tipping/Saved/Autosaves/Game/Blueprints/CowTippingHUD_Auto1.uasset" SILENT=false AUTOSAVING=true
[2014.11.15-01.55.24:422][549]LogSavePackage: Save=65.937416ms
[2014.11.15-01.55.24:422][549]LogSavePackage: Moving 'B:/CGT 345/GitHub/Cow-Tipping/Saved/CowTippingHUD_Auto1D47A743948424C0247E1BFAD39F653FC.tmp' to 'B:/CGT 345/GitHub/Cow-Tipping/Saved/Autosaves/Game/Blueprints/CowTippingHUD_Auto1.uasset'
[2014.11.15-01.55.24:458][549]OBJ SavePackage: Generating thumbnails for [0] asset(s) in package [/Game/Blueprints/CowTipping_HUD_Interface] ([1] browsable assets)...
[2014.11.15-01.55.24:461][549]OBJ SavePackage: Finished generating thumbnails for package [/Game/Blueprints/CowTipping_HUD_Interface]
[2014.11.15-01.55.24:546][549]LogSavePackage: Save=13.167867ms
[2014.11.15-01.55.24:546][549]LogSavePackage: Moving 'B:/CGT 345/GitHub/Cow-Tipping/Saved/CowTipping_HUD_Interface_Auto15AEB44F1406E0237A0A6CA8678DCF8F7.tmp' to 'B:/CGT 345/GitHub/Cow-Tipping/Saved/Autosaves/Game/Blueprints/CowTipping_HUD_Interface_Auto1.uasset'
[2014.11.15-01.55.24:584][549]OBJ SavePackage: Generating thumbnails for [0] asset(s) in package [/Game/Blueprints/CowTipping_Player_Controller] ([1] browsable assets)...
[2014.11.15-01.55.24:592][549]OBJ SavePackage: Finished generating thumbnails for package [/Game/Blueprints/CowTipping_Player_Controller]
[2014.11.15-01.55.24:661][549]LogSavePackage: Save=18.274006ms
[2014.11.15-01.55.24:661][549]LogSavePackage: Moving 'B:/CGT 345/GitHub/Cow-Tipping/Saved/CowTipping_Player_Controller_Auto15DE00BE94CDBF1175B7759B9E58F6B80.tmp' to 'B:/CGT 345/GitHub/Cow-Tipping/Saved/Autosaves/Game/Blueprints/CowTipping_Player_Controller_Auto1.uasset'
[2014.11.15-01.55.24:668][549]LogFileHelpers: Auto-saving content packages took 0.490
[2014.11.15-01.55.26:055][641]BlueprintLog: New page: Compile CowTipping_Player_Controller
[2014.11.15-01.55.26:117][641]BlueprintEditorCompileResults: Info [0633.89] Compile of CowTipping_Player_Controller successful! [in 2 ms]
[2014.11.15-01.55.27:530][738]BlueprintLog: New page: Pre-PIE auto-recompile
[2014.11.15-01.55.27:531][738]LogPlayLevel: [PIE] Compiling Level_01 before PIE...
[2014.11.15-01.55.27:598][738]LogPlayLevel: PIE:  Blueprint regeneration took 67 ms (1 blueprints)
[2014.11.15-01.55.27:598][738]PIE: New page: PIE session: Level_01 (Nov 14, 2014, 3:55:27 PM)
[2014.11.15-01.55.27:603][738]LogPlayLevel: PIE: StaticDuplicateObject took: (0.004403s)
[2014.11.15-01.55.27:603][738]LogPlayLevel: PIE: World Init took: (0.000683s)
[2014.11.15-01.55.27:604][738]LogPlayLevel: PIE: Created PIE world by copying editor world from /Game/Maps/Level_01.Level_01 to /Game/Maps/UEDPIE_0_Level_01.Level_01 (0.005351s)
[2014.11.15-01.55.27:604][738]LogWorld: Game class is 'CowTippingGameMode_C'
[2014.11.15-01.55.27:637][738]LogSlate: SRTH: 0000008FF1848100, 1290 x 754
[2014.11.15-01.55.27:690][738]LogAIModule: Creating AISystem for world Level_01
[2014.11.15-01.55.27:693][738]LogWorld: Bringing World /Game/Maps/UEDPIE_0_Level_01.Level_01 up for play (max tick rate 0) at 2014.11.14-20.55.27
[2014.11.15-01.55.27:696][738]LogWorld: Bringing up level for play took: 0.005815
[2014.11.15-01.55.27:696][738]LogPlayerController: Spawned spectator SpectatorPawn_3 [server:1]
[2014.11.15-01.55.27:696][738]LogGameMode: RestartPlayer 259
[2014.11.15-01.55.27:697][738]LogPlayerController: ClientRestart_Implementation Bull_Character_C_3
[2014.11.15-01.55.27:697][738]LogPlayerController: ServerAcknowledgePossession_Implementation Bull_Character_C_3
[2014.11.15-01.55.27:697][738]LogBlueprintUserMessages: Loading Game from Begin Play
[2014.11.15-01.55.27:697][738]LogBlueprintUserMessages: Level Type Set to Main
[2014.11.15-01.55.27:702][738]PIE: Info Play in editor start time for /Game/Maps/UEDPIE_0_Level_01 -0.6
[2014.11.15-01.55.27:799][738]LogSlate: SRTH: 0000008FF1688700, 952 x 939, prev 0000000000000000
[2014.11.15-01.55.27:840][738]LogSlate: SRTH: 0000008FF5805900, 1280 x 720, prev 0000000000000000
[2014.11.15-01.55.29:187][846]LogBlueprintUserMessages: P Presse
[2014.11.15-01.55.29:187][846]LogBlueprintUserMessages: p pressed
[2014.11.15-01.55.29:187][846]LogPlayerController:Warning: InputComponent 'InputComponent /Game/Maps/UEDPIE_0_Level_01.Level_01:PersistentLevel.CowTippingHUD_C_1.InputComponent_7' with no bindings pushed on the stack
[2014.11.15-01.55.37:969][659]LogBlueprintUserMessages: P Presse
[2014.11.15-01.55.37:969][659]LogBlueprintUserMessages: p pressed
[2014.11.15-01.55.38:634][716]LogBlueprintUserMessages: P Presse
[2014.11.15-01.55.38:634][716]LogBlueprintUserMessages: p pressed
[2014.11.15-01.55.38:634][716]LogPlayerController:Warning: InputComponent 'InputComponent /Game/Maps/UEDPIE_0_Level_01.Level_01:PersistentLevel.CowTippingHUD_C_1.InputComponent_7' with no bindings pushed on the stack
[2014.11.15-01.55.39:725][800]LogBlueprintUserMessages: P Presse
[2014.11.15-01.55.39:725][800]LogBlueprintUserMessages: p pressed
[2014.11.15-01.55.40:095][834]LogBlueprintUserMessages: P Presse
[2014.11.15-01.55.40:095][834]LogBlueprintUserMessages: p pressed
[2014.11.15-01.55.40:095][834]LogPlayerController:Warning: InputComponent 'InputComponent /Game/Maps/UEDPIE_0_Level_01.Level_01:PersistentLevel.CowTippingHUD_C_1.InputComponent_7' with no bindings pushed on the stack
[2014.11.15-01.55.41:485][947]LogParticles: Destroying 0 GPU particle simulations for FXSystem 0x0000008FEDB2A980
[2014.11.15-01.55.41:489][947]LogSlate: SRTH: 0000008FE56E3880, 952 x 935, prev 0000000000000000
[2014.11.15-01.57.07:770][610]BlueprintLog: New page: Compile CowTippingHUD
[2014.11.15-01.57.07:942][610]BlueprintEditorCompileResults: Info [0735.68] Compile of CowTippingHUD successful! [in 20 ms]
[2014.11.15-01.57.09:488][649]BlueprintLog: New page: Pre-PIE auto-recompile
[2014.11.15-01.57.09:489][649]LogPlayLevel: [PIE] Compiling Level_01 before PIE...
[2014.11.15-01.57.09:549][649]LogPlayLevel: PIE:  Blueprint regeneration took 60 ms (1 blueprints)
[2014.11.15-01.57.09:550][649]PIE: New page: PIE session: Level_01 (Nov 14, 2014, 3:57:09 PM)
[2014.11.15-01.57.09:554][649]LogPlayLevel: PIE: StaticDuplicateObject took: (0.004341s)
[2014.11.15-01.57.09:555][649]LogPlayLevel: PIE: World Init took: (0.000759s)
[2014.11.15-01.57.09:555][649]LogPlayLevel: PIE: Created PIE world by copying editor world from /Game/Maps/Level_01.Level_01 to /Game/Maps/UEDPIE_0_Level_01.Level_01 (0.005302s)
[2014.11.15-01.57.09:555][649]LogWorld: Game class is 'CowTippingGameMode_C'
[2014.11.15-01.57.09:586][649]LogSlate: SRTH: 0000008FF76D5A80, 1290 x 754
[2014.11.15-01.57.09:644][649]LogAIModule: Creating AISystem for world Level_01
[2014.11.15-01.57.09:647][649]LogWorld: Bringing World /Game/Maps/UEDPIE_0_Level_01.Level_01 up for play (max tick rate 0) at 2014.11.14-20.57.09
[2014.11.15-01.57.09:649][649]LogWorld: Bringing up level for play took: 0.005565
[2014.11.15-01.57.09:650][649]LogPlayerController: Spawned spectator SpectatorPawn_4 [server:1]
[2014.11.15-01.57.09:650][649]LogGameMode: RestartPlayer 260
[2014.11.15-01.57.09:650][649]LogPlayerController: ClientRestart_Implementation Bull_Character_C_4
[2014.11.15-01.57.09:650][649]LogPlayerController: ServerAcknowledgePossession_Implementation Bull_Character_C_4
[2014.11.15-01.57.09:651][649]LogBlueprintUserMessages: Loading Game from Begin Play
[2014.11.15-01.57.09:651][649]LogBlueprintUserMessages: Level Type Set to Main
[2014.11.15-01.57.09:660][649]PIE: Info Play in editor start time for /Game/Maps/UEDPIE_0_Level_01 -0.641
[2014.11.15-01.57.09:778][649]LogSlate: SRTH: 0000008FEEA231C0, 952 x 939, prev 0000000000000000
[2014.11.15-01.57.09:819][649]LogSlate: SRTH: 0000008FF24FC1C0, 1280 x 720, prev 0000000000000000
[2014.11.15-01.57.09:850][650]LogCharacterMovement:Warning: GetSimulationTimeStep() - Max iterations 8 hit while remaining time 0.058459 > MaxSimulationTimeStep (0.050) for 'RedNeck_Character_20'
[2014.11.15-01.57.11:055][713]LogBlueprintUserMessages: P Presse
[2014.11.15-01.57.11:055][713]LogBlueprintUserMessages: p pressed
[2014.11.15-01.57.15:409][947]LogParticles: Destroying 0 GPU particle simulations for FXSystem 0x0000008FE6DEA8E0
[2014.11.15-01.57.15:411][947]LogSlate: SRTH: 0000008FF1848AC0, 952 x 935, prev 0000000000000000
[2014.11.15-01.57.30:641][893]BlueprintLog: New page: Compile CowTipping_Player_Controller
[2014.11.15-01.57.30:709][893]BlueprintEditorCompileResults: Info [0758.47] Compile of CowTipping_Player_Controller successful! [in 2 ms]
[2014.11.15-01.57.32:383][  0]BlueprintLog: New page: Pre-PIE auto-recompile
[2014.11.15-01.57.32:402][  0]LogPlayLevel: [PIE] Compiling CowTippingHUD before PIE...
[2014.11.15-01.57.32:531][  0]LogPlayLevel: [PIE] Compiling Level_01 before PIE...
[2014.11.15-01.57.32:608][  0]LogPlayLevel: PIE:  Blueprint regeneration took 224 ms (2 blueprints)
[2014.11.15-01.57.32:608][  0]PIE: New page: PIE session: Level_01 (Nov 14, 2014, 3:57:32 PM)
[2014.11.15-01.57.32:614][  0]LogPlayLevel: PIE: StaticDuplicateObject took: (0.005846s)
[2014.11.15-01.57.32:615][  0]LogPlayLevel: PIE: World Init took: (0.000554s)
[2014.11.15-01.57.32:615][  0]LogPlayLevel: PIE: Created PIE world by copying editor world from /Game/Maps/Level_01.Level_01 to /Game/Maps/UEDPIE_0_Level_01.Level_01 (0.006639s)
[2014.11.15-01.57.32:615][  0]LogWorld: Game class is 'CowTippingGameMode_C'
[2014.11.15-01.57.32:650][  0]LogSlate: SRTH: 0000008FDE4C0700, 1290 x 754
[2014.11.15-01.57.32:707][  0]LogAIModule: Creating AISystem for world Level_01
[2014.11.15-01.57.32:710][  0]LogWorld: Bringing World /Game/Maps/UEDPIE_0_Level_01.Level_01 up for play (max tick rate 0) at 2014.11.14-20.57.32
[2014.11.15-01.57.32:712][  0]LogWorld: Bringing up level for play took: 0.005267
[2014.11.15-01.57.32:713][  0]LogPlayerController: Spawned spectator SpectatorPawn_5 [server:1]
[2014.11.15-01.57.32:713][  0]LogGameMode: RestartPlayer 261
[2014.11.15-01.57.32:714][  0]LogPlayerController: ClientRestart_Implementation Bull_Character_C_5
[2014.11.15-01.57.32:714][  0]LogPlayerController: ServerAcknowledgePossession_Implementation Bull_Character_C_5
[2014.11.15-01.57.32:714][  0]LogBlueprintUserMessages: Loading Game from Begin Play
[2014.11.15-01.57.32:714][  0]LogBlueprintUserMessages: Level Type Set to Main
[2014.11.15-01.57.32:719][  0]PIE: Info Play in editor start time for /Game/Maps/UEDPIE_0_Level_01 0.418
[2014.11.15-01.57.32:826][  0]LogSlate: SRTH: 0000008FDC350A00, 952 x 939, prev 0000000000000000
[2014.11.15-01.57.32:859][  0]LogSlate: SRTH: 0000008FF58074C0, 1280 x 720, prev 0000000000000000
[2014.11.15-01.57.32:889][  1]LogCharacterMovement:Warning: GetSimulationTimeStep() - Max iterations 8 hit while remaining time 0.083823 > MaxSimulationTimeStep (0.050) for 'RedNeck_Character_20'
[2014.11.15-01.57.32:889][  1]LogCharacterMovement:Warning: GetSimulationTimeStep() - Max iterations 8 hit while remaining time 0.073164 > MaxSimulationTimeStep (0.050) for 'Clown_Charater_C_0'
[2014.11.15-01.57.34:676][150]LogBlueprintUserMessages: P Presse
[2014.11.15-01.57.34:676][150]LogBlueprintUserMessages: p pressed
[2014.11.15-01.57.39:065][527]LogParticles: Destroying 0 GPU particle simulations for FXSystem 0x0000008FF2A97880
[2014.11.15-01.57.39:072][527]LogSlate: SRTH: 0000008FDD643640, 952 x 935, prev 0000000000000000
[2014.11.15-01.58.16:393][180]BlueprintLog: New page: Compile CowTipping_Player_Controller
[2014.11.15-01.58.16:467][180]BlueprintEditorCompileResults: Info [0804.22] Compile of CowTipping_Player_Controller successful! [in 2 ms]
[2014.11.15-01.58.17:793][265]BlueprintLog: New page: Pre-PIE auto-recompile
[2014.11.15-01.58.17:793][265]LogPlayLevel: [PIE] Compiling Level_01 before PIE...
[2014.11.15-01.58.17:856][265]LogPlayLevel: PIE:  Blueprint regeneration took 62 ms (1 blueprints)
[2014.11.15-01.58.17:856][265]PIE: New page: PIE session: Level_01 (Nov 14, 2014, 3:58:17 PM)
[2014.11.15-01.58.17:860][265]LogPlayLevel: PIE: StaticDuplicateObject took: (0.004228s)
[2014.11.15-01.58.17:861][265]LogPlayLevel: PIE: World Init took: (0.000583s)
[2014.11.15-01.58.17:861][265]LogPlayLevel: PIE: Created PIE world by copying editor world from /Game/Maps/Level_01.Level_01 to /Game/Maps/UEDPIE_0_Level_01.Level_01 (0.005078s)
[2014.11.15-01.58.17:861][265]LogWorld: Game class is 'CowTippingGameMode_C'
[2014.11.15-01.58.17:892][265]LogSlate: SRTH: 0000008FF1CF1480, 1290 x 754
[2014.11.15-01.58.17:944][265]LogAIModule: Creating AISystem for world Level_01
[2014.11.15-01.58.17:947][265]LogWorld: Bringing World /Game/Maps/UEDPIE_0_Level_01.Level_01 up for play (max tick rate 0) at 2014.11.14-20.58.17
[2014.11.15-01.58.17:949][265]LogWorld: Bringing up level for play took: 0.005486
[2014.11.15-01.58.17:950][265]LogPlayerController: Spawned spectator SpectatorPawn_6 [server:1]
[2014.11.15-01.58.17:950][265]LogGameMode: RestartPlayer 262
[2014.11.15-01.58.17:950][265]LogPlayerController: ClientRestart_Implementation Bull_Character_C_6
[2014.11.15-01.58.17:950][265]LogPlayerController: ServerAcknowledgePossession_Implementation Bull_Character_C_6
[2014.11.15-01.58.17:951][265]LogBlueprintUserMessages: Loading Game from Begin Play
[2014.11.15-01.58.17:951][265]LogBlueprintUserMessages: Level Type Set to Main
[2014.11.15-01.58.17:955][265]PIE: Info Play in editor start time for /Game/Maps/UEDPIE_0_Level_01 -0.346
[2014.11.15-01.58.18:046][265]LogSlate: SRTH: 0000008FDC30D600, 952 x 939, prev 0000000000000000
[2014.11.15-01.58.18:080][265]LogSlate: SRTH: 0000008FE56A2980, 1280 x 720, prev 0000000000000000
[2014.11.15-01.58.25:526][910]LogParticles: Destroying 0 GPU particle simulations for FXSystem 0x0000008FF1CA72E0
[2014.11.15-01.58.25:532][910]LogSlate: SRTH: 0000008FF9B10D00, 952 x 935, prev 0000000000000000
[2014.11.15-01.59.43:298][201]BlueprintLog: New page: Compile CowTipping_Player_Controller
[2014.11.15-01.59.43:377][201]BlueprintEditorCompileResults: Info [0891.13] Compile of CowTipping_Player_Controller successful! [in 3 ms]
[2014.11.15-01.59.44:666][279]BlueprintLog: New page: Pre-PIE auto-recompile
[2014.11.15-01.59.44:666][279]LogPlayLevel: [PIE] Compiling Level_01 before PIE...
[2014.11.15-01.59.44:743][279]LogPlayLevel: PIE:  Blueprint regeneration took 77 ms (1 blueprints)
[2014.11.15-01.59.44:743][279]PIE: New page: PIE session: Level_01 (Nov 14, 2014, 3:59:44 PM)
[2014.11.15-01.59.44:748][279]LogPlayLevel: PIE: StaticDuplicateObject took: (0.004444s)
[2014.11.15-01.59.44:748][279]LogPlayLevel: PIE: World Init took: (0.000471s)
[2014.11.15-01.59.44:748][279]LogPlayLevel: PIE: Created PIE world by copying editor world from /Game/Maps/Level_01.Level_01 to /Game/Maps/UEDPIE_0_Level_01.Level_01 (0.005111s)
[2014.11.15-01.59.44:748][279]LogWorld: Game class is 'CowTippingGameMode_C'
[2014.11.15-01.59.44:784][279]LogSlate: SRTH: 0000008FF71ED540, 1290 x 754
[2014.11.15-01.59.44:839][279]LogAIModule: Creating AISystem for world Level_01
[2014.11.15-01.59.44:843][279]LogWorld: Bringing World /Game/Maps/UEDPIE_0_Level_01.Level_01 up for play (max tick rate 0) at 2014.11.14-20.59.44
[2014.11.15-01.59.44:845][279]LogWorld: Bringing up level for play took: 0.005532
[2014.11.15-01.59.44:845][279]LogPlayerController: Spawned spectator SpectatorPawn_7 [server:1]
[2014.11.15-01.59.44:845][279]LogGameMode: RestartPlayer 263
[2014.11.15-01.59.44:845][279]LogPlayerController: ClientRestart_Implementation Bull_Character_C_7
[2014.11.15-01.59.44:845][279]LogPlayerController: ServerAcknowledgePossession_Implementation Bull_Character_C_7
[2014.11.15-01.59.44:846][279]LogBlueprintUserMessages: Loading Game from Begin Play
[2014.11.15-01.59.44:846][279]LogBlueprintUserMessages: Level Type Set to Main
[2014.11.15-01.59.44:851][279]PIE: Info Play in editor start time for /Game/Maps/UEDPIE_0_Level_01 0.549
[2014.11.15-01.59.44:953][279]LogSlate: SRTH: 0000008FF76D4F40, 952 x 939, prev 0000000000000000
[2014.11.15-01.59.44:986][279]LogSlate: SRTH: 0000008FF76D5600, 1280 x 720, prev 0000000000000000
[2014.11.15-01.59.46:596][401]LogBlueprintUserMessages: P Presse
[2014.11.15-01.59.46:596][401]LogBlueprintUserMessages: p pressed
[2014.11.15-01.59.46:596][401]LogPlayerController:Warning: InputComponent 'InputComponent /Game/Maps/UEDPIE_0_Level_01.Level_01:PersistentLevel.CowTippingHUD_C_2.InputComponent_13' with no bindings pushed on the stack
[2014.11.15-01.59.47:125][447]LogBlueprintUserMessages: P Presse
[2014.11.15-01.59.47:125][447]LogBlueprintUserMessages: p pressed
[2014.11.15-01.59.47:648][492]LogBlueprintUserMessages: P Presse
[2014.11.15-01.59.47:648][492]LogBlueprintUserMessages: p pressed
[2014.11.15-01.59.47:648][492]LogPlayerController:Warning: InputComponent 'InputComponent /Game/Maps/UEDPIE_0_Level_01.Level_01:PersistentLevel.CowTippingHUD_C_2.InputComponent_13' with no bindings pushed on the stack
[2014.11.15-01.59.48:151][535]LogBlueprintUserMessages: P Presse
[2014.11.15-01.59.48:151][535]LogBlueprintUserMessages: p pressed
[2014.11.15-01.59.48:404][556]LogBlueprintUserMessages: P Presse
[2014.11.15-01.59.48:404][556]LogBlueprintUserMessages: p pressed
[2014.11.15-01.59.48:404][556]LogPlayerController:Warning: InputComponent 'InputComponent /Game/Maps/UEDPIE_0_Level_01.Level_01:PersistentLevel.CowTippingHUD_C_2.InputComponent_13' with no bindings pushed on the stack
[2014.11.15-01.59.48:663][580]LogBlueprintUserMessages: P Presse
[2014.11.15-01.59.48:663][580]LogBlueprintUserMessages: p pressed
[2014.11.15-01.59.49:734][661]LogBlueprintUserMessages: P Presse
[2014.11.15-01.59.49:734][661]LogBlueprintUserMessages: p pressed
[2014.11.15-01.59.49:734][661]LogPlayerController:Warning: InputComponent 'InputComponent /Game/Maps/UEDPIE_0_Level_01.Level_01:PersistentLevel.CowTippingHUD_C_2.InputComponent_13' with no bindings pushed on the stack
[2014.11.15-01.59.50:242][706]LogBlueprintUserMessages: P Presse
[2014.11.15-01.59.50:242][706]LogBlueprintUserMessages: p pressed
[2014.11.15-01.59.51:044][771]LogBlueprintUserMessages: P Presse
[2014.11.15-01.59.51:044][771]LogBlueprintUserMessages: p pressed
[2014.11.15-01.59.51:044][771]LogPlayerController:Warning: InputComponent 'InputComponent /Game/Maps/UEDPIE_0_Level_01.Level_01:PersistentLevel.CowTippingHUD_C_2.InputComponent_13' with no bindings pushed on the stack
[2014.11.15-01.59.54:606][ 61]LogCharacterMovement: Bull_Character_C_7 is stuck and failed to move!
[2014.11.15-01.59.54:619][ 62]LogCharacterMovement: Bull_Character_C_7 is stuck and failed to move!
[2014.11.15-01.59.54:632][ 63]LogCharacterMovement: Bull_Character_C_7 is stuck and failed to move!
[2014.11.15-01.59.54:898][ 85]LogCharacterMovement: Bull_Character_C_7 is stuck and failed to move!
[2014.11.15-01.59.54:912][ 86]LogCharacterMovement: Bull_Character_C_7 is stuck and failed to move!
[2014.11.15-01.59.54:972][ 91]LogCharacterMovement: Bull_Character_C_7 is stuck and failed to move!
[2014.11.15-01.59.55:308][119]LogBlueprintUserMessages: P Presse
[2014.11.15-01.59.55:308][119]LogBlueprintUserMessages: p pressed
[2014.11.15-01.59.55:707][151]LogBlueprintUserMessages: P Presse
[2014.11.15-01.59.55:707][151]LogBlueprintUserMessages: p pressed
[2014.11.15-01.59.55:707][151]LogPlayerController:Warning: InputComponent 'InputComponent /Game/Maps/UEDPIE_0_Level_01.Level_01:PersistentLevel.CowTippingHUD_C_2.InputComponent_13' with no bindings pushed on the stack
[2014.11.15-01.59.56:721][229]LogEpicStorage:Warning: ReadFile request failed. File request already pending for filename=http://cdn.unrealengine.com/newsfeed/blueprint_icon_b.png
[2014.11.15-01.59.56:722][229]LogEpicStorage:Warning: ReadFile request failed. File request already pending for filename=http://cdn.unrealengine.com/newsfeed/blueprint_icon_b.png
[2014.11.15-01.59.58:222][337]LogParticles: Destroying 0 GPU particle simulations for FXSystem 0x0000008FEDB28FE0
[2014.11.15-01.59.58:231][337]LogSlate: SRTH: 0000008FF4C84700, 952 x 935, prev 0000000000000000
[2014.11.15-02.00.10:955][347]LogSlate:Warning: GetFontFace failed to load or process 'Roboto-Regular'
[2014.11.15-02.00.10:956][347]LogSlate:Warning: GetFontFace failed to load or process 'Roboto-Regular'
[2014.11.15-02.00.10:956][347]LogSlate:Warning: GetFontFace failed to load or process 'Roboto-Regular'
[2014.11.15-02.00.10:956][347]LogSlate:Warning: GetFontFace failed to load or process 'Roboto-Regular'
[2014.11.15-02.00.10:956][347]LogSlate:Warning: GetFontFace failed to load or process 'Roboto-Regular'
[2014.11.15-02.00.10:956][347]LogSlate:Warning: GetFontFace failed to load or process 'Roboto-Regular'
[2014.11.15-02.00.10:956][347]LogSlate:Warning: GetFontFace failed to load or process 'Roboto-Regular'
[2014.11.15-02.00.10:956][347]LogSlate:Warning: GetFontFace failed to load or process 'Roboto-Regular'
[2014.11.15-02.02.10:399][565]BlueprintLog: New page: Compile CowTipping_Player_Controller
[2014.11.15-02.02.10:464][565]BlueprintEditorCompileResults: Info [1038.23] Compile of CowTipping_Player_Controller successful! [in 1 ms]
[2014.11.15-02.02.13:533][799]BlueprintLog: New page: Pre-PIE auto-recompile
[2014.11.15-02.02.13:533][799]LogPlayLevel: [PIE] Compiling Level_01 before PIE...
[2014.11.15-02.02.13:598][799]LogPlayLevel: PIE:  Blueprint regeneration took 64 ms (1 blueprints)
[2014.11.15-02.02.13:598][799]PIE: New page: PIE session: Level_01 (Nov 14, 2014, 4:02:13 PM)
[2014.11.15-02.02.13:603][799]LogPlayLevel: PIE: StaticDuplicateObject took: (0.005264s)
[2014.11.15-02.02.13:604][799]LogPlayLevel: PIE: World Init took: (0.000715s)
[2014.11.15-02.02.13:604][799]LogPlayLevel: PIE: Created PIE world by copying editor world from /Game/Maps/Level_01.Level_01 to /Game/Maps/UEDPIE_0_Level_01.Level_01 (0.006187s)
[2014.11.15-02.02.13:604][799]LogWorld: Game class is 'CowTippingGameMode_C'
[2014.11.15-02.02.13:639][799]LogSlate: SRTH: 0000008FF9C75600, 1290 x 754
[2014.11.15-02.02.13:694][799]LogAIModule: Creating AISystem for world Level_01
[2014.11.15-02.02.13:698][799]LogWorld: Bringing World /Game/Maps/UEDPIE_0_Level_01.Level_01 up for play (max tick rate 0) at 2014.11.14-21.02.13
[2014.11.15-02.02.13:700][799]LogWorld: Bringing up level for play took: 0.005833
[2014.11.15-02.02.13:700][799]LogPlayerController: Spawned spectator SpectatorPawn_8 [server:1]
[2014.11.15-02.02.13:701][799]LogGameMode: RestartPlayer 264
[2014.11.15-02.02.13:701][799]LogPlayerController: ClientRestart_Implementation Bull_Character_C_8
[2014.11.15-02.02.13:701][799]LogPlayerController: ServerAcknowledgePossession_Implementation Bull_Character_C_8
[2014.11.15-02.02.13:702][799]LogBlueprintUserMessages: Loading Game from Begin Play
[2014.11.15-02.02.13:702][799]LogBlueprintUserMessages: Level Type Set to Main
[2014.11.15-02.02.13:706][799]PIE: Info Play in editor start time for /Game/Maps/UEDPIE_0_Level_01 -0.595
[2014.11.15-02.02.13:801][799]LogSlate: SRTH: 0000008FF1BB0A00, 952 x 939, prev 0000000000000000
[2014.11.15-02.02.13:834][799]LogSlate: SRTH: 0000008FEE98EC80, 1280 x 720, prev 0000000000000000
[2014.11.15-02.02.15:591][931]LogBlueprintUserMessages: p pressed
[2014.11.15-02.02.15:592][931]LogPlayerController:Warning: InputComponent 'InputComponent /Game/Maps/UEDPIE_0_Level_01.Level_01:PersistentLevel.CowTippingHUD_C_3.InputComponent_15' with no bindings pushed on the stack
[2014.11.15-02.02.16:797][ 25]LogBlueprintUserMessages: p pressed
[2014.11.15-02.02.17:127][ 52]LogBlueprintUserMessages: p pressed
[2014.11.15-02.02.17:127][ 52]LogPlayerController:Warning: InputComponent 'InputComponent /Game/Maps/UEDPIE_0_Level_01.Level_01:PersistentLevel.CowTippingHUD_C_3.InputComponent_15' with no bindings pushed on the stack
[2014.11.15-02.02.17:578][ 87]LogBlueprintUserMessages: p pressed
[2014.11.15-02.02.17:841][107]LogBlueprintUserMessages: p pressed
[2014.11.15-02.02.17:841][107]LogPlayerController:Warning: InputComponent 'InputComponent /Game/Maps/UEDPIE_0_Level_01.Level_01:PersistentLevel.CowTippingHUD_C_3.InputComponent_15' with no bindings pushed on the stack
[2014.11.15-02.02.18:277][141]LogBlueprintUserMessages: p pressed
[2014.11.15-02.02.18:485][158]LogBlueprintUserMessages: p pressed
[2014.11.15-02.02.18:486][158]LogPlayerController:Warning: InputComponent 'InputComponent /Game/Maps/UEDPIE_0_Level_01.Level_01:PersistentLevel.CowTippingHUD_C_3.InputComponent_15' with no bindings pushed on the stack
[2014.11.15-02.02.18:670][174]LogBlueprintUserMessages: p pressed
[2014.11.15-02.02.19:047][199]LogParticles: Destroying 0 GPU particle simulations for FXSystem 0x0000008FEC2F0860
[2014.11.15-02.02.19:051][199]LogSlate: SRTH: 0000008FE17177C0, 952 x 935, prev 0000000000000000
[2014.11.15-02.03.00:673][292]BlueprintLog: New page: Compile CowTipping_Player_Controller
[2014.11.15-02.03.00:735][292]BlueprintEditorCompileResults: Info [1088.50] Compile of CowTipping_Player_Controller successful! [in 2 ms]
[2014.11.15-02.03.01:295][323]BlueprintLog: New page: Pre-PIE auto-recompile
[2014.11.15-02.03.01:295][323]LogPlayLevel: [PIE] Compiling Level_01 before PIE...
[2014.11.15-02.03.01:369][323]LogPlayLevel: PIE:  Blueprint regeneration took 73 ms (1 blueprints)
[2014.11.15-02.03.01:369][323]PIE: New page: PIE session: Level_01 (Nov 14, 2014, 4:03:01 PM)
[2014.11.15-02.03.01:373][323]LogPlayLevel: PIE: StaticDuplicateObject took: (0.004581s)
[2014.11.15-02.03.01:374][323]LogPlayLevel: PIE: World Init took: (0.000521s)
[2014.11.15-02.03.01:374][323]LogPlayLevel: PIE: Created PIE world by copying editor world from /Game/Maps/Level_01.Level_01 to /Game/Maps/UEDPIE_0_Level_01.Level_01 (0.005295s)
[2014.11.15-02.03.01:374][323]LogWorld: Game class is 'CowTippingGameMode_C'
[2014.11.15-02.03.01:410][323]LogSlate: SRTH: 0000008FF71EE980, 1290 x 754
[2014.11.15-02.03.01:467][323]LogAIModule: Creating AISystem for world Level_01
[2014.11.15-02.03.01:471][323]LogWorld: Bringing World /Game/Maps/UEDPIE_0_Level_01.Level_01 up for play (max tick rate 0) at 2014.11.14-21.03.01
[2014.11.15-02.03.01:474][323]LogWorld: Bringing up level for play took: 0.006064
[2014.11.15-02.03.01:474][323]LogPlayerController: Spawned spectator SpectatorPawn_9 [server:1]
[2014.11.15-02.03.01:474][323]LogGameMode: RestartPlayer 265
[2014.11.15-02.03.01:474][323]LogPlayerController: ClientRestart_Implementation Bull_Character_C_9
[2014.11.15-02.03.01:474][323]LogPlayerController: ServerAcknowledgePossession_Implementation Bull_Character_C_9
[2014.11.15-02.03.01:475][323]LogBlueprintUserMessages: Loading Game from Begin Play
[2014.11.15-02.03.01:475][323]LogBlueprintUserMessages: Level Type Set to Main
[2014.11.15-02.03.01:481][323]PIE: Info Play in editor start time for /Game/Maps/UEDPIE_0_Level_01 1.18
[2014.11.15-02.03.01:586][323]LogSlate: SRTH: 0000008FF155E140, 952 x 939, prev 0000000000000000
[2014.11.15-02.03.01:619][323]LogSlate: SRTH: 0000008FFCA6E2C0, 1280 x 720, prev 0000000000000000
[2014.11.15-02.03.02:372][381]LogBlueprintUserMessages: p pressed
[2014.11.15-02.03.02:372][381]LogPlayerController:Warning: InputComponent 'InputComponent /Game/Maps/UEDPIE_0_Level_01.Level_01:PersistentLevel.CowTippingHUD_C_4.InputComponent_17' with no bindings pushed on the stack
[2014.11.15-02.03.02:372][381]LogBlueprintUserMessages: Hello
[2014.11.15-02.03.05:187][611]LogParticles: Destroying 0 GPU particle simulations for FXSystem 0x0000008FFC8F18A0
[2014.11.15-02.03.05:189][611]LogSlate: SRTH: 0000008FF980B940, 952 x 935, prev 0000000000000000
[2014.11.15-02.03.11:087][  7]LogSlate:Warning: GetFontFace failed to load or process 'Roboto-Regular'
[2014.11.15-02.03.11:087][  7]LogSlate:Warning: GetFontFace failed to load or process 'Roboto-Regular'
[2014.11.15-02.03.26:200][130]BlueprintLog: New page: Compile CowTipping_Player_Controller
[2014.11.15-02.03.26:259][130]BlueprintEditorCompileResults: Info [1114.03] Compile of CowTipping_Player_Controller successful! [in 1 ms]
[2014.11.15-02.03.27:579][215]BlueprintLog: New page: Pre-PIE auto-recompile
[2014.11.15-02.03.27:579][215]LogPlayLevel: [PIE] Compiling Level_01 before PIE...
[2014.11.15-02.03.27:641][215]LogPlayLevel: PIE:  Blueprint regeneration took 61 ms (1 blueprints)
[2014.11.15-02.03.27:641][215]PIE: New page: PIE session: Level_01 (Nov 14, 2014, 4:03:27 PM)
[2014.11.15-02.03.27:645][215]LogPlayLevel: PIE: StaticDuplicateObject took: (0.004347s)
[2014.11.15-02.03.27:646][215]LogPlayLevel: PIE: World Init took: (0.000604s)
[2014.11.15-02.03.27:646][215]LogPlayLevel: PIE: Created PIE world by copying editor world from /Game/Maps/Level_01.Level_01 to /Game/Maps/UEDPIE_0_Level_01.Level_01 (0.005209s)
[2014.11.15-02.03.27:647][215]LogWorld: Game class is 'CowTippingGameMode_C'
[2014.11.15-02.03.27:677][215]LogSlate: SRTH: 0000008FFBDA5000, 1290 x 754
[2014.11.15-02.03.27:727][215]LogAIModule: Creating AISystem for world Level_01
[2014.11.15-02.03.27:730][215]LogWorld: Bringing World /Game/Maps/UEDPIE_0_Level_01.Level_01 up for play (max tick rate 0) at 2014.11.14-21.03.27
[2014.11.15-02.03.27:733][215]LogWorld: Bringing up level for play took: 0.005304
[2014.11.15-02.03.27:733][215]LogPlayerController: Spawned spectator SpectatorPawn_10 [server:1]
[2014.11.15-02.03.27:733][215]LogGameMode: RestartPlayer 266
[2014.11.15-02.03.27:734][215]LogPlayerController: ClientRestart_Implementation Bull_Character_C_10
[2014.11.15-02.03.27:734][215]LogPlayerController: ServerAcknowledgePossession_Implementation Bull_Character_C_10
[2014.11.15-02.03.27:734][215]LogBlueprintUserMessages: Loading Game from Begin Play
[2014.11.15-02.03.27:735][215]LogBlueprintUserMessages: Level Type Set to Main
[2014.11.15-02.03.27:739][215]PIE: Info Play in editor start time for /Game/Maps/UEDPIE_0_Level_01 -0.562
[2014.11.15-02.03.27:831][215]LogSlate: SRTH: 0000008FFD434940, 952 x 939, prev 0000000000000000
[2014.11.15-02.03.27:872][215]LogSlate: SRTH: 0000008FFD437A00, 1280 x 720, prev 0000000000000000
[2014.11.15-02.03.29:426][332]LogBlueprintUserMessages: p pressed
[2014.11.15-02.03.29:426][332]LogPlayerController:Warning: InputComponent 'InputComponent /Game/Maps/UEDPIE_0_Level_01.Level_01:PersistentLevel.CowTippingHUD_C_5.InputComponent_19' with no bindings pushed on the stack
[2014.11.15-02.03.30:619][427]LogBlueprintUserMessages: p pressed
[2014.11.15-02.03.30:977][458]LogBlueprintUserMessages: p pressed
[2014.11.15-02.03.30:978][458]LogPlayerController:Warning: InputComponent 'InputComponent /Game/Maps/UEDPIE_0_Level_01.Level_01:PersistentLevel.CowTippingHUD_C_5.InputComponent_19' with no bindings pushed on the stack
[2014.11.15-02.03.32:838][610]LogBlueprintUserMessages: p pressed
[2014.11.15-02.03.33:656][680]LogBlueprintUserMessages: p pressed
[2014.11.15-02.03.33:656][680]LogPlayerController:Warning: InputComponent 'InputComponent /Game/Maps/UEDPIE_0_Level_01.Level_01:PersistentLevel.CowTippingHUD_C_5.InputComponent_19' with no bindings pushed on the stack
[2014.11.15-02.03.34:496][750]LogBlueprintUserMessages: p pressed
[2014.11.15-02.03.34:783][773]LogBlueprintUserMessages: p pressed
[2014.11.15-02.03.34:783][773]LogPlayerController:Warning: InputComponent 'InputComponent /Game/Maps/UEDPIE_0_Level_01.Level_01:PersistentLevel.CowTippingHUD_C_5.InputComponent_19' with no bindings pushed on the stack
[2014.11.15-02.03.35:439][826]LogBlueprintUserMessages: p pressed
[2014.11.15-02.03.35:756][854]LogBlueprintUserMessages: p pressed
[2014.11.15-02.03.35:756][854]LogPlayerController:Warning: InputComponent 'InputComponent /Game/Maps/UEDPIE_0_Level_01.Level_01:PersistentLevel.CowTippingHUD_C_5.InputComponent_19' with no bindings pushed on the stack
[2014.11.15-02.03.36:089][882]LogBlueprintUserMessages: p pressed
[2014.11.15-02.03.36:333][902]LogBlueprintUserMessages: p pressed
[2014.11.15-02.03.36:334][902]LogPlayerController:Warning: InputComponent 'InputComponent /Game/Maps/UEDPIE_0_Level_01.Level_01:PersistentLevel.CowTippingHUD_C_5.InputComponent_19' with no bindings pushed on the stack
[2014.11.15-02.03.37:144][965]LogBlueprintUserMessages: p pressed
[2014.11.15-02.03.37:429][991]LogBlueprintUserMessages: p pressed
[2014.11.15-02.03.37:429][991]LogPlayerController:Warning: InputComponent 'InputComponent /Game/Maps/UEDPIE_0_Level_01.Level_01:PersistentLevel.CowTippingHUD_C_5.InputComponent_19' with no bindings pushed on the stack
[2014.11.15-02.03.37:721][ 15]LogBlueprintUserMessages: p pressed
[2014.11.15-02.03.38:162][ 53]LogBlueprintUserMessages: p pressed
[2014.11.15-02.03.38:162][ 53]LogPlayerController:Warning: InputComponent 'InputComponent /Game/Maps/UEDPIE_0_Level_01.Level_01:PersistentLevel.CowTippingHUD_C_5.InputComponent_19' with no bindings pushed on the stack
[2014.11.15-02.03.38:402][ 71]LogBlueprintUserMessages: p pressed
[2014.11.15-02.03.38:822][101]LogParticles: Destroying 0 GPU particle simulations for FXSystem 0x0000008FF6F2A8E0
[2014.11.15-02.03.38:825][101]LogSlate: SRTH: 0000008FF76D5CC0, 952 x 935, prev 0000000000000000
[2014.11.15-02.03.45:732][630]BlueprintLog: New page: Pre-PIE auto-recompile
[2014.11.15-02.03.45:732][630]LogPlayLevel: [PIE] Compiling Level_01 before PIE...
[2014.11.15-02.03.45:794][630]LogPlayLevel: PIE:  Blueprint regeneration took 61 ms (1 blueprints)
[2014.11.15-02.03.45:794][630]PIE: New page: PIE session: Level_01 (Nov 14, 2014, 4:03:45 PM)
[2014.11.15-02.03.45:798][630]LogPlayLevel: PIE: StaticDuplicateObject took: (0.003761s)
[2014.11.15-02.03.45:798][630]LogPlayLevel: PIE: World Init took: (0.000469s)
[2014.11.15-02.03.45:798][630]LogPlayLevel: PIE: Created PIE world by copying editor world from /Game/Maps/Level_01.Level_01 to /Game/Maps/UEDPIE_0_Level_01.Level_01 (0.004420s)
[2014.11.15-02.03.45:798][630]LogWorld: Game class is 'CowTippingGameMode_C'
[2014.11.15-02.03.45:829][630]LogSlate: SRTH: 0000008FFBCA0580, 1290 x 754
[2014.11.15-02.03.45:882][630]LogAIModule: Creating AISystem for world Level_01
[2014.11.15-02.03.45:886][630]LogWorld: Bringing World /Game/Maps/UEDPIE_0_Level_01.Level_01 up for play (max tick rate 0) at 2014.11.14-21.03.45
[2014.11.15-02.03.45:888][630]LogWorld: Bringing up level for play took: 0.005858
[2014.11.15-02.03.45:889][630]LogPlayerController: Spawned spectator SpectatorPawn_11 [server:1]
[2014.11.15-02.03.45:889][630]LogGameMode: RestartPlayer 267
[2014.11.15-02.03.45:889][630]LogPlayerController: ClientRestart_Implementation Bull_Character_C_11
[2014.11.15-02.03.45:889][630]LogPlayerController: ServerAcknowledgePossession_Implementation Bull_Character_C_11
[2014.11.15-02.03.45:890][630]LogBlueprintUserMessages: Loading Game from Begin Play
[2014.11.15-02.03.45:890][630]LogBlueprintUserMessages: Level Type Set to Main
[2014.11.15-02.03.45:894][630]PIE: Info Play in editor start time for /Game/Maps/UEDPIE_0_Level_01 -0.408
[2014.11.15-02.03.45:991][630]LogSlate: SRTH: 0000008FFCE2A800, 952 x 939, prev 0000000000000000
[2014.11.15-02.03.46:024][630]LogSlate: SRTH: 0000008FFCE2BAC0, 1280 x 720, prev 0000000000000000
[2014.11.15-02.03.47:011][697]LogBlueprintUserMessages: p pressed
[2014.11.15-02.03.47:011][697]LogPlayerController:Warning: InputComponent 'InputComponent /Game/Maps/UEDPIE_0_Level_01.Level_01:PersistentLevel.CowTippingHUD_C_6.InputComponent_21' with no bindings pushed on the stack
[2014.11.15-02.03.48:488][801]LogBlueprintUserMessages: p pressed
[2014.11.15-02.03.49:952][925]LogBlueprintUserMessages: p pressed
[2014.11.15-02.03.49:953][925]LogPlayerController:Warning: InputComponent 'InputComponent /Game/Maps/UEDPIE_0_Level_01.Level_01:PersistentLevel.CowTippingHUD_C_6.InputComponent_21' with no bindings pushed on the stack
[2014.11.15-02.03.52:053][ 82]LogParticles: Destroying 0 GPU particle simulations for FXSystem 0x0000008FFD3CF2E0
[2014.11.15-02.03.52:061][ 82]LogSlate: SRTH: 0000008FFCE2A8C0, 952 x 935, prev 0000000000000000
[2014.11.15-02.05.23:477][851]LogContentBrowser:Verbose: The content browser source was changed by the sources view to '/Game/Blueprints'
[2014.11.15-02.06.39:071][302]LogActorComponent: UnregisterComponent: (/Engine/Transient.CharacterMovementComponent_7) Not registered. Aborting.
[2014.11.15-02.06.39:071][302]LogActorComponent: UnregisterComponent: (/Engine/Transient.CharacterMovementComponent_8) Not registered. Aborting.
[2014.11.15-02.06.39:071][302]LogActorComponent: UnregisterComponent: (/Engine/Transient.CharacterMovementComponent_9) Not registered. Aborting.
[2014.11.15-02.06.39:071][302]LogActorComponent: UnregisterComponent: (/Engine/Transient.CharacterMovementComponent_10) Not registered. Aborting.
[2014.11.15-02.06.39:088][302]LogFileHelpers: Editor autosave (incl. sublevels) for '/Game/Maps/Level_01' took 0.018
[2014.11.15-02.06.39:113][302]OBJ SavePackage: Generating thumbnails for [0] asset(s) in package [/Game/Blueprints/CowTippingHUD] ([1] browsable assets)...
[2014.11.15-02.06.39:120][302]OBJ SavePackage: Finished generating thumbnails for package [/Game/Blueprints/CowTippingHUD]
[2014.11.15-02.06.39:124][302]Cmd: OBJ SAVEPACKAGE PACKAGE="/Game/Blueprints/CowTippingHUD" FILE="B:/CGT 345/GitHub/Cow-Tipping/Saved/Autosaves/Game/Blueprints/CowTippingHUD_Auto2.uasset" SILENT=false AUTOSAVING=true
[2014.11.15-02.06.39:229][302]LogSavePackage: Save=56.692581ms
[2014.11.15-02.06.39:229][302]LogSavePackage: Moving 'B:/CGT 345/GitHub/Cow-Tipping/Saved/CowTippingHUD_Auto2A74765EC4CB92ABA6CEA3BA1BA1D22AC.tmp' to 'B:/CGT 345/GitHub/Cow-Tipping/Saved/Autosaves/Game/Blueprints/CowTippingHUD_Auto2.uasset'
[2014.11.15-02.06.39:258][302]OBJ SavePackage: Generating thumbnails for [0] asset(s) in package [/Game/Blueprints/CowTipping_Player_Controller] ([1] browsable assets)...
[2014.11.15-02.06.39:273][302]OBJ SavePackage: Finished generating thumbnails for package [/Game/Blueprints/CowTipping_Player_Controller]
[2014.11.15-02.06.39:343][302]LogSavePackage: Save=18.123243ms
[2014.11.15-02.06.39:343][302]LogSavePackage: Moving 'B:/CGT 345/GitHub/Cow-Tipping/Saved/CowTipping_Player_Controller_Auto2085E65FE4BA3D832F386C68F0A3198CE.tmp' to 'B:/CGT 345/GitHub/Cow-Tipping/Saved/Autosaves/Game/Blueprints/CowTipping_Player_Controller_Auto2.uasset'
[2014.11.15-02.06.39:370][302]OBJ SavePackage: Generating thumbnails for [0] asset(s) in package [/Game/Blueprints/Pause] ([1] browsable assets)...
[2014.11.15-02.06.39:384][302]OBJ SavePackage: Finished generating thumbnails for package [/Game/Blueprints/Pause]
[2014.11.15-02.06.39:387][302]Cmd: OBJ SAVEPACKAGE PACKAGE="/Game/Blueprints/Pause" FILE="B:/CGT 345/GitHub/Cow-Tipping/Saved/Autosaves/Game/Blueprints/Pause_Auto2.uasset" SILENT=false AUTOSAVING=true
[2014.11.15-02.06.39:430][302]LogSavePackage: Save=10.739948ms
[2014.11.15-02.06.39:430][302]LogSavePackage: Moving 'B:/CGT 345/GitHub/Cow-Tipping/Saved/Pause_Auto2475642844E7B7B222F64E9AF3CAF22B0.tmp' to 'B:/CGT 345/GitHub/Cow-Tipping/Saved/Autosaves/Game/Blueprints/Pause_Auto2.uasset'
[2014.11.15-02.06.39:435][302]LogFileHelpers: Auto-saving content packages took 0.347
[2014.11.15-02.08.27:389][789]LogSlate: SRTH: 0000008FF35EFDC0, 1296 x 823
[2014.11.15-02.14.56:940][116]LogEpicStorage:Warning: ReadFile request failed. File request already pending for filename=http://cdn.unrealengine.com/newsfeed/blueprint_icon_b.png
[2014.11.15-02.14.56:940][116]LogEpicStorage:Warning: ReadFile request failed. File request already pending for filename=http://cdn.unrealengine.com/newsfeed/blueprint_icon_b.png
[2014.11.15-02.29.56:701][600]LogEpicStorage:Warning: ReadFile request failed. File request already pending for filename=http://cdn.unrealengine.com/newsfeed/blueprint_icon_b.png
[2014.11.15-02.29.56:701][600]LogEpicStorage:Warning: ReadFile request failed. File request already pending for filename=http://cdn.unrealengine.com/newsfeed/blueprint_icon_b.png
[2014.11.15-02.44.56:767][672]LogEpicStorage:Warning: ReadFile request failed. File request already pending for filename=http://cdn.unrealengine.com/newsfeed/blueprint_icon_b.png
[2014.11.15-02.44.56:768][672]LogEpicStorage:Warning: ReadFile request failed. File request already pending for filename=http://cdn.unrealengine.com/newsfeed/blueprint_icon_b.png
[2014.11.15-02.50.05:066][986]LogSlate: SRTH: 0000008FF89E7100, 1296 x 814, prev 0000000000000000
[2014.11.15-02.50.06:638][ 31]LogSlate: SRTH: 0000008FF89E6440, 1399 x 935, prev 0000000000000000
[2014.11.15-02.50.06:662][ 32]LogRenderer:Warning: Reallocating scene render targets to support 1400x944.
[2014.11.15-02.51.30:396][946]LogActorComponent: UnregisterComponent: (/Engine/Transient.CharacterMovementComponent_11) Not registered. Aborting.
[2014.11.15-02.51.30:396][946]LogActorComponent: UnregisterComponent: (/Engine/Transient.CharacterMovementComponent_12) Not registered. Aborting.
[2014.11.15-02.51.30:396][946]LogActorComponent: UnregisterComponent: (/Engine/Transient.CharacterMovementComponent_13) Not registered. Aborting.
[2014.11.15-02.51.30:396][946]LogActorComponent: UnregisterComponent: (/Engine/Transient.CharacterMovementComponent_14) Not registered. Aborting.
[2014.11.15-02.51.30:418][946]LogFileHelpers: Editor autosave (incl. sublevels) for '/Game/Maps/Level_01' took 0.023
[2014.11.15-02.51.30:446][946]OBJ SavePackage: Generating thumbnails for [0] asset(s) in package [/Game/Blueprints/Pause] ([1] browsable assets)...
[2014.11.15-02.51.30:456][946]OBJ SavePackage: Finished generating thumbnails for package [/Game/Blueprints/Pause]
[2014.11.15-02.51.30:459][946]Cmd: OBJ SAVEPACKAGE PACKAGE="/Game/Blueprints/Pause" FILE="B:/CGT 345/GitHub/Cow-Tipping/Saved/Autosaves/Game/Blueprints/Pause_Auto3.uasset" SILENT=false AUTOSAVING=true
[2014.11.15-02.51.30:504][946]LogSavePackage: Save=13.116934ms
[2014.11.15-02.51.30:504][946]LogSavePackage: Moving 'B:/CGT 345/GitHub/Cow-Tipping/Saved/Pause_Auto3645E6B144F469146F3AC06A19031207E.tmp' to 'B:/CGT 345/GitHub/Cow-Tipping/Saved/Autosaves/Game/Blueprints/Pause_Auto3.uasset'
[2014.11.15-02.51.30:512][946]LogFileHelpers: Auto-saving content packages took 0.093
[2014.11.15-02.55.00:023][ 45]BlueprintLog: New page: Compile Pause
[2014.11.15-02.55.00:121][ 45]BlueprintEditorCompileResults: Info [4207.85] Compile of Pause successful! [in 0 ms]
[2014.11.15-02.55.14:710][155]LogSlate:Warning: GetFontFace failed to load or process 'Roboto-Regular'
[2014.11.15-02.59.56:964][899]LogEpicStorage:Warning: ReadFile request failed. File request already pending for filename=http://cdn.unrealengine.com/newsfeed/blueprint_icon_b.png
[2014.11.15-02.59.56:964][899]LogEpicStorage:Warning: ReadFile request failed. File request already pending for filename=http://cdn.unrealengine.com/newsfeed/blueprint_icon_b.png
[2014.11.15-03.01.30:848][ 40]LogFileHelpers: Editor autosave (incl. sublevels) for '/Game/Maps/Level_01' took 0.046
[2014.11.15-03.01.30:880][ 40]OBJ SavePackage: Generating thumbnails for [0] asset(s) in package [/Game/Blueprints/Pause] ([1] browsable assets)...
[2014.11.15-03.01.30:889][ 40]OBJ SavePackage: Finished generating thumbnails for package [/Game/Blueprints/Pause]
[2014.11.15-03.01.30:893][ 40]Cmd: OBJ SAVEPACKAGE PACKAGE="/Game/Blueprints/Pause" FILE="B:/CGT 345/GitHub/Cow-Tipping/Saved/Autosaves/Game/Blueprints/Pause_Auto4.uasset" SILENT=false AUTOSAVING=true
[2014.11.15-03.01.30:948][ 40]LogSavePackage: Save=23.438065ms
[2014.11.15-03.01.30:948][ 40]LogSavePackage: Moving 'B:/CGT 345/GitHub/Cow-Tipping/Saved/Pause_Auto46EEB07C148A6CF53560A1F9DBDB5E5C4.tmp' to 'B:/CGT 345/GitHub/Cow-Tipping/Saved/Autosaves/Game/Blueprints/Pause_Auto4.uasset'
[2014.11.15-03.01.30:957][ 40]LogFileHelpers: Auto-saving content packages took 0.107
[2014.11.15-03.14.56:764][938]LogEpicStorage:Warning: ReadFile request failed. File request already pending for filename=http://cdn.unrealengine.com/newsfeed/blueprint_icon_b.png
[2014.11.15-03.14.56:765][938]LogEpicStorage:Warning: ReadFile request failed. File request already pending for filename=http://cdn.unrealengine.com/newsfeed/blueprint_icon_b.png
[2014.11.15-03.29.56:814][997]LogEpicStorage:Warning: ReadFile request failed. File request already pending for filename=http://cdn.unrealengine.com/newsfeed/blueprint_icon_b.png
[2014.11.15-03.29.56:814][997]LogEpicStorage:Warning: ReadFile request failed. File request already pending for filename=http://cdn.unrealengine.com/newsfeed/blueprint_icon_b.png
[2014.11.15-03.44.57:000][247]LogEpicStorage:Warning: ReadFile request failed. File request already pending for filename=http://cdn.unrealengine.com/newsfeed/blueprint_icon_b.png
[2014.11.15-03.44.57:001][247]LogEpicStorage:Warning: ReadFile request failed. File request already pending for filename=http://cdn.unrealengine.com/newsfeed/blueprint_icon_b.png
[2014.11.15-03.48.20:871][385]LogFileHelpers: Editor autosave (incl. sublevels) for '/Game/Maps/Level_01' took 0.024
[2014.11.15-03.48.20:907][385]OBJ SavePackage: Generating thumbnails for [0] asset(s) in package [/Game/Blueprints/Pause] ([1] browsable assets)...
[2014.11.15-03.48.20:925][385]OBJ SavePackage: Finished generating thumbnails for package [/Game/Blueprints/Pause]
[2014.11.15-03.48.20:932][385]Cmd: OBJ SAVEPACKAGE PACKAGE="/Game/Blueprints/Pause" FILE="B:/CGT 345/GitHub/Cow-Tipping/Saved/Autosaves/Game/Blueprints/Pause_Auto5.uasset" SILENT=false AUTOSAVING=true
[2014.11.15-03.48.20:994][385]LogSavePackage: Save=20.618685ms
[2014.11.15-03.48.20:994][385]LogSavePackage: Moving 'B:/CGT 345/GitHub/Cow-Tipping/Saved/Pause_Auto55B6A90444A113B93124C5E9650068384.tmp' to 'B:/CGT 345/GitHub/Cow-Tipping/Saved/Autosaves/Game/Blueprints/Pause_Auto5.uasset'
[2014.11.15-03.48.21:005][385]LogFileHelpers: Auto-saving content packages took 0.134
[2014.11.15-03.58.21:192][126]LogFileHelpers: Editor autosave (incl. sublevels) for '/Game/Maps/Level_01' took 0.038
[2014.11.15-03.58.21:228][126]OBJ SavePackage: Generating thumbnails for [0] asset(s) in package [/Game/Blueprints/CowTippingHUD] ([1] browsable assets)...
[2014.11.15-03.58.21:235][126]OBJ SavePackage: Finished generating thumbnails for package [/Game/Blueprints/CowTippingHUD]
[2014.11.15-03.58.21:242][126]Cmd: OBJ SAVEPACKAGE PACKAGE="/Game/Blueprints/CowTippingHUD" FILE="B:/CGT 345/GitHub/Cow-Tipping/Saved/Autosaves/Game/Blueprints/CowTippingHUD_Auto6.uasset" SILENT=false AUTOSAVING=true
[2014.11.15-03.58.21:465][126]LogSavePackage: Save=90.940735ms
[2014.11.15-03.58.21:465][126]LogSavePackage: Moving 'B:/CGT 345/GitHub/Cow-Tipping/Saved/CowTippingHUD_Auto66880B93345A0DE6FAAC522A26C80EEE5.tmp' to 'B:/CGT 345/GitHub/Cow-Tipping/Saved/Autosaves/Game/Blueprints/CowTippingHUD_Auto6.uasset'
[2014.11.15-03.58.21:473][126]LogFileHelpers: Auto-saving content packages took 0.281
[2014.11.15-03.59.56:766][548]LogEpicStorage:Warning: ReadFile request failed. File request already pending for filename=http://cdn.unrealengine.com/newsfeed/blueprint_icon_b.png
[2014.11.15-03.59.56:767][548]LogEpicStorage:Warning: ReadFile request failed. File request already pending for filename=http://cdn.unrealengine.com/newsfeed/blueprint_icon_b.png
[2014.11.15-04.14.56:875][581]LogEpicStorage:Warning: ReadFile request failed. File request already pending for filename=http://cdn.unrealengine.com/newsfeed/blueprint_icon_b.png
[2014.11.15-04.14.56:875][581]LogEpicStorage:Warning: ReadFile request failed. File request already pending for filename=http://cdn.unrealengine.com/newsfeed/blueprint_icon_b.png
[2014.11.15-04.29.57:109][503]LogEpicStorage:Warning: ReadFile request failed. File request already pending for filename=http://cdn.unrealengine.com/newsfeed/blueprint_icon_b.png
[2014.11.15-04.29.57:110][503]LogEpicStorage:Warning: ReadFile request failed. File request already pending for filename=http://cdn.unrealengine.com/newsfeed/blueprint_icon_b.png
[2014.11.15-04.44.56:876][111]LogEpicStorage:Warning: ReadFile request failed. File request already pending for filename=http://cdn.unrealengine.com/newsfeed/blueprint_icon_b.png
[2014.11.15-04.44.56:877][111]LogEpicStorage:Warning: ReadFile request failed. File request already pending for filename=http://cdn.unrealengine.com/newsfeed/blueprint_icon_b.png
[2014.11.15-04.50.30:430][  3]Cmd: OBJ SAVEPACKAGE PACKAGE="/Game/Blueprints/CowTippingHUD" FILE="B:/CGT 345/GitHub/Cow-Tipping/Content/Blueprints/CowTippingHUD.uasset" SILENT=true
[2014.11.15-04.50.30:513][  3]LogSavePackage: Save=63.503967ms
[2014.11.15-04.50.30:513][  3]LogSavePackage: Moving 'B:/CGT 345/GitHub/Cow-Tipping/Saved/CowTippingHUD25C2A5344F652BFA98D198842FFAE6D8.tmp' to 'B:/CGT 345/GitHub/Cow-Tipping/Content/Blueprints/CowTippingHUD.uasset'
[2014.11.15-04.50.30:519][  3]Cmd: OBJ SAVEPACKAGE PACKAGE="/Game/Blueprints/CowTipping_HUD_Interface" FILE="B:/CGT 345/GitHub/Cow-Tipping/Content/Blueprints/CowTipping_HUD_Interface.uasset" SILENT=true
[2014.11.15-04.50.30:558][  3]LogSavePackage: Save=7.133868ms
[2014.11.15-04.50.30:558][  3]LogSavePackage: Moving 'B:/CGT 345/GitHub/Cow-Tipping/Saved/CowTipping_HUD_Interface75627E024F7AADFCC949E98428A5E18E.tmp' to 'B:/CGT 345/GitHub/Cow-Tipping/Content/Blueprints/CowTipping_HUD_Interface.uasset'
[2014.11.15-04.50.30:573][  3]Cmd: OBJ SAVEPACKAGE PACKAGE="/Game/Blueprints/CowTipping_Player_Controller" FILE="B:/CGT 345/GitHub/Cow-Tipping/Content/Blueprints/CowTipping_Player_Controller.uasset" SILENT=true
[2014.11.15-04.50.30:604][  3]LogSavePackage: Save=14.365819ms
[2014.11.15-04.50.30:604][  3]LogSavePackage: Moving 'B:/CGT 345/GitHub/Cow-Tipping/Saved/CowTipping_Player_Controller086ABED945816E168666AA92197CDC4A.tmp' to 'B:/CGT 345/GitHub/Cow-Tipping/Content/Blueprints/CowTipping_Player_Controller.uasset'
[2014.11.15-04.50.30:609][  3]Cmd: OBJ SAVEPACKAGE PACKAGE="/Game/Blueprints/Pause" FILE="B:/CGT 345/GitHub/Cow-Tipping/Content/Blueprints/Pause.uasset" SILENT=true
[2014.11.15-04.50.30:622][  3]LogSavePackage: Save=12.571510ms
[2014.11.15-04.50.30:622][  3]LogSavePackage: Moving 'B:/CGT 345/GitHub/Cow-Tipping/Saved/PauseFC76E8064ECA7BB617E564B3BD41C6E5.tmp' to 'B:/CGT 345/GitHub/Cow-Tipping/Content/Blueprints/Pause.uasset'
[2014.11.15-04.50.31:855][ 76]LogParticles: Destroying 0 GPU particle simulations for FXSystem 0x0000008FECEBF6A0
[2014.11.15-04.50.31:855][ 76]LogParticles: Destroying 0 GPU particle simulations for FXSystem 0x0000008FF36276A0
[2014.11.15-04.50.31:855][ 76]LogParticles: Destroying 0 GPU particle simulations for FXSystem 0x0000008FDAF16B60
[2014.11.15-04.50.32:094][ 77]Cmd: QUIT_EDITOR
[2014.11.15-04.50.32:144][ 77]LogWindowsTextInputMethodSystem:Error: Terminating failed while unadvising the language notification sink from the TSF source.
[2014.11.15-04.50.32:148][ 77]LogExit: Preparing to exit.
[2014.11.15-04.50.33:170][ 77]LogExit: Editor shut down
[2014.11.15-04.50.33:170][ 77]LogExit: Transaction tracking system shut down
[2014.11.15-04.50.33:176][ 77]LogParticles: Destroying 0 GPU particle simulations for FXSystem 0x0000008FDDA836A0
[2014.11.15-04.50.33:176][ 77]LogParticles: Destroying 0 GPU particle simulations for FXSystem 0x0000008FE58EA160
[2014.11.15-04.50.33:227][ 77]LogExit: Object subsystem successfully closed.
[2014.11.15-04.50.33:374][ 77]LogModuleManager: Shutting down and abandoning module AndroidDeviceDetection (172)
[2014.11.15-04.50.33:374][ 77]LogModuleManager: Shutting down and abandoning module GameLiveStreaming (171)
[2014.11.15-04.50.33:375][ 77]LogModuleManager: Shutting down and abandoning module CrashTracker (170)
[2014.11.15-04.50.33:375][ 77]LogModuleManager: Shutting down and abandoning module HTTP (169)
[2014.11.15-04.50.33:375][ 77]LogModuleManager: Shutting down and abandoning module NewsFeed (168)
[2014.11.15-04.50.33:375][ 77]LogModuleManager: Shutting down and abandoning module SceneOutliner (167)
[2014.11.15-04.50.33:375][ 77]LogModuleManager: Shutting down and abandoning module EditorWidgets (166)
[2014.11.15-04.50.33:375][ 77]LogModuleManager: Shutting down and abandoning module CollectionManager (165)
[2014.11.15-04.50.33:375][ 77]LogModuleManager: Shutting down and abandoning module StatsViewer (164)
[2014.11.15-04.50.33:375][ 77]LogModuleManager: Shutting down and abandoning module FoliageEdit (163)
[2014.11.15-04.50.33:376][ 77]LogModuleManager: Shutting down and abandoning module LandscapeEditor (162)
[2014.11.15-04.50.33:376][ 77]LogModuleManager: Shutting down and abandoning module MeshPaint (161)
[2014.11.15-04.50.33:376][ 77]LogModuleManager: Shutting down and abandoning module ActorPickerMode (160)
[2014.11.15-04.50.33:376][ 77]LogModuleManager: Shutting down and abandoning module GeometryMode (159)
[2014.11.15-04.50.33:376][ 77]LogModuleManager: Shutting down and abandoning module TextureAlignMode (158)
[2014.11.15-04.50.33:376][ 77]LogModuleManager: Shutting down and abandoning module BspMode (157)
[2014.11.15-04.50.33:376][ 77]LogModuleManager: Shutting down and abandoning module PlacementMode (156)
[2014.11.15-04.50.33:376][ 77]LogModuleManager: Shutting down and abandoning module DesktopPlatform (155)
[2014.11.15-04.50.33:377][ 77]LogModuleManager: Shutting down and abandoning module AutomationWorker (154)
[2014.11.15-04.50.33:377][ 77]LogModuleManager: Shutting down and abandoning module EditorLiveStreaming (153)
[2014.11.15-04.50.33:377][ 77]LogModuleManager: Shutting down and abandoning module DeviceProfileEditor (152)
[2014.11.15-04.50.33:377][ 77]LogModuleManager: Shutting down and abandoning module UndoHistory (151)
[2014.11.15-04.50.33:377][ 77]LogModuleManager: Shutting down and abandoning module GameplayTagsEditor (150)
[2014.11.15-04.50.33:377][ 77]LogModuleManager: Shutting down and abandoning module UserFeedback (149)
[2014.11.15-04.50.33:377][ 77]LogModuleManager: Shutting down and abandoning module XmlParser (148)
[2014.11.15-04.50.33:377][ 77]LogModuleManager: Shutting down and abandoning module Blutility (147)
[2014.11.15-04.50.33:377][ 77]LogModuleManager: Shutting down and abandoning module IOSPlatformEditor (146)
[2014.11.15-04.50.33:377][ 77]LogModuleManager: Shutting down and abandoning module IOSRuntimeSettings (145)
[2014.11.15-04.50.33:377][ 77]LogModuleManager: Shutting down and abandoning module AndroidPlatformEditor (144)
[2014.11.15-04.50.33:377][ 77]LogModuleManager: Shutting down and abandoning module AndroidRuntimeSettings (143)
[2014.11.15-04.50.33:377][ 77]LogModuleManager: Shutting down and abandoning module ProjectTargetPlatformEditor (142)
[2014.11.15-04.50.33:378][ 77]LogModuleManager: Shutting down and abandoning module ProjectSettingsViewer (141)
[2014.11.15-04.50.33:378][ 77]LogModuleManager: Shutting down and abandoning module InputBindingEditor (140)
[2014.11.15-04.50.33:378][ 77]LogModuleManager: Shutting down and abandoning module EditorSettingsViewer (139)
[2014.11.15-04.50.33:378][ 77]LogModuleManager: Shutting down and abandoning module SettingsEditor (138)
[2014.11.15-04.50.33:379][ 77]LogModuleManager: Shutting down and abandoning module SessionLauncher (137)
[2014.11.15-04.50.33:380][ 77]LogModuleManager: Shutting down and abandoning module SessionFrontend (136)
[2014.11.15-04.50.33:380][ 77]LogModuleManager: Shutting down and abandoning module ProfilerClient (135)
[2014.11.15-04.50.33:380][ 77]LogModuleManager: Shutting down and abandoning module TargetDeviceServices (134)
[2014.11.15-04.50.33:380][ 77]LogModuleManager: Shutting down and abandoning module DeviceManager (133)
[2014.11.15-04.50.33:381][ 77]LogModuleManager: Shutting down and abandoning module AutomationController (132)
[2014.11.15-04.50.33:381][ 77]LogModuleManager: Shutting down and abandoning module AutomationWindow (131)
[2014.11.15-04.50.33:381][ 77]LogModuleManager: Shutting down and abandoning module Layers (130)
[2014.11.15-04.50.33:382][ 77]LogModuleManager: Shutting down and abandoning module ComponentVisualizers (129)
[2014.11.15-04.50.33:382][ 77]LogModuleManager: Shutting down and abandoning module DetailCustomizations (128)
[2014.11.15-04.50.33:383][ 77]LogModuleManager: Shutting down and abandoning module PackagesDialog (127)
[2014.11.15-04.50.33:383][ 77]LogModuleManager: Shutting down and abandoning module DirectoryWatcher (126)
[2014.11.15-04.50.33:384][ 77]LogModuleManager: Shutting down and abandoning module AssetRegistry (125)
[2014.11.15-04.50.33:452][ 77]LogModuleManager: Shutting down and abandoning module Persona (124)
[2014.11.15-04.50.33:453][ 77]LogModuleManager: Shutting down and abandoning module GraphEditor (123)
[2014.11.15-04.50.33:454][ 77]LogModuleManager: Shutting down and abandoning module ClassViewer (122)
[2014.11.15-04.50.33:454][ 77]LogModuleManager: Shutting down and abandoning module Toolbox (121)
[2014.11.15-04.50.33:454][ 77]LogModuleManager: Shutting down and abandoning module ModuleUI (120)
[2014.11.15-04.50.33:454][ 77]LogModuleManager: Shutting down and abandoning module Sequencer (119)
[2014.11.15-04.50.33:455][ 77]LogModuleManager: Shutting down and abandoning module MovieSceneTools (118)
[2014.11.15-04.50.33:456][ 77]LogModuleManager: Shutting down and abandoning module OutputLog (117)
[2014.11.15-04.50.33:456][ 77]LogModuleManager: Shutting down and abandoning module GammaUI (116)
[2014.11.15-04.50.33:456][ 77]LogModuleManager: Shutting down and abandoning module Documentation (115)
[2014.11.15-04.50.33:456][ 77]LogModuleManager: Shutting down and abandoning module StreamingPauseRendering (114)
[2014.11.15-04.50.33:456][ 77]LogModuleManager: Shutting down and abandoning module AnalyticsET (113)
[2014.11.15-04.50.33:456][ 77]LogModuleManager: Shutting down and abandoning module Analytics (112)
[2014.11.15-04.50.33:456][ 77]LogModuleManager: Shutting down and abandoning module GameplayDebugger (111)
[2014.11.15-04.50.33:456][ 77]LogModuleManager: Shutting down and abandoning module AIModule (110)
[2014.11.15-04.50.33:456][ 77]LogModuleManager: Shutting down and abandoning module ProfilerService (109)
[2014.11.15-04.50.33:486][ 77]LogModuleManager: Shutting down and abandoning module TaskGraph (108)
[2014.11.15-04.50.33:486][ 77]LogModuleManager: Shutting down and abandoning module ViewportSnapping (107)
[2014.11.15-04.50.33:486][ 77]LogModuleManager: Shutting down and abandoning module GameProjectGeneration (106)
[2014.11.15-04.50.33:486][ 77]LogModuleManager: Shutting down and abandoning module Matinee (105)
[2014.11.15-04.50.33:487][ 77]LogModuleManager: Shutting down and abandoning module Kismet (104)
[2014.11.15-04.50.33:487][ 77]LogModuleManager: Shutting down and abandoning module SlateReflector (103)
[2014.11.15-04.50.33:488][ 77]LogModuleManager: Shutting down and abandoning module LevelEditor (102)
[2014.11.15-04.50.33:489][ 77]LogModuleManager: Shutting down and abandoning module IntroTutorials (101)
[2014.11.15-04.50.33:489][ 77]LogModuleManager: Shutting down and abandoning module ContentBrowser (100)
[2014.11.15-04.50.33:489][ 77]LogModuleManager: Shutting down and abandoning module PropertyEditor (99)
[2014.11.15-04.50.33:489][ 77]LogModuleManager: Shutting down and abandoning module AssetTools (98)
[2014.11.15-04.50.33:492][ 77]LogModuleManager: Shutting down and abandoning module MainFrame (97)
[2014.11.15-04.50.33:492][ 77]LogModuleManager: Shutting down and abandoning module SourceControl (96)
[2014.11.15-04.50.33:492][ 77]LogModuleManager: Shutting down and abandoning module ImageWrapper (95)
[2014.11.15-04.50.33:492][ 77]LogModuleManager: Shutting down and abandoning module OnlineBlueprintSupport (94)
[2014.11.15-04.50.33:492][ 77]LogModuleManager: Shutting down and abandoning module FunctionalTesting (93)
[2014.11.15-04.50.33:492][ 77]LogModuleManager: Shutting down and abandoning module CollisionAnalyzer (92)
[2014.11.15-04.50.33:493][ 77]LogModuleManager: Shutting down and abandoning module WorkspaceMenuStructure (91)
[2014.11.15-04.50.33:493][ 77]LogModuleManager: Shutting down and abandoning module MessageLog (90)
[2014.11.15-04.50.33:493][ 77]LogModuleManager: Shutting down and abandoning module Slate (89)
[2014.11.15-04.50.33:493][ 77]LogModuleManager: Shutting down and abandoning module EditorStyle (88)
[2014.11.15-04.50.33:495][ 77]LogModuleManager: Shutting down and abandoning module SessionServices (87)
[2014.11.15-04.50.33:495][ 77]LogModuleManager: Shutting down and abandoning module SourceCodeAccess (86)
[2014.11.15-04.50.33:495][ 77]LogModuleManager: Shutting down and abandoning module HeadMountedDisplay (85)
[2014.11.15-04.50.33:495][ 77]LogModuleManager: Shutting down and abandoning module XAudio2 (84)
[2014.11.15-04.50.33:495][ 77]LogModuleManager: Shutting down and abandoning module Networking (82)
[2014.11.15-04.50.33:495][ 77]LogModuleManager: Shutting down and abandoning module Core (81)
[2014.11.15-04.50.33:495][ 77]LogModuleManager: Shutting down and abandoning module KismetCompiler (80)
[2014.11.15-04.50.33:495][ 77]LogModuleManager: Shutting down and abandoning module PhysXFormats (79)
[2014.11.15-04.50.33:495][ 77]LogModuleManager: Shutting down and abandoning module MeshUtilities (78)
[2014.11.15-04.50.33:496][ 77]LogModuleManager: Shutting down and abandoning module DerivedDataCache (77)
[2014.11.15-04.50.33:557][ 77]LogDerivedDataCache: Shutdown
[2014.11.15-04.50.33:557][ 77]LogModuleManager: Shutting down and abandoning module ShaderFormatOpenGL (76)
[2014.11.15-04.50.33:557][ 77]LogModuleManager: Shutting down and abandoning module ShaderFormatD3D (75)
[2014.11.15-04.50.33:557][ 77]LogModuleManager: Shutting down and abandoning module MetalShaderFormat (74)
[2014.11.15-04.50.33:557][ 77]LogModuleManager: Shutting down and abandoning module TextureFormatUncompressed (73)
[2014.11.15-04.50.33:557][ 77]LogModuleManager: Shutting down and abandoning module TextureFormatPVR (72)
[2014.11.15-04.50.33:557][ 77]LogModuleManager: Shutting down and abandoning module TextureFormatDXT (71)
[2014.11.15-04.50.33:559][ 77]LogModuleManager: Shutting down and abandoning module TextureFormatAndroid (70)
[2014.11.15-04.50.33:559][ 77]LogModuleManager: Shutting down and abandoning module AudioFormatOpus (69)
[2014.11.15-04.50.33:559][ 77]LogModuleManager: Shutting down and abandoning module AudioFormatOgg (68)
[2014.11.15-04.50.33:559][ 77]LogModuleManager: Shutting down and abandoning module AudioFormatADPCM (67)
[2014.11.15-04.50.33:559][ 77]LogModuleManager: Shutting down and abandoning module Messaging (66)
[2014.11.15-04.50.33:559][ 77]LogModuleManager: Shutting down and abandoning module IOSTargetPlatform (65)
[2014.11.15-04.50.33:559][ 77]LogModuleManager: Shutting down and abandoning module Android_PVRTCTargetPlatform (64)
[2014.11.15-04.50.33:559][ 77]LogModuleManager: Shutting down and abandoning module Android_ETC2TargetPlatform (63)
[2014.11.15-04.50.33:559][ 77]LogModuleManager: Shutting down and abandoning module Android_ETC1TargetPlatform (62)
[2014.11.15-04.50.33:559][ 77]LogModuleManager: Shutting down and abandoning module Android_DXTTargetPlatform (61)
[2014.11.15-04.50.33:559][ 77]LogModuleManager: Shutting down and abandoning module Android_ATCTargetPlatform (60)
[2014.11.15-04.50.33:559][ 77]LogModuleManager: Shutting down and abandoning module AndroidTargetPlatform (59)
[2014.11.15-04.50.33:559][ 77]LogModuleManager: Shutting down and abandoning module WindowsTargetPlatform (58)
[2014.11.15-04.50.33:559][ 77]LogModuleManager: Shutting down and abandoning module WindowsServerTargetPlatform (57)
[2014.11.15-04.50.33:559][ 77]LogModuleManager: Shutting down and abandoning module WindowsNoEditorTargetPlatform (56)
[2014.11.15-04.50.33:559][ 77]LogModuleManager: Shutting down and abandoning module WindowsClientTargetPlatform (55)
[2014.11.15-04.50.33:559][ 77]LogModuleManager: Shutting down and abandoning module TargetPlatform (54)
[2014.11.15-04.50.33:559][ 77]LogModuleManager: Shutting down and abandoning module InputCore (53)
[2014.11.15-04.50.33:559][ 77]LogModuleManager: Shutting down and abandoning module Settings (52)
[2014.11.15-04.50.33:559][ 77]LogModuleManager: Shutting down and abandoning module TextureCompressor (49)
[2014.11.15-04.50.33:559][ 77]LogModuleManager: Shutting down and abandoning module ShaderCore (48)
[2014.11.15-04.50.33:559][ 77]LogModuleManager: Shutting down and abandoning module OpenGLDrv (47)
[2014.11.15-04.50.33:559][ 77]LogModuleManager: Shutting down and abandoning module D3D11RHI (46)
[2014.11.15-04.50.33:559][ 77]LogModuleManager: Shutting down and abandoning module SlateRHIRenderer (45)
[2014.11.15-04.50.33:559][ 77]LogModuleManager: Shutting down and abandoning module Renderer (44)
[2014.11.15-04.50.33:559][ 77]LogModuleManager: Shutting down and abandoning module Engine (43)
[2014.11.15-04.50.33:559][ 77]LogModuleManager: Shutting down and abandoning module SlateRemote (42)
[2014.11.15-04.50.33:559][ 77]LogModuleManager: Shutting down and abandoning module ScriptPlugin (41)
[2014.11.15-04.50.33:559][ 77]LogModuleManager: Shutting down and abandoning module ScriptEditorPlugin (39)
[2014.11.15-04.50.33:559][ 77]LogModuleManager: Shutting down and abandoning module WindowsMoviePlayer (38)
[2014.11.15-04.50.33:588][ 77]LogModuleManager: Shutting down and abandoning module ExampleDeviceProfileSelector (31)
[2014.11.15-04.50.33:588][ 77]LogModuleManager: Shutting down and abandoning module CustomMeshComponent (30)
[2014.11.15-04.50.33:588][ 77]LogModuleManager: Shutting down and abandoning module CableComponent (29)
[2014.11.15-04.50.33:588][ 77]LogModuleManager: Shutting down and abandoning module OculusRift (25)
[2014.11.15-04.50.33:588][ 77]LogModuleManager: Shutting down and abandoning module UdpMessaging (24)
[2014.11.15-04.50.33:689][ 77]LogModuleManager: Shutting down and abandoning module MessagingDebugger (23)
[2014.11.15-04.50.33:690][ 77]LogModuleManager: Shutting down and abandoning module SmartSnapping (21)
[2014.11.15-04.50.33:690][ 77]LogModuleManager: Shutting down and abandoning module PaperJsonImporter (20)
[2014.11.15-04.50.33:690][ 77]LogModuleManager: Shutting down and abandoning module Paper2DEditor (19)
[2014.11.15-04.50.33:691][ 77]LogModuleManager: Shutting down and abandoning module Paper2D (18)
[2014.11.15-04.50.33:691][ 77]LogModuleManager: Shutting down and abandoning module SpeedTreeImporter (14)
[2014.11.15-04.50.33:691][ 77]LogModuleManager: Shutting down and abandoning module PluginsEditor (13)
[2014.11.15-04.50.33:691][ 77]LogModuleManager: Shutting down and abandoning module EpicSurvey (12)
[2014.11.15-04.50.33:691][ 77]LogModuleManager: Shutting down and abandoning module VisualStudioSourceCodeAccess (10)
[2014.11.15-04.50.33:691][ 77]LogModuleManager: Shutting down and abandoning module UObjectPlugin (9)
[2014.11.15-04.50.33:691][ 77]LogModuleManager: Shutting down and abandoning module SubversionSourceControl (8)
[2014.11.15-04.50.33:692][ 77]LogModuleManager: Shutting down and abandoning module PerforceSourceControl (7)
[2014.11.15-04.50.33:692][ 77]LogModuleManager: Shutting down and abandoning module BlankPlugin (6)
[2014.11.15-04.50.33:692][ 77]LogModuleManager: Shutting down and abandoning module CoreUObject (5)
[2014.11.15-04.50.33:692][ 77]LogModuleManager: Shutting down and abandoning module NetworkFile (4)
[2014.11.15-04.50.33:692][ 77]LogModuleManager: Shutting down and abandoning module StreamingFile (3)
[2014.11.15-04.50.33:693][ 77]LogModuleManager: Shutting down and abandoning module SandboxFile (2)
[2014.11.15-04.50.33:693][ 77]LogModuleManager: Shutting down and abandoning module PakFile (1)
[2014.11.15-04.50.33:701][ 77]LogExit: Exiting.
[2014.11.15-04.50.33:703][ 77]Log file closed, 11/14/14 23:50:33
