Log file open, 12/09/14 22:13:15
LogInit:Display: Running engine for game: CowTipping
LogInit: Version: 4.3.1-2226335+++depot+UE4-Releases+4.3
LogInit: API Version: 2215663
LogInit: Compiled (64-bit): Jul 21 2014 22:28:08
LogInit: Build Configuration: Development
LogInit: Branch Name: ++depot+UE4-Releases+4.3
LogInit: Command line:  
LogInit: Base directory: C:/Program Files/Unreal Engine/4.3/Engine/Binaries/Win64/
LogInit: Rocket: 1
[2014.12.10-03.13.15:312][  0]LogTaskGraph: Started task graph with 3 named threads and 4 total threads.
[2014.12.10-03.13.15:339][  0]LogOnline:Warning: No default platform service specified for OnlineSubsystem
[2014.12.10-03.13.15:344][  0]LogInit: Presizing for 0 objects not considered by GC, pre-allocating 0 bytes.
[2014.12.10-03.13.15:348][  0]LogInit: Object subsystem initialized
[2014.12.10-03.13.15:349][  0]LogInit: Selected Device Profile: [Windows]
[2014.12.10-03.13.15:349][  0]LogInit: Applying CVar settings loaded from the selected device profile: [Windows]
[2014.12.10-03.13.15:353][  0]LogInit: Computer: HINAGIKU
[2014.12.10-03.13.15:353][  0]LogInit: User: JustinYong
[2014.12.10-03.13.15:357][  0]LogInit: CPU Page size=4096, Cores=4
[2014.12.10-03.13.15:357][  0]LogInit: High frequency timer resolution =3.435864 MHz
[2014.12.10-03.13.15:357][  0]LogMemory: Memory total: Physical=15.9GB (16GB approx) Virtual=131072.0GB
[2014.12.10-03.13.15:358][  0]LogMemory: Platform Memory Stats for Windows
[2014.12.10-03.13.15:358][  0]LogMemory: Process Physical Memory: 63.04 MB used, 63.04 MB peak
[2014.12.10-03.13.15:358][  0]LogMemory: Process Virtual Memory: 39.92 MB used, 39.92 MB peak
[2014.12.10-03.13.15:358][  0]LogMemory: Physical Memory: 9551.18 MB used, 16321.69 MB total
[2014.12.10-03.13.15:358][  0]LogMemory: Virtual Memory: 268.10 MB used, 134217728.00 MB total
[2014.12.10-03.13.15:379][  0]LogD3D11RHI: Found D3D11 adapter 0: NVIDIA GeForce GTX 770 (Feature Level 11_0)
[2014.12.10-03.13.15:379][  0]LogD3D11RHI: Adapter has 1985MB of dedicated video memory, 0MB of dedicated system memory, and 2048MB of shared system memory, 3 output[s]
[2014.12.10-03.13.15:380][  0]LogD3D11RHI: Found D3D11 adapter 1: Microsoft Basic Render Driver (Feature Level 11_0)
[2014.12.10-03.13.15:380][  0]LogD3D11RHI: Adapter has 0MB of dedicated video memory, 0MB of dedicated system memory, and 256MB of shared system memory, 0 output[s]
[2014.12.10-03.13.15:380][  0]LogD3D11RHI: Chosen D3D11 Adapter Id = 0
[2014.12.10-03.13.15:387][  0]LogRHI: Texture pool is 1361 MB (70% of 1945 MB)
[2014.12.10-03.13.15:394][  0]LogD3D11RHI: Async texture creation enabled
[2014.12.10-03.13.15:483][  0]LogContentStreaming: Texture pool size is 0.000000MB
[2014.12.10-03.13.15:960][  0]LogTargetPlatformManager:Display: Building Assets For Windows
[2014.12.10-03.13.16:021][  0]LogTargetPlatformManager:Display: Building Assets For Windows
[2014.12.10-03.13.16:043][  0]LogDerivedDataCache:Display: Max Cache Size: 512 MB
[2014.12.10-03.13.16:074][  0]LogDerivedDataCache: Loaded boot cache 0.03s 39MB C:/Users/Justin Yong/AppData/Local/UnrealEngine/4.3/DerivedDataCache/Boot.ddc.
[2014.12.10-03.13.16:074][  0]LogDerivedDataCache:Display: Loaded Boot cache: C:/Users/Justin Yong/AppData/Local/UnrealEngine/4.3/DerivedDataCache/Boot.ddc
[2014.12.10-03.13.16:075][  0]LogDerivedDataCache: FDerivedDataBackendGraph:  Pak pak cache file B:/CGT 345/GitHub/Cow-Tipping/DerivedDataCache/DDC.ddp not found, will not use a pak cache.
[2014.12.10-03.13.16:075][  0]LogDerivedDataCache: Unable to find inner node Pak for hierarchical cache Hierarchy.
[2014.12.10-03.13.16:085][  0]LogDerivedDataCache:Display: Pak cache opened for reading ../../../Engine/DerivedDataCache/DDC.ddp.
[2014.12.10-03.13.16:098][  0]LogDerivedDataCache: Using Local data cache path C:/Users/Justin Yong/AppData/Local/UnrealEngine/4.3/DerivedDataCache: Writable
[2014.12.10-03.13.16:203][  0]LogMeshUtilities: No automatic mesh reduction module available
[2014.12.10-03.13.16:203][  0]LogMeshUtilities: No automatic mesh merging module available
[2014.12.10-03.13.16:422][  0]LogInit: WinSock: version 1.1 (2.2), MaxSocks=32767, MaxUdp=65467
[2014.12.10-03.13.16:853][  0]LogLinker:Warning: Asset '../../../Engine/Plugins/Experimental/Paper2D/Content/DefaultPaperTerrainMaterial.uasset' has been saved with empty engine version. The asset will be loaded but may be incompatible.
[2014.12.10-03.13.16:853][  0]LogLinker:Warning: Asset '../../../Engine/Plugins/Experimental/Paper2D/Content/DummySprite.uasset' has been saved with empty engine version. The asset will be loaded but may be incompatible.
[2014.12.10-03.13.16:855][  0]UdpMessaging: Initializing bridge on interface 0.0.0.0:0 to multicast group 230.0.0.1:6666.
[2014.12.10-03.13.16:923][  0]SourceControl: Info Source control is disabled
[2014.12.10-03.13.16:923][  0]SourceControl: Info Source control is disabled
[2014.12.10-03.13.16:926][  0]SourceControl: Info Source control is disabled
[2014.12.10-03.13.17:003][  0]BlueprintLog: New page: Editor Load
[2014.12.10-03.13.17:027][  0]LogObj: 20191 objects as part of root set at end of initial load.
[2014.12.10-03.13.17:027][  0]LogUObjectAllocator: 3997440 out of 0 bytes used by permanent object pool.
[2014.12.10-03.13.17:134][  0]LogEngine: Initializing Engine...
[2014.12.10-03.13.17:209][  0]LogInit: XAudio2 using 'Razer Surround (Razer Surround Audio Controller)' : 8 channels at 48 kHz using 16 bits per sample (channel mask 0x63f)
[2014.12.10-03.13.17:214][  0]LogInit: FAudioDevice initialized.
[2014.12.10-03.13.17:224][  0]LogAIModule: Creating AISystem for world NewWorld
[2014.12.10-03.13.17:242][  0]LogDerivedDataCache: Saved boot cache 0.02s 39MB C:/Users/Justin Yong/AppData/Local/UnrealEngine/4.3/DerivedDataCache/Boot.ddc.
[2014.12.10-03.13.17:249][  0]LogInit: Texture streaming: Enabled
[2014.12.10-03.13.17:270][  0]LogInit: Transaction tracking system initialized
[2014.12.10-03.13.17:327][  0]LogAssetRegistry: FAssetRegistry took 0.0103 seconds to start up
[2014.12.10-03.13.17:413][  0]LogTargetPlatformManager:Display: Building Assets For Windows
[2014.12.10-03.13.17:434][  0]LogTargetPlatformManager:Display: Building Assets For Windows
[2014.12.10-03.13.17:501][  0]LogConsoleResponse:Display: 
[2014.12.10-03.13.17:589][  0]SourceControl: Info Source control is disabled
[2014.12.10-03.13.17:590][  0]Cmd: MAP LOAD FILE="B:/CGT 345/GitHub/Cow-Tipping/Content/Maps/Level_01.umap" TEMPLATE=0 SHOWPROGRESS=1
[2014.12.10-03.13.17:590][  0]LightingResults: New page: Lighting Build
[2014.12.10-03.13.17:595][  0]MapCheck: New page: Map Check
[2014.12.10-03.13.17:595][  0]LightingResults: New page: Lighting Build
[2014.12.10-03.13.17:606][  0]LogParticles: Destroying 0 GPU particle simulations for FXSystem 0x000000494A4544A0
[2014.12.10-03.13.18:253][  0]LogBlueprint:Warning: Node '/Game/Blueprints/MovingPlatform.MovingPlatform:UserConstructionScript.K2Node_VariableGet_34133' missing NodeGuid.
[2014.12.10-03.13.18:387][  0]LogEditorServer: Finished looking for orphan Actors (0.000 secs)
[2014.12.10-03.13.18:387][  0]LogAIModule: Creating AISystem for world Level_01
[2014.12.10-03.13.18:388][  0]Cmd: MAP CHECKDEP
[2014.12.10-03.13.18:388][  0]MapCheck: New page: Level_01 - Dec 9, 2014, 5:13:18 PM
[2014.12.10-03.13.18:421][  0]MapCheck: Info ========== Map Check: 0 Error(s), 0 Warning(s), [32.972ms] ==========
[2014.12.10-03.13.18:421][  0]LogFileHelpers: Loading map 'Level_01' took 0.832
[2014.12.10-03.13.18:555][  0]LogCollectionManager: Loaded 0 collections in 0.000660 seconds
[2014.12.10-03.13.18:674][  0]LogCrashTracker: Crashtracker disabled due to settings.
[2014.12.10-03.13.18:732][  0]LogLoad: Full Startup: 4.02 seconds (BP compile: 0.33 seconds)
[2014.12.10-03.13.18:747][  0]LogContentBrowser:Verbose: The content browser source was changed by the sources view to '/Game/Textures/Menu'
[2014.12.10-03.13.18:817][  0]LogRenderer:Warning: Reallocating scene render targets to support 32x32.
[2014.12.10-03.13.18:826][  0]LogSlate: SRTH: 000000494A372B00, 952 x 935
[2014.12.10-03.13.18:865][  0]LogRenderer:Warning: Reallocating scene render targets to support 952x936.
[2014.12.10-03.13.18:940][  1]LogEpicStorage:Warning: EnumerateFiles request failed. Invalid response. code=403 error=<?xml version="1.0" encoding="UTF-8"?>
<Error><Code>AccessDenied</Code><Message>Access Denied</Message><RequestId>B5CA0E13308D2986</RequestId><HostId>2pJwd0mQKcB4CMi/tsdYJn4P5q44YuQa3XNBIYD0yvd1EyebEIAaWHE9WCsxXh0kd3Am7VjLuHQ=</HostId></Error>
[2014.12.10-03.13.18:951][  1]LogAssetRegistry: Asset discovery search completed in 1.6355 seconds
[2014.12.10-03.13.19:010][  2]LogEpicSurvey:Warning: EnumerateFiles request failed. Invalid response. code=403 error=<?xml version="1.0" encoding="UTF-8"?>
<Error><Code>AccessDenied</Code><Message>Access Denied</Message><RequestId>C43CE0C6A077C8AE</RequestId><HostId>5JKd6L9S4LtNLkt+xrbXBd7jaqll8RBT7UHSeaHS7ZbrU83RMkY3w4KHilz2xUyK</HostId></Error>
[2014.12.10-03.13.19:041][  5]LogEpicSurvey:Warning: EnumerateFiles request failed. Invalid response. code=403 error=<?xml version="1.0" encoding="UTF-8"?>
<Error><Code>AccessDenied</Code><Message>Access Denied</Message><RequestId>1E52306276689CEA</RequestId><HostId>XIkXK0RAoby7BdGjx5YkavA7agQcuLltSirTJiTF2zAQPhi4vFnp59poY5CInanc</HostId></Error>
[2014.12.10-03.13.19:062][  7]LogEpicStorage:Warning: EnumerateFiles request failed. Invalid response. code=403 error=<?xml version="1.0" encoding="UTF-8"?>
<Error><Code>AccessDenied</Code><Message>Access Denied</Message><RequestId>B33A8039B118284D</RequestId><HostId>c+AWLin2Cf0eFBuWbLnUFpJiV10DlCmJSmUU6rlaQHF+WjJwg0NPa86amF9amjoa</HostId></Error>
[2014.12.10-03.13.19:128][ 13]LogEpicStorage:Warning: ReadFile request failed. File request already pending for filename=http://cdn.unrealengine.com/newsfeed/blueprint_icon_b.png
[2014.12.10-03.13.19:128][ 13]LogEpicStorage:Warning: ReadFile request failed. File request already pending for filename=http://cdn.unrealengine.com/newsfeed/blueprint_icon_b.png
[2014.12.10-03.13.52:298][183]LogEditorViewport: Clicking on Actor (LMB): PaperSpriteActor (Level_1_Layout_Sprite)
[2014.12.10-03.14.06:002][780]LogContentBrowser:Verbose: The content browser source was changed by the sources view to '/Game/Blueprints'
[2014.12.10-03.14.08:888][ 14]BlueprintLog: New page: Pre-PIE auto-recompile
[2014.12.10-03.14.08:888][ 14]LogPlayLevel: [PIE] Compiling Level_01 before PIE...
[2014.12.10-03.14.08:957][ 14]LogActorComponent: UnregisterComponent: (/Engine/Transient.ProjectileMovementComponent_0) Not registered. Aborting.
[2014.12.10-03.14.08:957][ 14]LogActorComponent: UnregisterComponent: (/Engine/Transient.CharacterMovementComponent_0) Not registered. Aborting.
[2014.12.10-03.14.08:957][ 14]LogActorComponent: UnregisterComponent: (/Engine/Transient.CharacterMovementComponent_1) Not registered. Aborting.
[2014.12.10-03.14.09:027][ 14]LogPlayLevel: PIE:  Blueprint regeneration took 138 ms (1 blueprints)
[2014.12.10-03.14.09:027][ 14]PIE: New page: PIE session: Level_01 (Dec 9, 2014, 5:14:09 PM)
[2014.12.10-03.14.09:043][ 14]LogPlayLevel: PIE: StaticDuplicateObject took: (0.015849s)
[2014.12.10-03.14.09:043][ 14]LogPlayLevel: PIE: World Init took: (0.000375s)
[2014.12.10-03.14.09:044][ 14]LogPlayLevel: PIE: Created PIE world by copying editor world from /Game/Maps/Level_01.Level_01 to /Game/Maps/UEDPIE_0_Level_01.Level_01 (0.016440s)
[2014.12.10-03.14.09:069][ 14]LogWorld: Game class is 'CTGameMode_C'
[2014.12.10-03.14.09:099][ 14]LogSlate: SRTH: 000000494EDC7940, 1290 x 754
[2014.12.10-03.14.09:175][ 14]LogAIModule: Creating AISystem for world Level_01
[2014.12.10-03.14.09:213][ 14]LogWorld: Bringing World /Game/Maps/UEDPIE_0_Level_01.Level_01 up for play (max tick rate 0) at 2014.12.09-22.14.09
[2014.12.10-03.14.09:218][ 14]LogWorld: Bringing up level for play took: 0.043050
[2014.12.10-03.14.09:218][ 14]LogPlayerController: Spawned spectator SpectatorPawn_0 [server:1]
[2014.12.10-03.14.09:218][ 14]LogGameMode: RestartPlayer 256
[2014.12.10-03.14.09:219][ 14]LogPlayerController: ClientRestart_Implementation Bull_Character_C_0
[2014.12.10-03.14.09:219][ 14]LogPlayerController: ServerAcknowledgePossession_Implementation Bull_Character_C_0
[2014.12.10-03.14.09:225][ 14]PIE: Info Play in editor start time for /Game/Maps/UEDPIE_0_Level_01 -0.247
[2014.12.10-03.14.09:311][ 14]LogRenderer:Warning: Reallocating scene render targets to support 1296x936.
[2014.12.10-03.14.09:317][ 14]LogSlate: SRTH: 000000495C4B3C40, 952 x 939, prev 0000000000000000
[2014.12.10-03.14.09:340][ 14]LogRenderer:Warning: Reallocating scene render targets to support 1296x944.
[2014.12.10-03.14.09:357][ 14]LogSlate: SRTH: 000000495C4B3400, 1280 x 720, prev 0000000000000000
[2014.12.10-03.14.09:384][ 15]LogCharacterMovement:Warning: GetSimulationTimeStep() - Max iterations 8 hit while remaining time 0.078225 > MaxSimulationTimeStep (0.050) for 'EnemyAI_C_3'
[2014.12.10-03.14.09:385][ 15]LogCharacterMovement:Warning: GetSimulationTimeStep() - Max iterations 8 hit while remaining time 0.058162 > MaxSimulationTimeStep (0.050) for 'EnemyAI_C_4'
[2014.12.10-03.14.09:385][ 15]LogCharacterMovement:Warning: GetSimulationTimeStep() - Max iterations 8 hit while remaining time 0.059215 > MaxSimulationTimeStep (0.050) for 'EnemyAI_C_5'
[2014.12.10-03.14.11:175][171]LogParticles: Destroying 0 GPU particle simulations for FXSystem 0x000000494F2913A0
[2014.12.10-03.14.11:197][171]LogSlate: SRTH: 0000004951C78F40, 952 x 935, prev 0000000000000000
[2014.12.10-03.14.15:432][522]BlueprintLog: New page: Pre-PIE auto-recompile
[2014.12.10-03.14.15:432][522]LogPlayLevel: [PIE] Compiling Level_01 before PIE...
[2014.12.10-03.14.15:489][522]LogPlayLevel: PIE:  Blueprint regeneration took 56 ms (1 blueprints)
[2014.12.10-03.14.15:489][522]PIE: New page: PIE session: Level_01 (Dec 9, 2014, 5:14:15 PM)
[2014.12.10-03.14.15:503][522]LogPlayLevel: PIE: StaticDuplicateObject took: (0.013915s)
[2014.12.10-03.14.15:503][522]LogPlayLevel: PIE: World Init took: (0.000456s)
[2014.12.10-03.14.15:503][522]LogPlayLevel: PIE: Created PIE world by copying editor world from /Game/Maps/Level_01.Level_01 to /Game/Maps/UEDPIE_0_Level_01.Level_01 (0.014577s)
[2014.12.10-03.14.15:504][522]LogWorld: Game class is 'CTGameMode_C'
[2014.12.10-03.14.15:531][522]LogSlate: SRTH: 00000049480DEEC0, 1290 x 754
[2014.12.10-03.14.15:583][522]LogAIModule: Creating AISystem for world Level_01
[2014.12.10-03.14.15:623][522]LogWorld: Bringing World /Game/Maps/UEDPIE_0_Level_01.Level_01 up for play (max tick rate 0) at 2014.12.09-22.14.15
[2014.12.10-03.14.15:628][522]LogWorld: Bringing up level for play took: 0.045285
[2014.12.10-03.14.15:629][522]LogPlayerController: Spawned spectator SpectatorPawn_1 [server:1]
[2014.12.10-03.14.15:629][522]LogGameMode: RestartPlayer 257
[2014.12.10-03.14.15:629][522]LogPlayerController: ClientRestart_Implementation Bull_Character_C_1
[2014.12.10-03.14.15:629][522]LogPlayerController: ServerAcknowledgePossession_Implementation Bull_Character_C_1
[2014.12.10-03.14.15:635][522]PIE: Info Play in editor start time for /Game/Maps/UEDPIE_0_Level_01 0.163
[2014.12.10-03.14.15:728][522]LogSlate: SRTH: 0000004944BD0400, 952 x 939, prev 0000000000000000
[2014.12.10-03.14.15:769][522]LogSlate: SRTH: 00000049423825C0, 1280 x 720, prev 0000000000000000
[2014.12.10-03.14.15:796][523]LogCharacterMovement:Warning: GetSimulationTimeStep() - Max iterations 8 hit while remaining time 0.058738 > MaxSimulationTimeStep (0.050) for 'EnemyAI_C_3'
[2014.12.10-03.14.17:522][679]LogParticles: Destroying 0 GPU particle simulations for FXSystem 0x000000494416B600
[2014.12.10-03.14.17:538][679]LogSlate: SRTH: 00000049436171C0, 952 x 935, prev 0000000000000000
[2014.12.10-03.14.25:427][449]BlueprintLog: New page: Pre-PIE auto-recompile
[2014.12.10-03.14.25:435][449]LogPlayLevel: [PIE] Compiling CTHUD before PIE...
[2014.12.10-03.14.25:617][449]LogPlayLevel: [PIE] Compiling Level_01 before PIE...
[2014.12.10-03.14.25:660][449]LogPlayLevel: [PIE] Compiling Pause before PIE...
[2014.12.10-03.14.25:736][449]LogPlayLevel: PIE:  Blueprint regeneration took 309 ms (3 blueprints)
[2014.12.10-03.14.25:736][449]PIE: New page: PIE session: Level_01 (Dec 9, 2014, 5:14:25 PM)
[2014.12.10-03.14.25:751][449]LogPlayLevel: PIE: StaticDuplicateObject took: (0.014542s)
[2014.12.10-03.14.25:751][449]LogPlayLevel: PIE: World Init took: (0.000365s)
[2014.12.10-03.14.25:752][449]LogPlayLevel: PIE: Created PIE world by copying editor world from /Game/Maps/Level_01.Level_01 to /Game/Maps/UEDPIE_0_Level_01.Level_01 (0.015090s)
[2014.12.10-03.14.25:752][449]LogWorld: Game class is 'CTGameMode_C'
[2014.12.10-03.14.25:776][449]LogSlate: SRTH: 000000495C202EC0, 1290 x 754
[2014.12.10-03.14.25:827][449]LogAIModule: Creating AISystem for world Level_01
[2014.12.10-03.14.25:866][449]LogWorld: Bringing World /Game/Maps/UEDPIE_0_Level_01.Level_01 up for play (max tick rate 0) at 2014.12.09-22.14.25
[2014.12.10-03.14.25:871][449]LogWorld: Bringing up level for play took: 0.043402
[2014.12.10-03.14.25:871][449]LogPlayerController: Spawned spectator SpectatorPawn_2 [server:1]
[2014.12.10-03.14.25:871][449]LogGameMode: RestartPlayer 258
[2014.12.10-03.14.25:871][449]LogPlayerController: ClientRestart_Implementation Bull_Character_C_2
[2014.12.10-03.14.25:871][449]LogPlayerController: ServerAcknowledgePossession_Implementation Bull_Character_C_2
[2014.12.10-03.14.25:876][449]PIE: Info Play in editor start time for /Game/Maps/UEDPIE_0_Level_01 0.404
[2014.12.10-03.14.26:217][449]LogSlate: SRTH: 000000494A2B9540, 952 x 939, prev 0000000000000000
[2014.12.10-03.14.26:257][449]LogSlate: SRTH: 000000494A2BB340, 1280 x 720, prev 0000000000000000
[2014.12.10-03.14.26:284][450]LogCharacterMovement:Warning: GetSimulationTimeStep() - Max iterations 8 hit while remaining time 0.074789 > MaxSimulationTimeStep (0.050) for 'EnemyAI_C_3'
[2014.12.10-03.14.26:284][450]LogCharacterMovement:Warning: GetSimulationTimeStep() - Max iterations 8 hit while remaining time 0.054469 > MaxSimulationTimeStep (0.050) for 'EnemyAI_C_4'
[2014.12.10-03.14.26:285][450]LogCharacterMovement:Warning: GetSimulationTimeStep() - Max iterations 8 hit while remaining time 0.055533 > MaxSimulationTimeStep (0.050) for 'EnemyAI_C_5'
[2014.12.10-03.14.28:607][669]LogParticles: Destroying 0 GPU particle simulations for FXSystem 0x0000004944169F80
[2014.12.10-03.14.28:621][669]LogSlate: SRTH: 000000494F0C0940, 952 x 935, prev 0000000000000000
[2014.12.10-03.14.40:384][850]BlueprintLog: New page: Pre-PIE auto-recompile
[2014.12.10-03.14.40:393][850]LogPlayLevel: [PIE] Compiling CTHUD before PIE...
[2014.12.10-03.14.40:581][850]LogPlayLevel: [PIE] Compiling Level_01 before PIE...
[2014.12.10-03.14.40:624][850]LogPlayLevel: [PIE] Compiling Pause before PIE...
[2014.12.10-03.14.40:700][850]LogPlayLevel: PIE:  Blueprint regeneration took 315 ms (3 blueprints)
[2014.12.10-03.14.40:701][850]PIE: New page: PIE session: Level_01 (Dec 9, 2014, 5:14:40 PM)
[2014.12.10-03.14.40:715][850]LogPlayLevel: PIE: StaticDuplicateObject took: (0.014115s)
[2014.12.10-03.14.40:715][850]LogPlayLevel: PIE: World Init took: (0.000389s)
[2014.12.10-03.14.40:715][850]LogPlayLevel: PIE: Created PIE world by copying editor world from /Game/Maps/Level_01.Level_01 to /Game/Maps/UEDPIE_0_Level_01.Level_01 (0.014677s)
[2014.12.10-03.14.40:715][850]LogWorld: Game class is 'CTGameMode_C'
[2014.12.10-03.14.40:741][850]LogSlate: SRTH: 000000494EEFD0C0, 1290 x 754
[2014.12.10-03.14.40:791][850]LogAIModule: Creating AISystem for world Level_01
[2014.12.10-03.14.40:830][850]LogWorld: Bringing World /Game/Maps/UEDPIE_0_Level_01.Level_01 up for play (max tick rate 0) at 2014.12.09-22.14.40
[2014.12.10-03.14.40:834][850]LogWorld: Bringing up level for play took: 0.043198
[2014.12.10-03.14.40:834][850]LogPlayerController: Spawned spectator SpectatorPawn_3 [server:1]
[2014.12.10-03.14.40:834][850]LogGameMode: RestartPlayer 259
[2014.12.10-03.14.40:835][850]LogPlayerController: ClientRestart_Implementation Bull_Character_C_3
[2014.12.10-03.14.40:835][850]LogPlayerController: ServerAcknowledgePossession_Implementation Bull_Character_C_3
[2014.12.10-03.14.40:838][850]PIE: Info Play in editor start time for /Game/Maps/UEDPIE_0_Level_01 1.366
[2014.12.10-03.14.41:194][850]LogSlate: SRTH: 000000493C8D9CC0, 952 x 939, prev 0000000000000000
[2014.12.10-03.14.41:235][850]LogSlate: SRTH: 0000004942283F40, 1280 x 720, prev 0000000000000000
[2014.12.10-03.14.41:262][851]LogCharacterMovement:Warning: GetSimulationTimeStep() - Max iterations 8 hit while remaining time 0.075008 > MaxSimulationTimeStep (0.050) for 'EnemyAI_C_3'
[2014.12.10-03.14.41:262][851]LogCharacterMovement:Warning: GetSimulationTimeStep() - Max iterations 8 hit while remaining time 0.054703 > MaxSimulationTimeStep (0.050) for 'EnemyAI_C_4'
[2014.12.10-03.14.41:262][851]LogCharacterMovement:Warning: GetSimulationTimeStep() - Max iterations 8 hit while remaining time 0.055767 > MaxSimulationTimeStep (0.050) for 'EnemyAI_C_5'
[2014.12.10-03.14.42:739][973]LogParticles: Destroying 0 GPU particle simulations for FXSystem 0x0000004941EFC860
[2014.12.10-03.14.42:760][973]LogSlate: SRTH: 0000004944FDD600, 952 x 935, prev 0000000000000000
[2014.12.10-03.14.46:097][299]BlueprintLog: New page: Pre-PIE auto-recompile
[2014.12.10-03.14.46:106][299]LogPlayLevel: [PIE] Compiling CTHUD before PIE...
[2014.12.10-03.14.46:279][299]LogPlayLevel: [PIE] Compiling Level_01 before PIE...
[2014.12.10-03.14.46:321][299]LogPlayLevel: [PIE] Compiling Pause before PIE...
[2014.12.10-03.14.46:396][299]LogPlayLevel: PIE:  Blueprint regeneration took 299 ms (3 blueprints)
[2014.12.10-03.14.46:396][299]PIE: New page: PIE session: Level_01 (Dec 9, 2014, 5:14:46 PM)
[2014.12.10-03.14.46:411][299]LogPlayLevel: PIE: StaticDuplicateObject took: (0.014341s)
[2014.12.10-03.14.46:411][299]LogPlayLevel: PIE: World Init took: (0.000412s)
[2014.12.10-03.14.46:411][299]LogPlayLevel: PIE: Created PIE world by copying editor world from /Game/Maps/Level_01.Level_01 to /Game/Maps/UEDPIE_0_Level_01.Level_01 (0.014939s)
[2014.12.10-03.14.46:411][299]LogWorld: Game class is 'CTGameMode_C'
[2014.12.10-03.14.46:435][299]LogSlate: SRTH: 00000049481A6B00, 1290 x 754
[2014.12.10-03.14.46:486][299]LogAIModule: Creating AISystem for world Level_01
[2014.12.10-03.14.46:527][299]LogWorld: Bringing World /Game/Maps/UEDPIE_0_Level_01.Level_01 up for play (max tick rate 0) at 2014.12.09-22.14.46
[2014.12.10-03.14.46:534][299]LogWorld: Bringing up level for play took: 0.047973
[2014.12.10-03.14.46:535][299]LogPlayerController: Spawned spectator SpectatorPawn_4 [server:1]
[2014.12.10-03.14.46:535][299]LogGameMode: RestartPlayer 260
[2014.12.10-03.14.46:535][299]LogPlayerController: ClientRestart_Implementation Bull_Character_C_4
[2014.12.10-03.14.46:535][299]LogPlayerController: ServerAcknowledgePossession_Implementation Bull_Character_C_4
[2014.12.10-03.14.46:541][299]PIE: Info Play in editor start time for /Game/Maps/UEDPIE_0_Level_01 1.069
[2014.12.10-03.14.46:883][299]LogSlate: SRTH: 000000494412A080, 952 x 939, prev 0000000000000000
[2014.12.10-03.14.46:923][299]LogSlate: SRTH: 0000004944E73D00, 1280 x 720, prev 0000000000000000
[2014.12.10-03.14.46:950][300]LogCharacterMovement:Warning: GetSimulationTimeStep() - Max iterations 8 hit while remaining time 0.076557 > MaxSimulationTimeStep (0.050) for 'EnemyAI_C_3'
[2014.12.10-03.14.46:950][300]LogCharacterMovement:Warning: GetSimulationTimeStep() - Max iterations 8 hit while remaining time 0.056370 > MaxSimulationTimeStep (0.050) for 'EnemyAI_C_4'
[2014.12.10-03.14.46:950][300]LogCharacterMovement:Warning: GetSimulationTimeStep() - Max iterations 8 hit while remaining time 0.057424 > MaxSimulationTimeStep (0.050) for 'EnemyAI_C_5'
[2014.12.10-03.14.48:539][431]LogParticles: Destroying 0 GPU particle simulations for FXSystem 0x0000004941EFCF40
[2014.12.10-03.14.48:559][431]LogSlate: SRTH: 000000494DA1EE00, 952 x 935, prev 0000000000000000
[2014.12.10-03.14.55:464][ 97]BlueprintLog: New page: Pre-PIE auto-recompile
[2014.12.10-03.14.55:473][ 97]LogPlayLevel: [PIE] Compiling CTHUD before PIE...
[2014.12.10-03.14.55:651][ 97]LogPlayLevel: [PIE] Compiling Level_01 before PIE...
[2014.12.10-03.14.55:695][ 97]LogPlayLevel: [PIE] Compiling Pause before PIE...
[2014.12.10-03.14.55:773][ 97]LogPlayLevel: PIE:  Blueprint regeneration took 309 ms (3 blueprints)
[2014.12.10-03.14.55:773][ 97]PIE: New page: PIE session: Level_01 (Dec 9, 2014, 5:14:55 PM)
[2014.12.10-03.14.55:788][ 97]LogPlayLevel: PIE: StaticDuplicateObject took: (0.014526s)
[2014.12.10-03.14.55:788][ 97]LogPlayLevel: PIE: World Init took: (0.000476s)
[2014.12.10-03.14.55:788][ 97]LogPlayLevel: PIE: Created PIE world by copying editor world from /Game/Maps/Level_01.Level_01 to /Game/Maps/UEDPIE_0_Level_01.Level_01 (0.015208s)
[2014.12.10-03.14.55:788][ 97]LogWorld: Game class is 'CTGameMode_C'
[2014.12.10-03.14.55:818][ 97]LogSlate: SRTH: 000000495C134C40, 1290 x 754
[2014.12.10-03.14.55:868][ 97]LogAIModule: Creating AISystem for world Level_01
[2014.12.10-03.14.55:912][ 97]LogWorld: Bringing World /Game/Maps/UEDPIE_0_Level_01.Level_01 up for play (max tick rate 0) at 2014.12.09-22.14.55
[2014.12.10-03.14.55:917][ 97]LogWorld: Bringing up level for play took: 0.049223
[2014.12.10-03.14.55:917][ 97]LogPlayerController: Spawned spectator SpectatorPawn_5 [server:1]
[2014.12.10-03.14.55:917][ 97]LogGameMode: RestartPlayer 261
[2014.12.10-03.14.55:918][ 97]LogPlayerController: ClientRestart_Implementation Bull_Character_C_5
[2014.12.10-03.14.55:918][ 97]LogPlayerController: ServerAcknowledgePossession_Implementation Bull_Character_C_5
[2014.12.10-03.14.55:922][ 97]PIE: Info Play in editor start time for /Game/Maps/UEDPIE_0_Level_01 0.45
[2014.12.10-03.14.56:259][ 97]LogSlate: SRTH: 0000004944E84940, 952 x 939, prev 0000000000000000
[2014.12.10-03.14.56:299][ 97]LogSlate: SRTH: 0000004944E86080, 1280 x 720, prev 0000000000000000
[2014.12.10-03.14.56:329][ 98]LogCharacterMovement:Warning: GetSimulationTimeStep() - Max iterations 8 hit while remaining time 0.076110 > MaxSimulationTimeStep (0.050) for 'EnemyAI_C_3'
[2014.12.10-03.14.56:330][ 98]LogCharacterMovement:Warning: GetSimulationTimeStep() - Max iterations 8 hit while remaining time 0.055892 > MaxSimulationTimeStep (0.050) for 'EnemyAI_C_4'
[2014.12.10-03.14.56:330][ 98]LogCharacterMovement:Warning: GetSimulationTimeStep() - Max iterations 8 hit while remaining time 0.056955 > MaxSimulationTimeStep (0.050) for 'EnemyAI_C_5'
[2014.12.10-03.15.00:661][511]LogParticles: Destroying 0 GPU particle simulations for FXSystem 0x00000049501D16C0
[2014.12.10-03.15.00:680][511]LogSlate: SRTH: 000000494217DA80, 952 x 935, prev 0000000000000000
[2014.12.10-03.15.04:636][892]BlueprintLog: New page: Pre-PIE auto-recompile
[2014.12.10-03.15.04:645][892]LogPlayLevel: [PIE] Compiling CTHUD before PIE...
[2014.12.10-03.15.04:819][892]LogPlayLevel: [PIE] Compiling Level_01 before PIE...
[2014.12.10-03.15.04:860][892]LogPlayLevel: [PIE] Compiling Pause before PIE...
[2014.12.10-03.15.04:937][892]LogPlayLevel: PIE:  Blueprint regeneration took 301 ms (3 blueprints)
[2014.12.10-03.15.04:937][892]PIE: New page: PIE session: Level_01 (Dec 9, 2014, 5:15:04 PM)
[2014.12.10-03.15.04:951][892]LogPlayLevel: PIE: StaticDuplicateObject took: (0.013786s)
[2014.12.10-03.15.04:952][892]LogPlayLevel: PIE: World Init took: (0.000397s)
[2014.12.10-03.15.04:952][892]LogPlayLevel: PIE: Created PIE world by copying editor world from /Game/Maps/Level_01.Level_01 to /Game/Maps/UEDPIE_0_Level_01.Level_01 (0.014374s)
[2014.12.10-03.15.04:952][892]LogWorld: Game class is 'CTGameMode_C'
[2014.12.10-03.15.04:980][892]LogSlate: SRTH: 000000494A3A6980, 1290 x 754
[2014.12.10-03.15.05:030][892]LogAIModule: Creating AISystem for world Level_01
[2014.12.10-03.15.05:068][892]LogWorld: Bringing World /Game/Maps/UEDPIE_0_Level_01.Level_01 up for play (max tick rate 0) at 2014.12.09-22.15.05
[2014.12.10-03.15.05:074][892]LogWorld: Bringing up level for play took: 0.043948
[2014.12.10-03.15.05:074][892]LogPlayerController: Spawned spectator SpectatorPawn_6 [server:1]
[2014.12.10-03.15.05:074][892]LogGameMode: RestartPlayer 262
[2014.12.10-03.15.05:075][892]LogPlayerController: ClientRestart_Implementation Bull_Character_C_6
[2014.12.10-03.15.05:075][892]LogPlayerController: ServerAcknowledgePossession_Implementation Bull_Character_C_6
[2014.12.10-03.15.05:079][892]PIE: Info Play in editor start time for /Game/Maps/UEDPIE_0_Level_01 -0.393
[2014.12.10-03.15.05:427][892]LogSlate: SRTH: 000000494D2022C0, 952 x 939, prev 0000000000000000
[2014.12.10-03.15.05:467][892]LogSlate: SRTH: 000000494D2031C0, 1280 x 720, prev 0000000000000000
[2014.12.10-03.15.05:494][893]LogCharacterMovement:Warning: GetSimulationTimeStep() - Max iterations 8 hit while remaining time 0.076874 > MaxSimulationTimeStep (0.050) for 'EnemyAI_C_3'
[2014.12.10-03.15.05:495][893]LogCharacterMovement:Warning: GetSimulationTimeStep() - Max iterations 8 hit while remaining time 0.056710 > MaxSimulationTimeStep (0.050) for 'EnemyAI_C_4'
[2014.12.10-03.15.05:495][893]LogCharacterMovement:Warning: GetSimulationTimeStep() - Max iterations 8 hit while remaining time 0.057766 > MaxSimulationTimeStep (0.050) for 'EnemyAI_C_5'
[2014.12.10-03.15.10:536][380]LogParticles: Destroying 0 GPU particle simulations for FXSystem 0x000000494EE5F240
[2014.12.10-03.15.10:551][380]LogSlate: SRTH: 00000049435FCB80, 952 x 935, prev 0000000000000000
[2014.12.10-03.17.39:028][440]LogSlate:Warning: GetFontFace failed to load or process 'Roboto-Regular'
[2014.12.10-03.17.39:028][440]LogSlate:Warning: GetFontFace failed to load or process 'Roboto-Regular'
[2014.12.10-03.17.39:031][440]LogSlate:Warning: GetFontFace failed to load or process 'Roboto-Regular'
[2014.12.10-03.17.39:031][440]LogSlate:Warning: GetFontFace failed to load or process 'Roboto-Regular'
[2014.12.10-03.17.39:031][440]LogSlate:Warning: GetFontFace failed to load or process 'Roboto-Regular'
[2014.12.10-03.17.39:031][440]LogSlate:Warning: GetFontFace failed to load or process 'Roboto-Regular'
[2014.12.10-03.17.39:031][440]LogSlate:Warning: GetFontFace failed to load or process 'Roboto-Regular'
[2014.12.10-03.17.39:031][440]LogSlate:Warning: GetFontFace failed to load or process 'Roboto-Regular'
[2014.12.10-03.17.39:031][440]LogSlate:Warning: GetFontFace failed to load or process 'Roboto-Regular'
[2014.12.10-03.17.39:031][440]LogSlate:Warning: GetFontFace failed to load or process 'Roboto-Regular'
[2014.12.10-03.17.39:031][440]LogSlate:Warning: GetFontFace failed to load or process 'Roboto-Regular'
[2014.12.10-03.17.39:031][440]LogSlate:Warning: GetFontFace failed to load or process 'Roboto-Regular'
[2014.12.10-03.17.39:031][440]LogSlate:Warning: GetFontFace failed to load or process 'Roboto-Regular'
[2014.12.10-03.17.39:031][440]LogSlate:Warning: GetFontFace failed to load or process 'Roboto-Regular'
[2014.12.10-03.17.39:031][440]LogSlate:Warning: GetFontFace failed to load or process 'Roboto-Regular'
[2014.12.10-03.17.39:031][440]LogSlate:Warning: GetFontFace failed to load or process 'Roboto-Regular'
[2014.12.10-03.17.39:031][440]LogSlate:Warning: GetFontFace failed to load or process 'Roboto-Regular'
[2014.12.10-03.17.39:031][440]LogSlate:Warning: GetFontFace failed to load or process 'Roboto-Regular'
[2014.12.10-03.17.44:657][892]BlueprintLog: New page: Pre-PIE auto-recompile
[2014.12.10-03.17.44:668][892]LogPlayLevel: [PIE] Compiling CTHUD before PIE...
[2014.12.10-03.17.44:846][892]LogPlayLevel: [PIE] Compiling Level_01 before PIE...
[2014.12.10-03.17.44:889][892]LogPlayLevel: [PIE] Compiling Pause before PIE...
[2014.12.10-03.17.44:971][892]LogPlayLevel: PIE:  Blueprint regeneration took 314 ms (3 blueprints)
[2014.12.10-03.17.44:972][892]PIE: New page: PIE session: Level_01 (Dec 9, 2014, 5:17:44 PM)
[2014.12.10-03.17.44:986][892]LogPlayLevel: PIE: StaticDuplicateObject took: (0.014492s)
[2014.12.10-03.17.44:987][892]LogPlayLevel: PIE: World Init took: (0.000479s)
[2014.12.10-03.17.44:987][892]LogPlayLevel: PIE: Created PIE world by copying editor world from /Game/Maps/Level_01.Level_01 to /Game/Maps/UEDPIE_0_Level_01.Level_01 (0.015160s)
[2014.12.10-03.17.44:987][892]LogWorld: Game class is 'CTGameMode_C'
[2014.12.10-03.17.45:016][892]LogSlate: SRTH: 000000494F3F7280, 1290 x 754
[2014.12.10-03.17.45:066][892]LogAIModule: Creating AISystem for world Level_01
[2014.12.10-03.17.45:105][892]LogWorld: Bringing World /Game/Maps/UEDPIE_0_Level_01.Level_01 up for play (max tick rate 0) at 2014.12.09-22.17.45
[2014.12.10-03.17.45:109][892]LogWorld: Bringing up level for play took: 0.043246
[2014.12.10-03.17.45:110][892]LogPlayerController: Spawned spectator SpectatorPawn_7 [server:1]
[2014.12.10-03.17.45:110][892]LogGameMode: RestartPlayer 263
[2014.12.10-03.17.45:110][892]LogPlayerController: ClientRestart_Implementation Bull_Character_C_7
[2014.12.10-03.17.45:110][892]LogPlayerController: ServerAcknowledgePossession_Implementation Bull_Character_C_7
[2014.12.10-03.17.45:114][892]PIE: Info Play in editor start time for /Game/Maps/UEDPIE_0_Level_01 -0.358
[2014.12.10-03.17.45:456][892]LogSlate: SRTH: 000000495442E800, 952 x 939, prev 0000000000000000
[2014.12.10-03.17.45:495][892]LogSlate: SRTH: 000000495442FAC0, 1280 x 720, prev 0000000000000000
[2014.12.10-03.17.45:523][893]LogCharacterMovement:Warning: GetSimulationTimeStep() - Max iterations 8 hit while remaining time 0.075399 > MaxSimulationTimeStep (0.050) for 'EnemyAI_C_3'
[2014.12.10-03.17.45:523][893]LogCharacterMovement:Warning: GetSimulationTimeStep() - Max iterations 8 hit while remaining time 0.055112 > MaxSimulationTimeStep (0.050) for 'EnemyAI_C_4'
[2014.12.10-03.17.45:523][893]LogCharacterMovement:Warning: GetSimulationTimeStep() - Max iterations 8 hit while remaining time 0.056172 > MaxSimulationTimeStep (0.050) for 'EnemyAI_C_5'
[2014.12.10-03.17.50:560][356]LogBlueprintUserMessages: Player Took Damage: 3
[2014.12.10-03.17.50:902][378]LogParticles: Destroying 0 GPU particle simulations for FXSystem 0x000000494831F060
[2014.12.10-03.17.50:920][378]LogSlate: SRTH: 00000049483ED540, 952 x 935, prev 0000000000000000
[2014.12.10-03.23.48:080][651]LogSavePackage: Save=102.121330ms
[2014.12.10-03.23.48:080][651]LogSavePackage: Moving 'B:/CGT 345/GitHub/Cow-Tipping/Saved/Level_01_Auto17497876944FE83560219799024EB62E8.tmp' to 'B:/CGT 345/GitHub/Cow-Tipping/Saved/Autosaves/Game/Maps/Level_01_Auto1.umap'
[2014.12.10-03.23.48:085][651]LogFileHelpers: Editor autosave (incl. sublevels) for '/Game/Maps/Level_01' took 0.213
[2014.12.10-03.23.48:085][651]LogFileHelpers: Editor autosave (incl. sublevels) for all levels took 0.213
[2014.12.10-03.23.48:107][651]OBJ SavePackage: Generating thumbnails for [0] asset(s) in package [/Game/Blueprints/Pause] ([1] browsable assets)...
[2014.12.10-03.23.48:115][651]OBJ SavePackage: Finished generating thumbnails for package [/Game/Blueprints/Pause]
[2014.12.10-03.23.48:118][651]Cmd: OBJ SAVEPACKAGE PACKAGE="/Game/Blueprints/Pause" FILE="B:/CGT 345/GitHub/Cow-Tipping/Saved/Autosaves/Game/Blueprints/Pause_Auto1.uasset" SILENT=false AUTOSAVING=true
[2014.12.10-03.23.48:224][651]LogSavePackage: Save=32.564445ms
[2014.12.10-03.23.48:224][651]LogSavePackage: Moving 'B:/CGT 345/GitHub/Cow-Tipping/Saved/Pause_Auto185F92EF44856FC64200F079A6C49E198.tmp' to 'B:/CGT 345/GitHub/Cow-Tipping/Saved/Autosaves/Game/Blueprints/Pause_Auto1.uasset'
[2014.12.10-03.23.48:267][651]OBJ SavePackage: Generating thumbnails for [0] asset(s) in package [/Game/Blueprints/CTHUD] ([1] browsable assets)...
[2014.12.10-03.23.48:282][651]OBJ SavePackage: Finished generating thumbnails for package [/Game/Blueprints/CTHUD]
[2014.12.10-03.23.48:284][651]Cmd: OBJ SAVEPACKAGE PACKAGE="/Game/Blueprints/CTHUD" FILE="B:/CGT 345/GitHub/Cow-Tipping/Saved/Autosaves/Game/Blueprints/CTHUD_Auto1.uasset" SILENT=false AUTOSAVING=true
[2014.12.10-03.23.48:462][651]LogSavePackage: Save=102.186813ms
[2014.12.10-03.23.48:462][651]LogSavePackage: Moving 'B:/CGT 345/GitHub/Cow-Tipping/Saved/CTHUD_Auto1202E8153482892EBA60FB899E0180515.tmp' to 'B:/CGT 345/GitHub/Cow-Tipping/Saved/Autosaves/Game/Blueprints/CTHUD_Auto1.uasset'
[2014.12.10-03.23.48:467][651]LogFileHelpers: Auto-saving content packages took 0.383
[2014.12.10-03.26.51:835][173]BlueprintLog: New page: Pre-PIE auto-recompile
[2014.12.10-03.26.51:835][173]LogPlayLevel: [PIE] Compiling Level_01 before PIE...
[2014.12.10-03.26.51:901][173]LogPlayLevel: PIE:  Blueprint regeneration took 66 ms (1 blueprints)
[2014.12.10-03.26.51:902][173]PIE: New page: PIE session: Level_01 (Dec 9, 2014, 5:26:51 PM)
[2014.12.10-03.26.51:917][173]LogPlayLevel: PIE: StaticDuplicateObject took: (0.015298s)
[2014.12.10-03.26.51:918][173]LogPlayLevel: PIE: World Init took: (0.000616s)
[2014.12.10-03.26.51:918][173]LogPlayLevel: PIE: Created PIE world by copying editor world from /Game/Maps/Level_01.Level_01 to /Game/Maps/UEDPIE_0_Level_01.Level_01 (0.016261s)
[2014.12.10-03.26.51:918][173]LogWorld: Game class is 'CTGameMode_C'
[2014.12.10-03.26.51:948][173]LogSlate: SRTH: 0000004957E262C0, 1290 x 754
[2014.12.10-03.26.52:002][173]LogAIModule: Creating AISystem for world Level_01
[2014.12.10-03.26.52:043][173]LogWorld: Bringing World /Game/Maps/UEDPIE_0_Level_01.Level_01 up for play (max tick rate 0) at 2014.12.09-22.26.52
[2014.12.10-03.26.52:048][173]LogWorld: Bringing up level for play took: 0.045726
[2014.12.10-03.26.52:048][173]LogPlayerController: Spawned spectator SpectatorPawn_8 [server:1]
[2014.12.10-03.26.52:049][173]LogGameMode: RestartPlayer 264
[2014.12.10-03.26.52:049][173]LogPlayerController: ClientRestart_Implementation Bull_Character_C_8
[2014.12.10-03.26.52:049][173]LogPlayerController: ServerAcknowledgePossession_Implementation Bull_Character_C_8
[2014.12.10-03.26.52:055][173]PIE: Info Play in editor start time for /Game/Maps/UEDPIE_0_Level_01 0.583
[2014.12.10-03.26.52:144][173]LogSlate: SRTH: 00000049586F0C40, 952 x 939, prev 0000000000000000
[2014.12.10-03.26.52:184][173]LogSlate: SRTH: 00000049586F3AC0, 1280 x 720, prev 0000000000000000
[2014.12.10-03.26.52:212][174]LogCharacterMovement:Warning: GetSimulationTimeStep() - Max iterations 8 hit while remaining time 0.074228 > MaxSimulationTimeStep (0.050) for 'EnemyAI_C_3'
[2014.12.10-03.26.52:212][174]LogCharacterMovement:Warning: GetSimulationTimeStep() - Max iterations 8 hit while remaining time 0.054065 > MaxSimulationTimeStep (0.050) for 'EnemyAI_C_4'
[2014.12.10-03.26.52:212][174]LogCharacterMovement:Warning: GetSimulationTimeStep() - Max iterations 8 hit while remaining time 0.055119 > MaxSimulationTimeStep (0.050) for 'EnemyAI_C_5'
[2014.12.10-03.26.58:260][704]LogParticles: Destroying 0 GPU particle simulations for FXSystem 0x0000004955A18A40
[2014.12.10-03.26.58:280][704]LogSlate: SRTH: 00000049586F31C0, 952 x 935, prev 0000000000000000
[2014.12.10-03.28.19:085][569]LogEpicStorage:Warning: ReadFile request failed. File request already pending for filename=http://cdn.unrealengine.com/newsfeed/blueprint_icon_b.png
[2014.12.10-03.28.19:086][569]LogEpicStorage:Warning: ReadFile request failed. File request already pending for filename=http://cdn.unrealengine.com/newsfeed/blueprint_icon_b.png
[2014.12.10-03.30.26:210][509]LogSavePackage: Save=99.922173ms
[2014.12.10-03.30.26:210][509]LogSavePackage: Moving 'B:/CGT 345/GitHub/Cow-Tipping/Saved/Level_0106B117AB45222B0A6CAC248609B6D890.tmp' to 'B:/CGT 345/GitHub/Cow-Tipping/Content/Maps/Level_01.umap'
[2014.12.10-03.30.26:250][509]LogFileHelpers: Saving map 'Level_01' took 0.235
[2014.12.10-03.30.26:253][509]Cmd: OBJ SAVEPACKAGE PACKAGE="/Game/Blueprints/Pause" FILE="B:/CGT 345/GitHub/Cow-Tipping/Content/Blueprints/Pause.uasset" SILENT=true
[2014.12.10-03.30.26:310][509]LogSavePackage: Save=14.210109ms
[2014.12.10-03.30.26:310][509]LogSavePackage: Moving 'B:/CGT 345/GitHub/Cow-Tipping/Saved/Pause6308C32B4FBB8C9B58B02191FE1E897B.tmp' to 'B:/CGT 345/GitHub/Cow-Tipping/Content/Blueprints/Pause.uasset'
[2014.12.10-03.30.26:314][509]Cmd: OBJ SAVEPACKAGE PACKAGE="/Game/Blueprints/CTHUD" FILE="B:/CGT 345/GitHub/Cow-Tipping/Content/Blueprints/CTHUD.uasset" SILENT=true
[2014.12.10-03.30.26:481][509]LogSavePackage: Save=117.927544ms
[2014.12.10-03.30.26:481][509]LogSavePackage: Moving 'B:/CGT 345/GitHub/Cow-Tipping/Saved/CTHUD4407B62D41EAE084BA3DCBBD4EF2E1AB.tmp' to 'B:/CGT 345/GitHub/Cow-Tipping/Content/Blueprints/CTHUD.uasset'
[2014.12.10-03.36.45:350][222]BlueprintLog: New page: Pre-PIE auto-recompile
[2014.12.10-03.36.45:350][222]LogPlayLevel: [PIE] Compiling Level_01 before PIE...
[2014.12.10-03.36.45:399][222]LogActorComponent: UnregisterComponent: (/Engine/Transient.ProjectileMovementComponent_1) Not registered. Aborting.
[2014.12.10-03.36.45:399][222]LogActorComponent: UnregisterComponent: (/Engine/Transient.CharacterMovementComponent_2) Not registered. Aborting.
[2014.12.10-03.36.45:399][222]LogActorComponent: UnregisterComponent: (/Engine/Transient.CharacterMovementComponent_3) Not registered. Aborting.
[2014.12.10-03.36.45:428][222]LogPlayLevel: PIE:  Blueprint regeneration took 78 ms (1 blueprints)
[2014.12.10-03.36.45:428][222]PIE: New page: PIE session: Level_01 (Dec 9, 2014, 5:36:45 PM)
[2014.12.10-03.36.45:442][222]LogPlayLevel: PIE: StaticDuplicateObject took: (0.014179s)
[2014.12.10-03.36.45:443][222]LogPlayLevel: PIE: World Init took: (0.000420s)
[2014.12.10-03.36.45:443][222]LogPlayLevel: PIE: Created PIE world by copying editor world from /Game/Maps/Level_01.Level_01 to /Game/Maps/UEDPIE_0_Level_01.Level_01 (0.014792s)
[2014.12.10-03.36.45:443][222]LogWorld: Game class is 'CTGameMode_C'
[2014.12.10-03.36.45:476][222]LogSlate: SRTH: 000000495F6FE140, 1290 x 754
[2014.12.10-03.36.45:530][222]LogAIModule: Creating AISystem for world Level_01
[2014.12.10-03.36.45:568][222]LogWorld: Bringing World /Game/Maps/UEDPIE_0_Level_01.Level_01 up for play (max tick rate 0) at 2014.12.09-22.36.45
[2014.12.10-03.36.45:573][222]LogWorld: Bringing up level for play took: 0.042035
[2014.12.10-03.36.45:573][222]LogPlayerController: Spawned spectator SpectatorPawn_9 [server:1]
[2014.12.10-03.36.45:573][222]LogGameMode: RestartPlayer 265
[2014.12.10-03.36.45:573][222]LogPlayerController: ClientRestart_Implementation Bull_Character_C_9
[2014.12.10-03.36.45:573][222]LogPlayerController: ServerAcknowledgePossession_Implementation Bull_Character_C_9
[2014.12.10-03.36.45:582][222]PIE: Info Play in editor start time for /Game/Maps/UEDPIE_0_Level_01 0.111
[2014.12.10-03.36.45:682][222]LogSlate: SRTH: 000000495E909240, 952 x 939, prev 0000000000000000
[2014.12.10-03.36.45:721][222]LogSlate: SRTH: 000000495E90B100, 1280 x 720, prev 0000000000000000
[2014.12.10-03.36.45:750][223]LogCharacterMovement:Warning: GetSimulationTimeStep() - Max iterations 8 hit while remaining time 0.080569 > MaxSimulationTimeStep (0.050) for 'EnemyAI_C_3'
[2014.12.10-03.36.45:750][223]LogCharacterMovement:Warning: GetSimulationTimeStep() - Max iterations 8 hit while remaining time 0.060634 > MaxSimulationTimeStep (0.050) for 'EnemyAI_C_4'
[2014.12.10-03.36.45:750][223]LogCharacterMovement:Warning: GetSimulationTimeStep() - Max iterations 8 hit while remaining time 0.061676 > MaxSimulationTimeStep (0.050) for 'EnemyAI_C_5'
[2014.12.10-03.36.48:799][405]LogBlueprintUserMessages: Player Took Damage: 3
[2014.12.10-03.36.49:380][440]LogBlueprintUserMessages: Player Took Damage: 3
[2014.12.10-03.36.49:958][475]LogBlueprintUserMessages: Player Took Damage: 3
[2014.12.10-03.36.50:539][510]LogBlueprintUserMessages: Player Took Damage: 3
[2014.12.10-03.36.51:127][545]LogBlueprintUserMessages: Player Took Damage: 3
[2014.12.10-03.36.51:716][581]LogBlueprintUserMessages: Player Took Damage: 3
[2014.12.10-03.36.52:287][614]LogBlueprintUserMessages: Player Took Damage: 3
[2014.12.10-03.36.52:869][649]LogBlueprintUserMessages: Player Took Damage: 3
[2014.12.10-03.36.53:158][659]LogParticles: Destroying 0 GPU particle simulations for FXSystem 0x000000495F845080
[2014.12.10-03.36.53:304][659]LogSlate: SRTH: 000000494CA5B280, 952 x 935, prev 0000000000000000
[2014.12.10-03.38.56:622][121]LogContentBrowser:Verbose: The content browser source was changed by the sources view to '/Game/Blueprints/Interfaces'
[2014.12.10-03.39.25:963][413]LogActorComponent: UnregisterComponent: (/Engine/Transient.CharacterMovementComponent_4) Not registered. Aborting.
[2014.12.10-03.39.25:963][413]LogActorComponent: UnregisterComponent: (/Engine/Transient.ProjectileMovementComponent_2) Not registered. Aborting.
[2014.12.10-03.39.25:963][413]LogActorComponent: UnregisterComponent: (/Engine/Transient.CharacterMovementComponent_5) Not registered. Aborting.
[2014.12.10-03.39.33:058][783]LogActorComponent: UnregisterComponent: (/Engine/Transient.CharacterMovementComponent_6) Not registered. Aborting.
[2014.12.10-03.39.36:130][948]BlueprintLog: New page: Compile EnemyAI
[2014.12.10-03.39.36:298][948]LogActorComponent: UnregisterComponent: (/Engine/Transient.CharacterMovementComponent_7) Not registered. Aborting.
[2014.12.10-03.39.36:361][948]BlueprintEditorCompileResults: Info [1581.52] Compile of EnemyAI successful! [in 33 ms]
[2014.12.10-03.39.36:779][960]BlueprintLog: New page: Pre-PIE auto-recompile
[2014.12.10-03.39.36:779][960]LogPlayLevel: [PIE] Compiling Level_01 before PIE...
[2014.12.10-03.39.36:823][960]LogActorComponent: UnregisterComponent: (/Engine/Transient.CharacterMovementComponent_8) Not registered. Aborting.
[2014.12.10-03.39.36:849][960]LogPlayLevel: PIE:  Blueprint regeneration took 69 ms (1 blueprints)
[2014.12.10-03.39.36:849][960]PIE: New page: PIE session: Level_01 (Dec 9, 2014, 5:39:36 PM)
[2014.12.10-03.39.36:862][960]LogPlayLevel: PIE: StaticDuplicateObject took: (0.013622s)
[2014.12.10-03.39.36:863][960]LogPlayLevel: PIE: World Init took: (0.000416s)
[2014.12.10-03.39.36:863][960]LogPlayLevel: PIE: Created PIE world by copying editor world from /Game/Maps/Level_01.Level_01 to /Game/Maps/UEDPIE_0_Level_01.Level_01 (0.014214s)
[2014.12.10-03.39.36:863][960]LogWorld: Game class is 'CTGameMode_C'
[2014.12.10-03.39.36:894][960]LogSlate: SRTH: 000000495DFFAD40, 1290 x 754
[2014.12.10-03.39.36:960][960]LogAIModule: Creating AISystem for world Level_01
[2014.12.10-03.39.37:018][960]LogWorld: Bringing World /Game/Maps/UEDPIE_0_Level_01.Level_01 up for play (max tick rate 0) at 2014.12.09-22.39.37
[2014.12.10-03.39.37:024][960]LogWorld: Bringing up level for play took: 0.063809
[2014.12.10-03.39.37:024][960]LogPlayerController: Spawned spectator SpectatorPawn_10 [server:1]
[2014.12.10-03.39.37:024][960]LogGameMode: RestartPlayer 266
[2014.12.10-03.39.37:025][960]LogPlayerController: ClientRestart_Implementation Bull_Character_C_10
[2014.12.10-03.39.37:025][960]LogPlayerController: ServerAcknowledgePossession_Implementation Bull_Character_C_10
[2014.12.10-03.39.37:034][960]PIE: Info Play in editor start time for /Game/Maps/UEDPIE_0_Level_01 -0.438
[2014.12.10-03.39.37:127][960]LogSlate: SRTH: 00000049586F2440, 952 x 939, prev 0000000000000000
[2014.12.10-03.39.37:166][960]LogSlate: SRTH: 0000004958259B40, 1280 x 720, prev 0000000000000000
[2014.12.10-03.39.37:194][961]LogCharacterMovement:Warning: GetSimulationTimeStep() - Max iterations 8 hit while remaining time 0.080682 > MaxSimulationTimeStep (0.050) for 'EnemyAI_C_0'
[2014.12.10-03.39.37:195][961]LogCharacterMovement:Warning: GetSimulationTimeStep() - Max iterations 8 hit while remaining time 0.060774 > MaxSimulationTimeStep (0.050) for 'EnemyAI_C_1'
[2014.12.10-03.39.37:195][961]LogCharacterMovement:Warning: GetSimulationTimeStep() - Max iterations 8 hit while remaining time 0.061811 > MaxSimulationTimeStep (0.050) for 'EnemyAI_C_2'
[2014.12.10-03.39.39:072][ 76]LogBlueprintUserMessages: Player Took Damage: 3
[2014.12.10-03.39.42:766][306]LogBlueprintUserMessages: Player Took Damage: 3
[2014.12.10-03.39.48:856][689]LogBlueprintUserMessages: Player Took Damage: 3
[2014.12.10-03.40.06:976][837]LogParticles: Destroying 0 GPU particle simulations for FXSystem 0x00000049652D18A0
[2014.12.10-03.40.07:117][837]LogSlate: SRTH: 00000049667F0280, 952 x 935, prev 0000000000000000
[2014.12.10-03.40.07:995][889]BlueprintLog: New page: Pre-PIE auto-recompile
[2014.12.10-03.40.07:995][889]LogPlayLevel: [PIE] Compiling Level_01 before PIE...
[2014.12.10-03.40.08:062][889]LogPlayLevel: PIE:  Blueprint regeneration took 66 ms (1 blueprints)
[2014.12.10-03.40.08:062][889]PIE: New page: PIE session: Level_01 (Dec 9, 2014, 5:40:08 PM)
[2014.12.10-03.40.08:076][889]LogPlayLevel: PIE: StaticDuplicateObject took: (0.013954s)
[2014.12.10-03.40.08:076][889]LogPlayLevel: PIE: World Init took: (0.000417s)
[2014.12.10-03.40.08:077][889]LogPlayLevel: PIE: Created PIE world by copying editor world from /Game/Maps/Level_01.Level_01 to /Game/Maps/UEDPIE_0_Level_01.Level_01 (0.014618s)
[2014.12.10-03.40.08:077][889]LogWorld: Game class is 'CTGameMode_C'
[2014.12.10-03.40.08:102][889]LogSlate: SRTH: 000000495DD2EBC0, 1290 x 754
[2014.12.10-03.40.08:152][889]LogAIModule: Creating AISystem for world Level_01
[2014.12.10-03.40.08:193][889]LogWorld: Bringing World /Game/Maps/UEDPIE_0_Level_01.Level_01 up for play (max tick rate 0) at 2014.12.09-22.40.08
[2014.12.10-03.40.08:197][889]LogWorld: Bringing up level for play took: 0.045468
[2014.12.10-03.40.08:198][889]LogPlayerController: Spawned spectator SpectatorPawn_11 [server:1]
[2014.12.10-03.40.08:198][889]LogGameMode: RestartPlayer 267
[2014.12.10-03.40.08:198][889]LogPlayerController: ClientRestart_Implementation Bull_Character_C_11
[2014.12.10-03.40.08:198][889]LogPlayerController: ServerAcknowledgePossession_Implementation Bull_Character_C_11
[2014.12.10-03.40.08:202][889]PIE: Info Play in editor start time for /Game/Maps/UEDPIE_0_Level_01 0.73
[2014.12.10-03.40.08:411][889]LogSlate: SRTH: 0000004961B7D300, 952 x 939, prev 0000000000000000
[2014.12.10-03.40.08:450][889]LogSlate: SRTH: 00000049667E2F80, 1280 x 720, prev 0000000000000000
[2014.12.10-03.40.08:480][890]LogCharacterMovement:Warning: GetSimulationTimeStep() - Max iterations 8 hit while remaining time 0.081571 > MaxSimulationTimeStep (0.050) for 'EnemyAI_C_0'
[2014.12.10-03.40.08:481][890]LogCharacterMovement:Warning: GetSimulationTimeStep() - Max iterations 8 hit while remaining time 0.061744 > MaxSimulationTimeStep (0.050) for 'EnemyAI_C_1'
[2014.12.10-03.40.08:481][890]LogCharacterMovement:Warning: GetSimulationTimeStep() - Max iterations 8 hit while remaining time 0.062780 > MaxSimulationTimeStep (0.050) for 'EnemyAI_C_2'
[2014.12.10-03.40.08:481][890]LogCharacterMovement:Warning: GetSimulationTimeStep() - Max iterations 8 hit while remaining time 0.100000 > MaxSimulationTimeStep (0.050) for 'Bull_Character_C_11'
[2014.12.10-03.40.09:190][931]LogBlueprintUserMessages: Player Took Damage: 3
[2014.12.10-03.40.16:981][423]LogBlueprintUserMessages: Player Took Damage: 3
[2014.12.10-03.40.18:260][502]LogBlueprintUserMessages: Player Took Damage: 3
[2014.12.10-03.40.20:348][636]LogCollision:Warning: ConvertOverlappedShapeToImpactHit: Query origin inside shape, giving poor MTD.
[2014.12.10-03.40.20:529][639]LogParticles: Destroying 0 GPU particle simulations for FXSystem 0x000000495DB72B60
[2014.12.10-03.40.20:660][639]LogSlate: SRTH: 0000004953267DC0, 952 x 935, prev 0000000000000000
[2014.12.10-03.41.06:574][853]BlueprintLog: New page: Compile DamageInterface
[2014.12.10-03.41.06:829][853]BlueprintEditorCompileResults: Info [1671.86] Compile of DamageInterface successful! [in 0 ms]
[2014.12.10-03.41.19:904][ 50]LogActorComponent: UnregisterComponent: (/Engine/Transient.CharacterMovementComponent_9) Not registered. Aborting.
[2014.12.10-03.41.20:107][ 50]LogSavePackage: Save=96.412720ms
[2014.12.10-03.41.20:107][ 50]LogSavePackage: Moving 'B:/CGT 345/GitHub/Cow-Tipping/Saved/Level_01_Auto28B05A5EB423F86DD059AA18A406346F5.tmp' to 'B:/CGT 345/GitHub/Cow-Tipping/Saved/Autosaves/Game/Maps/Level_01_Auto2.umap'
[2014.12.10-03.41.20:113][ 50]LogFileHelpers: Editor autosave (incl. sublevels) for '/Game/Maps/Level_01' took 0.209
[2014.12.10-03.41.20:113][ 50]LogFileHelpers: Editor autosave (incl. sublevels) for all levels took 0.209
[2014.12.10-03.41.20:136][ 50]OBJ SavePackage: Generating thumbnails for [1] asset(s) in package [/Game/Blueprints/EnemyAI] ([1] browsable assets)...
[2014.12.10-03.41.20:160][ 50]OBJ SavePackage:     Rendered thumbnail for [Blueprint /Game/Blueprints/EnemyAI.EnemyAI]
[2014.12.10-03.41.20:160][ 50]OBJ SavePackage: Finished generating thumbnails for package [/Game/Blueprints/EnemyAI]
[2014.12.10-03.41.20:163][ 50]Cmd: OBJ SAVEPACKAGE PACKAGE="/Game/Blueprints/EnemyAI" FILE="B:/CGT 345/GitHub/Cow-Tipping/Saved/Autosaves/Game/Blueprints/EnemyAI_Auto2.uasset" SILENT=false AUTOSAVING=true
[2014.12.10-03.41.20:415][ 50]LogSavePackage: Save=181.630875ms
[2014.12.10-03.41.20:415][ 50]LogSavePackage: Moving 'B:/CGT 345/GitHub/Cow-Tipping/Saved/EnemyAI_Auto22A8D19E54A490F6F11FBB6AC53870A87.tmp' to 'B:/CGT 345/GitHub/Cow-Tipping/Saved/Autosaves/Game/Blueprints/EnemyAI_Auto2.uasset'
[2014.12.10-03.41.20:441][ 50]OBJ SavePackage: Generating thumbnails for [0] asset(s) in package [/Game/Blueprints/Interfaces/DamageInterface] ([1] browsable assets)...
[2014.12.10-03.41.20:447][ 50]OBJ SavePackage: Finished generating thumbnails for package [/Game/Blueprints/Interfaces/DamageInterface]
[2014.12.10-03.41.20:530][ 50]LogSavePackage: Save=6.398391ms
[2014.12.10-03.41.20:530][ 50]LogSavePackage: Moving 'B:/CGT 345/GitHub/Cow-Tipping/Saved/DamageInterface_Auto26C49E2B44BBC7849D4D26292C8451B2C.tmp' to 'B:/CGT 345/GitHub/Cow-Tipping/Saved/Autosaves/Game/Blueprints/Interfaces/DamageInterface_Auto2.uasset'
[2014.12.10-03.41.20:557][ 50]OBJ SavePackage: Generating thumbnails for [1] asset(s) in package [/Game/Blueprints/Projectile] ([1] browsable assets)...
[2014.12.10-03.41.20:575][ 50]OBJ SavePackage:     Rendered thumbnail for [Blueprint /Game/Blueprints/Projectile.Projectile]
[2014.12.10-03.41.20:575][ 50]OBJ SavePackage: Finished generating thumbnails for package [/Game/Blueprints/Projectile]
[2014.12.10-03.41.20:579][ 50]Cmd: OBJ SAVEPACKAGE PACKAGE="/Game/Blueprints/Projectile" FILE="B:/CGT 345/GitHub/Cow-Tipping/Saved/Autosaves/Game/Blueprints/Projectile_Auto2.uasset" SILENT=false AUTOSAVING=true
[2014.12.10-03.41.20:727][ 50]LogSavePackage: Save=72.316307ms
[2014.12.10-03.41.20:727][ 50]LogSavePackage: Moving 'B:/CGT 345/GitHub/Cow-Tipping/Saved/Projectile_Auto2AE5B42BF4DB7B0DA5AD3608CA9BB5882.tmp' to 'B:/CGT 345/GitHub/Cow-Tipping/Saved/Autosaves/Game/Blueprints/Projectile_Auto2.uasset'
[2014.12.10-03.41.20:754][ 50]OBJ SavePackage: Generating thumbnails for [1] asset(s) in package [/Game/Blueprints/Bull_Character] ([1] browsable assets)...
[2014.12.10-03.41.20:777][ 50]OBJ SavePackage:     Rendered thumbnail for [Blueprint /Game/Blueprints/Bull_Character.Bull_Character]
[2014.12.10-03.41.20:777][ 50]OBJ SavePackage: Finished generating thumbnails for package [/Game/Blueprints/Bull_Character]
[2014.12.10-03.41.20:780][ 50]Cmd: OBJ SAVEPACKAGE PACKAGE="/Game/Blueprints/Bull_Character" FILE="B:/CGT 345/GitHub/Cow-Tipping/Saved/Autosaves/Game/Blueprints/Bull_Character_Auto2.uasset" SILENT=false AUTOSAVING=true
[2014.12.10-03.41.21:007][ 50]LogSavePackage: Save=149.855759ms
[2014.12.10-03.41.21:007][ 50]LogSavePackage: Moving 'B:/CGT 345/GitHub/Cow-Tipping/Saved/Bull_Character_Auto25690469645A1E886020115AA664A03F7.tmp' to 'B:/CGT 345/GitHub/Cow-Tipping/Saved/Autosaves/Game/Blueprints/Bull_Character_Auto2.uasset'
[2014.12.10-03.41.21:035][ 50]OBJ SavePackage: Generating thumbnails for [0] asset(s) in package [/Game/Blueprints/CTHUD] ([1] browsable assets)...
[2014.12.10-03.41.21:052][ 50]OBJ SavePackage: Finished generating thumbnails for package [/Game/Blueprints/CTHUD]
[2014.12.10-03.41.21:055][ 50]Cmd: OBJ SAVEPACKAGE PACKAGE="/Game/Blueprints/CTHUD" FILE="B:/CGT 345/GitHub/Cow-Tipping/Saved/Autosaves/Game/Blueprints/CTHUD_Auto2.uasset" SILENT=false AUTOSAVING=true
[2014.12.10-03.41.21:256][ 50]LogSavePackage: Save=100.039467ms
[2014.12.10-03.41.21:256][ 50]LogSavePackage: Moving 'B:/CGT 345/GitHub/Cow-Tipping/Saved/CTHUD_Auto2FE67015D4380CAE736BA46BB4E3C539F.tmp' to 'B:/CGT 345/GitHub/Cow-Tipping/Saved/Autosaves/Game/Blueprints/CTHUD_Auto2.uasset'
[2014.12.10-03.41.21:261][ 50]LogFileHelpers: Auto-saving content packages took 1.148
[2014.12.10-03.42.19:967][833]BlueprintLog: New page: Compile Bull_Character
[2014.12.10-03.42.20:056][833]LogActorComponent: UnregisterComponent: (/Engine/Transient.CharacterMovementComponent_10) Not registered. Aborting.
[2014.12.10-03.42.20:056][833]LogActorComponent: UnregisterComponent: (/Engine/Transient.ProjectileMovementComponent_3) Not registered. Aborting.
[2014.12.10-03.42.20:056][833]LogActorComponent: UnregisterComponent: (/Engine/Transient.CharacterMovementComponent_11) Not registered. Aborting.
[2014.12.10-03.42.20:109][833]BlueprintEditorCompileResults: Info [1745.31] Compile of Bull_Character successful! [in 26 ms]
[2014.12.10-03.43.18:892][446]LogEpicStorage:Warning: ReadFile request failed. File request already pending for filename=http://cdn.unrealengine.com/newsfeed/blueprint_icon_b.png
[2014.12.10-03.43.18:892][446]LogEpicStorage:Warning: ReadFile request failed. File request already pending for filename=http://cdn.unrealengine.com/newsfeed/blueprint_icon_b.png
[2014.12.10-03.45.23:632][224]BlueprintLog: New page: Collapse to Function
[2014.12.10-03.45.41:535][691]BlueprintLog: New page: Compile Bull_Character
[2014.12.10-03.45.41:680][691]BlueprintEditorCompileResults: Info [1946.88] Compile of Bull_Character successful! [in 27 ms]
[2014.12.10-03.48.15:593][272]BlueprintLog: New page: Compile Bull_Character
[2014.12.10-03.48.15:744][272]BlueprintEditorCompileResults: Info [2100.93] Compile of Bull_Character successful! [in 25 ms]
[2014.12.10-03.48.50:673][313]LogUObjectGlobals:Warning: Failed to find object 'Object None.'
[2014.12.10-03.49.15:931][317]BlueprintLog: New page: Compile Bull_Character
[2014.12.10-03.49.16:076][317]BlueprintEditorCompileResults: Info [2161.27] Compile of Bull_Character successful! [in 25 ms]
[2014.12.10-03.50.10:546][840]BlueprintLog: New page: Compile Bull_Character
[2014.12.10-03.50.10:704][840]BlueprintEditorCompileResults: Info [2215.88] Compile of Bull_Character successful! [in 22 ms]
[2014.12.10-03.51.21:362][479]LogFileHelpers: Editor autosave (incl. sublevels) for '/Game/Maps/Level_01' took 0.035
[2014.12.10-03.51.21:387][479]OBJ SavePackage: Generating thumbnails for [1] asset(s) in package [/Game/Blueprints/Bull_Character] ([1] browsable assets)...
[2014.12.10-03.51.21:406][479]OBJ SavePackage:     Rendered thumbnail for [Blueprint /Game/Blueprints/Bull_Character.Bull_Character]
[2014.12.10-03.51.21:406][479]OBJ SavePackage: Finished generating thumbnails for package [/Game/Blueprints/Bull_Character]
[2014.12.10-03.51.21:411][479]Cmd: OBJ SAVEPACKAGE PACKAGE="/Game/Blueprints/Bull_Character" FILE="B:/CGT 345/GitHub/Cow-Tipping/Saved/Autosaves/Game/Blueprints/Bull_Character_Auto3.uasset" SILENT=false AUTOSAVING=true
[2014.12.10-03.51.21:674][479]LogSavePackage: Save=187.038834ms
[2014.12.10-03.51.21:674][479]LogSavePackage: Moving 'B:/CGT 345/GitHub/Cow-Tipping/Saved/Bull_Character_Auto3EB3976824D22343175E337A64E547D58.tmp' to 'B:/CGT 345/GitHub/Cow-Tipping/Saved/Autosaves/Game/Blueprints/Bull_Character_Auto3.uasset'
[2014.12.10-03.51.21:680][479]LogFileHelpers: Auto-saving content packages took 0.317
[2014.12.10-03.51.38:718][373]LogSlate:Warning: GetFontFace failed to load or process 'Roboto-Regular'
[2014.12.10-03.51.38:719][373]LogSlate:Warning: GetFontFace failed to load or process 'Roboto-Regular'
[2014.12.10-03.51.38:719][373]LogSlate:Warning: GetFontFace failed to load or process 'Roboto-Regular'
[2014.12.10-03.51.38:719][373]LogSlate:Warning: GetFontFace failed to load or process 'Roboto-Regular'
[2014.12.10-03.51.38:719][373]LogSlate:Warning: GetFontFace failed to load or process 'Roboto-Regular'
[2014.12.10-03.51.38:719][373]LogSlate:Warning: GetFontFace failed to load or process 'Roboto-Regular'
[2014.12.10-03.51.42:816][800]LogSlate:Warning: GetFontFace failed to load or process 'Roboto-Regular'
[2014.12.10-03.51.42:816][800]LogSlate:Warning: GetFontFace failed to load or process 'Roboto-Regular'
[2014.12.10-03.51.42:816][800]LogSlate:Warning: GetFontFace failed to load or process 'Roboto-Regular'
[2014.12.10-03.52.22:369][781]LogSlate:Warning: GetFontFace failed to load or process 'Roboto-Regular'
[2014.12.10-03.52.22:369][781]LogSlate:Warning: GetFontFace failed to load or process 'Roboto-Regular'
[2014.12.10-03.52.22:370][781]LogSlate:Warning: GetFontFace failed to load or process 'Roboto-Regular'
[2014.12.10-03.52.22:370][781]LogSlate:Warning: GetFontFace failed to load or process 'Roboto-Regular'
[2014.12.10-03.52.22:370][781]LogSlate:Warning: GetFontFace failed to load or process 'Roboto-Regular'
[2014.12.10-03.52.22:370][781]LogSlate:Warning: GetFontFace failed to load or process 'Roboto-Regular'
[2014.12.10-03.52.37:433][277]LogSlate:Warning: GetFontFace failed to load or process 'Roboto-Regular'
[2014.12.10-03.53.28:973][352]LogActorComponent: UnregisterComponent: (/Engine/Transient.CharacterMovementComponent_12) Not registered. Aborting.
[2014.12.10-03.53.31:193][575]LogBlueprint:Warning: Cannot name local variable 'Range'. The name is already used.
[2014.12.10-03.53.36:153][ 92]LogBlueprint:Warning: Cannot name local variable 'Range'. The name is already used.
[2014.12.10-03.53.52:097][693]LogUObjectGlobals:Warning: Failed to find object 'Object None.'
[2014.12.10-03.56.45:294][696]LogUObjectGlobals:Warning: Failed to find object 'Object None.'
[2014.12.10-03.56.50:324][155]LogUObjectGlobals:Warning: Failed to find object 'Object None.'
[2014.12.10-03.56.50:325][155]LogUObjectGlobals:Warning: Failed to find object 'Object None.'
[2014.12.10-03.57.44:878][467]LogSavePackage: Save=97.412178ms
[2014.12.10-03.57.44:878][467]LogSavePackage: Moving 'B:/CGT 345/GitHub/Cow-Tipping/Saved/Level_0113D9B9A64E4D71666AB287936AC479E1.tmp' to 'B:/CGT 345/GitHub/Cow-Tipping/Content/Maps/Level_01.umap'
[2014.12.10-03.57.44:923][467]LogFileHelpers: Saving map 'Level_01' took 0.251
[2014.12.10-03.57.44:926][467]Cmd: OBJ SAVEPACKAGE PACKAGE="/Game/Blueprints/EnemyAI" FILE="B:/CGT 345/GitHub/Cow-Tipping/Content/Blueprints/EnemyAI.uasset" SILENT=true
[2014.12.10-03.57.45:036][467]LogSavePackage: Save=67.255280ms
[2014.12.10-03.57.45:036][467]LogSavePackage: Moving 'B:/CGT 345/GitHub/Cow-Tipping/Saved/EnemyAI60FC5C67409B182FF9050295CF02DF23.tmp' to 'B:/CGT 345/GitHub/Cow-Tipping/Content/Blueprints/EnemyAI.uasset'
[2014.12.10-03.57.45:042][467]Cmd: OBJ SAVEPACKAGE PACKAGE="/Game/Blueprints/Interfaces/DamageInterface" FILE="B:/CGT 345/GitHub/Cow-Tipping/Content/Blueprints/Interfaces/DamageInterface.uasset" SILENT=true
[2014.12.10-03.57.45:093][467]LogSavePackage: Save=7.935122ms
[2014.12.10-03.57.45:093][467]LogSavePackage: Moving 'B:/CGT 345/GitHub/Cow-Tipping/Saved/DamageInterface8845821B45E55F2E8530538D2D55F9A6.tmp' to 'B:/CGT 345/GitHub/Cow-Tipping/Content/Blueprints/Interfaces/DamageInterface.uasset'
[2014.12.10-03.57.45:099][467]Cmd: OBJ SAVEPACKAGE PACKAGE="/Game/Blueprints/Projectile" FILE="B:/CGT 345/GitHub/Cow-Tipping/Content/Blueprints/Projectile.uasset" SILENT=true
[2014.12.10-03.57.45:156][467]LogSavePackage: Save=13.051739ms
[2014.12.10-03.57.45:156][467]LogSavePackage: Moving 'B:/CGT 345/GitHub/Cow-Tipping/Saved/Projectile3C3C2E8F45C9B351511F859AF994A164.tmp' to 'B:/CGT 345/GitHub/Cow-Tipping/Content/Blueprints/Projectile.uasset'
[2014.12.10-03.57.45:172][467]Cmd: OBJ SAVEPACKAGE PACKAGE="/Game/Blueprints/Bull_Character" FILE="B:/CGT 345/GitHub/Cow-Tipping/Content/Blueprints/Bull_Character.uasset" SILENT=true
[2014.12.10-03.57.45:368][467]LogSavePackage: Save=153.855911ms
[2014.12.10-03.57.45:368][467]LogSavePackage: Moving 'B:/CGT 345/GitHub/Cow-Tipping/Saved/Bull_CharacterBC6F192B4660D2676C8C7C94E3781A73.tmp' to 'B:/CGT 345/GitHub/Cow-Tipping/Content/Blueprints/Bull_Character.uasset'
[2014.12.10-03.57.45:373][467]Cmd: OBJ SAVEPACKAGE PACKAGE="/Game/Blueprints/CTHUD" FILE="B:/CGT 345/GitHub/Cow-Tipping/Content/Blueprints/CTHUD.uasset" SILENT=true
[2014.12.10-03.57.45:523][467]LogSavePackage: Save=105.789108ms
[2014.12.10-03.57.45:523][467]LogSavePackage: Moving 'B:/CGT 345/GitHub/Cow-Tipping/Saved/CTHUD588779FD436E2D29B926F59CC6B5A3F3.tmp' to 'B:/CGT 345/GitHub/Cow-Tipping/Content/Blueprints/CTHUD.uasset'
[2014.12.10-03.58.18:848][681]LogEpicStorage:Warning: ReadFile request failed. File request already pending for filename=http://cdn.unrealengine.com/newsfeed/blueprint_icon_b.png
[2014.12.10-03.58.18:849][681]LogEpicStorage:Warning: ReadFile request failed. File request already pending for filename=http://cdn.unrealengine.com/newsfeed/blueprint_icon_b.png
[2014.12.10-03.59.32:391][265]LogActorComponent: UnregisterComponent: (/Engine/Transient.CharacterMovementComponent_13) Not registered. Aborting.
[2014.12.10-03.59.33:277][355]LogContentBrowser:Verbose: The content browser source was changed by the sources view to '/Game/Maps'
[2014.12.10-03.59.33:566][387]LogContentBrowser:Verbose: The content browser source was changed by the sources view to '/Game/Blueprints/MovingPlatforms'
[2014.12.10-03.59.33:998][435]LogContentBrowser:Verbose: The content browser source was changed by the sources view to '/Game/Enumerations'
[2014.12.10-03.59.34:252][463]LogContentBrowser:Verbose: The content browser source was changed by the sources view to '/Game/Maps'
[2014.12.10-03.59.34:472][489]LogContentBrowser:Verbose: The content browser source was changed by the sources view to '/Game/Blueprints/MovingPlatforms'
[2014.12.10-03.59.34:695][514]LogContentBrowser:Verbose: The content browser source was changed by the sources view to '/Game/Maps'
[2014.12.10-03.59.34:901][537]LogContentBrowser:Verbose: The content browser source was changed by the sources view to '/Game/Blueprints'
[2014.12.10-03.59.35:176][562]LogContentBrowser:Verbose: The content browser source was changed by the sources view to '/Game/Fonts'
[2014.12.10-03.59.35:787][627]LogContentBrowser:Verbose: The content browser source was changed by the sources view to '/Game/Blueprints'
[2014.12.10-03.59.37:614][801]LogContentBrowser:Verbose: The content browser source was changed by the sources view to '/Game/Sprites'
[2014.12.10-03.59.38:770][929]LogContentBrowser:Verbose: The content browser source was changed by the sources view to '/Game/Sprites/Characters'
[2014.12.10-03.59.41:104][143]LogSlate: SRTH: 00000049642CBB80, 1152 x 637
[2014.12.10-04.00.07:872][537]BlueprintLog: New page: Compile Bull_Character
[2014.12.10-04.00.07:962][537]LogActorComponent: UnregisterComponent: (/Engine/Transient.ProjectileMovementComponent_4) Not registered. Aborting.
[2014.12.10-04.00.07:962][537]LogActorComponent: UnregisterComponent: (/Engine/Transient.CharacterMovementComponent_14) Not registered. Aborting.
[2014.12.10-04.00.07:962][537]LogActorComponent: UnregisterComponent: (/Engine/Transient.CharacterMovementComponent_15) Not registered. Aborting.
[2014.12.10-04.00.08:013][537]BlueprintEditorCompileResults: Info [2813.22] Compile of Bull_Character successful! [in 27 ms]
[2014.12.10-04.00.13:423][796]LogActorComponent: UnregisterComponent: (/Engine/Transient.CharacterMovementComponent_16) Not registered. Aborting.
[2014.12.10-04.00.13:495][796]Cmd: OBJ SAVEPACKAGE PACKAGE="/Game/Blueprints/Bull_Character" FILE="B:/CGT 345/GitHub/Cow-Tipping/Content/Blueprints/Bull_Character.uasset" SILENT=true
[2014.12.10-04.00.13:688][796]LogSavePackage: Save=151.776093ms
[2014.12.10-04.00.13:688][796]LogSavePackage: Moving 'B:/CGT 345/GitHub/Cow-Tipping/Saved/Bull_Character4FA461E2412C4BF559AFF5A5322634E1.tmp' to 'B:/CGT 345/GitHub/Cow-Tipping/Content/Blueprints/Bull_Character.uasset'
[2014.12.10-04.00.15:351][926]LogActorComponent: UnregisterComponent: (/Engine/Transient.CharacterMovementComponent_17) Not registered. Aborting.
[2014.12.10-04.00.17:842][975]LogActorComponent: UnregisterComponent: (/Engine/Transient.ProjectileMovementComponent_5) Not registered. Aborting.
[2014.12.10-04.00.17:842][975]LogActorComponent: UnregisterComponent: (/Engine/Transient.CharacterMovementComponent_18) Not registered. Aborting.
[2014.12.10-04.00.35:787][361]Cmd: QUIT_EDITOR
[2014.12.10-04.00.35:845][361]LogWindowsTextInputMethodSystem:Error: Terminating failed while unadvising the language notification sink from the TSF source.
[2014.12.10-04.00.35:846][361]LogExit: Preparing to exit.
[2014.12.10-04.00.36:447][361]LogExit: Editor shut down
[2014.12.10-04.00.36:447][361]LogExit: Transaction tracking system shut down
[2014.12.10-04.00.36:449][361]LogParticles: Destroying 0 GPU particle simulations for FXSystem 0x000000495755AF20
[2014.12.10-04.00.36:449][361]LogParticles: Destroying 0 GPU particle simulations for FXSystem 0x00000049578F2F20
[2014.12.10-04.00.36:457][361]LogParticles: Destroying 0 GPU particle simulations for FXSystem 0x0000004944114860
[2014.12.10-04.00.36:459][361]LogParticles: Destroying 0 GPU particle simulations for FXSystem 0x000000495319E200
[2014.12.10-04.00.36:459][361]LogParticles: Destroying 0 GPU particle simulations for FXSystem 0x000000495BD8DA80
[2014.12.10-04.00.36:507][361]LogParticles: Destroying 0 GPU particle simulations for FXSystem 0x0000004960D94220
[2014.12.10-04.00.36:507][361]LogExit: Object subsystem successfully closed.
[2014.12.10-04.00.36:535][361]LogModuleManager: Shutting down and abandoning module AndroidDeviceDetection (172)
[2014.12.10-04.00.36:535][361]LogModuleManager: Shutting down and abandoning module GameLiveStreaming (171)
[2014.12.10-04.00.36:535][361]LogModuleManager: Shutting down and abandoning module CrashTracker (170)
[2014.12.10-04.00.36:535][361]LogModuleManager: Shutting down and abandoning module HTTP (169)
[2014.12.10-04.00.36:535][361]LogModuleManager: Shutting down and abandoning module NewsFeed (168)
[2014.12.10-04.00.36:535][361]LogModuleManager: Shutting down and abandoning module SceneOutliner (167)
[2014.12.10-04.00.36:535][361]LogModuleManager: Shutting down and abandoning module EditorWidgets (166)
[2014.12.10-04.00.36:535][361]LogModuleManager: Shutting down and abandoning module CollectionManager (165)
[2014.12.10-04.00.36:535][361]LogModuleManager: Shutting down and abandoning module StatsViewer (164)
[2014.12.10-04.00.36:535][361]LogModuleManager: Shutting down and abandoning module FoliageEdit (163)
[2014.12.10-04.00.36:535][361]LogModuleManager: Shutting down and abandoning module LandscapeEditor (162)
[2014.12.10-04.00.36:535][361]LogModuleManager: Shutting down and abandoning module MeshPaint (161)
[2014.12.10-04.00.36:535][361]LogModuleManager: Shutting down and abandoning module ActorPickerMode (160)
[2014.12.10-04.00.36:535][361]LogModuleManager: Shutting down and abandoning module GeometryMode (159)
[2014.12.10-04.00.36:535][361]LogModuleManager: Shutting down and abandoning module TextureAlignMode (158)
[2014.12.10-04.00.36:535][361]LogModuleManager: Shutting down and abandoning module BspMode (157)
[2014.12.10-04.00.36:535][361]LogModuleManager: Shutting down and abandoning module PlacementMode (156)
[2014.12.10-04.00.36:535][361]LogModuleManager: Shutting down and abandoning module DesktopPlatform (155)
[2014.12.10-04.00.36:535][361]LogModuleManager: Shutting down and abandoning module AutomationWorker (154)
[2014.12.10-04.00.36:535][361]LogModuleManager: Shutting down and abandoning module EditorLiveStreaming (153)
[2014.12.10-04.00.36:535][361]LogModuleManager: Shutting down and abandoning module DeviceProfileEditor (152)
[2014.12.10-04.00.36:535][361]LogModuleManager: Shutting down and abandoning module UndoHistory (151)
[2014.12.10-04.00.36:535][361]LogModuleManager: Shutting down and abandoning module GameplayTagsEditor (150)
[2014.12.10-04.00.36:535][361]LogModuleManager: Shutting down and abandoning module UserFeedback (149)
[2014.12.10-04.00.36:535][361]LogModuleManager: Shutting down and abandoning module XmlParser (148)
[2014.12.10-04.00.36:535][361]LogModuleManager: Shutting down and abandoning module Blutility (147)
[2014.12.10-04.00.36:535][361]LogModuleManager: Shutting down and abandoning module IOSPlatformEditor (146)
[2014.12.10-04.00.36:535][361]LogModuleManager: Shutting down and abandoning module IOSRuntimeSettings (145)
[2014.12.10-04.00.36:535][361]LogModuleManager: Shutting down and abandoning module AndroidPlatformEditor (144)
[2014.12.10-04.00.36:535][361]LogModuleManager: Shutting down and abandoning module AndroidRuntimeSettings (143)
[2014.12.10-04.00.36:535][361]LogModuleManager: Shutting down and abandoning module ProjectTargetPlatformEditor (142)
[2014.12.10-04.00.36:535][361]LogModuleManager: Shutting down and abandoning module ProjectSettingsViewer (141)
[2014.12.10-04.00.36:535][361]LogModuleManager: Shutting down and abandoning module InputBindingEditor (140)
[2014.12.10-04.00.36:535][361]LogModuleManager: Shutting down and abandoning module EditorSettingsViewer (139)
[2014.12.10-04.00.36:535][361]LogModuleManager: Shutting down and abandoning module SettingsEditor (138)
[2014.12.10-04.00.36:535][361]LogModuleManager: Shutting down and abandoning module SessionLauncher (137)
[2014.12.10-04.00.36:535][361]LogModuleManager: Shutting down and abandoning module SessionFrontend (136)
[2014.12.10-04.00.36:535][361]LogModuleManager: Shutting down and abandoning module ProfilerClient (135)
[2014.12.10-04.00.36:535][361]LogModuleManager: Shutting down and abandoning module TargetDeviceServices (134)
[2014.12.10-04.00.36:535][361]LogModuleManager: Shutting down and abandoning module DeviceManager (133)
[2014.12.10-04.00.36:535][361]LogModuleManager: Shutting down and abandoning module AutomationController (132)
[2014.12.10-04.00.36:535][361]LogModuleManager: Shutting down and abandoning module AutomationWindow (131)
[2014.12.10-04.00.36:536][361]LogModuleManager: Shutting down and abandoning module Layers (130)
[2014.12.10-04.00.36:536][361]LogModuleManager: Shutting down and abandoning module ComponentVisualizers (129)
[2014.12.10-04.00.36:536][361]LogModuleManager: Shutting down and abandoning module DetailCustomizations (128)
[2014.12.10-04.00.36:536][361]LogModuleManager: Shutting down and abandoning module PackagesDialog (127)
[2014.12.10-04.00.36:536][361]LogModuleManager: Shutting down and abandoning module DirectoryWatcher (126)
[2014.12.10-04.00.36:536][361]LogModuleManager: Shutting down and abandoning module AssetRegistry (125)
[2014.12.10-04.00.36:622][361]LogModuleManager: Shutting down and abandoning module Persona (124)
[2014.12.10-04.00.36:622][361]LogModuleManager: Shutting down and abandoning module GraphEditor (123)
[2014.12.10-04.00.36:622][361]LogModuleManager: Shutting down and abandoning module ClassViewer (122)
[2014.12.10-04.00.36:622][361]LogModuleManager: Shutting down and abandoning module Toolbox (121)
[2014.12.10-04.00.36:622][361]LogModuleManager: Shutting down and abandoning module ModuleUI (120)
[2014.12.10-04.00.36:622][361]LogModuleManager: Shutting down and abandoning module Sequencer (119)
[2014.12.10-04.00.36:622][361]LogModuleManager: Shutting down and abandoning module MovieSceneTools (118)
[2014.12.10-04.00.36:622][361]LogModuleManager: Shutting down and abandoning module OutputLog (117)
[2014.12.10-04.00.36:622][361]LogModuleManager: Shutting down and abandoning module GammaUI (116)
[2014.12.10-04.00.36:622][361]LogModuleManager: Shutting down and abandoning module Documentation (115)
[2014.12.10-04.00.36:622][361]LogModuleManager: Shutting down and abandoning module StreamingPauseRendering (114)
[2014.12.10-04.00.36:622][361]LogModuleManager: Shutting down and abandoning module AnalyticsET (113)
[2014.12.10-04.00.36:622][361]LogModuleManager: Shutting down and abandoning module Analytics (112)
[2014.12.10-04.00.36:622][361]LogModuleManager: Shutting down and abandoning module GameplayDebugger (111)
[2014.12.10-04.00.36:622][361]LogModuleManager: Shutting down and abandoning module AIModule (110)
[2014.12.10-04.00.36:622][361]LogModuleManager: Shutting down and abandoning module ProfilerService (109)
[2014.12.10-04.00.36:672][361]LogModuleManager: Shutting down and abandoning module TaskGraph (108)
[2014.12.10-04.00.36:672][361]LogModuleManager: Shutting down and abandoning module ViewportSnapping (107)
[2014.12.10-04.00.36:672][361]LogModuleManager: Shutting down and abandoning module GameProjectGeneration (106)
[2014.12.10-04.00.36:672][361]LogModuleManager: Shutting down and abandoning module Matinee (105)
[2014.12.10-04.00.36:672][361]LogModuleManager: Shutting down and abandoning module Kismet (104)
[2014.12.10-04.00.36:672][361]LogModuleManager: Shutting down and abandoning module SlateReflector (103)
[2014.12.10-04.00.36:672][361]LogModuleManager: Shutting down and abandoning module LevelEditor (102)
[2014.12.10-04.00.36:673][361]LogModuleManager: Shutting down and abandoning module IntroTutorials (101)
[2014.12.10-04.00.36:673][361]LogModuleManager: Shutting down and abandoning module ContentBrowser (100)
[2014.12.10-04.00.36:673][361]LogModuleManager: Shutting down and abandoning module PropertyEditor (99)
[2014.12.10-04.00.36:673][361]LogModuleManager: Shutting down and abandoning module AssetTools (98)
[2014.12.10-04.00.36:673][361]LogModuleManager: Shutting down and abandoning module MainFrame (97)
[2014.12.10-04.00.36:673][361]LogModuleManager: Shutting down and abandoning module SourceControl (96)
[2014.12.10-04.00.36:673][361]LogModuleManager: Shutting down and abandoning module ImageWrapper (95)
[2014.12.10-04.00.36:673][361]LogModuleManager: Shutting down and abandoning module OnlineBlueprintSupport (94)
[2014.12.10-04.00.36:673][361]LogModuleManager: Shutting down and abandoning module FunctionalTesting (93)
[2014.12.10-04.00.36:673][361]LogModuleManager: Shutting down and abandoning module CollisionAnalyzer (92)
[2014.12.10-04.00.36:673][361]LogModuleManager: Shutting down and abandoning module WorkspaceMenuStructure (91)
[2014.12.10-04.00.36:673][361]LogModuleManager: Shutting down and abandoning module MessageLog (90)
[2014.12.10-04.00.36:673][361]LogModuleManager: Shutting down and abandoning module Slate (89)
[2014.12.10-04.00.36:673][361]LogModuleManager: Shutting down and abandoning module EditorStyle (88)
[2014.12.10-04.00.36:675][361]LogModuleManager: Shutting down and abandoning module SessionServices (87)
[2014.12.10-04.00.36:675][361]LogModuleManager: Shutting down and abandoning module SourceCodeAccess (86)
[2014.12.10-04.00.36:675][361]LogModuleManager: Shutting down and abandoning module HeadMountedDisplay (85)
[2014.12.10-04.00.36:675][361]LogModuleManager: Shutting down and abandoning module XAudio2 (84)
[2014.12.10-04.00.36:675][361]LogModuleManager: Shutting down and abandoning module Networking (82)
[2014.12.10-04.00.36:675][361]LogModuleManager: Shutting down and abandoning module Core (81)
[2014.12.10-04.00.36:675][361]LogModuleManager: Shutting down and abandoning module KismetCompiler (80)
[2014.12.10-04.00.36:675][361]LogModuleManager: Shutting down and abandoning module PhysXFormats (79)
[2014.12.10-04.00.36:675][361]LogModuleManager: Shutting down and abandoning module MeshUtilities (78)
[2014.12.10-04.00.36:675][361]LogModuleManager: Shutting down and abandoning module DerivedDataCache (77)
[2014.12.10-04.00.36:728][361]LogDerivedDataCache: Shutdown
[2014.12.10-04.00.36:728][361]LogModuleManager: Shutting down and abandoning module ShaderFormatOpenGL (76)
[2014.12.10-04.00.36:728][361]LogModuleManager: Shutting down and abandoning module ShaderFormatD3D (75)
[2014.12.10-04.00.36:728][361]LogModuleManager: Shutting down and abandoning module MetalShaderFormat (74)
[2014.12.10-04.00.36:728][361]LogModuleManager: Shutting down and abandoning module TextureFormatUncompressed (73)
[2014.12.10-04.00.36:728][361]LogModuleManager: Shutting down and abandoning module TextureFormatPVR (72)
[2014.12.10-04.00.36:728][361]LogModuleManager: Shutting down and abandoning module TextureFormatDXT (71)
[2014.12.10-04.00.36:728][361]LogModuleManager: Shutting down and abandoning module TextureFormatAndroid (70)
[2014.12.10-04.00.36:728][361]LogModuleManager: Shutting down and abandoning module AudioFormatOpus (69)
[2014.12.10-04.00.36:728][361]LogModuleManager: Shutting down and abandoning module AudioFormatOgg (68)
[2014.12.10-04.00.36:728][361]LogModuleManager: Shutting down and abandoning module AudioFormatADPCM (67)
[2014.12.10-04.00.36:728][361]LogModuleManager: Shutting down and abandoning module Messaging (66)
[2014.12.10-04.00.36:728][361]LogModuleManager: Shutting down and abandoning module IOSTargetPlatform (65)
[2014.12.10-04.00.36:728][361]LogModuleManager: Shutting down and abandoning module Android_PVRTCTargetPlatform (64)
[2014.12.10-04.00.36:728][361]LogModuleManager: Shutting down and abandoning module Android_ETC2TargetPlatform (63)
[2014.12.10-04.00.36:728][361]LogModuleManager: Shutting down and abandoning module Android_ETC1TargetPlatform (62)
[2014.12.10-04.00.36:728][361]LogModuleManager: Shutting down and abandoning module Android_DXTTargetPlatform (61)
[2014.12.10-04.00.36:728][361]LogModuleManager: Shutting down and abandoning module Android_ATCTargetPlatform (60)
[2014.12.10-04.00.36:728][361]LogModuleManager: Shutting down and abandoning module AndroidTargetPlatform (59)
[2014.12.10-04.00.36:728][361]LogModuleManager: Shutting down and abandoning module WindowsTargetPlatform (58)
[2014.12.10-04.00.36:728][361]LogModuleManager: Shutting down and abandoning module WindowsServerTargetPlatform (57)
[2014.12.10-04.00.36:728][361]LogModuleManager: Shutting down and abandoning module WindowsNoEditorTargetPlatform (56)
[2014.12.10-04.00.36:728][361]LogModuleManager: Shutting down and abandoning module WindowsClientTargetPlatform (55)
[2014.12.10-04.00.36:728][361]LogModuleManager: Shutting down and abandoning module TargetPlatform (54)
[2014.12.10-04.00.36:728][361]LogModuleManager: Shutting down and abandoning module InputCore (53)
[2014.12.10-04.00.36:728][361]LogModuleManager: Shutting down and abandoning module Settings (52)
[2014.12.10-04.00.36:728][361]LogModuleManager: Shutting down and abandoning module TextureCompressor (49)
[2014.12.10-04.00.36:728][361]LogModuleManager: Shutting down and abandoning module ShaderCore (48)
[2014.12.10-04.00.36:728][361]LogModuleManager: Shutting down and abandoning module OpenGLDrv (47)
[2014.12.10-04.00.36:728][361]LogModuleManager: Shutting down and abandoning module D3D11RHI (46)
[2014.12.10-04.00.36:728][361]LogModuleManager: Shutting down and abandoning module SlateRHIRenderer (45)
[2014.12.10-04.00.36:728][361]LogModuleManager: Shutting down and abandoning module Renderer (44)
[2014.12.10-04.00.36:728][361]LogModuleManager: Shutting down and abandoning module Engine (43)
[2014.12.10-04.00.36:728][361]LogModuleManager: Shutting down and abandoning module SlateRemote (42)
[2014.12.10-04.00.36:728][361]LogModuleManager: Shutting down and abandoning module ScriptPlugin (41)
[2014.12.10-04.00.36:728][361]LogModuleManager: Shutting down and abandoning module ScriptEditorPlugin (39)
[2014.12.10-04.00.36:728][361]LogModuleManager: Shutting down and abandoning module WindowsMoviePlayer (38)
[2014.12.10-04.00.36:731][361]LogModuleManager: Shutting down and abandoning module ExampleDeviceProfileSelector (31)
[2014.12.10-04.00.36:731][361]LogModuleManager: Shutting down and abandoning module CustomMeshComponent (30)
[2014.12.10-04.00.36:731][361]LogModuleManager: Shutting down and abandoning module CableComponent (29)
[2014.12.10-04.00.36:731][361]LogModuleManager: Shutting down and abandoning module OculusRift (25)
[2014.12.10-04.00.36:731][361]LogModuleManager: Shutting down and abandoning module UdpMessaging (24)
[2014.12.10-04.00.36:832][361]LogModuleManager: Shutting down and abandoning module MessagingDebugger (23)
[2014.12.10-04.00.36:832][361]LogModuleManager: Shutting down and abandoning module SmartSnapping (21)
[2014.12.10-04.00.36:832][361]LogModuleManager: Shutting down and abandoning module PaperJsonImporter (20)
[2014.12.10-04.00.36:832][361]LogModuleManager: Shutting down and abandoning module Paper2DEditor (19)
[2014.12.10-04.00.36:832][361]LogModuleManager: Shutting down and abandoning module Paper2D (18)
[2014.12.10-04.00.36:832][361]LogModuleManager: Shutting down and abandoning module SpeedTreeImporter (14)
[2014.12.10-04.00.36:832][361]LogModuleManager: Shutting down and abandoning module PluginsEditor (13)
[2014.12.10-04.00.36:832][361]LogModuleManager: Shutting down and abandoning module EpicSurvey (12)
[2014.12.10-04.00.36:832][361]LogModuleManager: Shutting down and abandoning module VisualStudioSourceCodeAccess (10)
[2014.12.10-04.00.36:832][361]LogModuleManager: Shutting down and abandoning module UObjectPlugin (9)
[2014.12.10-04.00.36:832][361]LogModuleManager: Shutting down and abandoning module SubversionSourceControl (8)
[2014.12.10-04.00.36:832][361]LogModuleManager: Shutting down and abandoning module PerforceSourceControl (7)
[2014.12.10-04.00.36:832][361]LogModuleManager: Shutting down and abandoning module BlankPlugin (6)
[2014.12.10-04.00.36:832][361]LogModuleManager: Shutting down and abandoning module CoreUObject (5)
[2014.12.10-04.00.36:832][361]LogModuleManager: Shutting down and abandoning module NetworkFile (4)
[2014.12.10-04.00.36:832][361]LogModuleManager: Shutting down and abandoning module StreamingFile (3)
[2014.12.10-04.00.36:832][361]LogModuleManager: Shutting down and abandoning module SandboxFile (2)
[2014.12.10-04.00.36:832][361]LogModuleManager: Shutting down and abandoning module PakFile (1)
[2014.12.10-04.00.36:832][361]LogExit: Exiting.
[2014.12.10-04.00.36:834][361]Log file closed, 12/09/14 23:00:36
