Log file open, 10/14/14 20:19:29
LogInit:Display: Running engine for game: CowTipping
LogInit: Version: 4.3.1-2226335+++depot+UE4-Releases+4.3
LogInit: API Version: 2215663
LogInit: Compiled (64-bit): Jul 21 2014 22:28:08
LogInit: Build Configuration: Development
LogInit: Branch Name: ++depot+UE4-Releases+4.3
LogInit: Command line:  
LogInit: Base directory: C:/Program Files/Unreal Engine/4.3/Engine/Binaries/Win64/
LogInit: Rocket: 1
[2014.10.15-00.19.29:489][  0]LogTaskGraph: Started task graph with 3 named threads and 4 total threads.
[2014.10.15-00.19.29:515][  0]LogOnline:Warning: No default platform service specified for OnlineSubsystem
[2014.10.15-00.19.29:589][  0]LogInit: Presizing for 0 objects not considered by GC, pre-allocating 0 bytes.
[2014.10.15-00.19.29:656][  0]LogInit: Object subsystem initialized
[2014.10.15-00.19.29:694][  0]LogInit: Selected Device Profile: [Windows]
[2014.10.15-00.19.29:694][  0]LogInit: Applying CVar settings loaded from the selected device profile: [Windows]
[2014.10.15-00.19.29:707][  0]LogInit: Computer: HINAGIKU
[2014.10.15-00.19.29:707][  0]LogInit: User: JustinYong
[2014.10.15-00.19.29:710][  0]LogInit: CPU Page size=4096, Cores=4
[2014.10.15-00.19.29:710][  0]LogInit: High frequency timer resolution =14.318180 MHz
[2014.10.15-00.19.29:711][  0]LogMemory: Memory total: Physical=15.9GB (16GB approx) Virtual=8192.0GB
[2014.10.15-00.19.29:711][  0]LogMemory: Platform Memory Stats for Windows
[2014.10.15-00.19.29:711][  0]LogMemory: Process Physical Memory: 61.39 MB used, 61.39 MB peak
[2014.10.15-00.19.29:711][  0]LogMemory: Process Virtual Memory: 37.05 MB used, 37.05 MB peak
[2014.10.15-00.19.29:711][  0]LogMemory: Physical Memory: 11701.63 MB used, 16321.69 MB total
[2014.10.15-00.19.29:711][  0]LogMemory: Virtual Memory: 270.13 MB used, 8388608.00 MB total
[2014.10.15-00.19.29:756][  0]LogD3D11RHI: Found D3D11 adapter 0: NVIDIA GeForce GTX 770 (Feature Level 11_0)
[2014.10.15-00.19.29:756][  0]LogD3D11RHI: Adapter has 1986MB of dedicated video memory, 0MB of dedicated system memory, and 2048MB of shared system memory, 3 output[s]
[2014.10.15-00.19.29:758][  0]LogD3D11RHI: Found D3D11 adapter 1: Microsoft Basic Render Driver (Feature Level 11_0)
[2014.10.15-00.19.29:758][  0]LogD3D11RHI: Adapter has 0MB of dedicated video memory, 0MB of dedicated system memory, and 256MB of shared system memory, 0 output[s]
[2014.10.15-00.19.29:758][  0]LogD3D11RHI: Chosen D3D11 Adapter Id = 0
[2014.10.15-00.19.29:787][  0]LogRHI: Texture pool is 1361 MB (70% of 1945 MB)
[2014.10.15-00.19.29:794][  0]LogD3D11RHI: Async texture creation enabled
[2014.10.15-00.19.30:300][  0]LogContentStreaming: Texture pool size is 0.000000MB
[2014.10.15-00.19.31:277][  0]LogTargetPlatformManager:Display: Building Assets For Windows
[2014.10.15-00.19.31:526][  0]LogTargetPlatformManager:Display: Building Assets For Windows
[2014.10.15-00.19.31:556][  0]LogDerivedDataCache:Display: Max Cache Size: 512 MB
[2014.10.15-00.19.31:696][  0]LogDerivedDataCache: Loaded boot cache 0.14s 43MB C:/Users/Justin Yong/AppData/Local/UnrealEngine/4.3/DerivedDataCache/Boot.ddc.
[2014.10.15-00.19.31:696][  0]LogDerivedDataCache:Display: Loaded Boot cache: C:/Users/Justin Yong/AppData/Local/UnrealEngine/4.3/DerivedDataCache/Boot.ddc
[2014.10.15-00.19.31:696][  0]LogDerivedDataCache: FDerivedDataBackendGraph:  Pak pak cache file B:/CGT 345/GitHub/Cow-Tipping/DerivedDataCache/DDC.ddp not found, will not use a pak cache.
[2014.10.15-00.19.31:696][  0]LogDerivedDataCache: Unable to find inner node Pak for hierarchical cache Hierarchy.
[2014.10.15-00.19.31:719][  0]LogDerivedDataCache:Display: Pak cache opened for reading ../../../Engine/DerivedDataCache/DDC.ddp.
[2014.10.15-00.19.31:731][  0]LogDerivedDataCache: Using Local data cache path C:/Users/Justin Yong/AppData/Local/UnrealEngine/4.3/DerivedDataCache: Writable
[2014.10.15-00.19.32:988][  0]LogMeshUtilities: No automatic mesh reduction module available
[2014.10.15-00.19.32:988][  0]LogMeshUtilities: No automatic mesh merging module available
[2014.10.15-00.19.33:680][  0]LogInit: WinSock: version 1.1 (2.2), MaxSocks=32767, MaxUdp=65467
[2014.10.15-00.19.35:401][  0]LogLinker:Warning: Asset '../../../Engine/Plugins/Experimental/Paper2D/Content/DefaultPaperTerrainMaterial.uasset' has been saved with empty engine version. The asset will be loaded but may be incompatible.
[2014.10.15-00.19.35:402][  0]LogLinker:Warning: Asset '../../../Engine/Plugins/Experimental/Paper2D/Content/DummySprite.uasset' has been saved with empty engine version. The asset will be loaded but may be incompatible.
[2014.10.15-00.19.35:424][  0]UdpMessaging: Initializing bridge on interface 0.0.0.0:0 to multicast group 230.0.0.1:6666.
[2014.10.15-00.19.35:509][  0]SourceControl: Info Source control is disabled
[2014.10.15-00.19.35:509][  0]SourceControl: Info Source control is disabled
[2014.10.15-00.19.35:512][  0]SourceControl: Info Source control is disabled
[2014.10.15-00.19.35:946][  0]BlueprintLog: New page: Editor Load
[2014.10.15-00.19.36:038][  0]LogObj: 20191 objects as part of root set at end of initial load.
[2014.10.15-00.19.36:038][  0]LogUObjectAllocator: 3997440 out of 0 bytes used by permanent object pool.
[2014.10.15-00.19.36:282][  0]LogEngine: Initializing Engine...
[2014.10.15-00.19.36:424][  0]LogInit: XAudio2 using 'Speakers (Realtek High Definition Audio)' : 2 channels at 48 kHz using 32 bits per sample (channel mask 0x3)
[2014.10.15-00.19.36:435][  0]LogInit: FAudioDevice initialized.
[2014.10.15-00.19.36:477][  0]LogAIModule: Creating AISystem for world NewWorld
[2014.10.15-00.19.36:505][  0]LogDerivedDataCache: Saved boot cache 0.02s 39MB C:/Users/Justin Yong/AppData/Local/UnrealEngine/4.3/DerivedDataCache/Boot.ddc.
[2014.10.15-00.19.36:512][  0]LogInit: Texture streaming: Enabled
[2014.10.15-00.19.36:609][  0]LogInit: Transaction tracking system initialized
[2014.10.15-00.19.36:818][  0]LogAssetRegistry: FAssetRegistry took 0.0122 seconds to start up
[2014.10.15-00.19.37:385][  0]LogTargetPlatformManager:Display: Building Assets For Windows
[2014.10.15-00.19.37:419][  0]LogTargetPlatformManager:Display: Building Assets For Windows
[2014.10.15-00.19.37:556][  0]LogConsoleResponse:Display: 
[2014.10.15-00.19.37:930][  0]SourceControl: Info Source control is disabled
[2014.10.15-00.19.37:931][  0]Cmd: MAP LOAD FILE="B:/CGT 345/GitHub/Cow-Tipping/Content/Maps/Example_Map.umap" TEMPLATE=0 SHOWPROGRESS=1
[2014.10.15-00.19.37:938][  0]LightingResults: New page: Lighting Build
[2014.10.15-00.19.37:950][  0]MapCheck: New page: Map Check
[2014.10.15-00.19.37:950][  0]LightingResults: New page: Lighting Build
[2014.10.15-00.19.37:980][  0]LogParticles: Destroying 0 GPU particle simulations for FXSystem 0x000000B00DCF7740
[2014.10.15-00.19.38:229][  0]LogTexture:Display: Building textures: 2DCharacter_RunAnimAtlas (AutoDXT)
[2014.10.15-00.19.38:527][  0]LogTexture:Display: Building textures: 2DCharacter_IdleAnimAtlas (AutoDXT)
[2014.10.15-00.19.38:743][  0]LogMaterial: Missing cached shader map for material DefaultSpriteMaterial, compiling.
[2014.10.15-00.19.38:789][  0]LogTexture:Display: Building textures: 2DBackground (BGRA8)
[2014.10.15-00.19.38:831][  0]LogTexture:Display: Building textures: 2DBackgroundBlockAtlas (AutoDXT)
[2014.10.15-00.19.39:032][  0]LogTexture:Display: Building textures: 2DBackgroundTile (AutoDXT)
[2014.10.15-00.19.39:043][  0]LogMaterial: Missing cached shader map for material PrototypingSpriteMaterial, compiling.
[2014.10.15-00.19.39:199][  0]LogEditorServer: Finished looking for orphan Actors (0.000 secs)
[2014.10.15-00.19.39:205][  0]LogAIModule: Creating AISystem for world Example_Map
[2014.10.15-00.19.39:243][  0]Cmd: MAP CHECKDEP
[2014.10.15-00.19.39:243][  0]MapCheck: New page: Example_Map - Oct 14, 2014, 4:19:39 PM
[2014.10.15-00.19.39:292][  0]MapCheck: Info ========== Map Check: 0 Error(s), 0 Warning(s), [43.043ms] ==========
[2014.10.15-00.19.39:292][  0]LogFileHelpers: Loading map 'Example_Map' took 1.361
[2014.10.15-00.19.39:747][  0]LogCollectionManager: Loaded 0 collections in 0.000875 seconds
[2014.10.15-00.19.39:791][  0]LogContentBrowser:Verbose: The content browser source was changed by the sources view to '/Game'
[2014.10.15-00.19.39:979][  0]LogCrashTracker: Crashtracker disabled due to settings.
[2014.10.15-00.19.40:050][  0]LogLoad: Full Startup: 12.30 seconds (BP compile: 0.05 seconds)
[2014.10.15-00.19.40:285][  0]LogSlate: SRTH: 000000B005AB6800, 1136 x 935
[2014.10.15-00.19.40:360][  0]LogRenderer:Warning: Reallocating scene render targets to support 1136x936.
[2014.10.15-00.19.40:691][  1]LogEpicStorage:Warning: EnumerateFiles request failed. Invalid response. code=403 error=<?xml version="1.0" encoding="UTF-8"?>
<Error><Code>AccessDenied</Code><Message>Access Denied</Message><RequestId>90403DA3660445EA</RequestId><HostId>YdmvDlUwo2hojGmwVpm8TNvrVViJE9ROZHRwZkV+EGX1tkVLlhqs6TGOHHBcluHe</HostId></Error>
[2014.10.15-00.19.40:780][  2]LogEpicSurvey:Warning: EnumerateFiles request failed. Invalid response. code=403 error=<?xml version="1.0" encoding="UTF-8"?>
<Error><Code>AccessDenied</Code><Message>Access Denied</Message><RequestId>81BCF810042ECAD7</RequestId><HostId>rTILwiCq+nf2nz3NWBVRQr97h5Lrkfg36WwJ+ucB4dhqRn6XDhVNeQWJcmTaddbKVMT4olBK7sM=</HostId></Error>
[2014.10.15-00.19.40:787][  2]LogAssetRegistry: Asset discovery search completed in 3.9819 seconds
[2014.10.15-00.19.40:801][  3]LogEpicStorage:Warning: EnumerateFiles request failed. Invalid response. code=403 error=<?xml version="1.0" encoding="UTF-8"?>
<Error><Code>AccessDenied</Code><Message>Access Denied</Message><RequestId>2BC283A6BA5FF892</RequestId><HostId>Xc9g4cOcj9XUpKcyA8RZWajktr8rbA7MDFltW3eCNuCxAk4ROj5eESO6Y35GUK6O</HostId></Error>
[2014.10.15-00.19.40:841][  6]LogEpicSurvey:Warning: EnumerateFiles request failed. Invalid response. code=403 error=<?xml version="1.0" encoding="UTF-8"?>
<Error><Code>AccessDenied</Code><Message>Access Denied</Message><RequestId>367A6F7E485649E9</RequestId><HostId>7xGCc/3VC/jXPbyMNdCeQk+Gk847kbuFbv7SkyGALF7Dvjh0gz7iWMRldkaGcssy</HostId></Error>
[2014.10.15-00.19.40:972][ 10]LogEpicStorage:Warning: ReadFile request failed. File request already pending for filename=http://cdn.unrealengine.com/newsfeed/blueprint_icon_b.png
[2014.10.15-00.19.40:985][ 10]LogEpicStorage:Warning: ReadFile request failed. File request already pending for filename=http://cdn.unrealengine.com/newsfeed/blueprint_icon_b.png
[2014.10.15-00.19.49:524][750]LogStreaming:Warning: Failed to open ANSI TEXT file B:/CGT 345/GitHub/Cow-Tipping/Saved/HardwareSurvey/dxdiag.txt
[2014.10.15-00.19.49:543][751]LogSynthBenchmark:Display: FSynthBenchmark (V0.92):
[2014.10.15-00.19.49:543][751]LogSynthBenchmark:Display: ===============
[2014.10.15-00.19.49:543][751]LogSynthBenchmark:Display: Main Processor:
[2014.10.15-00.19.49:581][751]LogSynthBenchmark:Display:          ... 0.019084 s/Run 'RayIntersect'
[2014.10.15-00.19.49:581][751]LogSynthBenchmark:Display:          ... 0.019328 s/Run 'Fractal'
[2014.10.15-00.19.49:581][751]LogSynthBenchmark:Display: 
[2014.10.15-00.19.49:581][751]LogSynthBenchmark:Display:   CompiledTarget_x_Bits: 64
[2014.10.15-00.19.49:581][751]LogSynthBenchmark:Display:   UE_BUILD_SHIPPING: 0
[2014.10.15-00.19.49:581][751]LogSynthBenchmark:Display:   UE_BUILD_TEST: 0
[2014.10.15-00.19.49:581][751]LogSynthBenchmark:Display:   UE_BUILD_DEBUG: 0
[2014.10.15-00.19.49:581][751]LogSynthBenchmark:Display:   TotalPhysicalGBRam: 16
[2014.10.15-00.19.49:581][751]LogSynthBenchmark:Display:   NumberOfCores (physical): 4
[2014.10.15-00.19.49:581][751]LogSynthBenchmark:Display:   NumberOfCores (logical): 8
[2014.10.15-00.19.49:581][751]LogSynthBenchmark:Display:   CPU Perf Index 0: 134.2
[2014.10.15-00.19.49:581][751]LogSynthBenchmark:Display:   CPU Perf Index 1: 148.0
[2014.10.15-00.19.49:581][751]LogSynthBenchmark:Display:  
[2014.10.15-00.19.49:582][751]LogSynthBenchmark:Display: Graphics:
[2014.10.15-00.19.49:582][751]LogSynthBenchmark:Display:   Adapter Name: 'NVIDIA GeForce GTX 770'
[2014.10.15-00.19.49:582][751]LogSynthBenchmark:Display:   (On Optimus the name might be wrong, memory should be ok)
[2014.10.15-00.19.49:582][751]LogSynthBenchmark:Display:   Vendor Id: 0x10de
[2014.10.15-00.19.49:582][751]LogSynthBenchmark:Display:   GPU Memory: 1987/0/2049 MB
[2014.10.15-00.19.49:582][751]LogSynthBenchmark:Display:   CPUIndex: 134.2
[2014.10.15-00.19.49:582][751]LogSynthBenchmark:Display:   GPUIndex: -1.$
[2014.10.15-00.19.49:582][751]LogSynthBenchmark:Display: 
[2014.10.15-00.19.49:582][751]LogSynthBenchmark:Display:          ... Total Time: 0.038633 sec
[2014.10.15-00.21.12:977][316]LogEditorViewport: Clicking on Actor (LMB): PaperSpriteActor (Background_Sprite)
[2014.10.15-00.21.26:438][893]LogEditorViewport: Clicking on Actor (LMB): PaperSpriteActor (Ledge_29)
[2014.10.15-00.21.32:394][600]LogEditorViewport: Clicking on Actor (LMB): PaperSpriteActor (Background_Sprite)
[2014.10.15-00.21.32:786][645]LogEditorViewport: Clicking on Actor (LMB): PaperSpriteActor (LeftEdge)
[2014.10.15-00.21.39:485][417]LogPlayLevel: PIE:  No blueprints needed recompiling
[2014.10.15-00.21.39:487][417]PIE: New page: PIE session: Example_Map (Oct 14, 2014, 4:21:39 PM)
[2014.10.15-00.21.39:490][417]LogPlayLevel: PIE: StaticDuplicateObject took: (0.002374s)
[2014.10.15-00.21.39:490][417]LogPlayLevel: PIE: World Init took: (0.000508s)
[2014.10.15-00.21.39:490][417]LogPlayLevel: PIE: Created PIE world by copying editor world from /Game/Maps/Example_Map.Example_Map to /Game/Maps/UEDPIE_0_Example_Map.Example_Map (0.003469s)
[2014.10.15-00.21.39:491][417]LogWorld: Game class is '2DSideScrollerGameMode_C'
[2014.10.15-00.21.39:499][417]LogSlate: SRTH: 000000B0143F4340, 1136 x 935
[2014.10.15-00.21.39:545][417]LogAIModule: Creating AISystem for world Example_Map
[2014.10.15-00.21.39:547][417]LogWorld: Bringing World /Game/Maps/UEDPIE_0_Example_Map.Example_Map up for play (max tick rate 0) at 2014.10.14-20.21.39
[2014.10.15-00.21.39:549][417]LogWorld: Bringing up level for play took: 0.003965
[2014.10.15-00.21.39:558][417]LogPlayerController: Spawned spectator SpectatorPawn_0 [server:1]
[2014.10.15-00.21.39:560][417]LogGameMode: RestartPlayer 256
[2014.10.15-00.21.39:571][417]LogPlayerController: ClientRestart_Implementation MyCharacter_C_0
[2014.10.15-00.21.39:571][417]LogPlayerController: ServerAcknowledgePossession_Implementation MyCharacter_C_0
[2014.10.15-00.21.39:585][417]PIE: Info Play in editor start time for /Game/Maps/UEDPIE_0_Example_Map 0.237
[2014.10.15-00.21.39:638][417]LogSlate: SRTH: 000000B005AB4100, 1136 x 939, prev 0000000000000000
[2014.10.15-00.21.39:661][418]LogRenderer:Warning: Reallocating scene render targets to support 1136x944.
[2014.10.15-00.21.49:235][559]LogSlate: SRTH: 000000B0143CF7C0, 1136 x 935, prev 0000000000000000
[2014.10.15-00.21.49:318][559]LogParticles: Destroying 0 GPU particle simulations for FXSystem 0x000000B0144A40E0
[2014.10.15-00.22.15:538][943]Cmd: QUIT_EDITOR
[2014.10.15-00.22.15:575][943]LogWindowsTextInputMethodSystem:Error: Terminating failed while unadvising the language notification sink from the TSF source.
[2014.10.15-00.22.15:578][943]LogExit: Preparing to exit.
[2014.10.15-00.22.16:604][943]LogExit: Editor shut down
[2014.10.15-00.22.16:604][943]LogExit: Transaction tracking system shut down
[2014.10.15-00.22.16:605][943]LogParticles: Destroying 0 GPU particle simulations for FXSystem 0x000000B0082D25C0
[2014.10.15-00.22.16:640][943]LogExit: Object subsystem successfully closed.
[2014.10.15-00.22.16:677][943]LogModuleManager: Shutting down and abandoning module SynthBenchmark (173)
[2014.10.15-00.22.16:677][943]LogModuleManager: Shutting down and abandoning module AndroidDeviceDetection (172)
[2014.10.15-00.22.16:677][943]LogModuleManager: Shutting down and abandoning module GameLiveStreaming (171)
[2014.10.15-00.22.16:677][943]LogModuleManager: Shutting down and abandoning module CrashTracker (170)
[2014.10.15-00.22.16:677][943]LogModuleManager: Shutting down and abandoning module HTTP (169)
[2014.10.15-00.22.16:677][943]LogModuleManager: Shutting down and abandoning module NewsFeed (168)
[2014.10.15-00.22.16:677][943]LogModuleManager: Shutting down and abandoning module SceneOutliner (167)
[2014.10.15-00.22.16:677][943]LogModuleManager: Shutting down and abandoning module EditorWidgets (166)
[2014.10.15-00.22.16:677][943]LogModuleManager: Shutting down and abandoning module CollectionManager (165)
[2014.10.15-00.22.16:678][943]LogModuleManager: Shutting down and abandoning module StatsViewer (164)
[2014.10.15-00.22.16:679][943]LogModuleManager: Shutting down and abandoning module FoliageEdit (163)
[2014.10.15-00.22.16:680][943]LogModuleManager: Shutting down and abandoning module LandscapeEditor (162)
[2014.10.15-00.22.16:680][943]LogModuleManager: Shutting down and abandoning module MeshPaint (161)
[2014.10.15-00.22.16:681][943]LogModuleManager: Shutting down and abandoning module ActorPickerMode (160)
[2014.10.15-00.22.16:681][943]LogModuleManager: Shutting down and abandoning module GeometryMode (159)
[2014.10.15-00.22.16:681][943]LogModuleManager: Shutting down and abandoning module TextureAlignMode (158)
[2014.10.15-00.22.16:681][943]LogModuleManager: Shutting down and abandoning module BspMode (157)
[2014.10.15-00.22.16:681][943]LogModuleManager: Shutting down and abandoning module PlacementMode (156)
[2014.10.15-00.22.16:683][943]LogModuleManager: Shutting down and abandoning module AutomationWorker (155)
[2014.10.15-00.22.16:683][943]LogModuleManager: Shutting down and abandoning module EditorLiveStreaming (154)
[2014.10.15-00.22.16:683][943]LogModuleManager: Shutting down and abandoning module DeviceProfileEditor (153)
[2014.10.15-00.22.16:683][943]LogModuleManager: Shutting down and abandoning module UndoHistory (152)
[2014.10.15-00.22.16:683][943]LogModuleManager: Shutting down and abandoning module GameplayTagsEditor (151)
[2014.10.15-00.22.16:683][943]LogModuleManager: Shutting down and abandoning module UserFeedback (150)
[2014.10.15-00.22.16:683][943]LogModuleManager: Shutting down and abandoning module XmlParser (149)
[2014.10.15-00.22.16:683][943]LogModuleManager: Shutting down and abandoning module Blutility (148)
[2014.10.15-00.22.16:683][943]LogModuleManager: Shutting down and abandoning module IOSPlatformEditor (147)
[2014.10.15-00.22.16:683][943]LogModuleManager: Shutting down and abandoning module IOSRuntimeSettings (146)
[2014.10.15-00.22.16:683][943]LogModuleManager: Shutting down and abandoning module AndroidPlatformEditor (145)
[2014.10.15-00.22.16:683][943]LogModuleManager: Shutting down and abandoning module AndroidRuntimeSettings (144)
[2014.10.15-00.22.16:683][943]LogModuleManager: Shutting down and abandoning module ProjectTargetPlatformEditor (143)
[2014.10.15-00.22.16:684][943]LogModuleManager: Shutting down and abandoning module ProjectSettingsViewer (142)
[2014.10.15-00.22.16:684][943]LogModuleManager: Shutting down and abandoning module InputBindingEditor (141)
[2014.10.15-00.22.16:686][943]LogModuleManager: Shutting down and abandoning module EditorSettingsViewer (140)
[2014.10.15-00.22.16:686][943]LogModuleManager: Shutting down and abandoning module SettingsEditor (139)
[2014.10.15-00.22.16:688][943]LogModuleManager: Shutting down and abandoning module SessionLauncher (138)
[2014.10.15-00.22.16:692][943]LogModuleManager: Shutting down and abandoning module SessionFrontend (137)
[2014.10.15-00.22.16:695][943]LogModuleManager: Shutting down and abandoning module ProfilerClient (136)
[2014.10.15-00.22.16:695][943]LogModuleManager: Shutting down and abandoning module TargetDeviceServices (135)
[2014.10.15-00.22.16:696][943]LogModuleManager: Shutting down and abandoning module DeviceManager (134)
[2014.10.15-00.22.16:701][943]LogModuleManager: Shutting down and abandoning module AutomationController (133)
[2014.10.15-00.22.16:701][943]LogModuleManager: Shutting down and abandoning module AutomationWindow (132)
[2014.10.15-00.22.16:701][943]LogModuleManager: Shutting down and abandoning module Layers (131)
[2014.10.15-00.22.16:701][943]LogModuleManager: Shutting down and abandoning module ComponentVisualizers (130)
[2014.10.15-00.22.16:701][943]LogModuleManager: Shutting down and abandoning module DetailCustomizations (129)
[2014.10.15-00.22.16:702][943]LogModuleManager: Shutting down and abandoning module PackagesDialog (128)
[2014.10.15-00.22.16:704][943]LogModuleManager: Shutting down and abandoning module DirectoryWatcher (127)
[2014.10.15-00.22.16:705][943]LogModuleManager: Shutting down and abandoning module AssetRegistry (126)
[2014.10.15-00.22.16:750][943]LogModuleManager: Shutting down and abandoning module Persona (125)
[2014.10.15-00.22.16:757][943]LogModuleManager: Shutting down and abandoning module GraphEditor (124)
[2014.10.15-00.22.16:758][943]LogModuleManager: Shutting down and abandoning module ClassViewer (123)
[2014.10.15-00.22.16:758][943]LogModuleManager: Shutting down and abandoning module Toolbox (122)
[2014.10.15-00.22.16:758][943]LogModuleManager: Shutting down and abandoning module ModuleUI (121)
[2014.10.15-00.22.16:759][943]LogModuleManager: Shutting down and abandoning module Sequencer (120)
[2014.10.15-00.22.16:764][943]LogModuleManager: Shutting down and abandoning module MovieSceneTools (119)
[2014.10.15-00.22.16:765][943]LogModuleManager: Shutting down and abandoning module OutputLog (118)
[2014.10.15-00.22.16:765][943]LogModuleManager: Shutting down and abandoning module GammaUI (117)
[2014.10.15-00.22.16:768][943]LogModuleManager: Shutting down and abandoning module Documentation (116)
[2014.10.15-00.22.16:768][943]LogModuleManager: Shutting down and abandoning module DesktopPlatform (115)
[2014.10.15-00.22.16:772][943]LogModuleManager: Shutting down and abandoning module StreamingPauseRendering (114)
[2014.10.15-00.22.16:772][943]LogModuleManager: Shutting down and abandoning module AnalyticsET (113)
[2014.10.15-00.22.16:772][943]LogModuleManager: Shutting down and abandoning module Analytics (112)
[2014.10.15-00.22.16:772][943]LogModuleManager: Shutting down and abandoning module GameplayDebugger (111)
[2014.10.15-00.22.16:772][943]LogModuleManager: Shutting down and abandoning module AIModule (110)
[2014.10.15-00.22.16:773][943]LogModuleManager: Shutting down and abandoning module ProfilerService (109)
[2014.10.15-00.22.16:951][943]LogModuleManager: Shutting down and abandoning module TaskGraph (108)
[2014.10.15-00.22.16:952][943]LogModuleManager: Shutting down and abandoning module ViewportSnapping (107)
[2014.10.15-00.22.16:952][943]LogModuleManager: Shutting down and abandoning module GameProjectGeneration (106)
[2014.10.15-00.22.16:952][943]LogModuleManager: Shutting down and abandoning module Matinee (105)
[2014.10.15-00.22.16:957][943]LogModuleManager: Shutting down and abandoning module Kismet (104)
[2014.10.15-00.22.16:959][943]LogModuleManager: Shutting down and abandoning module SlateReflector (103)
[2014.10.15-00.22.16:963][943]LogModuleManager: Shutting down and abandoning module LevelEditor (102)
[2014.10.15-00.22.16:964][943]LogModuleManager: Shutting down and abandoning module IntroTutorials (101)
[2014.10.15-00.22.16:969][943]LogModuleManager: Shutting down and abandoning module ContentBrowser (100)
[2014.10.15-00.22.16:969][943]LogModuleManager: Shutting down and abandoning module PropertyEditor (99)
[2014.10.15-00.22.16:969][943]LogModuleManager: Shutting down and abandoning module AssetTools (98)
[2014.10.15-00.22.16:970][943]LogModuleManager: Shutting down and abandoning module MainFrame (97)
[2014.10.15-00.22.16:971][943]LogModuleManager: Shutting down and abandoning module SourceControl (96)
[2014.10.15-00.22.16:976][943]LogModuleManager: Shutting down and abandoning module ImageWrapper (95)
[2014.10.15-00.22.16:976][943]LogModuleManager: Shutting down and abandoning module OnlineBlueprintSupport (94)
[2014.10.15-00.22.16:976][943]LogModuleManager: Shutting down and abandoning module FunctionalTesting (93)
[2014.10.15-00.22.16:976][943]LogModuleManager: Shutting down and abandoning module CollisionAnalyzer (92)
[2014.10.15-00.22.16:978][943]LogModuleManager: Shutting down and abandoning module WorkspaceMenuStructure (91)
[2014.10.15-00.22.16:978][943]LogModuleManager: Shutting down and abandoning module MessageLog (90)
[2014.10.15-00.22.16:978][943]LogModuleManager: Shutting down and abandoning module Slate (89)
[2014.10.15-00.22.16:978][943]LogModuleManager: Shutting down and abandoning module EditorStyle (88)
[2014.10.15-00.22.16:980][943]LogModuleManager: Shutting down and abandoning module SessionServices (87)
[2014.10.15-00.22.16:980][943]LogModuleManager: Shutting down and abandoning module SourceCodeAccess (86)
[2014.10.15-00.22.16:980][943]LogModuleManager: Shutting down and abandoning module HeadMountedDisplay (85)
[2014.10.15-00.22.16:980][943]LogModuleManager: Shutting down and abandoning module XAudio2 (84)
[2014.10.15-00.22.16:980][943]LogModuleManager: Shutting down and abandoning module Networking (82)
[2014.10.15-00.22.16:980][943]LogModuleManager: Shutting down and abandoning module Core (81)
[2014.10.15-00.22.16:980][943]LogModuleManager: Shutting down and abandoning module KismetCompiler (80)
[2014.10.15-00.22.16:980][943]LogModuleManager: Shutting down and abandoning module PhysXFormats (79)
[2014.10.15-00.22.16:980][943]LogModuleManager: Shutting down and abandoning module MeshUtilities (78)
[2014.10.15-00.22.16:984][943]LogModuleManager: Shutting down and abandoning module DerivedDataCache (77)
[2014.10.15-00.22.16:998][943]LogDerivedDataCache: Shutdown
[2014.10.15-00.22.16:998][943]LogModuleManager: Shutting down and abandoning module ShaderFormatOpenGL (76)
[2014.10.15-00.22.16:999][943]LogModuleManager: Shutting down and abandoning module ShaderFormatD3D (75)
[2014.10.15-00.22.16:999][943]LogModuleManager: Shutting down and abandoning module MetalShaderFormat (74)
[2014.10.15-00.22.17:000][943]LogModuleManager: Shutting down and abandoning module TextureFormatUncompressed (73)
[2014.10.15-00.22.17:000][943]LogModuleManager: Shutting down and abandoning module TextureFormatPVR (72)
[2014.10.15-00.22.17:000][943]LogModuleManager: Shutting down and abandoning module TextureFormatDXT (71)
[2014.10.15-00.22.17:000][943]LogModuleManager: Shutting down and abandoning module TextureFormatAndroid (70)
[2014.10.15-00.22.17:000][943]LogModuleManager: Shutting down and abandoning module AudioFormatOpus (69)
[2014.10.15-00.22.17:000][943]LogModuleManager: Shutting down and abandoning module AudioFormatOgg (68)
[2014.10.15-00.22.17:000][943]LogModuleManager: Shutting down and abandoning module AudioFormatADPCM (67)
[2014.10.15-00.22.17:000][943]LogModuleManager: Shutting down and abandoning module Messaging (66)
[2014.10.15-00.22.17:000][943]LogModuleManager: Shutting down and abandoning module IOSTargetPlatform (65)
[2014.10.15-00.22.17:000][943]LogModuleManager: Shutting down and abandoning module Android_PVRTCTargetPlatform (64)
[2014.10.15-00.22.17:000][943]LogModuleManager: Shutting down and abandoning module Android_ETC2TargetPlatform (63)
[2014.10.15-00.22.17:000][943]LogModuleManager: Shutting down and abandoning module Android_ETC1TargetPlatform (62)
[2014.10.15-00.22.17:000][943]LogModuleManager: Shutting down and abandoning module Android_DXTTargetPlatform (61)
[2014.10.15-00.22.17:000][943]LogModuleManager: Shutting down and abandoning module Android_ATCTargetPlatform (60)
[2014.10.15-00.22.17:000][943]LogModuleManager: Shutting down and abandoning module AndroidTargetPlatform (59)
[2014.10.15-00.22.17:000][943]LogModuleManager: Shutting down and abandoning module WindowsTargetPlatform (58)
[2014.10.15-00.22.17:000][943]LogModuleManager: Shutting down and abandoning module WindowsServerTargetPlatform (57)
[2014.10.15-00.22.17:000][943]LogModuleManager: Shutting down and abandoning module WindowsNoEditorTargetPlatform (56)
[2014.10.15-00.22.17:000][943]LogModuleManager: Shutting down and abandoning module WindowsClientTargetPlatform (55)
[2014.10.15-00.22.17:000][943]LogModuleManager: Shutting down and abandoning module TargetPlatform (54)
[2014.10.15-00.22.17:000][943]LogModuleManager: Shutting down and abandoning module InputCore (53)
[2014.10.15-00.22.17:000][943]LogModuleManager: Shutting down and abandoning module Settings (52)
[2014.10.15-00.22.17:000][943]LogModuleManager: Shutting down and abandoning module TextureCompressor (49)
[2014.10.15-00.22.17:000][943]LogModuleManager: Shutting down and abandoning module ShaderCore (48)
[2014.10.15-00.22.17:000][943]LogModuleManager: Shutting down and abandoning module OpenGLDrv (47)
[2014.10.15-00.22.17:000][943]LogModuleManager: Shutting down and abandoning module D3D11RHI (46)
[2014.10.15-00.22.17:000][943]LogModuleManager: Shutting down and abandoning module SlateRHIRenderer (45)
[2014.10.15-00.22.17:000][943]LogModuleManager: Shutting down and abandoning module Renderer (44)
[2014.10.15-00.22.17:000][943]LogModuleManager: Shutting down and abandoning module Engine (43)
[2014.10.15-00.22.17:000][943]LogModuleManager: Shutting down and abandoning module SlateRemote (42)
[2014.10.15-00.22.17:000][943]LogModuleManager: Shutting down and abandoning module ScriptPlugin (41)
[2014.10.15-00.22.17:000][943]LogModuleManager: Shutting down and abandoning module ScriptEditorPlugin (39)
[2014.10.15-00.22.17:000][943]LogModuleManager: Shutting down and abandoning module WindowsMoviePlayer (38)
[2014.10.15-00.22.17:007][943]LogModuleManager: Shutting down and abandoning module ExampleDeviceProfileSelector (31)
[2014.10.15-00.22.17:007][943]LogModuleManager: Shutting down and abandoning module CustomMeshComponent (30)
[2014.10.15-00.22.17:007][943]LogModuleManager: Shutting down and abandoning module CableComponent (29)
[2014.10.15-00.22.17:007][943]LogModuleManager: Shutting down and abandoning module OculusRift (25)
[2014.10.15-00.22.17:007][943]LogModuleManager: Shutting down and abandoning module UdpMessaging (24)
[2014.10.15-00.22.17:109][943]LogModuleManager: Shutting down and abandoning module MessagingDebugger (23)
[2014.10.15-00.22.17:114][943]LogModuleManager: Shutting down and abandoning module SmartSnapping (21)
[2014.10.15-00.22.17:114][943]LogModuleManager: Shutting down and abandoning module PaperJsonImporter (20)
[2014.10.15-00.22.17:114][943]LogModuleManager: Shutting down and abandoning module Paper2DEditor (19)
[2014.10.15-00.22.17:117][943]LogModuleManager: Shutting down and abandoning module Paper2D (18)
[2014.10.15-00.22.17:117][943]LogModuleManager: Shutting down and abandoning module SpeedTreeImporter (14)
[2014.10.15-00.22.17:117][943]LogModuleManager: Shutting down and abandoning module PluginsEditor (13)
[2014.10.15-00.22.17:118][943]LogModuleManager: Shutting down and abandoning module EpicSurvey (12)
[2014.10.15-00.22.17:118][943]LogModuleManager: Shutting down and abandoning module VisualStudioSourceCodeAccess (10)
[2014.10.15-00.22.17:118][943]LogModuleManager: Shutting down and abandoning module UObjectPlugin (9)
[2014.10.15-00.22.17:118][943]LogModuleManager: Shutting down and abandoning module SubversionSourceControl (8)
[2014.10.15-00.22.17:119][943]LogModuleManager: Shutting down and abandoning module PerforceSourceControl (7)
[2014.10.15-00.22.17:125][943]LogModuleManager: Shutting down and abandoning module BlankPlugin (6)
[2014.10.15-00.22.17:125][943]LogModuleManager: Shutting down and abandoning module CoreUObject (5)
[2014.10.15-00.22.17:125][943]LogModuleManager: Shutting down and abandoning module NetworkFile (4)
[2014.10.15-00.22.17:125][943]LogModuleManager: Shutting down and abandoning module StreamingFile (3)
[2014.10.15-00.22.17:125][943]LogModuleManager: Shutting down and abandoning module SandboxFile (2)
[2014.10.15-00.22.17:125][943]LogModuleManager: Shutting down and abandoning module PakFile (1)
[2014.10.15-00.22.17:125][943]LogExit: Exiting.
[2014.10.15-00.22.17:132][943]Log file closed, 10/14/14 20:22:17
