Log file open, 12/09/14 21:57:40
LogInit:Display: Running engine for game: CowTipping
LogInit: Version: 4.3.1-2226335+++depot+UE4-Releases+4.3
LogInit: API Version: 2215663
LogInit: Compiled (64-bit): Jul 21 2014 22:28:08
LogInit: Build Configuration: Development
LogInit: Branch Name: ++depot+UE4-Releases+4.3
LogInit: Command line: 
LogInit: Base directory: C:/Program Files/Unreal Engine/4.3/Engine/Binaries/Win64/
LogInit: Rocket: 1
[2014.12.10-02.57.40:021][  0]LogTaskGraph: Started task graph with 3 named threads and 4 total threads.
[2014.12.10-02.57.40:046][  0]LogOnline:Warning: No default platform service specified for OnlineSubsystem
[2014.12.10-02.57.40:050][  0]LogInit: Presizing for 0 objects not considered by GC, pre-allocating 0 bytes.
[2014.12.10-02.57.40:054][  0]LogInit: Object subsystem initialized
[2014.12.10-02.57.40:056][  0]LogInit: Selected Device Profile: [Windows]
[2014.12.10-02.57.40:056][  0]LogInit: Applying CVar settings loaded from the selected device profile: [Windows]
[2014.12.10-02.57.40:071][  0]LogInit: Computer: GLADOS
[2014.12.10-02.57.40:071][  0]LogInit: User: eccentricsomething
[2014.12.10-02.57.40:072][  0]LogInit: CPU Page size=4096, Cores=4
[2014.12.10-02.57.40:072][  0]LogInit: High frequency timer resolution =3.320311 MHz
[2014.12.10-02.57.40:072][  0]LogMemory: Memory total: Physical=7.9GB (8GB approx) Virtual=131072.0GB
[2014.12.10-02.57.40:072][  0]LogMemory: Platform Memory Stats for Windows
[2014.12.10-02.57.40:072][  0]LogMemory: Process Physical Memory: 62.02 MB used, 62.13 MB peak
[2014.12.10-02.57.40:072][  0]LogMemory: Process Virtual Memory: 38.66 MB used, 38.80 MB peak
[2014.12.10-02.57.40:072][  0]LogMemory: Physical Memory: 3969.39 MB used, 8122.36 MB total
[2014.12.10-02.57.40:072][  0]LogMemory: Virtual Memory: 255.50 MB used, 134217728.00 MB total
[2014.12.10-02.57.40:095][  0]LogD3D11RHI: Found D3D11 adapter 0: NVIDIA GeForce GTX 670 (Feature Level 11_0)
[2014.12.10-02.57.40:095][  0]LogD3D11RHI: Adapter has 1985MB of dedicated video memory, 0MB of dedicated system memory, and 2048MB of shared system memory, 2 output[s]
[2014.12.10-02.57.40:096][  0]LogD3D11RHI: Found D3D11 adapter 1: Microsoft Basic Render Driver (Feature Level 11_0)
[2014.12.10-02.57.40:096][  0]LogD3D11RHI: Adapter has 0MB of dedicated video memory, 0MB of dedicated system memory, and 256MB of shared system memory, 0 output[s]
[2014.12.10-02.57.40:096][  0]LogD3D11RHI: Chosen D3D11 Adapter Id = 0
[2014.12.10-02.57.40:099][  0]LogRHI: Texture pool is 1361 MB (70% of 1945 MB)
[2014.12.10-02.57.40:106][  0]LogD3D11RHI: Async texture creation enabled
[2014.12.10-02.57.40:191][  0]LogContentStreaming: Texture pool size is 0.000000MB
[2014.12.10-02.57.40:653][  0]LogTargetPlatformManager:Display: Building Assets For Windows
[2014.12.10-02.57.40:710][  0]LogTargetPlatformManager:Display: Building Assets For Windows
[2014.12.10-02.57.40:731][  0]LogDerivedDataCache:Display: Max Cache Size: 512 MB
[2014.12.10-02.57.40:776][  0]LogDerivedDataCache: Loaded boot cache 0.04s 41MB C:/Users/eccentricsomething/AppData/Local/UnrealEngine/4.3/DerivedDataCache/Boot.ddc.
[2014.12.10-02.57.40:776][  0]LogDerivedDataCache:Display: Loaded Boot cache: C:/Users/eccentricsomething/AppData/Local/UnrealEngine/4.3/DerivedDataCache/Boot.ddc
[2014.12.10-02.57.40:776][  0]LogDerivedDataCache: FDerivedDataBackendGraph:  Pak pak cache file D:/SIGGD/Github/Cow-Tipping/DerivedDataCache/DDC.ddp not found, will not use a pak cache.
[2014.12.10-02.57.40:776][  0]LogDerivedDataCache: Unable to find inner node Pak for hierarchical cache Hierarchy.
[2014.12.10-02.57.40:787][  0]LogDerivedDataCache:Display: Pak cache opened for reading ../../../Engine/DerivedDataCache/DDC.ddp.
[2014.12.10-02.57.40:798][  0]LogDerivedDataCache: Using Local data cache path C:/Users/eccentricsomething/AppData/Local/UnrealEngine/4.3/DerivedDataCache: Writable
[2014.12.10-02.57.40:919][  0]LogMeshUtilities: No automatic mesh reduction module available
[2014.12.10-02.57.40:919][  0]LogMeshUtilities: No automatic mesh merging module available
[2014.12.10-02.57.41:162][  0]LogInit: WinSock: version 1.1 (2.2), MaxSocks=32767, MaxUdp=65467
[2014.12.10-02.57.41:592][  0]LogLinker:Warning: Asset '../../../Engine/Plugins/Experimental/Paper2D/Content/DefaultPaperTerrainMaterial.uasset' has been saved with empty engine version. The asset will be loaded but may be incompatible.
[2014.12.10-02.57.41:592][  0]LogLinker:Warning: Asset '../../../Engine/Plugins/Experimental/Paper2D/Content/DummySprite.uasset' has been saved with empty engine version. The asset will be loaded but may be incompatible.
[2014.12.10-02.57.41:593][  0]UdpMessaging: Initializing bridge on interface 0.0.0.0:0 to multicast group 230.0.0.1:6666.
[2014.12.10-02.57.41:686][  0]SourceControl: Info Source control is disabled
[2014.12.10-02.57.41:686][  0]SourceControl: Info Source control is disabled
[2014.12.10-02.57.41:694][  0]SourceControl: Info Source control is disabled
[2014.12.10-02.57.41:770][  0]BlueprintLog: New page: Editor Load
[2014.12.10-02.57.41:792][  0]LogObj: 20191 objects as part of root set at end of initial load.
[2014.12.10-02.57.41:792][  0]LogUObjectAllocator: 3997440 out of 0 bytes used by permanent object pool.
[2014.12.10-02.57.41:893][  0]LogEngine: Initializing Engine...
[2014.12.10-02.57.41:954][  0]LogInit: XAudio2 using 'Speakers (High Definition Audio Device)' : 2 channels at 44.1 kHz using 16 bits per sample (channel mask 0x3)
[2014.12.10-02.57.41:959][  0]LogInit: FAudioDevice initialized.
[2014.12.10-02.57.41:968][  0]LogAIModule: Creating AISystem for world NewWorld
[2014.12.10-02.57.41:992][  0]LogDerivedDataCache: Saved boot cache 0.02s 41MB C:/Users/eccentricsomething/AppData/Local/UnrealEngine/4.3/DerivedDataCache/Boot.ddc.
[2014.12.10-02.57.41:999][  0]LogInit: Texture streaming: Enabled
[2014.12.10-02.57.42:015][  0]LogInit: Transaction tracking system initialized
[2014.12.10-02.57.42:067][  0]LogAssetRegistry: FAssetRegistry took 0.0103 seconds to start up
[2014.12.10-02.57.42:144][  0]LogTargetPlatformManager:Display: Building Assets For Windows
[2014.12.10-02.57.42:163][  0]LogTargetPlatformManager:Display: Building Assets For Windows
[2014.12.10-02.57.42:219][  0]LogConsoleResponse:Display: 
[2014.12.10-02.57.42:310][  0]SourceControl: Info Source control is disabled
[2014.12.10-02.57.42:310][  0]Cmd: MAP LOAD FILE="D:/SIGGD/Github/Cow-Tipping/Content/Maps/Level_01.umap" TEMPLATE=0 SHOWPROGRESS=1
[2014.12.10-02.57.42:310][  0]LightingResults: New page: Lighting Build
[2014.12.10-02.57.42:314][  0]MapCheck: New page: Map Check
[2014.12.10-02.57.42:314][  0]LightingResults: New page: Lighting Build
[2014.12.10-02.57.42:324][  0]LogParticles: Destroying 0 GPU particle simulations for FXSystem 0x0000006A4AE584A0
[2014.12.10-02.57.43:189][  0]LogTexture:Display: Building textures: p_ph_1 (AutoDXT)
[2014.12.10-02.57.43:189][  0]LogTexture:Display: Building textures: p_ph_2 (AutoDXT)
[2014.12.10-02.57.43:190][  0]LogTexture:Display: Building textures: p_ph_3 (AutoDXT)
[2014.12.10-02.57.43:190][  0]LogTexture:Display: Building textures: p_ph_4 (AutoDXT)
[2014.12.10-02.57.43:190][  0]LogTexture:Display: Building textures: p_ph_5 (AutoDXT)
[2014.12.10-02.57.43:191][  0]LogTexture:Display: Building textures: p_ph_6 (AutoDXT)
[2014.12.10-02.57.43:191][  0]LogTexture:Display: Building textures: p_ph_7 (AutoDXT)
[2014.12.10-02.57.43:191][  0]LogTexture:Display: Building textures: p_ph_8 (AutoDXT)
[2014.12.10-02.57.43:191][  0]LogTexture:Display: Building textures: bs_attack_1 (AutoDXT)
[2014.12.10-02.57.43:193][  0]LogTexture:Display: Building textures: bs_attack_2 (AutoDXT)
[2014.12.10-02.57.43:195][  0]LogTexture:Display: Building textures: bs_attack_3 (AutoDXT)
[2014.12.10-02.57.43:197][  0]LogTexture:Display: Building textures: bs_attack_4 (AutoDXT)
[2014.12.10-02.57.43:199][  0]LogTexture:Display: Building textures: bs_attack_5 (AutoDXT)
[2014.12.10-02.57.43:201][  0]LogTexture:Display: Building textures: BlacksmithSpriteSheetIdle (AutoDXT)
[2014.12.10-02.57.43:207][  0]LogTexture:Display: Building textures: BlacksmithSpriteSheetWalk (AutoDXT)
[2014.12.10-02.57.43:213][  0]LogTexture:Display: Building textures: ClownAttackSpriteSheet (AutoDXT)
[2014.12.10-02.57.43:219][  0]LogTexture:Display: Building textures: ClownSpriteSheetIdle (AutoDXT)
[2014.12.10-02.57.43:225][  0]LogTexture:Display: Building textures: ClownSpriteSheetWalk (AutoDXT)
[2014.12.10-02.57.43:231][  0]LogTexture:Display: Building textures: rn_attack_1 (AutoDXT)
[2014.12.10-02.57.43:232][  0]LogTexture:Display: Building textures: rn_attack_2 (AutoDXT)
[2014.12.10-02.57.43:233][  0]LogTexture:Display: Building textures: rn_attack_3 (AutoDXT)
[2014.12.10-02.57.43:235][  0]LogTexture:Display: Building textures: rn_attack_4 (AutoDXT)
[2014.12.10-02.57.43:237][  0]LogTexture:Display: Building textures: rn_attack_5 (AutoDXT)
[2014.12.10-02.57.43:238][  0]LogTexture:Display: Building textures: rn_attack_6 (AutoDXT)
[2014.12.10-02.57.43:240][  0]LogTexture:Display: Building textures: rn_attack_7 (AutoDXT)
[2014.12.10-02.57.43:241][  0]LogTexture:Display: Building textures: RedNeckSpriteSheetIdle (AutoDXT)
[2014.12.10-02.57.43:246][  0]LogTexture:Display: Building textures: RedNeckSpriteSheetWalk (AutoDXT)
[2014.12.10-02.57.43:252][  0]LogTexture:Display: Building textures: attack_single_1 (BGRA8)
[2014.12.10-02.57.43:252][  0]LogTexture:Display: Building textures: attack_single_2 (BGRA8)
[2014.12.10-02.57.43:253][  0]LogTexture:Display: Building textures: attack_single_3 (BGRA8)
[2014.12.10-02.57.43:253][  0]LogTexture:Display: Building textures: attack_single_4 (BGRA8)
[2014.12.10-02.57.43:254][  0]LogTexture:Display: Building textures: attack_double_01 (BGRA8)
[2014.12.10-02.57.43:255][  0]LogTexture:Display: Building textures: attack_double_02 (BGRA8)
[2014.12.10-02.57.43:255][  0]LogTexture:Display: Building textures: attack_double_03 (BGRA8)
[2014.12.10-02.57.43:256][  0]LogTexture:Display: Building textures: attack_double_06 (BGRA8)
[2014.12.10-02.57.43:256][  0]LogTexture:Display: Building textures: attack_double_10 (BGRA8)
[2014.12.10-02.57.43:257][  0]LogTexture:Display: Building textures: attack_double_11 (BGRA8)
[2014.12.10-02.57.43:257][  0]LogTexture:Display: Building textures: BullSpriteSheetIdle (AutoDXT)
[2014.12.10-02.57.43:264][  0]LogTexture:Display: Building textures: BullSpriteSheet (AutoDXT)
[2014.12.10-02.57.43:271][  0]LogTexture:Display: Building textures: Level_3_Platform_Orange_Small (BGRA8)
[2014.12.10-02.57.43:272][  0]LogBlueprint:Warning: Node '/Game/Blueprints/MovingPlatform.MovingPlatform:UserConstructionScript.K2Node_VariableGet_34133' missing NodeGuid.
[2014.12.10-02.57.43:273][  0]LogTexture:Display: Building textures: bull_idle_1t (AutoDXT)
[2014.12.10-02.57.43:275][  0]LogTexture:Display: Building textures: bull_idle_2t (AutoDXT)
[2014.12.10-02.57.43:277][  0]LogTexture:Display: Building textures: bull_idle_3t (AutoDXT)
[2014.12.10-02.57.43:278][  0]LogTexture:Display: Building textures: bull_idle_4t (AutoDXT)
[2014.12.10-02.57.43:281][  0]LogTexture:Display: Building textures: ug1_grey (BGRA8)
[2014.12.10-02.57.43:282][  0]LogTexture:Display: Building textures: ug2_grey (BGRA8)
[2014.12.10-02.57.43:282][  0]LogTexture:Display: Building textures: ug3_grey (BGRA8)
[2014.12.10-02.57.43:283][  0]LogTexture:Display: Building textures: ug4_grey (AutoDXT)
[2014.12.10-02.57.43:293][  0]LogTexture:Display: Building textures: ug5_grey (BGRA8)
[2014.12.10-02.57.43:295][  0]LogTexture:Display: Building textures: ug6_grey (BGRA8)
[2014.12.10-02.57.43:297][  0]LogTexture:Display: Building textures: ug7_grey (AutoDXT)
[2014.12.10-02.57.43:302][  0]LogTexture:Display: Building textures: ug1_color (BGRA8)
[2014.12.10-02.57.43:304][  0]LogTexture:Display: Building textures: ug2_color (BGRA8)
[2014.12.10-02.57.43:304][  0]LogTexture:Display: Building textures: ug3_color (BGRA8)
[2014.12.10-02.57.43:306][  0]LogTexture:Display: Building textures: ug4_color (AutoDXT)
[2014.12.10-02.57.43:313][  0]LogTexture:Display: Building textures: ug5_color (BGRA8)
[2014.12.10-02.57.43:315][  0]LogTexture:Display: Building textures: ug6_color (BGRA8)
[2014.12.10-02.57.43:316][  0]LogTexture:Display: Building textures: ug7_color (AutoDXT)
[2014.12.10-02.57.43:325][  0]LogTexture:Display: Building textures: menu_back_ph (AutoDXT)
[2014.12.10-02.57.43:342][  0]LogTexture:Display: Building textures: Mesquite_PageA (AutoDXT)
[2014.12.10-02.57.43:349][  0]LogTexture:Display: Building textures: Mesquite_PageB (AutoDXT)
[2014.12.10-02.57.43:361][  0]LogTexture:Display: Building textures: Mesquite_PageC (AutoDXT)
[2014.12.10-02.57.43:368][  0]LogTexture:Display: Building textures: Mesquite_PageD (AutoDXT)
[2014.12.10-02.57.43:374][  0]LogTexture:Display: Building textures: Mesquite_PageE (AutoDXT)
[2014.12.10-02.57.43:381][  0]LogTexture:Display: Building textures: Mesquite_PageF (AutoDXT)
[2014.12.10-02.57.43:388][  0]LogTexture:Display: Building textures: Mesquite_PageH (AutoDXT)
[2014.12.10-02.57.43:394][  0]LogTexture:Display: Building textures: Mesquite_PageG (AutoDXT)
[2014.12.10-02.57.43:414][  0]LogTexture:Display: Building textures: hud_background (AutoDXT)
[2014.12.10-02.57.43:501][  0]LogTexture:Display: Building textures: Health_Bar (BGRA8)
[2014.12.10-02.57.43:503][  0]LogTexture:Display: Building textures: Health_Bar_full (BGRA8)
[2014.12.10-02.57.43:506][  0]LogTexture:Display: Building textures: l1_grey (BGRA8)
[2014.12.10-02.57.43:507][  0]LogTexture:Display: Building textures: l1 (AutoDXT)
[2014.12.10-02.57.43:512][  0]LogTexture:Display: Building textures: l2 (BGRA8)
[2014.12.10-02.57.43:513][  0]LogTexture:Display: Building textures: l3 (BGRA8)
[2014.12.10-02.57.43:514][  0]LogTexture:Display: Building textures: Spur (AutoDXT)
[2014.12.10-02.57.43:535][  0]LogTexture:Display: Building textures: Level_1_Chains (BGRA8)
[2014.12.10-02.57.43:715][  0]LogTexture:Display: Building textures: Level_1_DirtForeground (BGRA8)
[2014.12.10-02.57.43:889][  0]LogTexture:Display: Building textures: Level_1_Layout (BGRA8)
[2014.12.10-02.57.44:037][  0]LogTexture:Display: Building textures: Level_1_Peg (BGRA8)
[2014.12.10-02.57.44:065][  0]LogTexture:Display: Building textures: Level_1_Pillars (BGRA8)
[2014.12.10-02.57.44:202][  0]LogTexture:Display: Building textures: Level_1_PlatformLarge (BGRA8)
[2014.12.10-02.57.44:202][  0]LogTexture:Display: Building textures: Level_1_PlatformMedium (BGRA8)
[2014.12.10-02.57.44:203][  0]LogTexture:Display: Building textures: Level_1_PlatformSmall (BGRA8)
[2014.12.10-02.57.44:256][  0]LogTexture:Display: Building textures: Level_1_SheetMetalBackground (BGRA8)
[2014.12.10-02.57.44:395][  0]LogTexture:Display: Building textures: star (AutoDXT)
[2014.12.10-02.57.44:419][  0]LogTexture:Display: Building textures: Level_1_Windows (BGRA8)
[2014.12.10-02.57.44:621][  0]LogEditorServer: Finished looking for orphan Actors (0.000 secs)
[2014.12.10-02.57.44:622][  0]LogAIModule: Creating AISystem for world Level_01
[2014.12.10-02.57.44:622][  0]Cmd: MAP CHECKDEP
[2014.12.10-02.57.44:622][  0]MapCheck: New page: Level_01 - Dec 9, 2014, 4:57:44 PM
[2014.12.10-02.57.44:654][  0]MapCheck: Info ========== Map Check: 0 Error(s), 0 Warning(s), [32.378ms] ==========
[2014.12.10-02.57.44:654][  0]LogFileHelpers: Loading map 'Level_01' took 2.344
[2014.12.10-02.57.44:819][  0]LogCollectionManager: Loaded 0 collections in 0.000824 seconds
[2014.12.10-02.57.45:021][  0]LogCrashTracker: Crashtracker disabled due to settings.
[2014.12.10-02.57.45:080][  0]LogLoad: Full Startup: 5.79 seconds (BP compile: 0.36 seconds)
[2014.12.10-02.57.45:090][  0]LogContentBrowser:Verbose: The content browser source was changed by the sources view to '/Game/Blueprints'
[2014.12.10-02.57.45:160][  0]LogRenderer:Warning: Reallocating scene render targets to support 32x32.
[2014.12.10-02.57.45:171][  0]LogSlate: SRTH: 0000006A5BE925C0, 952 x 895
[2014.12.10-02.57.45:230][  0]LogRenderer:Warning: Reallocating scene render targets to support 952x896.
[2014.12.10-02.57.45:423][  1]LogAssetRegistry: Asset discovery search completed in 3.3661 seconds
[2014.12.10-02.57.45:532][  3]LogEpicStorage:Warning: EnumerateFiles request failed. Invalid response. code=403 error=<?xml version="1.0" encoding="UTF-8"?>
<Error><Code>AccessDenied</Code><Message>Access Denied</Message><RequestId>45A28CA635C0EC8D</RequestId><HostId>SBKb5Ev4Cwp2f3VJhgoot73VF3Nt91klt11lLa9jfQuAaG4FPzqQjHa/+JLbC4BXwPWTd9KkTk4=</HostId></Error>
[2014.12.10-02.57.45:542][  4]LogEpicSurvey:Warning: EnumerateFiles request failed. Invalid response. code=403 error=<?xml version="1.0" encoding="UTF-8"?>
<Error><Code>AccessDenied</Code><Message>Access Denied</Message><RequestId>BA9C0B6756D3964D</RequestId><HostId>6Xo4621sfKFjIt0qEE9Sg5SV43ve1a7VbRXPr8d42HIC+mpBbj8RD0eqfbzk0W2iQPgBM++FwH4=</HostId></Error>
[2014.12.10-02.57.45:618][  9]LogEpicStorage:Warning: EnumerateFiles request failed. Invalid response. code=403 error=<?xml version="1.0" encoding="UTF-8"?>
<Error><Code>AccessDenied</Code><Message>Access Denied</Message><RequestId>99F3EA377F6D1ED7</RequestId><HostId>N+cSorZdC/cPnpAAfHc2bnqWuI+oHTsFD1q/rjyN9ixq7vl9DE3hVCg2jiuavCHE</HostId></Error>
[2014.12.10-02.57.45:633][ 10]LogEpicSurvey:Warning: EnumerateFiles request failed. Invalid response. code=403 error=<?xml version="1.0" encoding="UTF-8"?>
<Error><Code>AccessDenied</Code><Message>Access Denied</Message><RequestId>866846B6F9073A2C</RequestId><HostId>VPuN3p75w4XCyxgoUqcv0q/xT4y0/s/APu95MG05/Z4PqMtHpydZ+obnhqe6rMU7xl2VBvkfqt8=</HostId></Error>
[2014.12.10-02.57.45:821][ 19]LogEpicStorage:Warning: ReadFile request failed. File request already pending for filename=http://cdn.unrealengine.com/newsfeed/blueprint_icon_b.png
[2014.12.10-02.57.45:879][ 19]LogEpicStorage:Warning: ReadFile request failed. File request already pending for filename=http://cdn.unrealengine.com/newsfeed/blueprint_icon_b.png
[2014.12.10-02.57.55:613][151]BlueprintLog: New page: Pre-PIE auto-recompile
[2014.12.10-02.57.55:613][151]LogPlayLevel: [PIE] Compiling Level_01 before PIE...
[2014.12.10-02.57.55:681][151]LogActorComponent: UnregisterComponent: (/Engine/Transient.ProjectileMovementComponent_0) Not registered. Aborting.
[2014.12.10-02.57.55:681][151]LogActorComponent: UnregisterComponent: (/Engine/Transient.CharacterMovementComponent_0) Not registered. Aborting.
[2014.12.10-02.57.55:681][151]LogActorComponent: UnregisterComponent: (/Engine/Transient.CharacterMovementComponent_1) Not registered. Aborting.
[2014.12.10-02.57.55:754][151]LogPlayLevel: PIE:  Blueprint regeneration took 141 ms (1 blueprints)
[2014.12.10-02.57.55:754][151]PIE: New page: PIE session: Level_01 (Dec 9, 2014, 4:57:55 PM)
[2014.12.10-02.57.55:769][151]LogPlayLevel: PIE: StaticDuplicateObject took: (0.014425s)
[2014.12.10-02.57.55:769][151]LogPlayLevel: PIE: World Init took: (0.000473s)
[2014.12.10-02.57.55:770][151]LogPlayLevel: PIE: Created PIE world by copying editor world from /Game/Maps/Level_01.Level_01 to /Game/Maps/UEDPIE_0_Level_01.Level_01 (0.015149s)
[2014.12.10-02.57.55:799][151]LogWorld: Game class is 'CTGameMode_C'
[2014.12.10-02.57.55:812][151]LogSlate: SRTH: 0000006A42D307C0, 1290 x 754
[2014.12.10-02.57.55:854][151]LogAIModule: Creating AISystem for world Level_01
[2014.12.10-02.57.55:892][151]LogWorld: Bringing World /Game/Maps/UEDPIE_0_Level_01.Level_01 up for play (max tick rate 0) at 2014.12.09-21.57.55
[2014.12.10-02.57.55:902][151]LogWorld: Bringing up level for play took: 0.048214
[2014.12.10-02.57.55:902][151]LogPlayerController: Spawned spectator SpectatorPawn_0 [server:1]
[2014.12.10-02.57.55:903][151]LogGameMode: RestartPlayer 256
[2014.12.10-02.57.55:905][151]LogPlayerController: ClientRestart_Implementation Bull_Character_C_0
[2014.12.10-02.57.55:905][151]LogPlayerController: ServerAcknowledgePossession_Implementation Bull_Character_C_0
[2014.12.10-02.57.55:911][151]PIE: Info Play in editor start time for /Game/Maps/UEDPIE_0_Level_01 0.524
[2014.12.10-02.57.55:939][151]LogRenderer:Warning: Reallocating scene render targets to support 1296x896.
[2014.12.10-02.57.55:958][151]LogSlate: SRTH: 0000006A5BE3DD80, 952 x 899, prev 0000000000000000
[2014.12.10-02.57.55:981][151]LogRenderer:Warning: Reallocating scene render targets to support 1296x904.
[2014.12.10-02.57.55:996][151]LogSlate: SRTH: 0000006A5BE3DCC0, 1280 x 720, prev 0000000000000000
[2014.12.10-02.57.56:024][152]LogCharacterMovement:Warning: GetSimulationTimeStep() - Max iterations 8 hit while remaining time 0.074445 > MaxSimulationTimeStep (0.050) for 'EnemyAI_C_3'
[2014.12.10-02.57.56:024][152]LogCharacterMovement:Warning: GetSimulationTimeStep() - Max iterations 8 hit while remaining time 0.053860 > MaxSimulationTimeStep (0.050) for 'EnemyAI_C_4'
[2014.12.10-02.57.56:024][152]LogCharacterMovement:Warning: GetSimulationTimeStep() - Max iterations 8 hit while remaining time 0.054930 > MaxSimulationTimeStep (0.050) for 'EnemyAI_C_5'
[2014.12.10-02.57.59:214][519]LogBlueprintUserMessages: Player Took Damage: 3
[2014.12.10-02.58.02:366][897]LogCollision:Warning: ConvertOverlappedShapeToImpactHit: Query origin inside shape, giving poor MTD.
[2014.12.10-02.58.02:375][898]LogCollision:Warning: ConvertOverlappedShapeToImpactHit: Query origin inside shape, giving poor MTD.
[2014.12.10-02.58.02:383][899]LogCollision:Warning: ConvertOverlappedShapeToImpactHit: Query origin inside shape, giving poor MTD.
[2014.12.10-02.58.02:391][900]LogCollision:Warning: ConvertOverlappedShapeToImpactHit: Query origin inside shape, giving poor MTD.
[2014.12.10-02.58.02:400][901]LogCollision:Warning: ConvertOverlappedShapeToImpactHit: Query origin inside shape, giving poor MTD.
[2014.12.10-02.58.02:408][902]LogCollision:Warning: ConvertOverlappedShapeToImpactHit: Query origin inside shape, giving poor MTD.
[2014.12.10-02.58.02:416][903]LogCollision:Warning: ConvertOverlappedShapeToImpactHit: Query origin inside shape, giving poor MTD.
[2014.12.10-02.58.08:019][575]LogBlueprintUserMessages: Player Took Damage: 3
[2014.12.10-02.58.23:671][452]LogProjectileMovement:Warning: Projectile_C_12 is outside the world bounds!
[2014.12.10-02.58.24:254][522]LogProjectileMovement:Warning: Projectile_C_13 is outside the world bounds!
[2014.12.10-02.58.30:753][288]LogContentBrowser:Verbose: The content browser source was changed by the sources view to '/Game/Textures'
[2014.12.10-02.58.32:830][535]LogContentBrowser:Verbose: The content browser source was changed by the sources view to '/Game/Textures/Level_1'
[2014.12.10-02.58.39:519][330]LogContentBrowser:Verbose: The content browser source was changed by the sources view to '/Game/Textures/Level01Textures'
[2014.12.10-02.58.42:245][645]LogSlate: SRTH: 0000006A45C747C0, 905 x 742
[2014.12.10-02.58.42:304][646]LogSlate: SRTH: 0000006A45C75240, 925 x 762, prev 0000000000000000
[2014.12.10-02.58.52:632][806]LogParticles: Destroying 0 GPU particle simulations for FXSystem 0x0000006A5B365EE0
[2014.12.10-02.59.26:349][219]LogSlate: SRTH: 0000006A4FC45180, 952 x 895, prev 0000000000000000
[2014.12.10-02.59.32:350][896]LogSlate: SRTH: 0000006A4DB85C00, 905 x 742
[2014.12.10-02.59.32:401][897]LogSlate: SRTH: 0000006A4DB28700, 925 x 762, prev 0000000000000000
[2014.12.10-02.59.37:575][495]LogTexture:Display: Building textures: Level_1_Cattle_Prod (BGRA8)
[2014.12.10-02.59.37:646][495]LogSlate: SRTH: 0000006A4DB29300, 905 x 742
[2014.12.10-02.59.37:700][496]LogSlate: SRTH: 0000006A5BE181C0, 925 x 762, prev 0000000000000000
[2014.12.10-02.59.42:551][ 44]LogSlate: SRTH: 0000006A4DC0C400, 905 x 742
[2014.12.10-02.59.42:603][ 45]LogSlate: SRTH: 0000006A45C82B00, 925 x 762, prev 0000000000000000
[2014.12.10-02.59.47:434][593]LogSlate: SRTH: 0000006A4DC0C4C0, 905 x 742
[2014.12.10-02.59.47:487][594]LogSlate: SRTH: 0000006A4DC0EEC0, 925 x 762, prev 0000000000000000
[2014.12.10-02.59.52:896][209]LogSlate: SRTH: 0000006A5BDF4400, 905 x 742
[2014.12.10-02.59.52:953][210]LogSlate: SRTH: 0000006A5BDF47C0, 925 x 762, prev 0000000000000000
[2014.12.10-02.59.57:381][710]LogSlate: SRTH: 0000006A4DC0E740, 905 x 742
[2014.12.10-02.59.57:434][711]LogSlate: SRTH: 0000006A4DC0C640, 925 x 762, prev 0000000000000000
[2014.12.10-03.00.01:017][110]LogSlate: SRTH: 0000006A4DB28F40, 905 x 742
[2014.12.10-03.00.01:071][111]LogSlate: SRTH: 0000006A4514B340, 925 x 762, prev 0000000000000000
[2014.12.10-03.00.05:132][565]LogSlate: SRTH: 0000006A45C80640, 905 x 742
[2014.12.10-03.00.05:189][566]LogSlate: SRTH: 0000006A45D02F80, 925 x 762, prev 0000000000000000
[2014.12.10-03.00.10:216][132]LogSlate: SRTH: 0000006A451496C0, 905 x 742
[2014.12.10-03.00.10:275][133]LogSlate: SRTH: 0000006A5BD693C0, 925 x 762, prev 0000000000000000
[2014.12.10-03.00.20:240][ 33]Cmd: OBJ SAVEPACKAGE PACKAGE="/Game/Textures/Level01Textures/Level_1_Chains" FILE="D:/SIGGD/Github/Cow-Tipping/Content/Textures/Level01Textures/Level_1_Chains.uasset" SILENT=true
[2014.12.10-03.00.20:314][ 33]LogSavePackage: Save=42.043953ms
[2014.12.10-03.00.20:314][ 33]LogSavePackage: Moving 'D:/SIGGD/Github/Cow-Tipping/Saved/Level_1_ChainsDA14BB42422B849C14E22CB79975B394.tmp' to 'D:/SIGGD/Github/Cow-Tipping/Content/Textures/Level01Textures/Level_1_Chains.uasset'
[2014.12.10-03.00.20:324][ 33]Cmd: OBJ SAVEPACKAGE PACKAGE="/Game/Textures/Level01Textures/Level_1_DirtForeground" FILE="D:/SIGGD/Github/Cow-Tipping/Content/Textures/Level01Textures/Level_1_DirtForeground.uasset" SILENT=true
[2014.12.10-03.00.20:483][ 33]LogSavePackage: Save=128.582840ms
[2014.12.10-03.00.20:483][ 33]LogSavePackage: Moving 'D:/SIGGD/Github/Cow-Tipping/Saved/Level_1_DirtForeground85B3C1704548B66019409DB565DF94B5.tmp' to 'D:/SIGGD/Github/Cow-Tipping/Content/Textures/Level01Textures/Level_1_DirtForeground.uasset'
[2014.12.10-03.00.20:488][ 33]Cmd: OBJ SAVEPACKAGE PACKAGE="/Game/Textures/Level01Textures/Level_1_Peg" FILE="D:/SIGGD/Github/Cow-Tipping/Content/Textures/Level01Textures/Level_1_Peg.uasset" SILENT=true
[2014.12.10-03.00.20:523][ 33]LogSavePackage: Save=5.227824ms
[2014.12.10-03.00.20:523][ 33]LogSavePackage: Moving 'D:/SIGGD/Github/Cow-Tipping/Saved/Level_1_Peg4D0F9FE045C5540EACD46EBB90EB1685.tmp' to 'D:/SIGGD/Github/Cow-Tipping/Content/Textures/Level01Textures/Level_1_Peg.uasset'
[2014.12.10-03.00.20:532][ 33]Cmd: OBJ SAVEPACKAGE PACKAGE="/Game/Textures/Level01Textures/Level_1_Pillars" FILE="D:/SIGGD/Github/Cow-Tipping/Content/Textures/Level01Textures/Level_1_Pillars.uasset" SILENT=true
[2014.12.10-03.00.20:596][ 33]LogSavePackage: Save=34.907272ms
[2014.12.10-03.00.20:596][ 33]LogSavePackage: Moving 'D:/SIGGD/Github/Cow-Tipping/Saved/Level_1_Pillars0518FA3F4626B40ECE15CE8EC46F2496.tmp' to 'D:/SIGGD/Github/Cow-Tipping/Content/Textures/Level01Textures/Level_1_Pillars.uasset'
[2014.12.10-03.00.20:601][ 33]Cmd: OBJ SAVEPACKAGE PACKAGE="/Game/Textures/Level01Textures/Level_1_PlatformLarge" FILE="D:/SIGGD/Github/Cow-Tipping/Content/Textures/Level01Textures/Level_1_PlatformLarge.uasset" SILENT=true
[2014.12.10-03.00.20:637][ 33]LogSavePackage: Save=6.743645ms
[2014.12.10-03.00.20:637][ 33]LogSavePackage: Moving 'D:/SIGGD/Github/Cow-Tipping/Saved/Level_1_PlatformLarge83406ECD4F6484C3491D2BA9CDEDF563.tmp' to 'D:/SIGGD/Github/Cow-Tipping/Content/Textures/Level01Textures/Level_1_PlatformLarge.uasset'
[2014.12.10-03.00.20:641][ 33]Cmd: OBJ SAVEPACKAGE PACKAGE="/Game/Textures/Level01Textures/Level_1_PlatformMedium" FILE="D:/SIGGD/Github/Cow-Tipping/Content/Textures/Level01Textures/Level_1_PlatformMedium.uasset" SILENT=true
[2014.12.10-03.00.20:676][ 33]LogSavePackage: Save=5.550384ms
[2014.12.10-03.00.20:676][ 33]LogSavePackage: Moving 'D:/SIGGD/Github/Cow-Tipping/Saved/Level_1_PlatformMedium51E33D3C43BFC5423528999F95AF4C9A.tmp' to 'D:/SIGGD/Github/Cow-Tipping/Content/Textures/Level01Textures/Level_1_PlatformMedium.uasset'
[2014.12.10-03.00.20:682][ 33]Cmd: OBJ SAVEPACKAGE PACKAGE="/Game/Textures/Level01Textures/Level_1_PlatformSmall" FILE="D:/SIGGD/Github/Cow-Tipping/Content/Textures/Level01Textures/Level_1_PlatformSmall.uasset" SILENT=true
[2014.12.10-03.00.20:717][ 33]LogSavePackage: Save=4.950440ms
[2014.12.10-03.00.20:717][ 33]LogSavePackage: Moving 'D:/SIGGD/Github/Cow-Tipping/Saved/Level_1_PlatformSmall77AFC748442BEEA8F2BE8886E07A6FE6.tmp' to 'D:/SIGGD/Github/Cow-Tipping/Content/Textures/Level01Textures/Level_1_PlatformSmall.uasset'
[2014.12.10-03.00.21:022][ 33]LogSavePackage: Save=264.838440ms
[2014.12.10-03.00.21:022][ 33]LogSavePackage: Moving 'D:/SIGGD/Github/Cow-Tipping/Saved/Level_1_SheetMetalBackground7E8854E34CDD44087383B9B2559B9C04.tmp' to 'D:/SIGGD/Github/Cow-Tipping/Content/Textures/Level01Textures/Level_1_SheetMetalBackground.uasset'
[2014.12.10-03.00.21:031][ 33]Cmd: OBJ SAVEPACKAGE PACKAGE="/Game/Textures/Level01Textures/Level_1_Windows" FILE="D:/SIGGD/Github/Cow-Tipping/Content/Textures/Level01Textures/Level_1_Windows.uasset" SILENT=true
[2014.12.10-03.00.21:098][ 33]LogSavePackage: Save=36.332439ms
[2014.12.10-03.00.21:098][ 33]LogSavePackage: Moving 'D:/SIGGD/Github/Cow-Tipping/Saved/Level_1_Windows7D874D7E40E21F2005645FB176454357.tmp' to 'D:/SIGGD/Github/Cow-Tipping/Content/Textures/Level01Textures/Level_1_Windows.uasset'
[2014.12.10-03.00.21:103][ 33]Cmd: OBJ SAVEPACKAGE PACKAGE="/Game/Textures/Level01Textures/Level_1_Cattle_Prod" FILE="D:/SIGGD/Github/Cow-Tipping/Content/Textures/Level01Textures/Level_1_Cattle_Prod.uasset" SILENT=true
[2014.12.10-03.00.21:139][ 33]LogSavePackage: Save=6.096417ms
[2014.12.10-03.00.21:139][ 33]LogSavePackage: Moving 'D:/SIGGD/Github/Cow-Tipping/Saved/Level_1_Cattle_Prod081509C8431AE6090E28B68D56C3737F.tmp' to 'D:/SIGGD/Github/Cow-Tipping/Content/Textures/Level01Textures/Level_1_Cattle_Prod.uasset'
[2014.12.10-03.00.23:491][315]LogContentBrowser:Verbose: The content browser source was changed by the sources view to '/Game/Textures/Characters'
[2014.12.10-03.00.27:417][777]LogSlate: SRTH: 0000006A451122C0, 905 x 742
[2014.12.10-03.00.27:469][778]LogSlate: SRTH: 0000006A451116C0, 925 x 762, prev 0000000000000000
[2014.12.10-03.00.30:497][122]LogSlate: SRTH: 0000006A429590C0, 905 x 742
[2014.12.10-03.00.30:557][123]LogSlate: SRTH: 0000006A42958400, 925 x 762, prev 0000000000000000
[2014.12.10-03.00.33:319][435]LogSlate: SRTH: 0000006A459847C0, 905 x 742
[2014.12.10-03.00.33:371][436]LogSlate: SRTH: 0000006A45986680, 925 x 762, prev 0000000000000000
[2014.12.10-03.00.35:684][694]LogSlate: SRTH: 0000006A459847C0, 905 x 742
[2014.12.10-03.00.35:736][695]LogSlate: SRTH: 0000006A45984100, 925 x 762, prev 0000000000000000
[2014.12.10-03.00.38:514][ 11]LogSlate: SRTH: 0000006A5BE18100, 905 x 742
[2014.12.10-03.00.38:574][ 12]LogSlate: SRTH: 0000006A45D01840, 925 x 762, prev 0000000000000000
[2014.12.10-03.00.41:266][318]LogSlate: SRTH: 0000006A4DBCD000, 905 x 742
[2014.12.10-03.00.41:323][319]LogSlate: SRTH: 0000006A45D00280, 925 x 762, prev 0000000000000000
[2014.12.10-03.00.44:716][707]LogSlate: SRTH: 0000006A4DBCC4C0, 905 x 742
[2014.12.10-03.00.44:772][708]LogSlate: SRTH: 0000006A45D01E40, 925 x 762, prev 0000000000000000
[2014.12.10-03.00.47:636][ 32]LogSlate: SRTH: 0000006A4DBCD780, 905 x 742
[2014.12.10-03.00.47:690][ 33]LogSlate: SRTH: 0000006A42D150C0, 925 x 762, prev 0000000000000000
[2014.12.10-03.00.50:432][345]LogSlate: SRTH: 0000006A4DC0CE80, 905 x 742
[2014.12.10-03.00.50:490][346]LogSlate: SRTH: 0000006A42D17340, 925 x 762, prev 0000000000000000
[2014.12.10-03.00.54:676][835]LogContentBrowser:Verbose: The content browser source was changed by the sources view to '/Game/Textures/Characters/RedNeck'
[2014.12.10-03.00.56:636][ 61]LogSlate: SRTH: 0000006A45113400, 905 x 742
[2014.12.10-03.00.56:686][ 62]LogSlate: SRTH: 0000006A4DC0CDC0, 925 x 762, prev 0000000000000000
[2014.12.10-03.00.58:662][288]LogSlate: SRTH: 0000006A4FC46C80, 905 x 742
[2014.12.10-03.00.58:700][289]LogSlate: SRTH: 0000006A4FC45CC0, 925 x 762, prev 0000000000000000
[2014.12.10-03.00.59:460][370]LogSlate: SRTH: 0000006A45B9A680, 905 x 742
[2014.12.10-03.00.59:498][371]LogSlate: SRTH: 0000006A45B9A740, 925 x 762, prev 0000000000000000
[2014.12.10-03.01.00:244][449]LogSlate: SRTH: 0000006A57D0A980, 905 x 742
[2014.12.10-03.01.00:282][450]LogSlate: SRTH: 0000006A57D0AA40, 925 x 762, prev 0000000000000000
[2014.12.10-03.01.00:997][522]LogSlate: SRTH: 0000006A57F8E080, 905 x 742
[2014.12.10-03.01.01:036][523]LogSlate: SRTH: 0000006A57F8E140, 925 x 762, prev 0000000000000000
[2014.12.10-03.01.01:581][577]LogSlate: SRTH: 0000006A58146080, 905 x 742
[2014.12.10-03.01.01:621][578]LogSlate: SRTH: 0000006A58146140, 925 x 762, prev 0000000000000000
[2014.12.10-03.01.02:207][638]LogSlate: SRTH: 0000006A57EF7DC0, 905 x 742
[2014.12.10-03.01.02:244][639]LogSlate: SRTH: 0000006A57EF7E80, 925 x 762, prev 0000000000000000
[2014.12.10-03.01.05:764][ 36]LogContentBrowser:Verbose: The content browser source was changed by the sources view to '/Game/Textures/Characters/Placeholders'
[2014.12.10-03.01.09:223][434]LogContentBrowser:Verbose: The content browser source was changed by the sources view to '/Game/Textures/Characters/BullAttacks'
[2014.12.10-03.01.11:491][702]LogContentBrowser:Verbose: The content browser source was changed by the sources view to '/Game/Textures/Characters/Bull'
[2014.12.10-03.01.12:516][806]LogSlate: SRTH: 0000006A562DFDC0, 905 x 742
[2014.12.10-03.01.12:556][807]LogSlate: SRTH: 0000006A562DFE80, 925 x 762, prev 0000000000000000
[2014.12.10-03.01.14:529][ 21]LogSlate: SRTH: 0000006A639BA980, 905 x 742
[2014.12.10-03.01.14:567][ 22]LogSlate: SRTH: 0000006A639BAA40, 925 x 762, prev 0000000000000000
[2014.12.10-03.01.15:093][ 72]LogSlate: SRTH: 0000006A63AD6980, 905 x 742
[2014.12.10-03.01.15:131][ 73]LogSlate: SRTH: 0000006A63AD6A40, 925 x 762, prev 0000000000000000
[2014.12.10-03.01.16:613][228]LogSlate: SRTH: 0000006A5FDB6980, 905 x 742
[2014.12.10-03.01.16:652][229]LogSlate: SRTH: 0000006A5FDB6A40, 925 x 762, prev 0000000000000000
[2014.12.10-03.01.17:243][287]LogSlate: SRTH: 0000006A64D32980, 905 x 742
[2014.12.10-03.01.17:281][288]LogSlate: SRTH: 0000006A64D32A40, 925 x 762, prev 0000000000000000
[2014.12.10-03.01.17:746][338]LogTexture:Display: Building textures: attack_double_04 (BGRA8)
[2014.12.10-03.01.17:815][338]LogSlate: SRTH: 0000006A661156C0, 905 x 742
[2014.12.10-03.01.17:853][339]LogSlate: SRTH: 0000006A66115780, 925 x 762, prev 0000000000000000
[2014.12.10-03.01.18:516][412]LogTexture:Display: Building textures: attack_double_05 (BGRA8)
[2014.12.10-03.01.18:582][412]LogSlate: SRTH: 0000006A65FBFDC0, 905 x 742
[2014.12.10-03.01.18:620][413]LogSlate: SRTH: 0000006A65FBFE80, 925 x 762, prev 0000000000000000
[2014.12.10-03.01.19:212][471]LogSlate: SRTH: 0000006A6604BDC0, 905 x 742
[2014.12.10-03.01.19:250][472]LogSlate: SRTH: 0000006A6604BE80, 925 x 762, prev 0000000000000000
[2014.12.10-03.01.20:842][649]LogTexture:Display: Building textures: attack_double_07 (BGRA8)
[2014.12.10-03.01.20:898][649]LogSlate: SRTH: 0000006A5FA7E2C0, 905 x 742
[2014.12.10-03.01.20:936][650]LogSlate: SRTH: 0000006A5FA7E380, 925 x 762, prev 0000000000000000
[2014.12.10-03.01.21:332][692]LogTexture:Display: Building textures: attack_double_08 (BGRA8)
[2014.12.10-03.01.21:398][692]LogSlate: SRTH: 0000006A679E6980, 905 x 742
[2014.12.10-03.01.21:438][693]LogSlate: SRTH: 0000006A679E6A40, 925 x 762, prev 0000000000000000
[2014.12.10-03.01.22:101][763]LogTexture:Display: Building textures: attack_double_09 (BGRA8)
[2014.12.10-03.01.22:161][763]LogSlate: SRTH: 0000006A678ABDC0, 905 x 742
[2014.12.10-03.01.22:202][764]LogSlate: SRTH: 0000006A678ABE80, 925 x 762, prev 0000000000000000
[2014.12.10-03.01.22:676][809]LogSlate: SRTH: 0000006A67B5FDC0, 905 x 742
[2014.12.10-03.01.22:715][810]LogSlate: SRTH: 0000006A67B5FE80, 925 x 762, prev 0000000000000000
[2014.12.10-03.01.23:215][855]LogSlate: SRTH: 0000006A6870BDC0, 905 x 742
[2014.12.10-03.01.23:254][856]LogSlate: SRTH: 0000006A6870BE80, 925 x 762, prev 0000000000000000
[2014.12.10-03.01.24:497][982]LogSlate: SRTH: 0000006A68982980, 905 x 742
[2014.12.10-03.01.24:536][983]LogSlate: SRTH: 0000006A68982A40, 925 x 762, prev 0000000000000000
[2014.12.10-03.01.25:480][ 77]LogSlate: SRTH: 0000006A47187DC0, 905 x 742
[2014.12.10-03.01.25:519][ 78]LogSlate: SRTH: 0000006A47187E80, 925 x 762, prev 0000000000000000
[2014.12.10-03.01.26:038][132]LogTexture:Display: Building textures: attack_single_5 (BGRA8)
[2014.12.10-03.01.26:095][132]LogSlate: SRTH: 0000006A60E23DC0, 905 x 742
[2014.12.10-03.01.26:142][133]LogSlate: SRTH: 0000006A60E23E80, 925 x 762, prev 0000000000000000
[2014.12.10-03.01.28:147][343]LogTexture:Display: Building textures: attack_single_6 (BGRA8)
[2014.12.10-03.01.28:218][343]LogSlate: SRTH: 0000006A60FE2980, 905 x 742
[2014.12.10-03.01.28:255][344]LogSlate: SRTH: 0000006A60FE2A40, 925 x 762, prev 0000000000000000
[2014.12.10-03.01.28:649][384]LogTexture:Display: Building textures: attack_single_7 (BGRA8)
[2014.12.10-03.01.28:713][384]LogSlate: SRTH: 0000006A54C9FDC0, 905 x 742
[2014.12.10-03.01.28:753][385]LogSlate: SRTH: 0000006A54C9FE80, 925 x 762, prev 0000000000000000
[2014.12.10-03.01.29:659][476]LogSlate: SRTH: 0000006A54E13DC0, 905 x 742
[2014.12.10-03.01.29:697][477]LogSlate: SRTH: 0000006A54E13E80, 925 x 762, prev 0000000000000000
[2014.12.10-03.01.32:247][739]LogSlate: SRTH: 0000006A54A6E980, 905 x 742
[2014.12.10-03.01.32:292][740]LogSlate: SRTH: 0000006A54A6EA40, 925 x 762, prev 0000000000000000
[2014.12.10-03.01.33:328][844]LogSlate: SRTH: 0000006A6089A980, 905 x 742
[2014.12.10-03.01.33:366][845]LogSlate: SRTH: 0000006A6089AA40, 925 x 762, prev 0000000000000000
[2014.12.10-03.01.34:196][926]LogSlate: SRTH: 0000006A5B026980, 905 x 742
[2014.12.10-03.01.34:235][927]LogSlate: SRTH: 0000006A5B026A40, 925 x 762, prev 0000000000000000
[2014.12.10-03.01.42:650][868]LogContentBrowser:Verbose: The content browser source was changed by the sources view to '/Game/Textures/Characters/Bull'
[2014.12.10-03.01.46:894][312]LogContentBrowser:Verbose: The content browser source was changed by the sources view to '/Game/Textures/Characters/Blacksmith'
[2014.12.10-03.01.47:814][407]LogSlate: SRTH: 0000006A60C28C40, 905 x 742
[2014.12.10-03.01.47:852][408]LogSlate: SRTH: 0000006A60C2BD00, 925 x 762, prev 0000000000000000
[2014.12.10-03.01.48:982][528]LogSlate: SRTH: 0000006A6BAC65C0, 905 x 742
[2014.12.10-03.01.49:021][529]LogSlate: SRTH: 0000006A5982BDC0, 925 x 762, prev 0000000000000000
[2014.12.10-03.01.49:665][589]LogSlate: SRTH: 0000006A596E7DC0, 905 x 742
[2014.12.10-03.01.49:703][590]LogSlate: SRTH: 0000006A596E7E80, 925 x 762, prev 0000000000000000
[2014.12.10-03.01.50:181][627]LogSlate: SRTH: 0000006A505A7DC0, 905 x 742
[2014.12.10-03.01.50:220][628]LogSlate: SRTH: 0000006A505A7E80, 925 x 762, prev 0000000000000000
[2014.12.10-03.01.50:698][670]LogSlate: SRTH: 0000006A5B4DBDC0, 905 x 742
[2014.12.10-03.01.50:738][671]LogSlate: SRTH: 0000006A5B4DBE80, 925 x 762, prev 0000000000000000
[2014.12.10-03.01.54:948][163]LogContentBrowser:Verbose: The content browser source was changed by the sources view to 'None'
[2014.12.10-03.01.57:233][423]LogContentBrowser:Verbose: The content browser source was changed by the sources view to '/Game/Textures/Level01Textures'
[2014.12.10-03.01.58:434][563]LogContentBrowser:Verbose: The content browser source was changed by the sources view to '/Game/Textures/Level02Textures'
[2014.12.10-03.02.03:859][173]LogTexture:Display: Building textures: Level_2_Background (BGRA8)
[2014.12.10-03.02.04:138][173]LogSlate: SRTH: 0000006A5DB56800, 905 x 742
[2014.12.10-03.02.04:176][174]LogSlate: SRTH: 0000006A5DB568C0, 925 x 762, prev 0000000000000000
[2014.12.10-03.02.07:817][557]LogTexture:Display: Building textures: Level_2_Dirt (BGRA8)
[2014.12.10-03.02.08:087][557]LogSlate: SRTH: 0000006A5B55A980, 905 x 742
[2014.12.10-03.02.08:126][558]LogSlate: SRTH: 0000006A5B55AA40, 925 x 762, prev 0000000000000000
[2014.12.10-03.02.11:066][860]LogTexture:Display: Building textures: Level_2_Layout (BGRA8)
[2014.12.10-03.02.11:357][860]LogSlate: SRTH: 0000006A6D39E980, 905 x 742
[2014.12.10-03.02.11:396][861]LogSlate: SRTH: 0000006A6D39EA40, 925 x 762, prev 0000000000000000
[2014.12.10-03.02.12:971][ 21]LogTexture:Display: Building textures: Level_2_Peg (BGRA8)
[2014.12.10-03.02.13:036][ 21]LogSlate: SRTH: 0000006A6DFF2200, 905 x 742
[2014.12.10-03.02.13:076][ 22]LogSlate: SRTH: 0000006A6DFF22C0, 925 x 762, prev 0000000000000000
[2014.12.10-03.02.15:775][296]LogTexture:Display: Building textures: Level_2_Rail (BGRA8)
[2014.12.10-03.02.16:059][296]LogSlate: SRTH: 0000006A609E2080, 905 x 742
[2014.12.10-03.02.16:111][297]LogSlate: SRTH: 0000006A6E04BB80, 925 x 762, prev 0000000000000000
[2014.12.10-03.02.18:956][607]LogContentBrowser:Verbose: The content browser source was changed by the sources view to '/Game/Textures/Level03Textures'
[2014.12.10-03.02.20:565][771]LogTexture:Display: Building textures: Level_3_Background (BGRA8)
[2014.12.10-03.02.20:903][771]LogSlate: SRTH: 0000006A5DCC2740, 905 x 742
[2014.12.10-03.02.20:942][772]LogSlate: SRTH: 0000006A5DCC2800, 925 x 762, prev 0000000000000000
[2014.12.10-03.02.24:052][104]LogTexture:Display: Building textures: Level_3_Ground (BGRA8)
[2014.12.10-03.02.24:368][104]LogSlate: SRTH: 0000006A514D6980, 905 x 742
[2014.12.10-03.02.24:410][105]LogSlate: SRTH: 0000006A514D6A40, 925 x 762, prev 0000000000000000
[2014.12.10-03.02.27:117][386]LogTexture:Display: Building textures: Level_3_Layout (BGRA8)
[2014.12.10-03.02.27:455][386]LogSlate: SRTH: 0000006A6FBE6980, 905 x 742
[2014.12.10-03.02.27:509][387]LogSlate: SRTH: 0000006A6FBE6A40, 925 x 762, prev 0000000000000000
[2014.12.10-03.02.27:684][402]LogTexture:Display: Building textures: Level_3_Platform_Blue_Large (BGRA8)
[2014.12.10-03.02.27:748][402]LogSlate: SRTH: 0000006A6F0F6980, 905 x 742
[2014.12.10-03.02.27:787][403]LogSlate: SRTH: 0000006A6F0F6A40, 925 x 762, prev 0000000000000000
[2014.12.10-03.02.30:912][733]LogTexture:Display: Building textures: Level_3_Platform_Blue_Medium (BGRA8)
[2014.12.10-03.02.30:968][733]LogSlate: SRTH: 0000006A6EFCE980, 905 x 742
[2014.12.10-03.02.31:006][734]LogSlate: SRTH: 0000006A6EFCEA40, 925 x 762, prev 0000000000000000
[2014.12.10-03.02.33:662][  4]LogTexture:Display: Building textures: Level_3_Platform_Blue_Small (BGRA8)
[2014.12.10-03.02.33:718][  4]LogSlate: SRTH: 0000006A6FC5A980, 905 x 742
[2014.12.10-03.02.33:756][  5]LogSlate: SRTH: 0000006A6FC5AA40, 925 x 762, prev 0000000000000000
[2014.12.10-03.02.36:272][262]LogTexture:Display: Building textures: Level_3_Platform_Green_Large (BGRA8)
[2014.12.10-03.02.36:332][262]LogSlate: SRTH: 0000006A70BF2980, 905 x 742
[2014.12.10-03.02.36:372][263]LogSlate: SRTH: 0000006A70BF2A40, 925 x 762, prev 0000000000000000
[2014.12.10-03.02.38:762][504]LogTexture:Display: Building textures: Level_3_Platform_Green_Medium (BGRA8)
[2014.12.10-03.02.38:819][504]LogSlate: SRTH: 0000006A73C8E980, 905 x 742
[2014.12.10-03.02.38:858][505]LogSlate: SRTH: 0000006A73C8EA40, 925 x 762, prev 0000000000000000
[2014.12.10-03.02.41:186][737]LogTexture:Display: Building textures: Level_3_Platform_Green_Small (BGRA8)
[2014.12.10-03.02.41:250][737]LogSlate: SRTH: 0000006A72F2BDC0, 905 x 742
[2014.12.10-03.02.41:290][738]LogSlate: SRTH: 0000006A72F2BE80, 925 x 762, prev 0000000000000000
[2014.12.10-03.02.44:300][ 41]LogTexture:Display: Building textures: Level_3_Platform_Orange_Large (BGRA8)
[2014.12.10-03.02.44:365][ 41]LogSlate: SRTH: 0000006A7747E980, 905 x 742
[2014.12.10-03.02.44:405][ 42]LogSlate: SRTH: 0000006A7747EA40, 925 x 762, prev 0000000000000000
[2014.12.10-03.02.47:217][321]LogSlate: SRTH: 0000006A7689A980, 905 x 742
[2014.12.10-03.02.47:256][322]LogSlate: SRTH: 0000006A7689AA40, 925 x 762, prev 0000000000000000
[2014.12.10-03.02.50:993][700]LogTexture:Display: Building textures: Level_3_Platform_Purple_Large (BGRA8)
[2014.12.10-03.02.51:048][700]LogSlate: SRTH: 0000006A76766980, 905 x 742
[2014.12.10-03.02.51:086][701]LogSlate: SRTH: 0000006A76766A40, 925 x 762, prev 0000000000000000
[2014.12.10-03.02.53:989][997]LogTexture:Display: Building textures: Level_3_Platform_Purple_Small (BGRA8)
[2014.12.10-03.02.54:053][997]LogSlate: SRTH: 0000006A6ADF6980, 905 x 742
[2014.12.10-03.02.54:091][998]LogSlate: SRTH: 0000006A6ADF6A40, 925 x 762, prev 0000000000000000
[2014.12.10-03.02.57:227][319]LogTexture:Display: Building textures: Level_3_PlatformExample (BGRA8)
[2014.12.10-03.02.57:555][319]LogSlate: SRTH: 0000006A60177DC0, 905 x 742
[2014.12.10-03.02.57:595][320]LogSlate: SRTH: 0000006A60177E80, 925 x 762, prev 0000000000000000
[2014.12.10-03.02.59:301][479]LogTexture:Display: Building textures: Level_3_Tent (BGRA8)
[2014.12.10-03.02.59:619][479]LogSlate: SRTH: 0000006A5B88E980, 905 x 742
[2014.12.10-03.02.59:657][480]LogSlate: SRTH: 0000006A5B88EA40, 925 x 762, prev 0000000000000000
[2014.12.10-03.03.06:911][195]LogContentBrowser:Verbose: The content browser source was changed by the sources view to '/Game/Textures/Level_02_Textures'
[2014.12.10-03.03.08:773][396]LogContentBrowser:Verbose: The content browser source was changed by the sources view to '/Game/Textures/Level03Textures'
[2014.12.10-03.03.09:267][445]LogContentBrowser:Verbose: The content browser source was changed by the sources view to '/Game/Textures/Level02Textures'
[2014.12.10-03.03.09:933][514]LogContentBrowser:Verbose: The content browser source was changed by the sources view to '/Game/Textures/Level01Textures'
[2014.12.10-03.03.10:442][569]LogContentBrowser:Verbose: The content browser source was changed by the sources view to '/Game/Textures/Level02Textures'
[2014.12.10-03.03.10:959][625]LogContentBrowser:Verbose: The content browser source was changed by the sources view to '/Game/Textures/Level03Textures'
[2014.12.10-03.03.11:429][672]LogContentBrowser:Verbose: The content browser source was changed by the sources view to '/Game/Textures/Level_02_Textures'
[2014.12.10-03.03.11:924][727]LogContentBrowser:Verbose: The content browser source was changed by the sources view to '/Game/Textures/Level_1'
[2014.12.10-03.03.12:513][792]LogContentBrowser:Verbose: The content browser source was changed by the sources view to '/Game/Textures/Menu'
[2014.12.10-03.03.14:215][965]LogSlate: SRTH: 0000006A76996980, 905 x 742
[2014.12.10-03.03.14:255][966]LogSlate: SRTH: 0000006A76996A40, 925 x 762, prev 0000000000000000
[2014.12.10-03.03.16:138][141]LogSlate: SRTH: 0000006A7810A980, 905 x 742
[2014.12.10-03.03.16:176][142]LogSlate: SRTH: 0000006A7810AA40, 925 x 762, prev 0000000000000000
[2014.12.10-03.03.17:319][249]LogSlate: SRTH: 0000006A5BB1A980, 905 x 742
[2014.12.10-03.03.17:358][250]LogSlate: SRTH: 0000006A5BB1AA40, 925 x 762, prev 0000000000000000
[2014.12.10-03.03.22:184][729]LogTexture:Display: Building textures: hud_base (AutoDXT)
[2014.12.10-03.03.22:349][729]LogSlate: SRTH: 0000006A5B7E7DC0, 905 x 742
[2014.12.10-03.03.22:390][730]LogSlate: SRTH: 0000006A5B7E7E80, 925 x 762, prev 0000000000000000
[2014.12.10-03.03.25:423][ 20]LogSlate: SRTH: 0000006A7D0DBDC0, 905 x 742
[2014.12.10-03.03.25:462][ 21]LogSlate: SRTH: 0000006A7D0DBE80, 925 x 762, prev 0000000000000000
[2014.12.10-03.03.28:338][290]LogSlate: SRTH: 0000006A5B9AA980, 905 x 742
[2014.12.10-03.03.28:379][291]LogSlate: SRTH: 0000006A5B9AAA40, 925 x 762, prev 0000000000000000
[2014.12.10-03.03.31:154][553]LogSlate: SRTH: 0000006A5552A980, 905 x 742
[2014.12.10-03.03.31:193][554]LogSlate: SRTH: 0000006A5552AA40, 925 x 762, prev 0000000000000000
[2014.12.10-03.03.33:654][791]LogSlate: SRTH: 0000006A7CC9BDC0, 905 x 742
[2014.12.10-03.03.33:699][792]LogSlate: SRTH: 0000006A7CC9BE80, 925 x 762, prev 0000000000000000
[2014.12.10-03.03.36:105][ 24]LogSlate: SRTH: 0000006A7E0D3DC0, 905 x 742
[2014.12.10-03.03.36:143][ 25]LogSlate: SRTH: 0000006A7E0D3E80, 925 x 762, prev 0000000000000000
[2014.12.10-03.03.38:951][297]LogSlate: SRTH: 0000006A7E2E2980, 905 x 742
[2014.12.10-03.03.38:991][298]LogSlate: SRTH: 0000006A7E2E2A40, 925 x 762, prev 0000000000000000
[2014.12.10-03.03.42:534][648]LogSlate: SRTH: 0000006A7EDABDC0, 905 x 742
[2014.12.10-03.03.42:571][649]LogSlate: SRTH: 0000006A7EDABE80, 925 x 762, prev 0000000000000000
[2014.12.10-03.03.45:353][907]LogSlate: SRTH: 0000006A556EFDC0, 905 x 742
[2014.12.10-03.03.45:393][908]LogSlate: SRTH: 0000006A556EFE80, 925 x 762, prev 0000000000000000
[2014.12.10-03.03.50:089][359]LogSlate: SRTH: 0000006A7F65E980, 905 x 742
[2014.12.10-03.03.50:128][360]LogSlate: SRTH: 0000006A7F65EA40, 925 x 762, prev 0000000000000000
[2014.12.10-03.03.53:007][636]LogSlate: SRTH: 0000006A013EA980, 905 x 742
[2014.12.10-03.03.53:047][637]LogSlate: SRTH: 0000006A013EAA40, 925 x 762, prev 0000000000000000
[2014.12.10-03.03.55:436][858]LogSlate: SRTH: 0000006A01767DC0, 905 x 742
[2014.12.10-03.03.55:475][859]LogSlate: SRTH: 0000006A01767E80, 925 x 762, prev 0000000000000000
[2014.12.10-03.03.57:936][ 94]LogSlate: SRTH: 0000006A027E6980, 905 x 742
[2014.12.10-03.03.57:975][ 95]LogSlate: SRTH: 0000006A027E6A40, 925 x 762, prev 0000000000000000
[2014.12.10-03.04.00:584][335]LogSlate: SRTH: 0000006A02942980, 905 x 742
[2014.12.10-03.04.00:623][336]LogSlate: SRTH: 0000006A02942A40, 925 x 762, prev 0000000000000000
[2014.12.10-03.04.02:724][528]LogSlate: SRTH: 0000006A034D3DC0, 905 x 742
[2014.12.10-03.04.02:763][529]LogSlate: SRTH: 0000006A034D3E80, 925 x 762, prev 0000000000000000
[2014.12.10-03.04.05:821][805]LogSlate: SRTH: 0000006A0365FDC0, 905 x 742
[2014.12.10-03.04.05:861][806]LogSlate: SRTH: 0000006A0365FE80, 925 x 762, prev 0000000000000000
[2014.12.10-03.04.08:623][ 64]LogSlate: SRTH: 0000006A01682980, 905 x 742
[2014.12.10-03.04.08:665][ 65]LogSlate: SRTH: 0000006A01682A40, 925 x 762, prev 0000000000000000
[2014.12.10-03.04.11:774][341]LogSlate: SRTH: 0000006A0410E980, 905 x 742
[2014.12.10-03.04.11:814][342]LogSlate: SRTH: 0000006A0410EA40, 925 x 762, prev 0000000000000000
[2014.12.10-03.04.14:474][582]LogSlate: SRTH: 0000006A05017DC0, 905 x 742
[2014.12.10-03.04.14:514][583]LogSlate: SRTH: 0000006A05017E80, 925 x 762, prev 0000000000000000
[2014.12.10-03.04.16:986][805]LogSlate: SRTH: 0000006A0405A980, 905 x 742
[2014.12.10-03.04.17:025][806]LogSlate: SRTH: 0000006A0405AA40, 925 x 762, prev 0000000000000000
[2014.12.10-03.04.19:589][ 42]LogTexture:Display: Building textures: upgrade_inbetween (AutoDXT)
[2014.12.10-03.04.20:092][ 42]LogSlate: SRTH: 0000006A05FEFDC0, 905 x 742
[2014.12.10-03.04.20:131][ 43]LogSlate: SRTH: 0000006A05FEFE80, 925 x 762, prev 0000000000000000
[2014.12.10-03.04.27:182][738]LogSavePackage: Save=6.108163ms
[2014.12.10-03.04.27:182][738]LogSavePackage: Moving 'D:/SIGGD/Github/Cow-Tipping/Saved/Level_3_Platform_Orange_Small351F46BA4CF126880A3E79B369324E29.tmp' to 'D:/SIGGD/Github/Cow-Tipping/Content/Textures/Level03Textures/Level_3_Platform_Orange_Small.uasset'
[2014.12.10-03.04.27:189][738]Cmd: OBJ SAVEPACKAGE PACKAGE="/Game/Textures/Menu/ug1_grey" FILE="D:/SIGGD/Github/Cow-Tipping/Content/Textures/Menu/ug1_grey.uasset" SILENT=true
[2014.12.10-03.04.27:236][738]LogSavePackage: Save=17.080027ms
[2014.12.10-03.04.27:236][738]LogSavePackage: Moving 'D:/SIGGD/Github/Cow-Tipping/Saved/ug1_grey908CFE9940AABF1E2861E0AF2AFC981A.tmp' to 'D:/SIGGD/Github/Cow-Tipping/Content/Textures/Menu/ug1_grey.uasset'
[2014.12.10-03.04.27:242][738]Cmd: OBJ SAVEPACKAGE PACKAGE="/Game/Textures/Menu/ug2_grey" FILE="D:/SIGGD/Github/Cow-Tipping/Content/Textures/Menu/ug2_grey.uasset" SILENT=true
[2014.12.10-03.04.27:282][738]LogSavePackage: Save=10.153567ms
[2014.12.10-03.04.27:282][738]LogSavePackage: Moving 'D:/SIGGD/Github/Cow-Tipping/Saved/ug2_grey5B5332D045DDB1FCA9512EACC8C53B1F.tmp' to 'D:/SIGGD/Github/Cow-Tipping/Content/Textures/Menu/ug2_grey.uasset'
[2014.12.10-03.04.27:288][738]Cmd: OBJ SAVEPACKAGE PACKAGE="/Game/Textures/Menu/ug3_grey" FILE="D:/SIGGD/Github/Cow-Tipping/Content/Textures/Menu/ug3_grey.uasset" SILENT=true
[2014.12.10-03.04.27:330][738]LogSavePackage: Save=10.931808ms
[2014.12.10-03.04.27:330][738]LogSavePackage: Moving 'D:/SIGGD/Github/Cow-Tipping/Saved/ug3_greyC98083AE4DAFD85EB797B9A6E74AF213.tmp' to 'D:/SIGGD/Github/Cow-Tipping/Content/Textures/Menu/ug3_grey.uasset'
[2014.12.10-03.04.27:338][738]Cmd: OBJ SAVEPACKAGE PACKAGE="/Game/Textures/Menu/ug4_grey" FILE="D:/SIGGD/Github/Cow-Tipping/Content/Textures/Menu/ug4_grey.uasset" SILENT=true
[2014.12.10-03.04.27:393][738]LogSavePackage: Save=24.311277ms
[2014.12.10-03.04.27:393][738]LogSavePackage: Moving 'D:/SIGGD/Github/Cow-Tipping/Saved/ug4_greyDBC01BBB472AFA9829B47C8E6EACAF64.tmp' to 'D:/SIGGD/Github/Cow-Tipping/Content/Textures/Menu/ug4_grey.uasset'
[2014.12.10-03.04.27:401][738]Cmd: OBJ SAVEPACKAGE PACKAGE="/Game/Textures/Menu/ug5_grey" FILE="D:/SIGGD/Github/Cow-Tipping/Content/Textures/Menu/ug5_grey.uasset" SILENT=true
[2014.12.10-03.04.27:442][738]LogSavePackage: Save=10.494198ms
[2014.12.10-03.04.27:442][738]LogSavePackage: Moving 'D:/SIGGD/Github/Cow-Tipping/Saved/ug5_greyDC65FEAC49A8A8FF1F2474ADFDB09E63.tmp' to 'D:/SIGGD/Github/Cow-Tipping/Content/Textures/Menu/ug5_grey.uasset'
[2014.12.10-03.04.27:449][738]Cmd: OBJ SAVEPACKAGE PACKAGE="/Game/Textures/Menu/ug6_grey" FILE="D:/SIGGD/Github/Cow-Tipping/Content/Textures/Menu/ug6_grey.uasset" SILENT=true
[2014.12.10-03.04.27:487][738]LogSavePackage: Save=7.706206ms
[2014.12.10-03.04.27:487][738]LogSavePackage: Moving 'D:/SIGGD/Github/Cow-Tipping/Saved/ug6_greyDF080B044BD490FB3AC58F83591A1AA4.tmp' to 'D:/SIGGD/Github/Cow-Tipping/Content/Textures/Menu/ug6_grey.uasset'
[2014.12.10-03.04.27:492][738]Cmd: OBJ SAVEPACKAGE PACKAGE="/Game/Textures/Menu/ug7_grey" FILE="D:/SIGGD/Github/Cow-Tipping/Content/Textures/Menu/ug7_grey.uasset" SILENT=true
[2014.12.10-03.04.27:540][738]LogSavePackage: Save=16.935160ms
[2014.12.10-03.04.27:540][738]LogSavePackage: Moving 'D:/SIGGD/Github/Cow-Tipping/Saved/ug7_grey263805DF4EE0DCD71BBD16BAEE19C0E4.tmp' to 'D:/SIGGD/Github/Cow-Tipping/Content/Textures/Menu/ug7_grey.uasset'
[2014.12.10-03.04.27:547][738]Cmd: OBJ SAVEPACKAGE PACKAGE="/Game/Textures/Menu/ug1_color" FILE="D:/SIGGD/Github/Cow-Tipping/Content/Textures/Menu/ug1_color.uasset" SILENT=true
[2014.12.10-03.04.27:592][738]LogSavePackage: Save=15.848817ms
[2014.12.10-03.04.27:592][738]LogSavePackage: Moving 'D:/SIGGD/Github/Cow-Tipping/Saved/ug1_color88A776CC4F4121654005D89ED4DB3EE3.tmp' to 'D:/SIGGD/Github/Cow-Tipping/Content/Textures/Menu/ug1_color.uasset'
[2014.12.10-03.04.27:598][738]Cmd: OBJ SAVEPACKAGE PACKAGE="/Game/Textures/Menu/ug2_color" FILE="D:/SIGGD/Github/Cow-Tipping/Content/Textures/Menu/ug2_color.uasset" SILENT=true
[2014.12.10-03.04.27:639][738]LogSavePackage: Save=10.068936ms
[2014.12.10-03.04.27:639][738]LogSavePackage: Moving 'D:/SIGGD/Github/Cow-Tipping/Saved/ug2_color9499D5AC4D87860BCED064AC1B858EDF.tmp' to 'D:/SIGGD/Github/Cow-Tipping/Content/Textures/Menu/ug2_color.uasset'
[2014.12.10-03.04.27:645][738]Cmd: OBJ SAVEPACKAGE PACKAGE="/Game/Textures/Menu/ug3_color" FILE="D:/SIGGD/Github/Cow-Tipping/Content/Textures/Menu/ug3_color.uasset" SILENT=true
[2014.12.10-03.04.27:686][738]LogSavePackage: Save=10.623704ms
[2014.12.10-03.04.27:686][738]LogSavePackage: Moving 'D:/SIGGD/Github/Cow-Tipping/Saved/ug3_color3FF4BF66491F34B42401A5955B648515.tmp' to 'D:/SIGGD/Github/Cow-Tipping/Content/Textures/Menu/ug3_color.uasset'
[2014.12.10-03.04.27:693][738]Cmd: OBJ SAVEPACKAGE PACKAGE="/Game/Textures/Menu/ug4_color" FILE="D:/SIGGD/Github/Cow-Tipping/Content/Textures/Menu/ug4_color.uasset" SILENT=true
[2014.12.10-03.04.27:744][738]LogSavePackage: Save=20.391764ms
[2014.12.10-03.04.27:744][738]LogSavePackage: Moving 'D:/SIGGD/Github/Cow-Tipping/Saved/ug4_colorE63ED188462E3246A858B5804AF5781C.tmp' to 'D:/SIGGD/Github/Cow-Tipping/Content/Textures/Menu/ug4_color.uasset'
[2014.12.10-03.04.27:750][738]Cmd: OBJ SAVEPACKAGE PACKAGE="/Game/Textures/Menu/ug5_color" FILE="D:/SIGGD/Github/Cow-Tipping/Content/Textures/Menu/ug5_color.uasset" SILENT=true
[2014.12.10-03.04.27:791][738]LogSavePackage: Save=10.094537ms
[2014.12.10-03.04.27:791][738]LogSavePackage: Moving 'D:/SIGGD/Github/Cow-Tipping/Saved/ug5_color8140161E447B200EB96EB093210EAF12.tmp' to 'D:/SIGGD/Github/Cow-Tipping/Content/Textures/Menu/ug5_color.uasset'
[2014.12.10-03.04.27:797][738]Cmd: OBJ SAVEPACKAGE PACKAGE="/Game/Textures/Menu/ug6_color" FILE="D:/SIGGD/Github/Cow-Tipping/Content/Textures/Menu/ug6_color.uasset" SILENT=true
[2014.12.10-03.04.27:837][738]LogSavePackage: Save=9.209077ms
[2014.12.10-03.04.27:837][738]LogSavePackage: Moving 'D:/SIGGD/Github/Cow-Tipping/Saved/ug6_color1B6CD7E24106FED9D7CE56BDE1F9D500.tmp' to 'D:/SIGGD/Github/Cow-Tipping/Content/Textures/Menu/ug6_color.uasset'
[2014.12.10-03.04.27:843][738]Cmd: OBJ SAVEPACKAGE PACKAGE="/Game/Textures/Menu/ug7_color" FILE="D:/SIGGD/Github/Cow-Tipping/Content/Textures/Menu/ug7_color.uasset" SILENT=true
[2014.12.10-03.04.27:892][738]LogSavePackage: Save=18.628677ms
[2014.12.10-03.04.27:892][738]LogSavePackage: Moving 'D:/SIGGD/Github/Cow-Tipping/Saved/ug7_color72882C6D436D8BB05DF893B2F30E3BE8.tmp' to 'D:/SIGGD/Github/Cow-Tipping/Content/Textures/Menu/ug7_color.uasset'
[2014.12.10-03.04.27:903][738]Cmd: OBJ SAVEPACKAGE PACKAGE="/Game/Textures/Menu/menu_back_ph" FILE="D:/SIGGD/Github/Cow-Tipping/Content/Textures/Menu/menu_back_ph.uasset" SILENT=true
[2014.12.10-03.04.27:944][738]LogSavePackage: Save=9.471402ms
[2014.12.10-03.04.27:944][738]LogSavePackage: Moving 'D:/SIGGD/Github/Cow-Tipping/Saved/menu_back_ph1A46B0294EE85521DDD7FB8157C5487D.tmp' to 'D:/SIGGD/Github/Cow-Tipping/Content/Textures/Menu/menu_back_ph.uasset'
[2014.12.10-03.04.27:952][738]Cmd: OBJ SAVEPACKAGE PACKAGE="/Game/Textures/Menu/hud_background" FILE="D:/SIGGD/Github/Cow-Tipping/Content/Textures/Menu/hud_background.uasset" SILENT=true
[2014.12.10-03.04.27:996][738]LogSavePackage: Save=13.872496ms
[2014.12.10-03.04.27:996][738]LogSavePackage: Moving 'D:/SIGGD/Github/Cow-Tipping/Saved/hud_background92E176A446FFBA2BB877099111F6E7CA.tmp' to 'D:/SIGGD/Github/Cow-Tipping/Content/Textures/Menu/hud_background.uasset'
[2014.12.10-03.04.28:002][738]Cmd: OBJ SAVEPACKAGE PACKAGE="/Game/Textures/Menu/l1_grey" FILE="D:/SIGGD/Github/Cow-Tipping/Content/Textures/Menu/l1_grey.uasset" SILENT=true
[2014.12.10-03.04.28:043][738]LogSavePackage: Save=10.429444ms
[2014.12.10-03.04.28:043][738]LogSavePackage: Moving 'D:/SIGGD/Github/Cow-Tipping/Saved/l1_grey24890E494411811F93B8739A072FC545.tmp' to 'D:/SIGGD/Github/Cow-Tipping/Content/Textures/Menu/l1_grey.uasset'
[2014.12.10-03.04.28:049][738]Cmd: OBJ SAVEPACKAGE PACKAGE="/Game/Textures/Menu/l1" FILE="D:/SIGGD/Github/Cow-Tipping/Content/Textures/Menu/l1.uasset" SILENT=true
[2014.12.10-03.04.28:091][738]LogSavePackage: Save=11.923883ms
[2014.12.10-03.04.28:091][738]LogSavePackage: Moving 'D:/SIGGD/Github/Cow-Tipping/Saved/l17EA840CD429D14EB96356BB6DDDFA1A5.tmp' to 'D:/SIGGD/Github/Cow-Tipping/Content/Textures/Menu/l1.uasset'
[2014.12.10-03.04.28:097][738]Cmd: OBJ SAVEPACKAGE PACKAGE="/Game/Textures/Menu/l2" FILE="D:/SIGGD/Github/Cow-Tipping/Content/Textures/Menu/l2.uasset" SILENT=true
[2014.12.10-03.04.28:137][738]LogSavePackage: Save=9.995148ms
[2014.12.10-03.04.28:137][738]LogSavePackage: Moving 'D:/SIGGD/Github/Cow-Tipping/Saved/l243E3D20846780FB990BA22B2AC4DA13B.tmp' to 'D:/SIGGD/Github/Cow-Tipping/Content/Textures/Menu/l2.uasset'
[2014.12.10-03.04.28:143][738]Cmd: OBJ SAVEPACKAGE PACKAGE="/Game/Textures/Menu/l3" FILE="D:/SIGGD/Github/Cow-Tipping/Content/Textures/Menu/l3.uasset" SILENT=true
[2014.12.10-03.04.28:184][738]LogSavePackage: Save=10.526423ms
[2014.12.10-03.04.28:184][738]LogSavePackage: Moving 'D:/SIGGD/Github/Cow-Tipping/Saved/l378D9BCA245A37357CDBFAEB34845DF33.tmp' to 'D:/SIGGD/Github/Cow-Tipping/Content/Textures/Menu/l3.uasset'
[2014.12.10-03.04.28:195][738]Cmd: OBJ SAVEPACKAGE PACKAGE="/Game/Textures/Level02Textures/Level_2_Background" FILE="D:/SIGGD/Github/Cow-Tipping/Content/Textures/Level02Textures/Level_2_Background.uasset" SILENT=true
[2014.12.10-03.04.28:784][738]LogSavePackage: Save=556.638245ms
[2014.12.10-03.04.28:784][738]LogSavePackage: Moving 'D:/SIGGD/Github/Cow-Tipping/Saved/Level_2_Background52ECE0474AE47D1D628726BF770C0278.tmp' to 'D:/SIGGD/Github/Cow-Tipping/Content/Textures/Level02Textures/Level_2_Background.uasset'
[2014.12.10-03.04.28:797][738]Cmd: OBJ SAVEPACKAGE PACKAGE="/Game/Textures/Level02Textures/Level_2_Dirt" FILE="D:/SIGGD/Github/Cow-Tipping/Content/Textures/Level02Textures/Level_2_Dirt.uasset" SILENT=true
[2014.12.10-03.04.29:015][738]LogSavePackage: Save=185.682312ms
[2014.12.10-03.04.29:015][738]LogSavePackage: Moving 'D:/SIGGD/Github/Cow-Tipping/Saved/Level_2_Dirt2D585D8B4AB318BA6946EE830B48DAC3.tmp' to 'D:/SIGGD/Github/Cow-Tipping/Content/Textures/Level02Textures/Level_2_Dirt.uasset'
[2014.12.10-03.04.29:021][738]Cmd: OBJ SAVEPACKAGE PACKAGE="/Game/Textures/Level02Textures/Level_2_Peg" FILE="D:/SIGGD/Github/Cow-Tipping/Content/Textures/Level02Textures/Level_2_Peg.uasset" SILENT=true
[2014.12.10-03.04.29:057][738]LogSavePackage: Save=6.066600ms
[2014.12.10-03.04.29:057][738]LogSavePackage: Moving 'D:/SIGGD/Github/Cow-Tipping/Saved/Level_2_PegC7385D0647CC2BA19B693B97CA74D4ED.tmp' to 'D:/SIGGD/Github/Cow-Tipping/Content/Textures/Level02Textures/Level_2_Peg.uasset'
[2014.12.10-03.04.29:069][738]Cmd: OBJ SAVEPACKAGE PACKAGE="/Game/Textures/Level02Textures/Level_2_Rail" FILE="D:/SIGGD/Github/Cow-Tipping/Content/Textures/Level02Textures/Level_2_Rail.uasset" SILENT=true
[2014.12.10-03.04.29:157][738]LogSavePackage: Save=56.813953ms
[2014.12.10-03.04.29:157][738]LogSavePackage: Moving 'D:/SIGGD/Github/Cow-Tipping/Saved/Level_2_Rail059C11DA47BC0046DCE65384BAF08FA9.tmp' to 'D:/SIGGD/Github/Cow-Tipping/Content/Textures/Level02Textures/Level_2_Rail.uasset'
[2014.12.10-03.04.29:164][738]Cmd: OBJ SAVEPACKAGE PACKAGE="/Game/Textures/Level03Textures/Level_3_Background" FILE="D:/SIGGD/Github/Cow-Tipping/Content/Textures/Level03Textures/Level_3_Background.uasset" SILENT=true
[2014.12.10-03.04.29:307][738]LogSavePackage: Save=110.517960ms
[2014.12.10-03.04.29:307][738]LogSavePackage: Moving 'D:/SIGGD/Github/Cow-Tipping/Saved/Level_3_BackgroundB4D582A94B07957D1F9BE5B9CF5BBFD7.tmp' to 'D:/SIGGD/Github/Cow-Tipping/Content/Textures/Level03Textures/Level_3_Background.uasset'
[2014.12.10-03.04.29:314][738]Cmd: OBJ SAVEPACKAGE PACKAGE="/Game/Textures/Level03Textures/Level_3_Ground" FILE="D:/SIGGD/Github/Cow-Tipping/Content/Textures/Level03Textures/Level_3_Ground.uasset" SILENT=true
[2014.12.10-03.04.29:409][738]LogSavePackage: Save=63.419060ms
[2014.12.10-03.04.29:409][738]LogSavePackage: Moving 'D:/SIGGD/Github/Cow-Tipping/Saved/Level_3_GroundBD29684743929272249E6B87A9EAE4C0.tmp' to 'D:/SIGGD/Github/Cow-Tipping/Content/Textures/Level03Textures/Level_3_Ground.uasset'
[2014.12.10-03.04.29:415][738]Cmd: OBJ SAVEPACKAGE PACKAGE="/Game/Textures/Level03Textures/Level_3_Platform_Blue_Large" FILE="D:/SIGGD/Github/Cow-Tipping/Content/Textures/Level03Textures/Level_3_Platform_Blue_Large.uasset" SILENT=true
[2014.12.10-03.04.29:455][738]LogSavePackage: Save=9.243712ms
[2014.12.10-03.04.29:455][738]LogSavePackage: Moving 'D:/SIGGD/Github/Cow-Tipping/Saved/Level_3_Platform_Blue_Large333C8A5441D92AD7A3575C98CFB86FF2.tmp' to 'D:/SIGGD/Github/Cow-Tipping/Content/Textures/Level03Textures/Level_3_Platform_Blue_Large.uasset'
[2014.12.10-03.04.29:498][738]LogSavePackage: Save=6.565349ms
[2014.12.10-03.04.29:498][738]LogSavePackage: Moving 'D:/SIGGD/Github/Cow-Tipping/Saved/Level_3_Platform_Blue_MediumD6FF617646C19FD846FC9B9C9373D5A2.tmp' to 'D:/SIGGD/Github/Cow-Tipping/Content/Textures/Level03Textures/Level_3_Platform_Blue_Medium.uasset'
[2014.12.10-03.04.29:504][738]Cmd: OBJ SAVEPACKAGE PACKAGE="/Game/Textures/Level03Textures/Level_3_Platform_Blue_Small" FILE="D:/SIGGD/Github/Cow-Tipping/Content/Textures/Level03Textures/Level_3_Platform_Blue_Small.uasset" SILENT=true
[2014.12.10-03.04.29:540][738]LogSavePackage: Save=5.780181ms
[2014.12.10-03.04.29:540][738]LogSavePackage: Moving 'D:/SIGGD/Github/Cow-Tipping/Saved/Level_3_Platform_Blue_SmallE0A0F79E4D9A43CC2233B3A4E755F0DD.tmp' to 'D:/SIGGD/Github/Cow-Tipping/Content/Textures/Level03Textures/Level_3_Platform_Blue_Small.uasset'
[2014.12.10-03.04.29:589][738]LogSavePackage: Save=13.186716ms
[2014.12.10-03.04.29:589][738]LogSavePackage: Moving 'D:/SIGGD/Github/Cow-Tipping/Saved/Level_3_Platform_Green_Large82C28C7F477199494608A1BF9C743302.tmp' to 'D:/SIGGD/Github/Cow-Tipping/Content/Textures/Level03Textures/Level_3_Platform_Green_Large.uasset'
[2014.12.10-03.04.29:633][738]LogSavePackage: Save=6.676483ms
[2014.12.10-03.04.29:633][738]LogSavePackage: Moving 'D:/SIGGD/Github/Cow-Tipping/Saved/Level_3_Platform_Green_MediumF45ACD6B4C479A5C911359B1E61DBD3E.tmp' to 'D:/SIGGD/Github/Cow-Tipping/Content/Textures/Level03Textures/Level_3_Platform_Green_Medium.uasset'
[2014.12.10-03.04.29:675][738]LogSavePackage: Save=5.635015ms
[2014.12.10-03.04.29:675][738]LogSavePackage: Moving 'D:/SIGGD/Github/Cow-Tipping/Saved/Level_3_Platform_Green_Small81A8D7B44D34192A0AEB5D874A08FB64.tmp' to 'D:/SIGGD/Github/Cow-Tipping/Content/Textures/Level03Textures/Level_3_Platform_Green_Small.uasset'
[2014.12.10-03.04.29:720][738]LogSavePackage: Save=8.186884ms
[2014.12.10-03.04.29:720][738]LogSavePackage: Moving 'D:/SIGGD/Github/Cow-Tipping/Saved/Level_3_Platform_Orange_Large31640C1D40DE2108A4F7DCBE3854270B.tmp' to 'D:/SIGGD/Github/Cow-Tipping/Content/Textures/Level03Textures/Level_3_Platform_Orange_Large.uasset'
[2014.12.10-03.04.29:765][738]LogSavePackage: Save=8.363674ms
[2014.12.10-03.04.29:765][738]LogSavePackage: Moving 'D:/SIGGD/Github/Cow-Tipping/Saved/Level_3_Platform_Purple_Large0E9BBB974D7CBDC950C3F98C60859E6B.tmp' to 'D:/SIGGD/Github/Cow-Tipping/Content/Textures/Level03Textures/Level_3_Platform_Purple_Large.uasset'
[2014.12.10-03.04.29:811][738]LogSavePackage: Save=5.695852ms
[2014.12.10-03.04.29:811][738]LogSavePackage: Moving 'D:/SIGGD/Github/Cow-Tipping/Saved/Level_3_Platform_Purple_SmallDA76BFBA4BC859AE19090F827BC52E92.tmp' to 'D:/SIGGD/Github/Cow-Tipping/Content/Textures/Level03Textures/Level_3_Platform_Purple_Small.uasset'
[2014.12.10-03.04.29:817][738]Cmd: OBJ SAVEPACKAGE PACKAGE="/Game/Textures/Level03Textures/Level_3_Tent" FILE="D:/SIGGD/Github/Cow-Tipping/Content/Textures/Level03Textures/Level_3_Tent.uasset" SILENT=true
[2014.12.10-03.04.29:899][738]LogSavePackage: Save=51.313267ms
[2014.12.10-03.04.29:899][738]LogSavePackage: Moving 'D:/SIGGD/Github/Cow-Tipping/Saved/Level_3_TentD911FB284D263D3F52AABB9C5FFFBD80.tmp' to 'D:/SIGGD/Github/Cow-Tipping/Content/Textures/Level03Textures/Level_3_Tent.uasset'
[2014.12.10-03.04.29:908][738]Cmd: OBJ SAVEPACKAGE PACKAGE="/Game/Textures/Menu/hud_base" FILE="D:/SIGGD/Github/Cow-Tipping/Content/Textures/Menu/hud_base.uasset" SILENT=true
[2014.12.10-03.04.29:963][738]LogSavePackage: Save=22.146118ms
[2014.12.10-03.04.29:963][738]LogSavePackage: Moving 'D:/SIGGD/Github/Cow-Tipping/Saved/hud_base7ED4F5074CE5983AE91F5B810935FE15.tmp' to 'D:/SIGGD/Github/Cow-Tipping/Content/Textures/Menu/hud_base.uasset'
[2014.12.10-03.04.29:972][738]Cmd: OBJ SAVEPACKAGE PACKAGE="/Game/Textures/Menu/upgrade_inbetween" FILE="D:/SIGGD/Github/Cow-Tipping/Content/Textures/Menu/upgrade_inbetween.uasset" SILENT=true
[2014.12.10-03.04.30:097][738]LogSavePackage: Save=93.508110ms
[2014.12.10-03.04.30:097][738]LogSavePackage: Moving 'D:/SIGGD/Github/Cow-Tipping/Saved/upgrade_inbetween8D36D71D4FD4FDFCCDD4B5AD67DA1105.tmp' to 'D:/SIGGD/Github/Cow-Tipping/Content/Textures/Menu/upgrade_inbetween.uasset'
[2014.12.10-03.04.48:829][772]Cmd: QUIT_EDITOR
[2014.12.10-03.04.48:883][772]LogWindowsTextInputMethodSystem:Error: Terminating failed while unadvising the language notification sink from the TSF source.
[2014.12.10-03.04.48:884][772]LogExit: Preparing to exit.
[2014.12.10-03.04.49:966][772]LogExit: Editor shut down
[2014.12.10-03.04.49:967][772]LogExit: Transaction tracking system shut down
[2014.12.10-03.04.49:975][772]LogParticles: Destroying 0 GPU particle simulations for FXSystem 0x0000006A5223BBA0
[2014.12.10-03.04.49:975][772]LogParticles: Destroying 0 GPU particle simulations for FXSystem 0x0000006A524A76A0
[2014.12.10-03.04.50:010][772]LogExit: Object subsystem successfully closed.
[2014.12.10-03.04.50:033][772]LogModuleManager: Shutting down and abandoning module TextureEditor (173)
[2014.12.10-03.04.50:033][772]LogModuleManager: Shutting down and abandoning module AndroidDeviceDetection (172)
[2014.12.10-03.04.50:033][772]LogModuleManager: Shutting down and abandoning module GameLiveStreaming (171)
[2014.12.10-03.04.50:033][772]LogModuleManager: Shutting down and abandoning module CrashTracker (170)
[2014.12.10-03.04.50:033][772]LogModuleManager: Shutting down and abandoning module HTTP (169)
[2014.12.10-03.04.50:033][772]LogModuleManager: Shutting down and abandoning module NewsFeed (168)
[2014.12.10-03.04.50:033][772]LogModuleManager: Shutting down and abandoning module SceneOutliner (167)
[2014.12.10-03.04.50:033][772]LogModuleManager: Shutting down and abandoning module EditorWidgets (166)
[2014.12.10-03.04.50:033][772]LogModuleManager: Shutting down and abandoning module CollectionManager (165)
[2014.12.10-03.04.50:037][772]LogModuleManager: Shutting down and abandoning module StatsViewer (164)
[2014.12.10-03.04.50:037][772]LogModuleManager: Shutting down and abandoning module FoliageEdit (163)
[2014.12.10-03.04.50:037][772]LogModuleManager: Shutting down and abandoning module LandscapeEditor (162)
[2014.12.10-03.04.50:038][772]LogModuleManager: Shutting down and abandoning module MeshPaint (161)
[2014.12.10-03.04.50:038][772]LogModuleManager: Shutting down and abandoning module ActorPickerMode (160)
[2014.12.10-03.04.50:038][772]LogModuleManager: Shutting down and abandoning module GeometryMode (159)
[2014.12.10-03.04.50:038][772]LogModuleManager: Shutting down and abandoning module TextureAlignMode (158)
[2014.12.10-03.04.50:038][772]LogModuleManager: Shutting down and abandoning module BspMode (157)
[2014.12.10-03.04.50:038][772]LogModuleManager: Shutting down and abandoning module PlacementMode (156)
[2014.12.10-03.04.50:038][772]LogModuleManager: Shutting down and abandoning module DesktopPlatform (155)
[2014.12.10-03.04.50:038][772]LogModuleManager: Shutting down and abandoning module AutomationWorker (154)
[2014.12.10-03.04.50:038][772]LogModuleManager: Shutting down and abandoning module EditorLiveStreaming (153)
[2014.12.10-03.04.50:038][772]LogModuleManager: Shutting down and abandoning module DeviceProfileEditor (152)
[2014.12.10-03.04.50:038][772]LogModuleManager: Shutting down and abandoning module UndoHistory (151)
[2014.12.10-03.04.50:038][772]LogModuleManager: Shutting down and abandoning module GameplayTagsEditor (150)
[2014.12.10-03.04.50:038][772]LogModuleManager: Shutting down and abandoning module UserFeedback (149)
[2014.12.10-03.04.50:038][772]LogModuleManager: Shutting down and abandoning module XmlParser (148)
[2014.12.10-03.04.50:038][772]LogModuleManager: Shutting down and abandoning module Blutility (147)
[2014.12.10-03.04.50:038][772]LogModuleManager: Shutting down and abandoning module IOSPlatformEditor (146)
[2014.12.10-03.04.50:038][772]LogModuleManager: Shutting down and abandoning module IOSRuntimeSettings (145)
[2014.12.10-03.04.50:038][772]LogModuleManager: Shutting down and abandoning module AndroidPlatformEditor (144)
[2014.12.10-03.04.50:038][772]LogModuleManager: Shutting down and abandoning module AndroidRuntimeSettings (143)
[2014.12.10-03.04.50:038][772]LogModuleManager: Shutting down and abandoning module ProjectTargetPlatformEditor (142)
[2014.12.10-03.04.50:038][772]LogModuleManager: Shutting down and abandoning module ProjectSettingsViewer (141)
[2014.12.10-03.04.50:038][772]LogModuleManager: Shutting down and abandoning module InputBindingEditor (140)
[2014.12.10-03.04.50:038][772]LogModuleManager: Shutting down and abandoning module EditorSettingsViewer (139)
[2014.12.10-03.04.50:038][772]LogModuleManager: Shutting down and abandoning module SettingsEditor (138)
[2014.12.10-03.04.50:038][772]LogModuleManager: Shutting down and abandoning module SessionLauncher (137)
[2014.12.10-03.04.50:038][772]LogModuleManager: Shutting down and abandoning module SessionFrontend (136)
[2014.12.10-03.04.50:038][772]LogModuleManager: Shutting down and abandoning module ProfilerClient (135)
[2014.12.10-03.04.50:038][772]LogModuleManager: Shutting down and abandoning module TargetDeviceServices (134)
[2014.12.10-03.04.50:038][772]LogModuleManager: Shutting down and abandoning module DeviceManager (133)
[2014.12.10-03.04.50:038][772]LogModuleManager: Shutting down and abandoning module AutomationController (132)
[2014.12.10-03.04.50:038][772]LogModuleManager: Shutting down and abandoning module AutomationWindow (131)
[2014.12.10-03.04.50:038][772]LogModuleManager: Shutting down and abandoning module Layers (130)
[2014.12.10-03.04.50:038][772]LogModuleManager: Shutting down and abandoning module ComponentVisualizers (129)
[2014.12.10-03.04.50:038][772]LogModuleManager: Shutting down and abandoning module DetailCustomizations (128)
[2014.12.10-03.04.50:038][772]LogModuleManager: Shutting down and abandoning module PackagesDialog (127)
[2014.12.10-03.04.50:038][772]LogModuleManager: Shutting down and abandoning module DirectoryWatcher (126)
[2014.12.10-03.04.50:039][772]LogModuleManager: Shutting down and abandoning module AssetRegistry (125)
[2014.12.10-03.04.50:113][772]LogModuleManager: Shutting down and abandoning module Persona (124)
[2014.12.10-03.04.50:113][772]LogModuleManager: Shutting down and abandoning module GraphEditor (123)
[2014.12.10-03.04.50:113][772]LogModuleManager: Shutting down and abandoning module ClassViewer (122)
[2014.12.10-03.04.50:113][772]LogModuleManager: Shutting down and abandoning module Toolbox (121)
[2014.12.10-03.04.50:113][772]LogModuleManager: Shutting down and abandoning module ModuleUI (120)
[2014.12.10-03.04.50:113][772]LogModuleManager: Shutting down and abandoning module Sequencer (119)
[2014.12.10-03.04.50:113][772]LogModuleManager: Shutting down and abandoning module MovieSceneTools (118)
[2014.12.10-03.04.50:113][772]LogModuleManager: Shutting down and abandoning module OutputLog (117)
[2014.12.10-03.04.50:113][772]LogModuleManager: Shutting down and abandoning module GammaUI (116)
[2014.12.10-03.04.50:113][772]LogModuleManager: Shutting down and abandoning module Documentation (115)
[2014.12.10-03.04.50:113][772]LogModuleManager: Shutting down and abandoning module StreamingPauseRendering (114)
[2014.12.10-03.04.50:113][772]LogModuleManager: Shutting down and abandoning module AnalyticsET (113)
[2014.12.10-03.04.50:113][772]LogModuleManager: Shutting down and abandoning module Analytics (112)
[2014.12.10-03.04.50:113][772]LogModuleManager: Shutting down and abandoning module GameplayDebugger (111)
[2014.12.10-03.04.50:113][772]LogModuleManager: Shutting down and abandoning module AIModule (110)
[2014.12.10-03.04.50:113][772]LogModuleManager: Shutting down and abandoning module ProfilerService (109)
[2014.12.10-03.04.50:292][772]LogModuleManager: Shutting down and abandoning module TaskGraph (108)
[2014.12.10-03.04.50:292][772]LogModuleManager: Shutting down and abandoning module ViewportSnapping (107)
[2014.12.10-03.04.50:292][772]LogModuleManager: Shutting down and abandoning module GameProjectGeneration (106)
[2014.12.10-03.04.50:292][772]LogModuleManager: Shutting down and abandoning module Matinee (105)
[2014.12.10-03.04.50:292][772]LogModuleManager: Shutting down and abandoning module Kismet (104)
[2014.12.10-03.04.50:292][772]LogModuleManager: Shutting down and abandoning module SlateReflector (103)
[2014.12.10-03.04.50:292][772]LogModuleManager: Shutting down and abandoning module LevelEditor (102)
[2014.12.10-03.04.50:295][772]LogModuleManager: Shutting down and abandoning module IntroTutorials (101)
[2014.12.10-03.04.50:295][772]LogModuleManager: Shutting down and abandoning module ContentBrowser (100)
[2014.12.10-03.04.50:295][772]LogModuleManager: Shutting down and abandoning module PropertyEditor (99)
[2014.12.10-03.04.50:295][772]LogModuleManager: Shutting down and abandoning module AssetTools (98)
[2014.12.10-03.04.50:295][772]LogModuleManager: Shutting down and abandoning module MainFrame (97)
[2014.12.10-03.04.50:295][772]LogModuleManager: Shutting down and abandoning module SourceControl (96)
[2014.12.10-03.04.50:295][772]LogModuleManager: Shutting down and abandoning module ImageWrapper (95)
[2014.12.10-03.04.50:295][772]LogModuleManager: Shutting down and abandoning module OnlineBlueprintSupport (94)
[2014.12.10-03.04.50:295][772]LogModuleManager: Shutting down and abandoning module FunctionalTesting (93)
[2014.12.10-03.04.50:295][772]LogModuleManager: Shutting down and abandoning module CollisionAnalyzer (92)
[2014.12.10-03.04.50:295][772]LogModuleManager: Shutting down and abandoning module WorkspaceMenuStructure (91)
[2014.12.10-03.04.50:297][772]LogModuleManager: Shutting down and abandoning module MessageLog (90)
[2014.12.10-03.04.50:297][772]LogModuleManager: Shutting down and abandoning module Slate (89)
[2014.12.10-03.04.50:297][772]LogModuleManager: Shutting down and abandoning module EditorStyle (88)
[2014.12.10-03.04.50:301][772]LogModuleManager: Shutting down and abandoning module SessionServices (87)
[2014.12.10-03.04.50:301][772]LogModuleManager: Shutting down and abandoning module SourceCodeAccess (86)
[2014.12.10-03.04.50:301][772]LogModuleManager: Shutting down and abandoning module HeadMountedDisplay (85)
[2014.12.10-03.04.50:301][772]LogModuleManager: Shutting down and abandoning module XAudio2 (84)
[2014.12.10-03.04.50:301][772]LogModuleManager: Shutting down and abandoning module Networking (82)
[2014.12.10-03.04.50:301][772]LogModuleManager: Shutting down and abandoning module Core (81)
[2014.12.10-03.04.50:301][772]LogModuleManager: Shutting down and abandoning module KismetCompiler (80)
[2014.12.10-03.04.50:301][772]LogModuleManager: Shutting down and abandoning module PhysXFormats (79)
[2014.12.10-03.04.50:301][772]LogModuleManager: Shutting down and abandoning module MeshUtilities (78)
[2014.12.10-03.04.50:301][772]LogModuleManager: Shutting down and abandoning module DerivedDataCache (77)
[2014.12.10-03.04.50:317][772]LogDerivedDataCache: Shutdown
[2014.12.10-03.04.50:317][772]LogModuleManager: Shutting down and abandoning module ShaderFormatOpenGL (76)
[2014.12.10-03.04.50:317][772]LogModuleManager: Shutting down and abandoning module ShaderFormatD3D (75)
[2014.12.10-03.04.50:317][772]LogModuleManager: Shutting down and abandoning module MetalShaderFormat (74)
[2014.12.10-03.04.50:317][772]LogModuleManager: Shutting down and abandoning module TextureFormatUncompressed (73)
[2014.12.10-03.04.50:317][772]LogModuleManager: Shutting down and abandoning module TextureFormatPVR (72)
[2014.12.10-03.04.50:317][772]LogModuleManager: Shutting down and abandoning module TextureFormatDXT (71)
[2014.12.10-03.04.50:317][772]LogModuleManager: Shutting down and abandoning module TextureFormatAndroid (70)
[2014.12.10-03.04.50:317][772]LogModuleManager: Shutting down and abandoning module AudioFormatOpus (69)
[2014.12.10-03.04.50:317][772]LogModuleManager: Shutting down and abandoning module AudioFormatOgg (68)
[2014.12.10-03.04.50:317][772]LogModuleManager: Shutting down and abandoning module AudioFormatADPCM (67)
[2014.12.10-03.04.50:317][772]LogModuleManager: Shutting down and abandoning module Messaging (66)
[2014.12.10-03.04.50:317][772]LogModuleManager: Shutting down and abandoning module IOSTargetPlatform (65)
[2014.12.10-03.04.50:317][772]LogModuleManager: Shutting down and abandoning module Android_PVRTCTargetPlatform (64)
[2014.12.10-03.04.50:317][772]LogModuleManager: Shutting down and abandoning module Android_ETC2TargetPlatform (63)
[2014.12.10-03.04.50:317][772]LogModuleManager: Shutting down and abandoning module Android_ETC1TargetPlatform (62)
[2014.12.10-03.04.50:317][772]LogModuleManager: Shutting down and abandoning module Android_DXTTargetPlatform (61)
[2014.12.10-03.04.50:317][772]LogModuleManager: Shutting down and abandoning module Android_ATCTargetPlatform (60)
[2014.12.10-03.04.50:317][772]LogModuleManager: Shutting down and abandoning module AndroidTargetPlatform (59)
[2014.12.10-03.04.50:317][772]LogModuleManager: Shutting down and abandoning module WindowsTargetPlatform (58)
[2014.12.10-03.04.50:317][772]LogModuleManager: Shutting down and abandoning module WindowsServerTargetPlatform (57)
[2014.12.10-03.04.50:317][772]LogModuleManager: Shutting down and abandoning module WindowsNoEditorTargetPlatform (56)
[2014.12.10-03.04.50:317][772]LogModuleManager: Shutting down and abandoning module WindowsClientTargetPlatform (55)
[2014.12.10-03.04.50:317][772]LogModuleManager: Shutting down and abandoning module TargetPlatform (54)
[2014.12.10-03.04.50:317][772]LogModuleManager: Shutting down and abandoning module InputCore (53)
[2014.12.10-03.04.50:317][772]LogModuleManager: Shutting down and abandoning module Settings (52)
[2014.12.10-03.04.50:317][772]LogModuleManager: Shutting down and abandoning module TextureCompressor (49)
[2014.12.10-03.04.50:317][772]LogModuleManager: Shutting down and abandoning module ShaderCore (48)
[2014.12.10-03.04.50:317][772]LogModuleManager: Shutting down and abandoning module OpenGLDrv (47)
[2014.12.10-03.04.50:318][772]LogModuleManager: Shutting down and abandoning module D3D11RHI (46)
[2014.12.10-03.04.50:318][772]LogModuleManager: Shutting down and abandoning module SlateRHIRenderer (45)
[2014.12.10-03.04.50:318][772]LogModuleManager: Shutting down and abandoning module Renderer (44)
[2014.12.10-03.04.50:318][772]LogModuleManager: Shutting down and abandoning module Engine (43)
[2014.12.10-03.04.50:318][772]LogModuleManager: Shutting down and abandoning module SlateRemote (42)
[2014.12.10-03.04.50:318][772]LogModuleManager: Shutting down and abandoning module ScriptPlugin (41)
[2014.12.10-03.04.50:318][772]LogModuleManager: Shutting down and abandoning module ScriptEditorPlugin (39)
[2014.12.10-03.04.50:318][772]LogModuleManager: Shutting down and abandoning module WindowsMoviePlayer (38)
[2014.12.10-03.04.50:328][772]LogModuleManager: Shutting down and abandoning module ExampleDeviceProfileSelector (31)
[2014.12.10-03.04.50:328][772]LogModuleManager: Shutting down and abandoning module CustomMeshComponent (30)
[2014.12.10-03.04.50:328][772]LogModuleManager: Shutting down and abandoning module CableComponent (29)
[2014.12.10-03.04.50:328][772]LogModuleManager: Shutting down and abandoning module OculusRift (25)
[2014.12.10-03.04.50:328][772]LogModuleManager: Shutting down and abandoning module UdpMessaging (24)
[2014.12.10-03.04.50:430][772]LogModuleManager: Shutting down and abandoning module MessagingDebugger (23)
[2014.12.10-03.04.50:430][772]LogModuleManager: Shutting down and abandoning module SmartSnapping (21)
[2014.12.10-03.04.50:430][772]LogModuleManager: Shutting down and abandoning module PaperJsonImporter (20)
[2014.12.10-03.04.50:430][772]LogModuleManager: Shutting down and abandoning module Paper2DEditor (19)
[2014.12.10-03.04.50:430][772]LogModuleManager: Shutting down and abandoning module Paper2D (18)
[2014.12.10-03.04.50:430][772]LogModuleManager: Shutting down and abandoning module SpeedTreeImporter (14)
[2014.12.10-03.04.50:430][772]LogModuleManager: Shutting down and abandoning module PluginsEditor (13)
[2014.12.10-03.04.50:430][772]LogModuleManager: Shutting down and abandoning module EpicSurvey (12)
[2014.12.10-03.04.50:430][772]LogModuleManager: Shutting down and abandoning module VisualStudioSourceCodeAccess (10)
[2014.12.10-03.04.50:430][772]LogModuleManager: Shutting down and abandoning module UObjectPlugin (9)
[2014.12.10-03.04.50:430][772]LogModuleManager: Shutting down and abandoning module SubversionSourceControl (8)
[2014.12.10-03.04.50:430][772]LogModuleManager: Shutting down and abandoning module PerforceSourceControl (7)
[2014.12.10-03.04.50:430][772]LogModuleManager: Shutting down and abandoning module BlankPlugin (6)
[2014.12.10-03.04.50:430][772]LogModuleManager: Shutting down and abandoning module CoreUObject (5)
[2014.12.10-03.04.50:430][772]LogModuleManager: Shutting down and abandoning module NetworkFile (4)
[2014.12.10-03.04.50:430][772]LogModuleManager: Shutting down and abandoning module StreamingFile (3)
[2014.12.10-03.04.50:430][772]LogModuleManager: Shutting down and abandoning module SandboxFile (2)
[2014.12.10-03.04.50:430][772]LogModuleManager: Shutting down and abandoning module PakFile (1)
[2014.12.10-03.04.50:431][772]LogExit: Exiting.
[2014.12.10-03.04.50:437][772]Log file closed, 12/09/14 22:04:50
