Log file open, 11/16/14 19:17:30
LogInit:Display: Running engine for game: CowTipping
LogInit: Version: 4.3.1-2226335+++depot+UE4-Releases+4.3
LogInit: API Version: 2215663
LogInit: Compiled (64-bit): Jul 21 2014 22:28:08
LogInit: Build Configuration: Development
LogInit: Branch Name: ++depot+UE4-Releases+4.3
LogInit: Command line:  
LogInit: Base directory: C:/Program Files/Unreal Engine/4.3/Engine/Binaries/Win64/
LogInit: Rocket: 1
[2014.11.17-00.17.30:578][  0]LogTaskGraph: Started task graph with 3 named threads and 4 total threads.
[2014.11.17-00.17.30:607][  0]LogOnline:Warning: No default platform service specified for OnlineSubsystem
[2014.11.17-00.17.30:617][  0]LogInit: Presizing for 0 objects not considered by GC, pre-allocating 0 bytes.
[2014.11.17-00.17.30:622][  0]LogInit: Object subsystem initialized
[2014.11.17-00.17.30:624][  0]LogInit: Selected Device Profile: [Windows]
[2014.11.17-00.17.30:624][  0]LogInit: Applying CVar settings loaded from the selected device profile: [Windows]
[2014.11.17-00.17.30:632][  0]LogInit: Computer: HINAGIKU
[2014.11.17-00.17.30:632][  0]LogInit: User: JustinYong
[2014.11.17-00.17.30:637][  0]LogInit: CPU Page size=4096, Cores=4
[2014.11.17-00.17.30:637][  0]LogInit: High frequency timer resolution =3.435860 MHz
[2014.11.17-00.17.30:637][  0]LogMemory: Memory total: Physical=15.9GB (16GB approx) Virtual=131072.0GB
[2014.11.17-00.17.30:637][  0]LogMemory: Platform Memory Stats for Windows
[2014.11.17-00.17.30:637][  0]LogMemory: Process Physical Memory: 60.09 MB used, 60.09 MB peak
[2014.11.17-00.17.30:637][  0]LogMemory: Process Virtual Memory: 36.96 MB used, 36.96 MB peak
[2014.11.17-00.17.30:637][  0]LogMemory: Physical Memory: 10679.15 MB used, 16321.69 MB total
[2014.11.17-00.17.30:637][  0]LogMemory: Virtual Memory: 265.21 MB used, 134217728.00 MB total
[2014.11.17-00.17.30:694][  0]LogD3D11RHI: Found D3D11 adapter 0: NVIDIA GeForce GTX 770 (Feature Level 11_0)
[2014.11.17-00.17.30:694][  0]LogD3D11RHI: Adapter has 1985MB of dedicated video memory, 0MB of dedicated system memory, and 2048MB of shared system memory, 3 output[s]
[2014.11.17-00.17.30:696][  0]LogD3D11RHI: Found D3D11 adapter 1: Microsoft Basic Render Driver (Feature Level 11_0)
[2014.11.17-00.17.30:696][  0]LogD3D11RHI: Adapter has 0MB of dedicated video memory, 0MB of dedicated system memory, and 256MB of shared system memory, 0 output[s]
[2014.11.17-00.17.30:696][  0]LogD3D11RHI: Chosen D3D11 Adapter Id = 0
[2014.11.17-00.17.30:704][  0]LogRHI: Texture pool is 1361 MB (70% of 1945 MB)
[2014.11.17-00.17.30:720][  0]LogD3D11RHI: Async texture creation enabled
[2014.11.17-00.17.30:845][  0]LogContentStreaming: Texture pool size is 0.000000MB
[2014.11.17-00.17.31:615][  0]LogTargetPlatformManager:Display: Building Assets For Windows
[2014.11.17-00.17.31:730][  0]LogTargetPlatformManager:Display: Building Assets For Windows
[2014.11.17-00.17.31:768][  0]LogDerivedDataCache:Display: Max Cache Size: 512 MB
[2014.11.17-00.17.31:885][  0]LogDerivedDataCache: Loaded boot cache 0.12s 39MB C:/Users/Justin Yong/AppData/Local/UnrealEngine/4.3/DerivedDataCache/Boot.ddc.
[2014.11.17-00.17.31:885][  0]LogDerivedDataCache:Display: Loaded Boot cache: C:/Users/Justin Yong/AppData/Local/UnrealEngine/4.3/DerivedDataCache/Boot.ddc
[2014.11.17-00.17.31:886][  0]LogDerivedDataCache: FDerivedDataBackendGraph:  Pak pak cache file B:/CGT 345/GitHub/Cow-Tipping/DerivedDataCache/DDC.ddp not found, will not use a pak cache.
[2014.11.17-00.17.31:886][  0]LogDerivedDataCache: Unable to find inner node Pak for hierarchical cache Hierarchy.
[2014.11.17-00.17.31:901][  0]LogDerivedDataCache:Display: Pak cache opened for reading ../../../Engine/DerivedDataCache/DDC.ddp.
[2014.11.17-00.17.31:913][  0]LogDerivedDataCache: Using Local data cache path C:/Users/Justin Yong/AppData/Local/UnrealEngine/4.3/DerivedDataCache: Writable
[2014.11.17-00.17.32:093][  0]LogMeshUtilities: No automatic mesh reduction module available
[2014.11.17-00.17.32:094][  0]LogMeshUtilities: No automatic mesh merging module available
[2014.11.17-00.17.32:505][  0]LogInit: WinSock: version 1.1 (2.2), MaxSocks=32767, MaxUdp=65467
[2014.11.17-00.17.33:565][  0]LogLinker:Warning: Asset '../../../Engine/Plugins/Experimental/Paper2D/Content/DefaultPaperTerrainMaterial.uasset' has been saved with empty engine version. The asset will be loaded but may be incompatible.
[2014.11.17-00.17.33:566][  0]LogLinker:Warning: Asset '../../../Engine/Plugins/Experimental/Paper2D/Content/DummySprite.uasset' has been saved with empty engine version. The asset will be loaded but may be incompatible.
[2014.11.17-00.17.33:568][  0]UdpMessaging: Initializing bridge on interface 0.0.0.0:0 to multicast group 230.0.0.1:6666.
[2014.11.17-00.17.33:648][  0]SourceControl: Info Source control is disabled
[2014.11.17-00.17.33:648][  0]SourceControl: Info Source control is disabled
[2014.11.17-00.17.33:652][  0]SourceControl: Info Source control is disabled
[2014.11.17-00.17.33:802][  0]BlueprintLog: New page: Editor Load
[2014.11.17-00.17.33:885][  0]LogObj: 20191 objects as part of root set at end of initial load.
[2014.11.17-00.17.33:885][  0]LogUObjectAllocator: 3997440 out of 0 bytes used by permanent object pool.
[2014.11.17-00.17.34:066][  0]LogEngine: Initializing Engine...
[2014.11.17-00.17.34:188][  0]LogInit: XAudio2 using 'Razer Surround (Razer Surround Audio Controller)' : 8 channels at 48 kHz using 16 bits per sample (channel mask 0x63f)
[2014.11.17-00.17.34:202][  0]LogInit: FAudioDevice initialized.
[2014.11.17-00.17.34:216][  0]LogAIModule: Creating AISystem for world NewWorld
[2014.11.17-00.17.34:250][  0]LogDerivedDataCache: Saved boot cache 0.03s 39MB C:/Users/Justin Yong/AppData/Local/UnrealEngine/4.3/DerivedDataCache/Boot.ddc.
[2014.11.17-00.17.34:261][  0]LogInit: Texture streaming: Enabled
[2014.11.17-00.17.34:295][  0]LogInit: Transaction tracking system initialized
[2014.11.17-00.17.34:385][  0]LogAssetRegistry: FAssetRegistry took 0.0114 seconds to start up
[2014.11.17-00.17.34:540][  0]LogTargetPlatformManager:Display: Building Assets For Windows
[2014.11.17-00.17.34:578][  0]LogTargetPlatformManager:Display: Building Assets For Windows
[2014.11.17-00.17.34:685][  0]LogConsoleResponse:Display: 
[2014.11.17-00.17.34:880][  0]SourceControl: Info Source control is disabled
[2014.11.17-00.17.34:880][  0]Cmd: MAP LOAD FILE="B:/CGT 345/GitHub/Cow-Tipping/Content/Maps/Level_01.umap" TEMPLATE=0 SHOWPROGRESS=1
[2014.11.17-00.17.34:880][  0]LightingResults: New page: Lighting Build
[2014.11.17-00.17.34:887][  0]MapCheck: New page: Map Check
[2014.11.17-00.17.34:887][  0]LightingResults: New page: Lighting Build
[2014.11.17-00.17.34:904][  0]LogParticles: Destroying 0 GPU particle simulations for FXSystem 0x000000D10EB37740
[2014.11.17-00.17.35:484][  0]LogEditorServer: Finished looking for orphan Actors (0.000 secs)
[2014.11.17-00.17.35:484][  0]LogAIModule: Creating AISystem for world Level_01
[2014.11.17-00.17.35:484][  0]Cmd: MAP CHECKDEP
[2014.11.17-00.17.35:484][  0]MapCheck: New page: Level_01 - Nov 16, 2014, 2:17:35 PM
[2014.11.17-00.17.35:518][  0]MapCheck: Info ========== Map Check: 0 Error(s), 0 Warning(s), [33.359ms] ==========
[2014.11.17-00.17.35:518][  0]LogFileHelpers: Loading map 'Level_01' took 0.638
[2014.11.17-00.17.35:683][  0]LogCollectionManager: Loaded 0 collections in 0.001104 seconds
[2014.11.17-00.17.35:867][  0]LogCrashTracker: Crashtracker disabled due to settings.
[2014.11.17-00.17.35:923][  0]LogLoad: Full Startup: 6.53 seconds (BP compile: 0.18 seconds)
[2014.11.17-00.17.35:940][  0]LogContentBrowser:Verbose: The content browser source was changed by the sources view to '/Game/Sprites'
[2014.11.17-00.17.36:018][  0]LogSlate: SRTH: 000000D1141CBDC0, 952 x 935
[2014.11.17-00.17.36:072][  0]LogRenderer:Warning: Reallocating scene render targets to support 952x936.
[2014.11.17-00.17.36:166][  1]LogEpicStorage:Warning: EnumerateFiles request failed. Invalid response. code=403 error=<?xml version="1.0" encoding="UTF-8"?>
<Error><Code>AccessDenied</Code><Message>Access Denied</Message><RequestId>4FA4A48B0B433844</RequestId><HostId>bFDuWrZl0y23+PtszeG9ahj+j62SYHhGOt6dLAv8PKB+W1Lu/D9BcPCfCwMXzsiC</HostId></Error>
[2014.11.17-00.17.36:218][  2]LogEpicSurvey:Warning: EnumerateFiles request failed. Invalid response. code=403 error=<?xml version="1.0" encoding="UTF-8"?>
<Error><Code>AccessDenied</Code><Message>Access Denied</Message><RequestId>89A2FDE2B822406C</RequestId><HostId>iSxqcNV+I4Ig8R0j5c2rfTpJdFD5FTT8FJdEtx8uYxj0E7nN5uZnvjoKMITXxogZpFcmz9TcqIM=</HostId></Error>
[2014.11.17-00.17.36:226][  2]LogAssetRegistry: Asset discovery search completed in 1.8536 seconds
[2014.11.17-00.17.36:263][  4]LogEpicSurvey:Warning: EnumerateFiles request failed. Invalid response. code=403 error=<?xml version="1.0" encoding="UTF-8"?>
<Error><Code>AccessDenied</Code><Message>Access Denied</Message><RequestId>EBB2D1FBFB99075A</RequestId><HostId>+cO1WIpcJYrv+p9sXx2kRyRdoAfvfqGJEY0RW1f9A32yZdaPzBEE9grpjL8iDzaQ</HostId></Error>
[2014.11.17-00.17.36:298][  6]LogEpicStorage:Warning: EnumerateFiles request failed. Invalid response. code=403 error=<?xml version="1.0" encoding="UTF-8"?>
<Error><Code>AccessDenied</Code><Message>Access Denied</Message><RequestId>BF01972F5DAF7C54</RequestId><HostId>sog38vV3hzX78G47EzyCFymr35k3zayxPEn8A7BjvwcZhmlTVOcUxaB8xJFsV/DX</HostId></Error>
[2014.11.17-00.17.36:373][ 10]LogEpicStorage:Warning: ReadFile request failed. File request already pending for filename=http://cdn.unrealengine.com/newsfeed/blueprint_icon_b.png
[2014.11.17-00.17.36:373][ 10]LogEpicStorage:Warning: ReadFile request failed. File request already pending for filename=http://cdn.unrealengine.com/newsfeed/blueprint_icon_b.png
[2014.11.17-00.17.50:358][  0]LogEditorViewport: Clicking on Actor (LMB): PaperSpriteActor (Level_1_Layout_Sprite)
[2014.11.17-00.18.20:829][983]LogContentBrowser:Verbose: The content browser source was changed by the sources view to '/Game/Sprites/Level_01_Sprites'
[2014.11.17-00.18.21:755][ 78]LogContentBrowser:Verbose: The content browser source was changed by the sources view to '/Game/Sprites'
[2014.11.17-00.22.02:965][995]LogContentBrowser:Verbose: The content browser source was changed by the sources view to '/Game/Sprites/Levels'
[2014.11.17-00.22.03:863][ 63]LogContentBrowser:Verbose: The content browser source was changed by the sources view to '/Game/Sprites'
[2014.11.17-00.22.05:420][161]LogContentBrowser:Verbose: The content browser source was changed by the sources view to '/Game/Sprites/Level_Designs'
[2014.11.17-00.22.22:735][926]LogContentBrowser:Verbose: The content browser source was changed by the sources view to '/Game/Sprites'
[2014.11.17-00.22.32:360][650]LogContentBrowser:Verbose: The content browser source was changed by the sources view to '/Game/Sprites/Characters'
[2014.11.17-00.22.36:254][918]LogContentBrowser:Verbose: The content browser source was changed by the sources view to '/Game/Textures'
[2014.11.17-00.22.37:414][987]LogContentBrowser:Verbose: The content browser source was changed by the sources view to '/Game/Sprites/Levels'
[2014.11.17-00.22.38:350][ 65]LogContentBrowser:Verbose: The content browser source was changed by the sources view to '/Game/Textures'
[2014.11.17-00.22.40:405][216]LogContentBrowser:Verbose: The content browser source was changed by the sources view to '/Game/Textures/Characters'
[2014.11.17-00.22.49:627][774]LogContentBrowser:Verbose: The content browser source was changed by the sources view to '/Game/Textures/Characters'
[2014.11.17-00.22.59:060][304]LogSavePackage: Save=29.536419ms
[2014.11.17-00.22.59:060][304]LogSavePackage: Moving 'B:/CGT 345/GitHub/Cow-Tipping/Saved/RedNeckSpriteSheetIdle_SpriteD99E6BC04B7AFE9E6CCCE09A6ECD7A61.tmp' to 'B:/CGT 345/GitHub/Cow-Tipping/Content/Sprites/Characters/RedNeck/RedNeckSpriteSheetIdle_Sprite.uasset'
[2014.11.17-00.22.59:552][332]LogContentBrowser:Verbose: The content browser source was changed by the sources view to '/Game/Sprites/Characters/RedNeck'
[2014.11.17-00.23.08:326][930]Cmd: OBJ SAVEPACKAGE PACKAGE="/Game/Sprites/Characters/RedNeck/RedNeckIdle1" FILE="B:/CGT 345/GitHub/Cow-Tipping/Content/Sprites/Characters/RedNeck/RedNeckIdle1.uasset" SILENT=true
[2014.11.17-00.23.08:355][930]LogSavePackage: Save=24.226250ms
[2014.11.17-00.23.08:355][930]LogSavePackage: Moving 'B:/CGT 345/GitHub/Cow-Tipping/Saved/RedNeckIdle109BFB9DC4AD009F73834CF937BCB8ED7.tmp' to 'B:/CGT 345/GitHub/Cow-Tipping/Content/Sprites/Characters/RedNeck/RedNeckIdle1.uasset'
[2014.11.17-00.23.10:464][ 54]LogContentBrowser:Verbose: The content browser source was changed by the sources view to '/Game/Sprites/Characters/Clown'
[2014.11.17-00.23.11:336][115]LogContentBrowser:Verbose: The content browser source was changed by the sources view to '/Game/Sprites/Characters/Bull'
[2014.11.17-00.23.12:387][192]LogContentBrowser:Verbose: The content browser source was changed by the sources view to '/Game/Sprites/Characters/Blacksmith'
[2014.11.17-00.23.14:943][377]LogContentBrowser:Verbose: The content browser source was changed by the sources view to '/Game/Sprites/Characters/RedNeck'
[2014.11.17-00.23.21:508][810]Cmd: OBJ SAVEPACKAGE PACKAGE="/Game/Sprites/Characters/RedNeck/RedNeck_Idle_1" FILE="B:/CGT 345/GitHub/Cow-Tipping/Content/Sprites/Characters/RedNeck/RedNeck_Idle_1.uasset" SILENT=true
[2014.11.17-00.23.21:538][810]LogSavePackage: Save=25.362501ms
[2014.11.17-00.23.21:538][810]LogSavePackage: Moving 'B:/CGT 345/GitHub/Cow-Tipping/Saved/RedNeck_Idle_120CD7ADD477ACA90B3C1788B6007A8F0.tmp' to 'B:/CGT 345/GitHub/Cow-Tipping/Content/Sprites/Characters/RedNeck/RedNeck_Idle_1.uasset'
[2014.11.17-00.23.33:582][514]LogContentBrowser:Verbose: The content browser source was changed by the sources view to 'None'
[2014.11.17-00.23.33:582][514]LogContentBrowser:Verbose: The content browser source was changed by the sources view to '/Game/Sprites/Characters/RedNeck'
[2014.11.17-00.23.33:583][514]LogContentBrowser:Verbose: The content browser source was changed by the sources view to '/Game/Sprites/Characters/RedNeck'
[2014.11.17-00.23.45:355][131]LogSlate: SRTH: 000000D11A1BEBC0, 1112 x 810
[2014.11.17-00.23.45:388][132]LogRenderer:Warning: Reallocating scene render targets to support 1112x936.
[2014.11.17-00.24.01:541][843]Cmd: OBJ SAVEPACKAGE PACKAGE="/Game/Sprites/Characters/RedNeck/RedNeck_Idle_3_4" FILE="B:/CGT 345/GitHub/Cow-Tipping/Content/Sprites/Characters/RedNeck/RedNeck_Idle_3_4.uasset" SILENT=true
[2014.11.17-00.24.01:570][843]LogSavePackage: Save=24.151741ms
[2014.11.17-00.24.01:570][843]LogSavePackage: Moving 'B:/CGT 345/GitHub/Cow-Tipping/Saved/RedNeck_Idle_3_425B8770B47C1CFE9F814AA9D0A1282C7.tmp' to 'B:/CGT 345/GitHub/Cow-Tipping/Content/Sprites/Characters/RedNeck/RedNeck_Idle_3_4.uasset'
[2014.11.17-00.24.10:631][421]LogContentBrowser:Verbose: The content browser source was changed by the sources view to '/Game/Sprites'
[2014.11.17-00.24.13:213][584]LogContentBrowser:Verbose: The content browser source was changed by the sources view to '/Game/Sprites/Characters'
[2014.11.17-00.24.16:884][804]LogContentBrowser:Verbose: The content browser source was changed by the sources view to '/Game/Sprites/Characters'
[2014.11.17-00.24.22:128][131]LogSlate: SRTH: 000000D11A1F77C0, 1112 x 711
[2014.11.17-00.24.23:357][193]LogContentBrowser:Verbose: The content browser source was changed by the sources view to '/Game/Sprites/Characters/RedNeck'
[2014.11.17-00.24.27:849][403]LogSlate: SRTH: 000000D10BBDCD00, 1112 x 697, prev 0000000000000000
[2014.11.17-00.24.30:226][523]Cmd: OBJ SAVEPACKAGE PACKAGE="/Game/Sprites/Characters/RedNeckIdle" FILE="B:/CGT 345/GitHub/Cow-Tipping/Content/Sprites/Characters/RedNeckIdle.uasset" SILENT=true
[2014.11.17-00.24.30:250][523]LogSavePackage: Save=20.096861ms
[2014.11.17-00.24.30:250][523]LogSavePackage: Moving 'B:/CGT 345/GitHub/Cow-Tipping/Saved/RedNeckIdleE0BC7BD44C660CA5DA2C4E9ABF6273C5.tmp' to 'B:/CGT 345/GitHub/Cow-Tipping/Content/Sprites/Characters/RedNeckIdle.uasset'
[2014.11.17-00.24.33:084][686]LogContentBrowser:Verbose: The content browser source was changed by the sources view to '/Game/Sprites/Characters'
[2014.11.17-00.24.34:893][776]LogSlate: SRTH: 000000D10BBDC880, 1112 x 697
[2014.11.17-00.24.36:775][863]LogSlate: SRTH: 000000D12326D600, 1112 x 697
[2014.11.17-00.24.42:414][143]LogSlate: SRTH: 000000D10AA8AC80, 1112 x 697
[2014.11.17-00.24.44:699][256]LogSlate: SRTH: 000000D11C4E3DC0, 1112 x 697
[2014.11.17-00.24.55:217][833]LogParticles: Destroying 0 GPU particle simulations for FXSystem 0x000000D11405ECA0
[2014.11.17-00.24.55:217][833]LogParticles: Destroying 0 GPU particle simulations for FXSystem 0x000000D11405C4A0
[2014.11.17-00.24.55:217][833]LogParticles: Destroying 0 GPU particle simulations for FXSystem 0x000000D10C80DF80
[2014.11.17-00.24.55:217][833]LogParticles: Destroying 0 GPU particle simulations for FXSystem 0x000000D10C80CC20
[2014.11.17-00.24.55:217][833]LogParticles: Destroying 0 GPU particle simulations for FXSystem 0x000000D10C7D5C60
[2014.11.17-00.24.55:218][833]LogParticles: Destroying 0 GPU particle simulations for FXSystem 0x000000D108B56A20
[2014.11.17-00.24.55:266][833]Cmd: OBJ SAVEPACKAGE PACKAGE="/Game/Textures/Characters/RedNeckSpriteSheetIdle_Sprite" FILE="B:/CGT 345/GitHub/Cow-Tipping/Content/Textures/Characters/RedNeckSpriteSheetIdle_Sprite.uasset" SILENT=true
[2014.11.17-00.24.55:278][833]LogSavePackage: Save=8.114125ms
[2014.11.17-00.24.55:278][833]LogSavePackage: Moving 'B:/CGT 345/GitHub/Cow-Tipping/Saved/RedNeckSpriteSheetIdle_SpriteA3B94487487FD6CF9FCEFCB2EA9C3303.tmp' to 'B:/CGT 345/GitHub/Cow-Tipping/Content/Textures/Characters/RedNeckSpriteSheetIdle_Sprite.uasset'
[2014.11.17-00.24.55:297][833]Cmd: OBJ SAVEPACKAGE PACKAGE="/Game/Sprites/Characters/RedNeck/RedNeck_Idle_1" FILE="B:/CGT 345/GitHub/Cow-Tipping/Content/Sprites/Characters/RedNeck/RedNeck_Idle_1.uasset" SILENT=true
[2014.11.17-00.24.55:352][833]LogSavePackage: Save=21.024721ms
[2014.11.17-00.24.55:352][833]LogSavePackage: Moving 'B:/CGT 345/GitHub/Cow-Tipping/Saved/RedNeck_Idle_1225B6FAD47DB46EF37AD00B1B1308BEE.tmp' to 'B:/CGT 345/GitHub/Cow-Tipping/Content/Sprites/Characters/RedNeck/RedNeck_Idle_1.uasset'
[2014.11.17-00.24.55:370][833]Cmd: OBJ SAVEPACKAGE PACKAGE="/Game/Sprites/Characters/RedNeck/RedNeck_Idle_3" FILE="B:/CGT 345/GitHub/Cow-Tipping/Content/Sprites/Characters/RedNeck/RedNeck_Idle_3.uasset" SILENT=true
[2014.11.17-00.24.55:399][833]LogSavePackage: Save=27.921684ms
[2014.11.17-00.24.55:399][833]LogSavePackage: Moving 'B:/CGT 345/GitHub/Cow-Tipping/Saved/RedNeck_Idle_3DEAB97FC4FE996485F5FD49E1F2B00F7.tmp' to 'B:/CGT 345/GitHub/Cow-Tipping/Content/Sprites/Characters/RedNeck/RedNeck_Idle_3.uasset'
[2014.11.17-00.24.55:415][833]Cmd: OBJ SAVEPACKAGE PACKAGE="/Game/Sprites/Characters/RedNeck/RedNeck_Idle_1_2" FILE="B:/CGT 345/GitHub/Cow-Tipping/Content/Sprites/Characters/RedNeck/RedNeck_Idle_1_2.uasset" SILENT=true
[2014.11.17-00.24.55:437][833]LogSavePackage: Save=20.299139ms
[2014.11.17-00.24.55:437][833]LogSavePackage: Moving 'B:/CGT 345/GitHub/Cow-Tipping/Saved/RedNeck_Idle_1_2155F7B244EAA16255A20CD8A945A683E.tmp' to 'B:/CGT 345/GitHub/Cow-Tipping/Content/Sprites/Characters/RedNeck/RedNeck_Idle_1_2.uasset'
[2014.11.17-00.24.55:458][833]Cmd: OBJ SAVEPACKAGE PACKAGE="/Game/Sprites/Characters/RedNeckIdle" FILE="B:/CGT 345/GitHub/Cow-Tipping/Content/Sprites/Characters/RedNeckIdle.uasset" SILENT=true
[2014.11.17-00.24.55:516][833]LogSavePackage: Save=21.582661ms
[2014.11.17-00.24.55:516][833]LogSavePackage: Moving 'B:/CGT 345/GitHub/Cow-Tipping/Saved/RedNeckIdle905C0BBD436248AD8F333194E4DD8D64.tmp' to 'B:/CGT 345/GitHub/Cow-Tipping/Content/Sprites/Characters/RedNeckIdle.uasset'
[2014.11.17-00.24.55:533][833]Cmd: OBJ SAVEPACKAGE PACKAGE="/Game/Sprites/Characters/RedNeckWalk" FILE="B:/CGT 345/GitHub/Cow-Tipping/Content/Sprites/Characters/RedNeckWalk.uasset" SILENT=true
[2014.11.17-00.24.55:584][833]LogSavePackage: Save=21.695587ms
[2014.11.17-00.24.55:584][833]LogSavePackage: Moving 'B:/CGT 345/GitHub/Cow-Tipping/Saved/RedNeckWalkDB6DFE404283B03E3C6537B515931634.tmp' to 'B:/CGT 345/GitHub/Cow-Tipping/Content/Sprites/Characters/RedNeckWalk.uasset'
[2014.11.17-00.24.55:602][833]Cmd: OBJ SAVEPACKAGE PACKAGE="/Game/Sprites/Characters/BlacksmithIdle" FILE="B:/CGT 345/GitHub/Cow-Tipping/Content/Sprites/Characters/BlacksmithIdle.uasset" SILENT=true
[2014.11.17-00.24.55:652][833]LogSavePackage: Save=20.079107ms
[2014.11.17-00.24.55:652][833]LogSavePackage: Moving 'B:/CGT 345/GitHub/Cow-Tipping/Saved/BlacksmithIdle26914B7B46B5514A22CCABBA077BE3F4.tmp' to 'B:/CGT 345/GitHub/Cow-Tipping/Content/Sprites/Characters/BlacksmithIdle.uasset'
[2014.11.17-00.24.55:671][833]Cmd: OBJ SAVEPACKAGE PACKAGE="/Game/Sprites/Characters/BlacksmithWalk" FILE="B:/CGT 345/GitHub/Cow-Tipping/Content/Sprites/Characters/BlacksmithWalk.uasset" SILENT=true
[2014.11.17-00.24.55:736][833]LogSavePackage: Save=31.496336ms
[2014.11.17-00.24.55:736][833]LogSavePackage: Moving 'B:/CGT 345/GitHub/Cow-Tipping/Saved/BlacksmithWalkB1C6B99F4FA0A815889C01B6D0C72FE9.tmp' to 'B:/CGT 345/GitHub/Cow-Tipping/Content/Sprites/Characters/BlacksmithWalk.uasset'
[2014.11.17-00.24.55:759][833]Cmd: OBJ SAVEPACKAGE PACKAGE="/Game/Sprites/Characters/BullIdle" FILE="B:/CGT 345/GitHub/Cow-Tipping/Content/Sprites/Characters/BullIdle.uasset" SILENT=true
[2014.11.17-00.24.55:820][833]LogSavePackage: Save=23.486115ms
[2014.11.17-00.24.55:820][833]LogSavePackage: Moving 'B:/CGT 345/GitHub/Cow-Tipping/Saved/BullIdle5D05162D4295408ADBDCDFB04A457D6C.tmp' to 'B:/CGT 345/GitHub/Cow-Tipping/Content/Sprites/Characters/BullIdle.uasset'
[2014.11.17-00.24.55:843][833]Cmd: OBJ SAVEPACKAGE PACKAGE="/Game/Sprites/Characters/BullWalk" FILE="B:/CGT 345/GitHub/Cow-Tipping/Content/Sprites/Characters/BullWalk.uasset" SILENT=true
[2014.11.17-00.24.55:911][833]LogSavePackage: Save=26.239136ms
[2014.11.17-00.24.55:912][833]LogSavePackage: Moving 'B:/CGT 345/GitHub/Cow-Tipping/Saved/BullWalk9B01736E4753D38D3DD8569D08509BED.tmp' to 'B:/CGT 345/GitHub/Cow-Tipping/Content/Sprites/Characters/BullWalk.uasset'
[2014.11.17-00.24.55:933][833]Cmd: OBJ SAVEPACKAGE PACKAGE="/Game/Sprites/Characters/ClownIdle" FILE="B:/CGT 345/GitHub/Cow-Tipping/Content/Sprites/Characters/ClownIdle.uasset" SILENT=true
[2014.11.17-00.24.55:986][833]LogSavePackage: Save=19.710932ms
[2014.11.17-00.24.55:986][833]LogSavePackage: Moving 'B:/CGT 345/GitHub/Cow-Tipping/Saved/ClownIdle80411E8F4D0631ADEAC4E49AC0D6624E.tmp' to 'B:/CGT 345/GitHub/Cow-Tipping/Content/Sprites/Characters/ClownIdle.uasset'
[2014.11.17-00.24.56:006][833]Cmd: OBJ SAVEPACKAGE PACKAGE="/Game/Sprites/Characters/ClownWalk" FILE="B:/CGT 345/GitHub/Cow-Tipping/Content/Sprites/Characters/ClownWalk.uasset" SILENT=true
[2014.11.17-00.24.56:066][833]LogSavePackage: Save=26.707434ms
[2014.11.17-00.24.56:066][833]LogSavePackage: Moving 'B:/CGT 345/GitHub/Cow-Tipping/Saved/ClownWalk4DA3D23944A50149D883EEBA7F37914E.tmp' to 'B:/CGT 345/GitHub/Cow-Tipping/Content/Sprites/Characters/ClownWalk.uasset'
[2014.11.17-00.25.10:866][721]Cmd: OBJ SAVEPACKAGE PACKAGE="/Game/Sprites/Characters/RedNeckWalk" FILE="B:/CGT 345/GitHub/Cow-Tipping/Content/Sprites/Characters/RedNeckWalk.uasset" SILENT=true
[2014.11.17-00.25.10:920][721]LogSavePackage: Save=23.482330ms
[2014.11.17-00.25.10:920][721]LogSavePackage: Moving 'B:/CGT 345/GitHub/Cow-Tipping/Saved/RedNeckWalkCF6B0D294EB7392AFAF427B5EEB942F1.tmp' to 'B:/CGT 345/GitHub/Cow-Tipping/Content/Sprites/Characters/RedNeckWalk.uasset'
[2014.11.17-00.25.10:940][721]Cmd: OBJ SAVEPACKAGE PACKAGE="/Game/Sprites/Characters/BlacksmithWalk" FILE="B:/CGT 345/GitHub/Cow-Tipping/Content/Sprites/Characters/BlacksmithWalk.uasset" SILENT=true
[2014.11.17-00.25.10:999][721]LogSavePackage: Save=28.897860ms
[2014.11.17-00.25.10:999][721]LogSavePackage: Moving 'B:/CGT 345/GitHub/Cow-Tipping/Saved/BlacksmithWalkC05F3A0C41D6E43B455619BA7B276356.tmp' to 'B:/CGT 345/GitHub/Cow-Tipping/Content/Sprites/Characters/BlacksmithWalk.uasset'
[2014.11.17-00.25.11:016][721]Cmd: OBJ SAVEPACKAGE PACKAGE="/Game/Sprites/Characters/BullWalk" FILE="B:/CGT 345/GitHub/Cow-Tipping/Content/Sprites/Characters/BullWalk.uasset" SILENT=true
[2014.11.17-00.25.11:069][721]LogSavePackage: Save=22.003807ms
[2014.11.17-00.25.11:069][721]LogSavePackage: Moving 'B:/CGT 345/GitHub/Cow-Tipping/Saved/BullWalk230175A44A93FDB565C61FB61DA856D0.tmp' to 'B:/CGT 345/GitHub/Cow-Tipping/Content/Sprites/Characters/BullWalk.uasset'
[2014.11.17-00.25.11:091][721]Cmd: OBJ SAVEPACKAGE PACKAGE="/Game/Sprites/Characters/ClownWalk" FILE="B:/CGT 345/GitHub/Cow-Tipping/Content/Sprites/Characters/ClownWalk.uasset" SILENT=true
[2014.11.17-00.25.11:152][721]LogSavePackage: Save=27.839901ms
[2014.11.17-00.25.11:152][721]LogSavePackage: Moving 'B:/CGT 345/GitHub/Cow-Tipping/Saved/ClownWalk206038DC4091E44A2D1C06A4C50E66C3.tmp' to 'B:/CGT 345/GitHub/Cow-Tipping/Content/Sprites/Characters/ClownWalk.uasset'
[2014.11.17-00.25.45:915][ 31]LogEditorViewport: Clicking on Actor (LMB): Pause_C (Pause)
[2014.11.17-00.25.48:381][200]LogEditorViewport: Clicking Background
[2014.11.17-00.25.49:501][288]LogEditorViewport: Clicking on Actor (LMB): Pause_C (Pause)
[2014.11.17-00.26.42:241][109]LogEditorViewport: Clicking Background
[2014.11.17-00.26.57:295][383]LogEditorViewport: Clicking on Actor (LMB): PaperSpriteActor (Level_1_PlatformLarge_Sprite)
[2014.11.17-00.27.16:122][608]LogEditorViewport: Clicking Background
[2014.11.17-00.27.24:316][255]LogEditorViewport: Clicking on Actor (LMB): PaperSpriteActor (Level_1_PlatformSmall_Sprite_61)
[2014.11.17-00.27.36:497][945]LogSavePackage: Save=95.854607ms
[2014.11.17-00.27.36:497][945]LogSavePackage: Moving 'B:/CGT 345/GitHub/Cow-Tipping/Saved/Level_01_Auto1279C16174C0BE80B843519AB28930B61.tmp' to 'B:/CGT 345/GitHub/Cow-Tipping/Saved/Autosaves/Game/Maps/Level_01_Auto1.umap'
[2014.11.17-00.27.36:516][945]LogFileHelpers: Editor autosave (incl. sublevels) for '/Game/Maps/Level_01' took 0.221
[2014.11.17-00.27.36:516][945]LogFileHelpers: Editor autosave (incl. sublevels) for all levels took 0.221
[2014.11.17-00.28.17:498][ 57]LogSavePackage: Save=62.656509ms
[2014.11.17-00.28.17:498][ 57]LogSavePackage: Moving 'B:/CGT 345/GitHub/Cow-Tipping/Saved/Level_01C933889D4D2E19D6466D5986D7632CDB.tmp' to 'B:/CGT 345/GitHub/Cow-Tipping/Content/Maps/Level_01.umap'
[2014.11.17-00.28.17:526][ 57]LogFileHelpers: Saving map 'Level_01' took 0.189
[2014.11.17-00.32.36:331][241]LogEpicStorage:Warning: ReadFile request failed. File request already pending for filename=http://cdn.unrealengine.com/newsfeed/blueprint_icon_b.png
[2014.11.17-00.32.36:332][241]LogEpicStorage:Warning: ReadFile request failed. File request already pending for filename=http://cdn.unrealengine.com/newsfeed/blueprint_icon_b.png
[2014.11.17-00.47.01:969][322]LogSavePackage: Save=38.407852ms
[2014.11.17-00.47.01:969][322]LogSavePackage: Moving 'B:/CGT 345/GitHub/Cow-Tipping/Saved/Level_018298735148A9B5DB0C6991BBE9D6FDCE.tmp' to 'B:/CGT 345/GitHub/Cow-Tipping/Content/Maps/Level_01.umap'
[2014.11.17-00.47.05:594][653]Cmd: QUIT_EDITOR
[2014.11.17-00.47.05:654][653]LogWindowsTextInputMethodSystem:Error: Terminating failed while unadvising the language notification sink from the TSF source.
[2014.11.17-00.47.05:655][653]LogExit: Preparing to exit.
[2014.11.17-00.47.06:175][653]LogExit: Editor shut down
[2014.11.17-00.47.06:175][653]LogExit: Transaction tracking system shut down
[2014.11.17-00.47.06:183][653]LogParticles: Destroying 0 GPU particle simulations for FXSystem 0x000000D108B571A0
[2014.11.17-00.47.06:183][653]LogParticles: Destroying 0 GPU particle simulations for FXSystem 0x000000D11405D940
[2014.11.17-00.47.06:183][653]LogParticles: Destroying 0 GPU particle simulations for FXSystem 0x000000D10CFB18A0
[2014.11.17-00.47.06:218][653]LogExit: Object subsystem successfully closed.
[2014.11.17-00.47.06:245][653]LogModuleManager: Shutting down and abandoning module AndroidDeviceDetection (172)
[2014.11.17-00.47.06:245][653]LogModuleManager: Shutting down and abandoning module GameLiveStreaming (171)
[2014.11.17-00.47.06:245][653]LogModuleManager: Shutting down and abandoning module CrashTracker (170)
[2014.11.17-00.47.06:245][653]LogModuleManager: Shutting down and abandoning module HTTP (169)
[2014.11.17-00.47.06:245][653]LogModuleManager: Shutting down and abandoning module NewsFeed (168)
[2014.11.17-00.47.06:245][653]LogModuleManager: Shutting down and abandoning module SceneOutliner (167)
[2014.11.17-00.47.06:245][653]LogModuleManager: Shutting down and abandoning module EditorWidgets (166)
[2014.11.17-00.47.06:245][653]LogModuleManager: Shutting down and abandoning module CollectionManager (165)
[2014.11.17-00.47.06:245][653]LogModuleManager: Shutting down and abandoning module StatsViewer (164)
[2014.11.17-00.47.06:245][653]LogModuleManager: Shutting down and abandoning module FoliageEdit (163)
[2014.11.17-00.47.06:245][653]LogModuleManager: Shutting down and abandoning module LandscapeEditor (162)
[2014.11.17-00.47.06:245][653]LogModuleManager: Shutting down and abandoning module MeshPaint (161)
[2014.11.17-00.47.06:245][653]LogModuleManager: Shutting down and abandoning module ActorPickerMode (160)
[2014.11.17-00.47.06:245][653]LogModuleManager: Shutting down and abandoning module GeometryMode (159)
[2014.11.17-00.47.06:245][653]LogModuleManager: Shutting down and abandoning module TextureAlignMode (158)
[2014.11.17-00.47.06:245][653]LogModuleManager: Shutting down and abandoning module BspMode (157)
[2014.11.17-00.47.06:245][653]LogModuleManager: Shutting down and abandoning module PlacementMode (156)
[2014.11.17-00.47.06:245][653]LogModuleManager: Shutting down and abandoning module DesktopPlatform (155)
[2014.11.17-00.47.06:245][653]LogModuleManager: Shutting down and abandoning module AutomationWorker (154)
[2014.11.17-00.47.06:245][653]LogModuleManager: Shutting down and abandoning module EditorLiveStreaming (153)
[2014.11.17-00.47.06:245][653]LogModuleManager: Shutting down and abandoning module DeviceProfileEditor (152)
[2014.11.17-00.47.06:245][653]LogModuleManager: Shutting down and abandoning module UndoHistory (151)
[2014.11.17-00.47.06:245][653]LogModuleManager: Shutting down and abandoning module GameplayTagsEditor (150)
[2014.11.17-00.47.06:245][653]LogModuleManager: Shutting down and abandoning module UserFeedback (149)
[2014.11.17-00.47.06:245][653]LogModuleManager: Shutting down and abandoning module XmlParser (148)
[2014.11.17-00.47.06:245][653]LogModuleManager: Shutting down and abandoning module Blutility (147)
[2014.11.17-00.47.06:245][653]LogModuleManager: Shutting down and abandoning module IOSPlatformEditor (146)
[2014.11.17-00.47.06:246][653]LogModuleManager: Shutting down and abandoning module IOSRuntimeSettings (145)
[2014.11.17-00.47.06:246][653]LogModuleManager: Shutting down and abandoning module AndroidPlatformEditor (144)
[2014.11.17-00.47.06:246][653]LogModuleManager: Shutting down and abandoning module AndroidRuntimeSettings (143)
[2014.11.17-00.47.06:246][653]LogModuleManager: Shutting down and abandoning module ProjectTargetPlatformEditor (142)
[2014.11.17-00.47.06:246][653]LogModuleManager: Shutting down and abandoning module ProjectSettingsViewer (141)
[2014.11.17-00.47.06:246][653]LogModuleManager: Shutting down and abandoning module InputBindingEditor (140)
[2014.11.17-00.47.06:246][653]LogModuleManager: Shutting down and abandoning module EditorSettingsViewer (139)
[2014.11.17-00.47.06:246][653]LogModuleManager: Shutting down and abandoning module SettingsEditor (138)
[2014.11.17-00.47.06:246][653]LogModuleManager: Shutting down and abandoning module SessionLauncher (137)
[2014.11.17-00.47.06:246][653]LogModuleManager: Shutting down and abandoning module SessionFrontend (136)
[2014.11.17-00.47.06:246][653]LogModuleManager: Shutting down and abandoning module ProfilerClient (135)
[2014.11.17-00.47.06:246][653]LogModuleManager: Shutting down and abandoning module TargetDeviceServices (134)
[2014.11.17-00.47.06:246][653]LogModuleManager: Shutting down and abandoning module DeviceManager (133)
[2014.11.17-00.47.06:246][653]LogModuleManager: Shutting down and abandoning module AutomationController (132)
[2014.11.17-00.47.06:246][653]LogModuleManager: Shutting down and abandoning module AutomationWindow (131)
[2014.11.17-00.47.06:246][653]LogModuleManager: Shutting down and abandoning module Layers (130)
[2014.11.17-00.47.06:246][653]LogModuleManager: Shutting down and abandoning module ComponentVisualizers (129)
[2014.11.17-00.47.06:246][653]LogModuleManager: Shutting down and abandoning module DetailCustomizations (128)
[2014.11.17-00.47.06:246][653]LogModuleManager: Shutting down and abandoning module PackagesDialog (127)
[2014.11.17-00.47.06:246][653]LogModuleManager: Shutting down and abandoning module DirectoryWatcher (126)
[2014.11.17-00.47.06:247][653]LogModuleManager: Shutting down and abandoning module AssetRegistry (125)
[2014.11.17-00.47.06:340][653]LogModuleManager: Shutting down and abandoning module Persona (124)
[2014.11.17-00.47.06:340][653]LogModuleManager: Shutting down and abandoning module GraphEditor (123)
[2014.11.17-00.47.06:340][653]LogModuleManager: Shutting down and abandoning module ClassViewer (122)
[2014.11.17-00.47.06:340][653]LogModuleManager: Shutting down and abandoning module Toolbox (121)
[2014.11.17-00.47.06:340][653]LogModuleManager: Shutting down and abandoning module ModuleUI (120)
[2014.11.17-00.47.06:340][653]LogModuleManager: Shutting down and abandoning module Sequencer (119)
[2014.11.17-00.47.06:340][653]LogModuleManager: Shutting down and abandoning module MovieSceneTools (118)
[2014.11.17-00.47.06:340][653]LogModuleManager: Shutting down and abandoning module OutputLog (117)
[2014.11.17-00.47.06:340][653]LogModuleManager: Shutting down and abandoning module GammaUI (116)
[2014.11.17-00.47.06:340][653]LogModuleManager: Shutting down and abandoning module Documentation (115)
[2014.11.17-00.47.06:340][653]LogModuleManager: Shutting down and abandoning module StreamingPauseRendering (114)
[2014.11.17-00.47.06:340][653]LogModuleManager: Shutting down and abandoning module AnalyticsET (113)
[2014.11.17-00.47.06:340][653]LogModuleManager: Shutting down and abandoning module Analytics (112)
[2014.11.17-00.47.06:340][653]LogModuleManager: Shutting down and abandoning module GameplayDebugger (111)
[2014.11.17-00.47.06:340][653]LogModuleManager: Shutting down and abandoning module AIModule (110)
[2014.11.17-00.47.06:340][653]LogModuleManager: Shutting down and abandoning module ProfilerService (109)
[2014.11.17-00.47.06:384][653]LogModuleManager: Shutting down and abandoning module TaskGraph (108)
[2014.11.17-00.47.06:384][653]LogModuleManager: Shutting down and abandoning module ViewportSnapping (107)
[2014.11.17-00.47.06:384][653]LogModuleManager: Shutting down and abandoning module GameProjectGeneration (106)
[2014.11.17-00.47.06:384][653]LogModuleManager: Shutting down and abandoning module Matinee (105)
[2014.11.17-00.47.06:384][653]LogModuleManager: Shutting down and abandoning module Kismet (104)
[2014.11.17-00.47.06:384][653]LogModuleManager: Shutting down and abandoning module SlateReflector (103)
[2014.11.17-00.47.06:384][653]LogModuleManager: Shutting down and abandoning module LevelEditor (102)
[2014.11.17-00.47.06:385][653]LogModuleManager: Shutting down and abandoning module IntroTutorials (101)
[2014.11.17-00.47.06:385][653]LogModuleManager: Shutting down and abandoning module ContentBrowser (100)
[2014.11.17-00.47.06:385][653]LogModuleManager: Shutting down and abandoning module PropertyEditor (99)
[2014.11.17-00.47.06:385][653]LogModuleManager: Shutting down and abandoning module AssetTools (98)
[2014.11.17-00.47.06:385][653]LogModuleManager: Shutting down and abandoning module MainFrame (97)
[2014.11.17-00.47.06:385][653]LogModuleManager: Shutting down and abandoning module SourceControl (96)
[2014.11.17-00.47.06:385][653]LogModuleManager: Shutting down and abandoning module ImageWrapper (95)
[2014.11.17-00.47.06:385][653]LogModuleManager: Shutting down and abandoning module OnlineBlueprintSupport (94)
[2014.11.17-00.47.06:385][653]LogModuleManager: Shutting down and abandoning module FunctionalTesting (93)
[2014.11.17-00.47.06:385][653]LogModuleManager: Shutting down and abandoning module CollisionAnalyzer (92)
[2014.11.17-00.47.06:385][653]LogModuleManager: Shutting down and abandoning module WorkspaceMenuStructure (91)
[2014.11.17-00.47.06:385][653]LogModuleManager: Shutting down and abandoning module MessageLog (90)
[2014.11.17-00.47.06:385][653]LogModuleManager: Shutting down and abandoning module Slate (89)
[2014.11.17-00.47.06:385][653]LogModuleManager: Shutting down and abandoning module EditorStyle (88)
[2014.11.17-00.47.06:386][653]LogModuleManager: Shutting down and abandoning module SessionServices (87)
[2014.11.17-00.47.06:386][653]LogModuleManager: Shutting down and abandoning module SourceCodeAccess (86)
[2014.11.17-00.47.06:386][653]LogModuleManager: Shutting down and abandoning module HeadMountedDisplay (85)
[2014.11.17-00.47.06:386][653]LogModuleManager: Shutting down and abandoning module XAudio2 (84)
[2014.11.17-00.47.06:386][653]LogModuleManager: Shutting down and abandoning module Networking (82)
[2014.11.17-00.47.06:386][653]LogModuleManager: Shutting down and abandoning module Core (81)
[2014.11.17-00.47.06:386][653]LogModuleManager: Shutting down and abandoning module KismetCompiler (80)
[2014.11.17-00.47.06:386][653]LogModuleManager: Shutting down and abandoning module PhysXFormats (79)
[2014.11.17-00.47.06:386][653]LogModuleManager: Shutting down and abandoning module MeshUtilities (78)
[2014.11.17-00.47.06:386][653]LogModuleManager: Shutting down and abandoning module DerivedDataCache (77)
[2014.11.17-00.47.06:399][653]LogDerivedDataCache: Shutdown
[2014.11.17-00.47.06:399][653]LogModuleManager: Shutting down and abandoning module ShaderFormatOpenGL (76)
[2014.11.17-00.47.06:399][653]LogModuleManager: Shutting down and abandoning module ShaderFormatD3D (75)
[2014.11.17-00.47.06:399][653]LogModuleManager: Shutting down and abandoning module MetalShaderFormat (74)
[2014.11.17-00.47.06:399][653]LogModuleManager: Shutting down and abandoning module TextureFormatUncompressed (73)
[2014.11.17-00.47.06:399][653]LogModuleManager: Shutting down and abandoning module TextureFormatPVR (72)
[2014.11.17-00.47.06:399][653]LogModuleManager: Shutting down and abandoning module TextureFormatDXT (71)
[2014.11.17-00.47.06:399][653]LogModuleManager: Shutting down and abandoning module TextureFormatAndroid (70)
[2014.11.17-00.47.06:399][653]LogModuleManager: Shutting down and abandoning module AudioFormatOpus (69)
[2014.11.17-00.47.06:399][653]LogModuleManager: Shutting down and abandoning module AudioFormatOgg (68)
[2014.11.17-00.47.06:399][653]LogModuleManager: Shutting down and abandoning module AudioFormatADPCM (67)
[2014.11.17-00.47.06:399][653]LogModuleManager: Shutting down and abandoning module Messaging (66)
[2014.11.17-00.47.06:399][653]LogModuleManager: Shutting down and abandoning module IOSTargetPlatform (65)
[2014.11.17-00.47.06:399][653]LogModuleManager: Shutting down and abandoning module Android_PVRTCTargetPlatform (64)
[2014.11.17-00.47.06:399][653]LogModuleManager: Shutting down and abandoning module Android_ETC2TargetPlatform (63)
[2014.11.17-00.47.06:399][653]LogModuleManager: Shutting down and abandoning module Android_ETC1TargetPlatform (62)
[2014.11.17-00.47.06:399][653]LogModuleManager: Shutting down and abandoning module Android_DXTTargetPlatform (61)
[2014.11.17-00.47.06:399][653]LogModuleManager: Shutting down and abandoning module Android_ATCTargetPlatform (60)
[2014.11.17-00.47.06:399][653]LogModuleManager: Shutting down and abandoning module AndroidTargetPlatform (59)
[2014.11.17-00.47.06:399][653]LogModuleManager: Shutting down and abandoning module WindowsTargetPlatform (58)
[2014.11.17-00.47.06:399][653]LogModuleManager: Shutting down and abandoning module WindowsServerTargetPlatform (57)
[2014.11.17-00.47.06:399][653]LogModuleManager: Shutting down and abandoning module WindowsNoEditorTargetPlatform (56)
[2014.11.17-00.47.06:399][653]LogModuleManager: Shutting down and abandoning module WindowsClientTargetPlatform (55)
[2014.11.17-00.47.06:399][653]LogModuleManager: Shutting down and abandoning module TargetPlatform (54)
[2014.11.17-00.47.06:399][653]LogModuleManager: Shutting down and abandoning module InputCore (53)
[2014.11.17-00.47.06:399][653]LogModuleManager: Shutting down and abandoning module Settings (52)
[2014.11.17-00.47.06:399][653]LogModuleManager: Shutting down and abandoning module TextureCompressor (49)
[2014.11.17-00.47.06:399][653]LogModuleManager: Shutting down and abandoning module ShaderCore (48)
[2014.11.17-00.47.06:399][653]LogModuleManager: Shutting down and abandoning module OpenGLDrv (47)
[2014.11.17-00.47.06:399][653]LogModuleManager: Shutting down and abandoning module D3D11RHI (46)
[2014.11.17-00.47.06:399][653]LogModuleManager: Shutting down and abandoning module SlateRHIRenderer (45)
[2014.11.17-00.47.06:399][653]LogModuleManager: Shutting down and abandoning module Renderer (44)
[2014.11.17-00.47.06:399][653]LogModuleManager: Shutting down and abandoning module Engine (43)
[2014.11.17-00.47.06:399][653]LogModuleManager: Shutting down and abandoning module SlateRemote (42)
[2014.11.17-00.47.06:399][653]LogModuleManager: Shutting down and abandoning module ScriptPlugin (41)
[2014.11.17-00.47.06:399][653]LogModuleManager: Shutting down and abandoning module ScriptEditorPlugin (39)
[2014.11.17-00.47.06:399][653]LogModuleManager: Shutting down and abandoning module WindowsMoviePlayer (38)
[2014.11.17-00.47.06:403][653]LogModuleManager: Shutting down and abandoning module ExampleDeviceProfileSelector (31)
[2014.11.17-00.47.06:403][653]LogModuleManager: Shutting down and abandoning module CustomMeshComponent (30)
[2014.11.17-00.47.06:403][653]LogModuleManager: Shutting down and abandoning module CableComponent (29)
[2014.11.17-00.47.06:403][653]LogModuleManager: Shutting down and abandoning module OculusRift (25)
[2014.11.17-00.47.06:403][653]LogModuleManager: Shutting down and abandoning module UdpMessaging (24)
[2014.11.17-00.47.06:504][653]LogModuleManager: Shutting down and abandoning module MessagingDebugger (23)
[2014.11.17-00.47.06:504][653]LogModuleManager: Shutting down and abandoning module SmartSnapping (21)
[2014.11.17-00.47.06:504][653]LogModuleManager: Shutting down and abandoning module PaperJsonImporter (20)
[2014.11.17-00.47.06:504][653]LogModuleManager: Shutting down and abandoning module Paper2DEditor (19)
[2014.11.17-00.47.06:504][653]LogModuleManager: Shutting down and abandoning module Paper2D (18)
[2014.11.17-00.47.06:504][653]LogModuleManager: Shutting down and abandoning module SpeedTreeImporter (14)
[2014.11.17-00.47.06:504][653]LogModuleManager: Shutting down and abandoning module PluginsEditor (13)
[2014.11.17-00.47.06:504][653]LogModuleManager: Shutting down and abandoning module EpicSurvey (12)
[2014.11.17-00.47.06:504][653]LogModuleManager: Shutting down and abandoning module VisualStudioSourceCodeAccess (10)
[2014.11.17-00.47.06:504][653]LogModuleManager: Shutting down and abandoning module UObjectPlugin (9)
[2014.11.17-00.47.06:504][653]LogModuleManager: Shutting down and abandoning module SubversionSourceControl (8)
[2014.11.17-00.47.06:504][653]LogModuleManager: Shutting down and abandoning module PerforceSourceControl (7)
[2014.11.17-00.47.06:504][653]LogModuleManager: Shutting down and abandoning module BlankPlugin (6)
[2014.11.17-00.47.06:504][653]LogModuleManager: Shutting down and abandoning module CoreUObject (5)
[2014.11.17-00.47.06:504][653]LogModuleManager: Shutting down and abandoning module NetworkFile (4)
[2014.11.17-00.47.06:504][653]LogModuleManager: Shutting down and abandoning module StreamingFile (3)
[2014.11.17-00.47.06:504][653]LogModuleManager: Shutting down and abandoning module SandboxFile (2)
[2014.11.17-00.47.06:504][653]LogModuleManager: Shutting down and abandoning module PakFile (1)
[2014.11.17-00.47.06:504][653]LogExit: Exiting.
[2014.11.17-00.47.06:507][653]Log file closed, 11/16/14 19:47:06
