Log file open, 10/22/14 12:01:41
LogInit:Display: Running engine for game: CowTipping
LogInit: Version: 4.3.1-2226335+++depot+UE4-Releases+4.3
LogInit: API Version: 2215663
LogInit: Compiled (64-bit): Jul 21 2014 22:28:08
LogInit: Build Configuration: Development
LogInit: Branch Name: ++depot+UE4-Releases+4.3
LogInit: Command line:  
LogInit: Base directory: C:/Program Files/Unreal Engine/4.3/Engine/Binaries/Win64/
LogInit: Rocket: 1
[2014.10.22-16.01.41:803][  0]LogTaskGraph: Started task graph with 3 named threads and 4 total threads.
[2014.10.22-16.01.41:830][  0]LogOnline:Warning: No default platform service specified for OnlineSubsystem
[2014.10.22-16.01.41:839][  0]LogInit: Presizing for 0 objects not considered by GC, pre-allocating 0 bytes.
[2014.10.22-16.01.41:845][  0]LogInit: Object subsystem initialized
[2014.10.22-16.01.41:846][  0]LogInit: Selected Device Profile: [Windows]
[2014.10.22-16.01.41:846][  0]LogInit: Applying CVar settings loaded from the selected device profile: [Windows]
[2014.10.22-16.01.41:853][  0]LogInit: Computer: HINAGIKU
[2014.10.22-16.01.41:854][  0]LogInit: User: JustinYong
[2014.10.22-16.01.41:856][  0]LogInit: CPU Page size=4096, Cores=4
[2014.10.22-16.01.41:856][  0]LogInit: High frequency timer resolution =14.318180 MHz
[2014.10.22-16.01.41:856][  0]LogMemory: Memory total: Physical=15.9GB (16GB approx) Virtual=8192.0GB
[2014.10.22-16.01.41:856][  0]LogMemory: Platform Memory Stats for Windows
[2014.10.22-16.01.41:856][  0]LogMemory: Process Physical Memory: 60.68 MB used, 60.68 MB peak
[2014.10.22-16.01.41:856][  0]LogMemory: Process Virtual Memory: 37.00 MB used, 37.00 MB peak
[2014.10.22-16.01.41:856][  0]LogMemory: Physical Memory: 11214.32 MB used, 16321.69 MB total
[2014.10.22-16.01.41:856][  0]LogMemory: Virtual Memory: 269.49 MB used, 8388608.00 MB total
[2014.10.22-16.01.41:886][  0]LogD3D11RHI: Found D3D11 adapter 0: NVIDIA GeForce GTX 770 (Feature Level 11_0)
[2014.10.22-16.01.41:886][  0]LogD3D11RHI: Adapter has 1986MB of dedicated video memory, 0MB of dedicated system memory, and 2048MB of shared system memory, 3 output[s]
[2014.10.22-16.01.41:888][  0]LogD3D11RHI: Found D3D11 adapter 1: Microsoft Basic Render Driver (Feature Level 11_0)
[2014.10.22-16.01.41:888][  0]LogD3D11RHI: Adapter has 0MB of dedicated video memory, 0MB of dedicated system memory, and 256MB of shared system memory, 0 output[s]
[2014.10.22-16.01.41:888][  0]LogD3D11RHI: Chosen D3D11 Adapter Id = 0
[2014.10.22-16.01.41:920][  0]LogRHI: Texture pool is 1361 MB (70% of 1945 MB)
[2014.10.22-16.01.41:928][  0]LogD3D11RHI: Async texture creation enabled
[2014.10.22-16.01.42:028][  0]LogContentStreaming: Texture pool size is 0.000000MB
[2014.10.22-16.01.42:646][  0]LogTargetPlatformManager:Display: Building Assets For Windows
[2014.10.22-16.01.42:720][  0]LogTargetPlatformManager:Display: Building Assets For Windows
[2014.10.22-16.01.42:750][  0]LogDerivedDataCache:Display: Max Cache Size: 512 MB
[2014.10.22-16.01.42:799][  0]LogDerivedDataCache: Loaded boot cache 0.05s 39MB C:/Users/Justin Yong/AppData/Local/UnrealEngine/4.3/DerivedDataCache/Boot.ddc.
[2014.10.22-16.01.42:799][  0]LogDerivedDataCache:Display: Loaded Boot cache: C:/Users/Justin Yong/AppData/Local/UnrealEngine/4.3/DerivedDataCache/Boot.ddc
[2014.10.22-16.01.42:799][  0]LogDerivedDataCache: FDerivedDataBackendGraph:  Pak pak cache file B:/CGT 345/GitHub/Cow-Tipping/DerivedDataCache/DDC.ddp not found, will not use a pak cache.
[2014.10.22-16.01.42:799][  0]LogDerivedDataCache: Unable to find inner node Pak for hierarchical cache Hierarchy.
[2014.10.22-16.01.42:811][  0]LogDerivedDataCache:Display: Pak cache opened for reading ../../../Engine/DerivedDataCache/DDC.ddp.
[2014.10.22-16.01.42:823][  0]LogDerivedDataCache: Using Local data cache path C:/Users/Justin Yong/AppData/Local/UnrealEngine/4.3/DerivedDataCache: Writable
[2014.10.22-16.01.42:946][  0]LogMeshUtilities: No automatic mesh reduction module available
[2014.10.22-16.01.42:946][  0]LogMeshUtilities: No automatic mesh merging module available
[2014.10.22-16.01.54:708][  0]LogInit: WinSock: version 1.1 (2.2), MaxSocks=32767, MaxUdp=65467
[2014.10.22-16.01.55:231][  0]LogLinker:Warning: Asset '../../../Engine/Plugins/Experimental/Paper2D/Content/DefaultPaperTerrainMaterial.uasset' has been saved with empty engine version. The asset will be loaded but may be incompatible.
[2014.10.22-16.01.55:231][  0]LogLinker:Warning: Asset '../../../Engine/Plugins/Experimental/Paper2D/Content/DummySprite.uasset' has been saved with empty engine version. The asset will be loaded but may be incompatible.
[2014.10.22-16.01.55:234][  0]UdpMessaging: Initializing bridge on interface 0.0.0.0:0 to multicast group 230.0.0.1:6666.
[2014.10.22-16.01.55:308][  0]SourceControl: Info Source control is disabled
[2014.10.22-16.01.55:308][  0]SourceControl: Info Source control is disabled
[2014.10.22-16.01.55:311][  0]SourceControl: Info Source control is disabled
[2014.10.22-16.01.55:415][  0]BlueprintLog: New page: Editor Load
[2014.10.22-16.01.55:447][  0]LogObj: 20191 objects as part of root set at end of initial load.
[2014.10.22-16.01.55:447][  0]LogUObjectAllocator: 3997440 out of 0 bytes used by permanent object pool.
[2014.10.22-16.01.55:568][  0]LogEngine: Initializing Engine...
[2014.10.22-16.01.55:642][  0]LogInit: XAudio2 using 'Speakers (Realtek High Definition Audio)' : 2 channels at 48 kHz using 32 bits per sample (channel mask 0x3)
[2014.10.22-16.01.55:655][  0]LogInit: FAudioDevice initialized.
[2014.10.22-16.01.55:666][  0]LogAIModule: Creating AISystem for world NewWorld
[2014.10.22-16.01.55:688][  0]LogDerivedDataCache: Saved boot cache 0.02s 39MB C:/Users/Justin Yong/AppData/Local/UnrealEngine/4.3/DerivedDataCache/Boot.ddc.
[2014.10.22-16.01.55:697][  0]LogInit: Texture streaming: Enabled
[2014.10.22-16.01.55:760][  0]LogInit: Transaction tracking system initialized
[2014.10.22-16.01.55:833][  0]LogAssetRegistry: FAssetRegistry took 0.0105 seconds to start up
[2014.10.22-16.01.55:947][  0]LogTargetPlatformManager:Display: Building Assets For Windows
[2014.10.22-16.01.55:979][  0]LogTargetPlatformManager:Display: Building Assets For Windows
[2014.10.22-16.01.56:063][  0]LogConsoleResponse:Display: 
[2014.10.22-16.01.56:170][  0]SourceControl: Info Source control is disabled
[2014.10.22-16.01.56:170][  0]Cmd: MAP LOAD FILE="B:/CGT 345/GitHub/Cow-Tipping/Content/Maps/Level_01.umap" TEMPLATE=0 SHOWPROGRESS=1
[2014.10.22-16.01.56:170][  0]LightingResults: New page: Lighting Build
[2014.10.22-16.01.56:175][  0]MapCheck: New page: Map Check
[2014.10.22-16.01.56:175][  0]LightingResults: New page: Lighting Build
[2014.10.22-16.01.56:187][  0]LogParticles: Destroying 0 GPU particle simulations for FXSystem 0x000000815BAA3740
[2014.10.22-16.01.56:268][  0]LogEditorServer: Finished looking for orphan Actors (0.000 secs)
[2014.10.22-16.01.56:268][  0]LogAIModule: Creating AISystem for world Level_01
[2014.10.22-16.01.56:268][  0]Cmd: MAP CHECKDEP
[2014.10.22-16.01.56:268][  0]MapCheck: New page: Level_01 - Oct 22, 2014, 8:01:56 AM
[2014.10.22-16.01.56:289][  0]MapCheck: Info ========== Map Check: 0 Error(s), 0 Warning(s), [20.963ms] ==========
[2014.10.22-16.01.56:289][  0]LogFileHelpers: Loading map 'Level_01' took 0.118
[2014.10.22-16.01.56:413][  0]LogCollectionManager: Loaded 0 collections in 0.000840 seconds
[2014.10.22-16.01.56:522][  0]LogCrashTracker: Crashtracker disabled due to settings.
[2014.10.22-16.01.56:680][  0]LogLoad: Full Startup: 15.57 seconds (BP compile: 0.02 seconds)
[2014.10.22-16.01.56:695][  0]LogContentBrowser:Verbose: The content browser source was changed by the sources view to '/Game/Blueprints'
[2014.10.22-16.01.56:758][  0]LogRenderer:Warning: Reallocating scene render targets to support 32x32.
[2014.10.22-16.01.56:774][  0]LogSlate: SRTH: 000000815DC63DC0, 1136 x 935
[2014.10.22-16.01.56:828][  0]LogRenderer:Warning: Reallocating scene render targets to support 1136x936.
[2014.10.22-16.01.57:005][  1]LogAssetRegistry: Asset discovery search completed in 1.1825 seconds
[2014.10.22-16.01.57:144][  5]LogEpicStorage:Warning: EnumerateFiles request failed. Invalid response. code=403 error=<?xml version="1.0" encoding="UTF-8"?>
<Error><Code>AccessDenied</Code><Message>Access Denied</Message><RequestId>D1682231508AE85D</RequestId><HostId>Pk4TgVhLuZLE3eJohGbL5Wiivae6yag8AfNpDL7GNtMmaBYxF5cjlFT+12W3qH0U</HostId></Error>
[2014.10.22-16.01.57:174][  6]LogEpicSurvey:Warning: EnumerateFiles request failed. Invalid response. code=403 error=<?xml version="1.0" encoding="UTF-8"?>
<Error><Code>AccessDenied</Code><Message>Access Denied</Message><RequestId>DC507D6BF5D8033C</RequestId><HostId>ib4oE9WJ71LMYCWh1o+E31/RsazAv08kbrExMANMCWuUr3vN1X8P/3se7OWdjFw3Zwe9VlO4IHY=</HostId></Error>
[2014.10.22-16.01.57:317][ 11]LogEpicStorage:Warning: EnumerateFiles request failed. Invalid response. code=403 error=<?xml version="1.0" encoding="UTF-8"?>
<Error><Code>AccessDenied</Code><Message>Access Denied</Message><RequestId>21149032C44B8AE8</RequestId><HostId>EtHwYkAzmCv6iV7Ab45p10tn81k2hOykZCX/XEKSJkfNhrPX6beXz9ohG7KWtzl3</HostId></Error>
[2014.10.22-16.01.57:397][ 15]LogEpicStorage:Warning: ReadFile request failed. File request already pending for filename=http://cdn.unrealengine.com/newsfeed/blueprint_icon_b.png
[2014.10.22-16.01.57:398][ 15]LogEpicStorage:Warning: ReadFile request failed. File request already pending for filename=http://cdn.unrealengine.com/newsfeed/blueprint_icon_b.png
[2014.10.22-16.01.57:480][ 19]LogEpicSurvey:Warning: EnumerateFiles request failed. Invalid response. code=403 error=<?xml version="1.0" encoding="UTF-8"?>
<Error><Code>AccessDenied</Code><Message>Access Denied</Message><RequestId>83EDDAFAF3E6E695</RequestId><HostId>0nkt4+F/H6+A8vJvQXFd2gbjkuJxVQLt0NpoAPs1Pv0asV4Nq3Kxn9PpdHXx0S2GsFf9DOzHEAc=</HostId></Error>
[2014.10.22-16.03.14:995][250]LogEditorViewport: Clicking on Actor (LMB): Star_Object_C (Star_Object_33)
[2014.10.22-16.04.03:175][206]LogEditorViewport: Clicking Background
[2014.10.22-16.04.03:684][265]LogEditorViewport: Clicking on Actor (LMB): PaperSpriteActor (Level_01_Design)
[2014.10.22-16.05.23:318][890]LogContentBrowser:Verbose: The content browser source was changed by the sources view to '/Game/Sprites'
[2014.10.22-16.07.04:827][306]LogSlate: SRTH: 000000815E059D80, 1001 x 585
[2014.10.22-16.07.31:732][363]LogActorComponent: UnregisterComponent: (/Engine/Transient.CharacterMovementComponent_0) Not registered. Aborting.
[2014.10.22-16.07.41:962][941]LogContentBrowser:Verbose: The content browser source was changed by the sources view to '/Game/Sprites/old'
[2014.10.22-16.07.43:456][ 76]LogContentBrowser:Verbose: The content browser source was changed by the sources view to '/Game/Sprites'
[2014.10.22-16.07.44:811][187]LogContentBrowser:Verbose: The content browser source was changed by the sources view to '/Game/Sprites/pre'
[2014.10.22-16.07.51:172][713]LogContentBrowser:Verbose: The content browser source was changed by the sources view to '/Game/Sprites/old'
[2014.10.22-16.07.51:992][791]LogContentBrowser:Verbose: The content browser source was changed by the sources view to '/Game/Sprites/Bull'
[2014.10.22-16.07.53:891][959]LogContentBrowser:Verbose: The content browser source was changed by the sources view to '/Game/Textures'
[2014.10.22-16.09.16:398][829]LogFactory: FactoryCreateBinary: Texture with TextureFactory (0 0 B:/CGT 345/cowtipping/level_01.png)
[2014.10.22-16.09.20:740][829]Error: Texture import failed
[2014.10.22-16.09.21:657][829]LogAssetTools:Warning: Failed to import 'B:/CGT 345/cowtipping/level_01.png'. Failed to create asset '/Game/Textures/level_01'
[2014.10.22-16.09.53:612][632]LogFactory: FactoryCreateBinary: Texture with TextureFactory (0 0 B:/CGT 345/cowtipping/level_01.png)
[2014.10.22-16.09.53:802][632]0.000050 seconds to analyze Texture2D /Game/Textures/level_01.Level_01

[2014.10.22-16.09.53:810][632]LogTexture:Display: Building textures: Level_01 (AutoDXT)
[2014.10.22-16.09.54:391][632]LogContentBrowser:Verbose: The content browser source was changed by the sources view to 'None'
[2014.10.22-16.09.54:391][632]LogContentBrowser:Verbose: The content browser source was changed by the sources view to '/Game/Textures'
[2014.10.22-16.10.05:609][574]LogContentBrowser:Verbose: The content browser source was changed by the sources view to '/Game/Textures'
[2014.10.22-16.10.24:186][115]Cmd: OBJ SAVEPACKAGE PACKAGE="/Game/Sprites/level_01_Sprite" FILE="B:/CGT 345/GitHub/Cow-Tipping/Content/Sprites/level_01_Sprite.uasset" SILENT=true
[2014.10.22-16.10.24:222][115]LogSavePackage: Save=34.440899ms
[2014.10.22-16.10.24:222][115]LogSavePackage: Moving 'B:/CGT 345/GitHub/Cow-Tipping/Saved/level_01_Sprite20B0F1794570B03848762DBD970AB8C4.tmp' to 'B:/CGT 345/GitHub/Cow-Tipping/Content/Sprites/level_01_Sprite.uasset'
[2014.10.22-16.10.27:200][368]LogContentBrowser:Verbose: The content browser source was changed by the sources view to '/Game/Sprites'
[2014.10.22-16.11.27:831][ 85]LogEditorViewport: Clicking on Actor (LMB): PaperSpriteActor (level_01_Sprite)
[2014.10.22-16.11.56:711][111]LogParticles: Destroying 0 GPU particle simulations for FXSystem 0x0000008164596B60
[2014.10.22-16.11.56:813][111]LogSavePackage: Save=44.505726ms
[2014.10.22-16.11.56:813][111]LogSavePackage: Moving 'B:/CGT 345/GitHub/Cow-Tipping/Saved/Level_01_Auto112B11089430E6B89AA9892856C1C8B16.tmp' to 'B:/CGT 345/GitHub/Cow-Tipping/Saved/Autosaves/Game/Maps/Level_01_Auto1.umap'
[2014.10.22-16.11.56:821][111]LogFileHelpers: Editor autosave (incl. sublevels) for '/Game/Maps/Level_01' took 0.122
[2014.10.22-16.11.56:821][111]LogFileHelpers: Editor autosave (incl. sublevels) for all levels took 0.122
[2014.10.22-16.11.56:843][111]OBJ SavePackage: Generating thumbnails for [1] asset(s) in package [/Game/Textures/level_01] ([1] browsable assets)...
[2014.10.22-16.11.56:866][111]OBJ SavePackage:     Rendered thumbnail for [Texture2D /Game/Textures/level_01.Level_01]
[2014.10.22-16.11.56:866][111]OBJ SavePackage: Finished generating thumbnails for package [/Game/Textures/level_01]
[2014.10.22-16.11.56:872][111]Cmd: OBJ SAVEPACKAGE PACKAGE="/Game/Textures/level_01" FILE="B:/CGT 345/GitHub/Cow-Tipping/Saved/Autosaves/Game/Textures/level_01_Auto1.uasset" SILENT=false AUTOSAVING=true
[2014.10.22-16.11.57:338][111]LogSavePackage: Save=431.164154ms
[2014.10.22-16.11.57:338][111]LogSavePackage: Moving 'B:/CGT 345/GitHub/Cow-Tipping/Saved/level_01_Auto1EE904BEC41DFDD58D4FB77820BEC3AB0.tmp' to 'B:/CGT 345/GitHub/Cow-Tipping/Saved/Autosaves/Game/Textures/level_01_Auto1.uasset'
[2014.10.22-16.11.57:347][111]Cmd: OBJ SAVEPACKAGE PACKAGE="/Game/Textures/level_01_Sprite" FILE="B:/CGT 345/GitHub/Cow-Tipping/Saved/Autosaves/Game/Textures/level_01_Sprite_Auto1.uasset" SILENT=false AUTOSAVING=true
[2014.10.22-16.11.57:399][111]LogSavePackage: Save=4.297544ms
[2014.10.22-16.11.57:399][111]LogSavePackage: Moving 'B:/CGT 345/GitHub/Cow-Tipping/Saved/level_01_Sprite_Auto195AC333D41359DFFE91D4CBF21B4643B.tmp' to 'B:/CGT 345/GitHub/Cow-Tipping/Saved/Autosaves/Game/Textures/level_01_Sprite_Auto1.uasset'
[2014.10.22-16.11.57:409][111]LogFileHelpers: Auto-saving content packages took 0.588
[2014.10.22-16.12.22:914][794]LogPlayLevel: PIE:  No blueprints needed recompiling
[2014.10.22-16.12.22:915][794]PIE: New page: PIE session: Level_01 (Oct 22, 2014, 8:12:22 AM)
[2014.10.22-16.12.22:922][794]LogPlayLevel: PIE: StaticDuplicateObject took: (0.007459s)
[2014.10.22-16.12.22:923][794]LogPlayLevel: PIE: World Init took: (0.000477s)
[2014.10.22-16.12.22:923][794]LogPlayLevel: PIE: Created PIE world by copying editor world from /Game/Maps/Level_01.Level_01 to /Game/Maps/UEDPIE_0_Level_01.Level_01 (0.008253s)
[2014.10.22-16.12.22:926][794]LogWorld: Game class is '2DSideScrollerGameMode_C'
[2014.10.22-16.12.22:933][794]LogSlate: SRTH: 00000081622656C0, 1136 x 935
[2014.10.22-16.12.22:971][794]LogAIModule: Creating AISystem for world Level_01
[2014.10.22-16.12.22:986][794]LogWorld: Bringing World /Game/Maps/UEDPIE_0_Level_01.Level_01 up for play (max tick rate 0) at 2014.10.22-12.12.22
[2014.10.22-16.12.22:989][794]LogWorld: Bringing up level for play took: 0.018363
[2014.10.22-16.12.22:991][794]LogPlayerController: Spawned spectator SpectatorPawn_0 [server:1]
[2014.10.22-16.12.22:991][794]LogGameMode: RestartPlayer 256
[2014.10.22-16.12.22:991][794]LogPlayerController: ClientRestart_Implementation BullCharacter_C_0
[2014.10.22-16.12.22:991][794]LogPlayerController: ServerAcknowledgePossession_Implementation BullCharacter_C_0
[2014.10.22-16.12.22:992][794]PIE: Info Play in editor start time for /Game/Maps/UEDPIE_0_Level_01 0.257
[2014.10.22-16.12.23:044][794]LogSlate: SRTH: 00000081004362C0, 1136 x 939, prev 0000000000000000
[2014.10.22-16.12.23:069][795]LogRenderer:Warning: Reallocating scene render targets to support 1136x944.
[2014.10.22-16.12.26:603][204]LogSlate: SRTH: 00000081004362C0, 1136 x 935, prev 0000000000000000
[2014.10.22-16.12.26:708][205]LogParticles: Destroying 0 GPU particle simulations for FXSystem 0x0000008156C34CC0
[2014.10.22-16.12.36:121][178]LogPlayLevel: PIE:  No blueprints needed recompiling
[2014.10.22-16.12.36:121][178]PIE: New page: PIE session: Level_01 (Oct 22, 2014, 8:12:36 AM)
[2014.10.22-16.12.36:127][178]LogPlayLevel: PIE: StaticDuplicateObject took: (0.005817s)
[2014.10.22-16.12.36:127][178]LogPlayLevel: PIE: World Init took: (0.000371s)
[2014.10.22-16.12.36:127][178]LogPlayLevel: PIE: Created PIE world by copying editor world from /Game/Maps/Level_01.Level_01 to /Game/Maps/UEDPIE_0_Level_01.Level_01 (0.006370s)
[2014.10.22-16.12.36:128][178]LogWorld: Game class is '2DSideScrollerGameMode_C'
[2014.10.22-16.12.36:130][178]LogSlate: SRTH: 000000815C328E80, 1136 x 935
[2014.10.22-16.12.36:156][178]LogAIModule: Creating AISystem for world Level_01
[2014.10.22-16.12.36:171][178]LogWorld: Bringing World /Game/Maps/UEDPIE_0_Level_01.Level_01 up for play (max tick rate 0) at 2014.10.22-12.12.36
[2014.10.22-16.12.36:172][178]LogWorld: Bringing up level for play took: 0.015938
[2014.10.22-16.12.36:173][178]LogPlayerController: Spawned spectator SpectatorPawn_1 [server:1]
[2014.10.22-16.12.36:173][178]LogGameMode: RestartPlayer 257
[2014.10.22-16.12.36:173][178]LogPlayerController: ClientRestart_Implementation BullCharacter_C_1
[2014.10.22-16.12.36:173][178]LogPlayerController: ServerAcknowledgePossession_Implementation BullCharacter_C_1
[2014.10.22-16.12.36:174][178]PIE: Info Play in editor start time for /Game/Maps/UEDPIE_0_Level_01 -0.562
[2014.10.22-16.12.36:200][178]LogSlate: SRTH: 000000815F08C340, 1136 x 939, prev 0000000000000000
[2014.10.22-16.12.38:391][432]LogBlueprintUserMessages: Number of Stars Collected: 1
[2014.10.22-16.12.38:467][441]LogBlueprintUserMessages: Number of Stars Collected: 2
[2014.10.22-16.12.38:542][450]LogBlueprintUserMessages: Number of Stars Collected: 3
[2014.10.22-16.12.38:625][460]LogBlueprintUserMessages: Number of Stars Collected: 4
[2014.10.22-16.12.38:700][469]LogBlueprintUserMessages: Number of Stars Collected: 5
[2014.10.22-16.12.38:768][477]LogBlueprintUserMessages: Number of Stars Collected: 6
[2014.10.22-16.12.38:834][485]LogBlueprintUserMessages: Number of Stars Collected: 7
[2014.10.22-16.12.38:909][494]LogBlueprintUserMessages: Number of Stars Collected: 8
[2014.10.22-16.12.38:994][504]LogBlueprintUserMessages: Number of Stars Collected: 9
[2014.10.22-16.12.39:060][512]LogBlueprintUserMessages: Number of Stars Collected: 10
[2014.10.22-16.12.39:136][521]LogBlueprintUserMessages: Number of Stars Collected: 11
[2014.10.22-16.12.40:435][676]LogBlueprintUserMessages: Number of Stars Collected: 12
[2014.10.22-16.12.40:444][677]LogBlueprintUserMessages: Number of Stars Collected: 13
[2014.10.22-16.12.40:745][713]LogBlueprintUserMessages: Number of Stars Collected: 14
[2014.10.22-16.12.42:543][927]LogBlueprintUserMessages: Number of Stars Collected: 15
[2014.10.22-16.12.42:560][929]LogBlueprintUserMessages: Number of Stars Collected: 16
[2014.10.22-16.12.43:060][989]LogBlueprintUserMessages: Number of Stars Collected: 17
[2014.10.22-16.12.43:243][ 11]LogBlueprintUserMessages: Number of Stars Collected: 18
[2014.10.22-16.12.43:360][ 25]LogBlueprintUserMessages: Number of Stars Collected: 19
[2014.10.22-16.12.43:443][ 35]LogBlueprintUserMessages: Number of Stars Collected: 20
[2014.10.22-16.12.43:532][ 45]LogBlueprintUserMessages: Number of Stars Collected: 21
[2014.10.22-16.12.43:601][ 53]LogBlueprintUserMessages: Number of Stars Collected: 22
[2014.10.22-16.12.43:679][ 62]LogBlueprintUserMessages: Number of Stars Collected: 23
[2014.10.22-16.12.44:735][188]LogBlueprintUserMessages: Number of Stars Collected: 24
[2014.10.22-16.12.45:332][258]LogBlueprintUserMessages: Number of Stars Collected: 25
[2014.10.22-16.12.45:794][313]LogBlueprintUserMessages: Number of Stars Collected: 26
[2014.10.22-16.12.46:758][427]LogBlueprintUserMessages: Number of Stars Collected: 27
[2014.10.22-16.12.46:759][427]LogBlueprintUserMessages: Number of Stars Collected: 28
[2014.10.22-16.12.47:343][497]LogBlueprintUserMessages: Number of Stars Collected: 29
[2014.10.22-16.12.50:970][929]LogBlueprintUserMessages: Number of Stars Collected: 30
[2014.10.22-16.12.51:927][ 42]LogBlueprintUserMessages: Number of Stars Collected: 31
[2014.10.22-16.12.52:403][ 99]LogBlueprintUserMessages: Number of Stars Collected: 32
[2014.10.22-16.12.53:200][194]LogBlueprintUserMessages: Number of Stars Collected: 33
[2014.10.22-16.12.54:293][325]LogBlueprintUserMessages: Number of Stars Collected: 34
[2014.10.22-16.12.55:010][410]LogBlueprintUserMessages: Number of Stars Collected: 35
[2014.10.22-16.12.58:317][801]LogBlueprintUserMessages: Number of Stars Collected: 36
[2014.10.22-16.12.58:326][802]LogBlueprintUserMessages: Number of Stars Collected: 37
[2014.10.22-16.12.58:692][846]LogBlueprintUserMessages: Number of Stars Collected: 38
[2014.10.22-16.13.17:119][ 15]LogBlueprintUserMessages: Number of Stars Collected: 39
[2014.10.22-16.13.17:742][ 89]LogBlueprintUserMessages: Number of Stars Collected: 40
[2014.10.22-16.13.17:809][ 97]LogBlueprintUserMessages: Number of Stars Collected: 41
[2014.10.22-16.13.20:225][385]LogBlueprintUserMessages: Number of Stars Collected: 42
[2014.10.22-16.13.33:410][951]LogBlueprintUserMessages: Number of Stars Collected: 43
[2014.10.22-16.13.34:750][111]LogBlueprintUserMessages: Number of Stars Collected: 44
[2014.10.22-16.13.34:943][134]LogBlueprintUserMessages: Number of Stars Collected: 45
[2014.10.22-16.13.37:776][469]LogBlueprintUserMessages: Number of Stars Collected: 46
[2014.10.22-16.14.03:946][564]LogSlate: SRTH: 0000008100434340, 1136 x 935, prev 0000000000000000
[2014.10.22-16.14.04:059][565]LogParticles: Destroying 0 GPU particle simulations for FXSystem 0x000000815DF8B1A0
[2014.10.22-16.14.07:576][899]LogEditorViewport: Clicking Background
[2014.10.22-16.14.10:253][190]LogSavePackage: Save=42.740349ms
[2014.10.22-16.14.10:253][190]LogSavePackage: Moving 'B:/CGT 345/GitHub/Cow-Tipping/Saved/Level_0124EFA9814E641FDF5169ED88C70D4632.tmp' to 'B:/CGT 345/GitHub/Cow-Tipping/Content/Maps/Level_01.umap'
[2014.10.22-16.14.10:270][190]LogFileHelpers: Saving map 'Level_01' took 0.095
[2014.10.22-16.14.10:280][190]Cmd: OBJ SAVEPACKAGE PACKAGE="/Game/Textures/level_01" FILE="B:/CGT 345/GitHub/Cow-Tipping/Content/Textures/level_01.uasset" SILENT=true
[2014.10.22-16.14.10:329][190]LogSavePackage: Save=31.695438ms
[2014.10.22-16.14.10:329][190]LogSavePackage: Moving 'B:/CGT 345/GitHub/Cow-Tipping/Saved/level_019334B3B6482E7C8D192C249039B2C5D6.tmp' to 'B:/CGT 345/GitHub/Cow-Tipping/Content/Textures/level_01.uasset'
[2014.10.22-16.14.10:336][190]Cmd: OBJ SAVEPACKAGE PACKAGE="/Game/Textures/level_01_Sprite" FILE="B:/CGT 345/GitHub/Cow-Tipping/Content/Textures/level_01_Sprite.uasset" SILENT=true
[2014.10.22-16.14.10:341][190]LogSavePackage: Save=3.731131ms
[2014.10.22-16.14.10:341][190]LogSavePackage: Moving 'B:/CGT 345/GitHub/Cow-Tipping/Saved/level_01_Sprite110D365242770BF96F98BEBDD89EB785.tmp' to 'B:/CGT 345/GitHub/Cow-Tipping/Content/Textures/level_01_Sprite.uasset'
[2014.10.22-16.14.17:990][902]LightingResults: New page: Lighting Build
[2014.10.22-16.14.17:992][902]MapCheck: New page: Map Check
[2014.10.22-16.14.17:992][902]LightingResults: New page: Lighting Build
[2014.10.22-16.14.18:009][902]LogParticles: Destroying 0 GPU particle simulations for FXSystem 0x000000815C719120
[2014.10.22-16.14.18:011][902]LogAIModule: Creating AISystem for world NewWorld
[2014.10.22-16.14.18:025][902]LoadErrors: New page: New Map
[2014.10.22-16.14.28:590][443]LogSavePackage: Save=12.351221ms
[2014.10.22-16.14.28:590][443]LogSavePackage: Moving 'B:/CGT 345/GitHub/Cow-Tipping/Saved/Level_0263145179477DF22B5F094FB4BDEDD91D.tmp' to 'B:/CGT 345/GitHub/Cow-Tipping/Content/Maps/Level_02.umap'
[2014.10.22-16.14.28:608][443]LogFileHelpers: Saving map 'Level_02' took 0.284
[2014.10.22-16.14.31:474][780]LogContentBrowser:Verbose: The content browser source was changed by the sources view to '/Game/Textures'
[2014.10.22-16.15.27:594][355]LogFactory: FactoryCreateBinary: Texture with TextureFactory (0 0 B:/CGT 345/cowtipping/level_02.png)
[2014.10.22-16.15.27:789][355]0.000058 seconds to analyze Texture2D /Game/Textures/level_02.Level_02

[2014.10.22-16.15.27:797][355]LogTexture:Display: Building textures: Level_02 (AutoDXT)
[2014.10.22-16.15.28:369][355]LogFactory: FactoryCreateBinary: Texture with TextureFactory (0 0 B:/CGT 345/cowtipping/level_03.png)
[2014.10.22-16.15.28:566][355]0.000055 seconds to analyze Texture2D /Game/Textures/level_03.level_03

[2014.10.22-16.15.28:574][355]LogTexture:Display: Building textures: level_03 (AutoDXT)
[2014.10.22-16.15.29:140][355]LogContentBrowser:Verbose: The content browser source was changed by the sources view to 'None'
[2014.10.22-16.15.29:140][355]LogContentBrowser:Verbose: The content browser source was changed by the sources view to '/Game/Textures'
[2014.10.22-16.15.29:140][355]LogContentBrowser:Verbose: The content browser source was changed by the sources view to '/Game/Textures'
[2014.10.22-16.15.37:888][360]LogContentBrowser:Verbose: The content browser source was changed by the sources view to '/Game/Textures'
[2014.10.22-16.15.46:357][355]LogContentBrowser:Verbose: The content browser source was changed by the sources view to '/Game/Sprites'
[2014.10.22-16.15.49:058][677]LogContentBrowser:Verbose: The content browser source was changed by the sources view to '/Game/Textures'
[2014.10.22-16.15.54:322][246]LogContentBrowser:Verbose: The content browser source was changed by the sources view to '/Game/Textures'
[2014.10.22-16.16.07:134][688]Cmd: OBJ SAVEPACKAGE PACKAGE="/Game/Sprites/level_03_Sprite" FILE="B:/CGT 345/GitHub/Cow-Tipping/Content/Sprites/level_03_Sprite.uasset" SILENT=true
[2014.10.22-16.16.07:171][688]LogSavePackage: Save=34.043152ms
[2014.10.22-16.16.07:171][688]LogSavePackage: Moving 'B:/CGT 345/GitHub/Cow-Tipping/Saved/level_03_SpriteFD4E367142230E9F4AD0E18DE4E59EAD.tmp' to 'B:/CGT 345/GitHub/Cow-Tipping/Content/Sprites/level_03_Sprite.uasset'
[2014.10.22-16.16.07:185][688]Cmd: OBJ SAVEPACKAGE PACKAGE="/Game/Sprites/level_02_Sprite" FILE="B:/CGT 345/GitHub/Cow-Tipping/Content/Sprites/level_02_Sprite.uasset" SILENT=true
[2014.10.22-16.16.07:216][688]LogSavePackage: Save=30.046068ms
[2014.10.22-16.16.07:216][688]LogSavePackage: Moving 'B:/CGT 345/GitHub/Cow-Tipping/Saved/level_02_Sprite0423011941935A0F4830A5A6A121E8B3.tmp' to 'B:/CGT 345/GitHub/Cow-Tipping/Content/Sprites/level_02_Sprite.uasset'
[2014.10.22-16.16.17:908][911]LogContentBrowser:Verbose: The content browser source was changed by the sources view to '/Game/Sprites'
[2014.10.22-16.16.51:984][579]LogPrimitiveComponent: Zero scaling not supported (/Game/Maps/Level_02.Level_02:PersistentLevel.PlayerStart_1.CollisionCapsule)
[2014.10.22-16.16.53:710][779]LogPrimitiveComponent: Zero scaling not supported (/Game/Maps/Level_02.Level_02:PersistentLevel.PlayerStart_1.CollisionCapsule)
[2014.10.22-16.16.55:517][983]LogPrimitiveComponent: Zero scaling not supported (/Game/Maps/Level_02.Level_02:PersistentLevel.PlayerStart_1.CollisionCapsule)
[2014.10.22-16.16.56:430][ 80]LogEditorViewport: Clicking on Actor (LMB): PaperSpriteActor (level_02_Sprite)
[2014.10.22-16.16.56:820][113]LogEpicStorage:Warning: ReadFile request failed. File request already pending for filename=http://cdn.unrealengine.com/newsfeed/blueprint_icon_b.png
[2014.10.22-16.16.56:821][113]LogEpicStorage:Warning: ReadFile request failed. File request already pending for filename=http://cdn.unrealengine.com/newsfeed/blueprint_icon_b.png
[2014.10.22-16.17.08:367][276]LogEditorViewport: Clicking on Actor (LMB): PaperSpriteActor (level_02_Sprite)
[2014.10.22-16.17.28:808][472]LogPlayLevel: PIE:  No blueprints needed recompiling
[2014.10.22-16.17.28:808][472]PIE: New page: PIE session: Level_02 (Oct 22, 2014, 8:17:28 AM)
[2014.10.22-16.17.28:809][472]LogPlayLevel: PIE: StaticDuplicateObject took: (0.000425s)
[2014.10.22-16.17.28:809][472]LogPlayLevel: PIE: World Init took: (0.000433s)
[2014.10.22-16.17.28:809][472]LogPlayLevel: PIE: Created PIE world by copying editor world from /Game/Maps/Level_02.Level_02 to /Game/Maps/UEDPIE_0_Level_02.Level_02 (0.001006s)
[2014.10.22-16.17.28:814][472]LogWorld: Game class is '2DSideScrollerGameMode_C'
[2014.10.22-16.17.28:819][472]LogSlate: SRTH: 00000081622656C0, 1136 x 935
[2014.10.22-16.17.28:846][472]LogAIModule: Creating AISystem for world Level_02
[2014.10.22-16.17.28:846][472]LogWorld: Bringing World /Game/Maps/UEDPIE_0_Level_02.Level_02 up for play (max tick rate 0) at 2014.10.22-12.17.28
[2014.10.22-16.17.28:846][472]LogWorld: Bringing up level for play took: 0.000460
[2014.10.22-16.17.28:847][472]LogPlayerController: Spawned spectator SpectatorPawn_2 [server:1]
[2014.10.22-16.17.28:847][472]LogGameMode: RestartPlayer 258
[2014.10.22-16.17.28:847][472]LogPlayerController: ClientRestart_Implementation BullCharacter_C_2
[2014.10.22-16.17.28:847][472]LogPlayerController: ServerAcknowledgePossession_Implementation BullCharacter_C_2
[2014.10.22-16.17.28:849][472]PIE: Info Play in editor start time for /Game/Maps/UEDPIE_0_Level_02 0.113
[2014.10.22-16.17.28:873][472]LogSlate: SRTH: 00000081085D9540, 1136 x 939, prev 0000000000000000
[2014.10.22-16.17.33:034][962]LogSlate: SRTH: 0000008107CD6C80, 1136 x 935, prev 0000000000000000
[2014.10.22-16.17.33:095][962]LogActorComponent: UnregisterComponent: (/Engine/Transient.CharacterMovementComponent_1) Not registered. Aborting.
[2014.10.22-16.17.33:105][962]LogParticles: Destroying 0 GPU particle simulations for FXSystem 0x000000815DF8B920
[2014.10.22-16.19.07:743][224]LogEditorViewport: Clicking on Actor (LMB): PaperSpriteActor (PrototypingSprite_5)
[2014.10.22-16.19.10:991][543]LogEditorViewport: Clicking on Actor (LMB): PaperSpriteActor (PrototypingSprite_7)
[2014.10.22-16.19.31:869][816]LogEditorViewport: Clicking on Actor (LMB): PaperSpriteActor (PrototypingSprite_8)
[2014.10.22-16.19.57:309][559]LogEditorViewport: Clicking on Actor (LMB): PaperSpriteActor (PrototypingSprite_8)
[2014.10.22-16.20.12:487][136]LogEditorViewport: Clicking on Actor (LMB): PaperSpriteActor (PrototypingSprite_8)
[2014.10.22-16.20.14:584][364]LogEditorViewport: Clicking on Actor (LMB): PaperSpriteActor (PrototypingSprite_7)
[2014.10.22-16.20.22:544][217]LogEditorViewport: Clicking Background
[2014.10.22-16.20.23:152][288]LogEditorViewport: Clicking on Actor (LMB): PaperSpriteActor (level_02_Sprite)
[2014.10.22-16.20.23:525][327]LogEditorViewport: Clicking on Actor (LMB): PaperSpriteActor (PrototypingSprite_11)
[2014.10.22-16.20.44:133][591]LogEditorViewport: Clicking on Actor (LMB): PaperSpriteActor (PrototypingSprite_11)
[2014.10.22-16.21.00:689][355]LogEditorViewport: Clicking on Actor (LMB): PaperSpriteActor (PrototypingSprite_12)
[2014.10.22-16.21.14:502][807]LogEditorViewport: Clicking on Actor (LMB): PaperSpriteActor (PrototypingSprite_12)
[2014.10.22-16.22.04:450][137]LogEditorViewport: Clicking on Actor (LMB): PaperSpriteActor (PrototypingSprite_14)
[2014.10.22-16.22.38:151][783]LogEditorViewport: Clicking on Actor (LMB): PaperSpriteActor (level_02_Sprite)
[2014.10.22-16.22.38:968][872]LogEditorViewport: Clicking on Actor (LMB): PaperSpriteActor (PrototypingSprite_14)
[2014.10.22-16.23.07:200][963]LogEditorViewport: Clicking on Actor (LMB): PaperSpriteActor (PrototypingSprite_17)
[2014.10.22-16.23.52:874][889]LogEditorViewport: Clicking on Actor (LMB): PaperSpriteActor (level_02_Sprite)
[2014.10.22-16.23.53:659][973]LogEditorViewport: Clicking on Actor (LMB): PaperSpriteActor (PrototypingSprite_19)
[2014.10.22-16.24.27:081][499]LogSavePackage: Save=22.939508ms
[2014.10.22-16.24.27:081][499]LogSavePackage: Moving 'B:/CGT 345/GitHub/Cow-Tipping/Saved/Level_02_Auto28378272B46A2FE2D1ADE78836AADC529.tmp' to 'B:/CGT 345/GitHub/Cow-Tipping/Saved/Autosaves/Game/Maps/Level_02_Auto2.umap'
[2014.10.22-16.24.27:092][499]LogFileHelpers: Editor autosave (incl. sublevels) for '/Game/Maps/Level_02' took 0.088
[2014.10.22-16.24.27:092][499]LogFileHelpers: Editor autosave (incl. sublevels) for all levels took 0.088
[2014.10.22-16.24.27:115][499]OBJ SavePackage: Generating thumbnails for [1] asset(s) in package [/Game/Textures/level_02] ([1] browsable assets)...
[2014.10.22-16.24.27:129][499]OBJ SavePackage:     Rendered thumbnail for [Texture2D /Game/Textures/level_02.Level_02]
[2014.10.22-16.24.27:129][499]OBJ SavePackage: Finished generating thumbnails for package [/Game/Textures/level_02]
[2014.10.22-16.24.27:137][499]Cmd: OBJ SAVEPACKAGE PACKAGE="/Game/Textures/level_02" FILE="B:/CGT 345/GitHub/Cow-Tipping/Saved/Autosaves/Game/Textures/level_02_Auto2.uasset" SILENT=false AUTOSAVING=true
[2014.10.22-16.24.27:576][499]LogSavePackage: Save=404.915497ms
[2014.10.22-16.24.27:576][499]LogSavePackage: Moving 'B:/CGT 345/GitHub/Cow-Tipping/Saved/level_02_Auto2D16F68984EB677994393CF835C699E0A.tmp' to 'B:/CGT 345/GitHub/Cow-Tipping/Saved/Autosaves/Game/Textures/level_02_Auto2.uasset'
[2014.10.22-16.24.27:603][499]OBJ SavePackage: Generating thumbnails for [1] asset(s) in package [/Game/Textures/level_03] ([1] browsable assets)...
[2014.10.22-16.24.27:629][499]OBJ SavePackage:     Rendered thumbnail for [Texture2D /Game/Textures/level_03.level_03]
[2014.10.22-16.24.27:629][499]OBJ SavePackage: Finished generating thumbnails for package [/Game/Textures/level_03]
[2014.10.22-16.24.27:637][499]Cmd: OBJ SAVEPACKAGE PACKAGE="/Game/Textures/level_03" FILE="B:/CGT 345/GitHub/Cow-Tipping/Saved/Autosaves/Game/Textures/level_03_Auto2.uasset" SILENT=false AUTOSAVING=true
[2014.10.22-16.24.28:151][499]LogSavePackage: Save=482.330231ms
[2014.10.22-16.24.28:151][499]LogSavePackage: Moving 'B:/CGT 345/GitHub/Cow-Tipping/Saved/level_03_Auto21A120216486997DA2328C0ADC124ECAD.tmp' to 'B:/CGT 345/GitHub/Cow-Tipping/Saved/Autosaves/Game/Textures/level_03_Auto2.uasset'
[2014.10.22-16.24.28:161][499]Cmd: OBJ SAVEPACKAGE PACKAGE="/Game/Textures/level_02_Sprite" FILE="B:/CGT 345/GitHub/Cow-Tipping/Saved/Autosaves/Game/Textures/level_02_Sprite_Auto2.uasset" SILENT=false AUTOSAVING=true
[2014.10.22-16.24.28:194][499]LogSavePackage: Save=5.301163ms
[2014.10.22-16.24.28:194][499]LogSavePackage: Moving 'B:/CGT 345/GitHub/Cow-Tipping/Saved/level_02_Sprite_Auto200B44EC648FC6A49A1E28FA7923E8A84.tmp' to 'B:/CGT 345/GitHub/Cow-Tipping/Saved/Autosaves/Game/Textures/level_02_Sprite_Auto2.uasset'
[2014.10.22-16.24.28:207][499]Cmd: OBJ SAVEPACKAGE PACKAGE="/Game/Textures/level_03_Sprite" FILE="B:/CGT 345/GitHub/Cow-Tipping/Saved/Autosaves/Game/Textures/level_03_Sprite_Auto2.uasset" SILENT=false AUTOSAVING=true
[2014.10.22-16.24.28:244][499]LogSavePackage: Save=5.097855ms
[2014.10.22-16.24.28:244][499]LogSavePackage: Moving 'B:/CGT 345/GitHub/Cow-Tipping/Saved/level_03_Sprite_Auto2F178C4114437BB34BBAD129DF554C615.tmp' to 'B:/CGT 345/GitHub/Cow-Tipping/Saved/Autosaves/Game/Textures/level_03_Sprite_Auto2.uasset'
[2014.10.22-16.24.28:255][499]LogFileHelpers: Auto-saving content packages took 1.162
[2014.10.22-16.24.33:168][ 43]LogEditorViewport: Clicking on Actor (LMB): PaperSpriteActor (PrototypingSprite_5)
[2014.10.22-16.25.07:376][770]LogEditorViewport: Clicking on Actor (LMB): PaperSpriteActor (PrototypingSprite_18)
[2014.10.22-16.25.37:567][982]LogEditorViewport: Clicking on Actor (LMB): PaperSpriteActor (PrototypingSprite_20)
[2014.10.22-16.27.05:635][369]LogEditorViewport: Clicking on Actor (LMB): PaperSpriteActor (PrototypingSprite_20)
[2014.10.22-16.27.26:059][528]LogEditorViewport: Clicking on Actor (LMB): PaperSpriteActor (level_02_Sprite)
[2014.10.22-16.27.26:729][602]LogEditorViewport: Clicking on Actor (LMB): PaperSpriteActor (PrototypingSprite_26)
[2014.10.22-16.27.34:402][423]LogEditorViewport: Clicking on Actor (LMB): PaperSpriteActor (PrototypingSprite_2)
[2014.10.22-16.27.35:822][568]LogEditorViewport: Clicking on Actor (LMB): PaperSpriteActor (PrototypingSprite_2)
[2014.10.22-16.27.36:577][649]LogEditorViewport: Clicking on Actor (LMB): PaperSpriteActor (PrototypingSprite_27)
[2014.10.22-16.28.10:133][318]LogEditorViewport: Clicking on Actor (LMB): PaperSpriteActor (PrototypingSprite_27)
[2014.10.22-16.28.46:370][198]LogEditorViewport: Clicking on Actor (LMB): PaperSpriteActor (PrototypingSprite_28)
[2014.10.22-16.29.14:939][267]LogEditorViewport: Clicking on Actor (LMB): PaperSpriteActor (PrototypingSprite_29)
[2014.10.22-16.29.15:313][298]LogEditorViewport: Clicking on Actor (LMB): PaperSpriteActor (PrototypingSprite_29)
[2014.10.22-16.29.40:026][949]LogEditorViewport: Clicking on Actor (LMB): PaperSpriteActor (PrototypingSprite_26)
[2014.10.22-16.30.04:255][537]LogEditorViewport: Clicking on Actor (LMB): PaperSpriteActor (PrototypingSprite_30)
[2014.10.22-16.30.14:996][697]LogEditorViewport: Clicking on Actor (LMB): PaperSpriteActor (PrototypingSprite_32)
[2014.10.22-16.30.25:001][725]LogEditorViewport: Clicking on Actor (LMB): PaperSpriteActor (PrototypingSprite_26)
[2014.10.22-16.30.40:761][412]LogEditorViewport: Clicking on Actor (LMB): PaperSpriteActor (PrototypingSprite_33)
[2014.10.22-16.30.43:502][714]LogEditorViewport: Clicking on Actor (LMB): PaperSpriteActor (PrototypingSprite_33)
[2014.10.22-16.30.54:301][864]LogEditorViewport: Clicking on Actor (LMB): PaperSpriteActor (level_02_Sprite)
[2014.10.22-16.31.19:945][669]LogEditorViewport: Clicking on Actor (context menu): PaperSpriteActor (level_02_Sprite)
[2014.10.22-16.31.21:027][761]LogEditorViewport: Clicking on Actor (context menu): PaperSpriteActor (level_02_Sprite)
[2014.10.22-16.31.22:483][889]LogEditorViewport: Clicking Background
[2014.10.22-16.31.54:317][665]LogEditorViewport: Clicking on Actor (LMB): PaperSpriteActor (PrototypingSprite)
[2014.10.22-16.31.56:825][922]LogEpicStorage:Warning: ReadFile request failed. File request already pending for filename=http://cdn.unrealengine.com/newsfeed/blueprint_icon_b.png
[2014.10.22-16.31.56:826][922]LogEpicStorage:Warning: ReadFile request failed. File request already pending for filename=http://cdn.unrealengine.com/newsfeed/blueprint_icon_b.png
[2014.10.22-16.32.09:890][326]LogEditorViewport: Clicking on Actor (LMB): PaperSpriteActor (PrototypingSprite_35)
[2014.10.22-16.33.56:936][683]LogEditorViewport: Clicking on Actor (LMB): PaperSpriteActor (PrototypingSprite_61)
[2014.10.22-16.34.28:346][ 16]LogSavePackage: Save=26.897833ms
[2014.10.22-16.34.28:346][ 16]LogSavePackage: Moving 'B:/CGT 345/GitHub/Cow-Tipping/Saved/Level_02_Auto39047EAED45A9CC31A52BAA88C30D4614.tmp' to 'B:/CGT 345/GitHub/Cow-Tipping/Saved/Autosaves/Game/Maps/Level_02_Auto3.umap'
[2014.10.22-16.34.28:356][ 16]LogFileHelpers: Editor autosave (incl. sublevels) for '/Game/Maps/Level_02' took 0.082
[2014.10.22-16.34.28:356][ 16]LogFileHelpers: Editor autosave (incl. sublevels) for all levels took 0.082
[2014.10.22-16.34.53:227][802]LogEditorViewport: Clicking on Actor (LMB): PaperSpriteActor (PrototypingSprite_60)
[2014.10.22-16.35.20:078][657]LogEditorViewport: Clicking on Actor (LMB): PaperSpriteActor (PrototypingSprite_64)
[2014.10.22-16.35.33:550][ 47]LogEditorViewport: Clicking on Actor (LMB): PaperSpriteActor (PrototypingSprite_72)
[2014.10.22-16.35.34:025][ 97]LogEditorViewport: Clicking on Actor (LMB): PaperSpriteActor (PrototypingSprite_71)
[2014.10.22-16.35.49:001][701]LogEditorViewport: Clicking on Actor (LMB): PaperSpriteActor (PrototypingSprite_77)
[2014.10.22-16.35.57:542][590]LogEditorViewport: Clicking on Actor (LMB): PaperSpriteActor (level_02_Sprite)
[2014.10.22-16.35.58:141][654]LogEditorViewport: Clicking on Actor (LMB): PaperSpriteActor (PrototypingSprite_81)
[2014.10.22-16.36.23:913][355]LogEditorViewport: Clicking on Actor (LMB): PaperSpriteActor (PrototypingSprite_90)
[2014.10.22-16.36.24:592][426]LogEditorViewport: Clicking on Actor (LMB): PaperSpriteActor (level_02_Sprite)
[2014.10.22-16.36.25:110][479]LogEditorViewport: Clicking on Actor (LMB): PaperSpriteActor (PrototypingSprite_90)
[2014.10.22-16.36.30:978][106]LogEditorViewport: Clicking on Actor (LMB): PaperSpriteActor (PrototypingSprite_92)
[2014.10.22-16.36.50:408][208]LogEditorViewport: Clicking on Actor (LMB): PaperSpriteActor (PrototypingSprite_91)
[2014.10.22-16.37.05:243][791]LogEditorViewport: Clicking on Actor (LMB): PaperSpriteActor (level_02_Sprite)
[2014.10.22-16.37.05:775][847]LogEditorViewport: Clicking on Actor (LMB): PaperSpriteActor (PrototypingSprite_99)
[2014.10.22-16.37.06:442][916]LogEditorViewport: Clicking on Actor (LMB): PaperSpriteActor (level_02_Sprite)
[2014.10.22-16.37.06:867][961]LogEditorViewport: Clicking on Actor (LMB): PaperSpriteActor (PrototypingSprite_99)
[2014.10.22-16.37.20:342][406]LogEditorViewport: Clicking on Actor (LMB): PaperSpriteActor (PrototypingSprite_102)
[2014.10.22-16.37.24:859][839]LogEditorViewport: Clicking on Actor (LMB): PaperSpriteActor (PrototypingSprite_102)
[2014.10.22-16.37.35:941][999]LogSavePackage: Save=29.080162ms
[2014.10.22-16.37.35:941][999]LogSavePackage: Moving 'B:/CGT 345/GitHub/Cow-Tipping/Saved/Level_026D9566924C87F98CEDD861B43387985C.tmp' to 'B:/CGT 345/GitHub/Cow-Tipping/Content/Maps/Level_02.umap'
[2014.10.22-16.37.35:961][999]LogFileHelpers: Saving map 'Level_02' took 0.089
[2014.10.22-16.37.35:974][999]Cmd: OBJ SAVEPACKAGE PACKAGE="/Game/Textures/level_02" FILE="B:/CGT 345/GitHub/Cow-Tipping/Content/Textures/level_02.uasset" SILENT=true
[2014.10.22-16.37.36:010][999]LogSavePackage: Save=34.605793ms
[2014.10.22-16.37.36:010][999]LogSavePackage: Moving 'B:/CGT 345/GitHub/Cow-Tipping/Saved/level_024A62AC2A48BF4604C5E10C8F0C61340E.tmp' to 'B:/CGT 345/GitHub/Cow-Tipping/Content/Textures/level_02.uasset'
[2014.10.22-16.37.36:025][999]Cmd: OBJ SAVEPACKAGE PACKAGE="/Game/Textures/level_03" FILE="B:/CGT 345/GitHub/Cow-Tipping/Content/Textures/level_03.uasset" SILENT=true
[2014.10.22-16.37.36:090][999]LogSavePackage: Save=63.623451ms
[2014.10.22-16.37.36:090][999]LogSavePackage: Moving 'B:/CGT 345/GitHub/Cow-Tipping/Saved/level_03A472098F4954FF1309CF80A49DFE98D6.tmp' to 'B:/CGT 345/GitHub/Cow-Tipping/Content/Textures/level_03.uasset'
[2014.10.22-16.37.36:095][999]Cmd: OBJ SAVEPACKAGE PACKAGE="/Game/Textures/level_02_Sprite" FILE="B:/CGT 345/GitHub/Cow-Tipping/Content/Textures/level_02_Sprite.uasset" SILENT=true
[2014.10.22-16.37.36:099][999]LogSavePackage: Save=4.000927ms
[2014.10.22-16.37.36:100][999]LogSavePackage: Moving 'B:/CGT 345/GitHub/Cow-Tipping/Saved/level_02_Sprite14476663465BD0A498D901A6263C326C.tmp' to 'B:/CGT 345/GitHub/Cow-Tipping/Content/Textures/level_02_Sprite.uasset'
[2014.10.22-16.37.36:106][999]Cmd: OBJ SAVEPACKAGE PACKAGE="/Game/Textures/level_03_Sprite" FILE="B:/CGT 345/GitHub/Cow-Tipping/Content/Textures/level_03_Sprite.uasset" SILENT=true
[2014.10.22-16.37.36:110][999]LogSavePackage: Save=3.458121ms
[2014.10.22-16.37.36:110][999]LogSavePackage: Moving 'B:/CGT 345/GitHub/Cow-Tipping/Saved/level_03_Sprite612CCED041732F697C2DC6B957476C95.tmp' to 'B:/CGT 345/GitHub/Cow-Tipping/Content/Textures/level_03_Sprite.uasset'
[2014.10.22-16.37.37:118][102]LogPlayLevel: PIE:  No blueprints needed recompiling
[2014.10.22-16.37.37:118][102]PIE: New page: PIE session: Level_02 (Oct 22, 2014, 8:37:37 AM)
[2014.10.22-16.37.37:121][102]LogPlayLevel: PIE: StaticDuplicateObject took: (0.003005s)
[2014.10.22-16.37.37:122][102]LogPlayLevel: PIE: World Init took: (0.000465s)
[2014.10.22-16.37.37:122][102]LogPlayLevel: PIE: Created PIE world by copying editor world from /Game/Maps/Level_02.Level_02 to /Game/Maps/UEDPIE_0_Level_02.Level_02 (0.003693s)
[2014.10.22-16.37.37:122][102]LogWorld: Game class is '2DSideScrollerGameMode_C'
[2014.10.22-16.37.37:127][102]LogSlate: SRTH: 000000815E4ACAC0, 1136 x 935
[2014.10.22-16.37.37:153][102]LogAIModule: Creating AISystem for world Level_02
[2014.10.22-16.37.37:156][102]LogWorld: Bringing World /Game/Maps/UEDPIE_0_Level_02.Level_02 up for play (max tick rate 0) at 2014.10.22-12.37.37
[2014.10.22-16.37.37:157][102]LogWorld: Bringing up level for play took: 0.003678
[2014.10.22-16.37.37:157][102]LogPlayerController: Spawned spectator SpectatorPawn_3 [server:1]
[2014.10.22-16.37.37:157][102]LogGameMode: RestartPlayer 259
[2014.10.22-16.37.37:158][102]LogPlayerController: ClientRestart_Implementation BullCharacter_C_3
[2014.10.22-16.37.37:158][102]LogPlayerController: ServerAcknowledgePossession_Implementation BullCharacter_C_3
[2014.10.22-16.37.37:158][102]PIE: Info Play in editor start time for /Game/Maps/UEDPIE_0_Level_02 0.423
[2014.10.22-16.37.37:188][102]LogSlate: SRTH: 0000008108FB2EC0, 1136 x 939, prev 0000000000000000
[2014.10.22-16.38.14:181][501]LogSlate: SRTH: 000000810655E680, 1136 x 935, prev 0000000000000000
[2014.10.22-16.38.14:280][502]LogParticles: Destroying 0 GPU particle simulations for FXSystem 0x000000815C474B80
[2014.10.22-16.38.26:277][702]Cmd: QUIT_EDITOR
[2014.10.22-16.38.26:318][702]LogWindowsTextInputMethodSystem:Error: Terminating failed while unadvising the language notification sink from the TSF source.
[2014.10.22-16.38.26:324][702]LogExit: Preparing to exit.
[2014.10.22-16.38.27:142][702]LogExit: Editor shut down
[2014.10.22-16.38.27:143][702]LogExit: Transaction tracking system shut down
[2014.10.22-16.38.27:143][702]LogParticles: Destroying 0 GPU particle simulations for FXSystem 0x00000081647FC2C0
[2014.10.22-16.38.27:143][702]LogParticles: Destroying 0 GPU particle simulations for FXSystem 0x0000008164594A40
[2014.10.22-16.38.27:166][702]LogParticles: Destroying 0 GPU particle simulations for FXSystem 0x000000815C3B4360
[2014.10.22-16.38.27:166][702]LogExit: Object subsystem successfully closed.
[2014.10.22-16.38.27:187][702]LogModuleManager: Shutting down and abandoning module NewLevelDialog (173)
[2014.10.22-16.38.27:187][702]LogModuleManager: Shutting down and abandoning module AndroidDeviceDetection (172)
[2014.10.22-16.38.27:187][702]LogModuleManager: Shutting down and abandoning module GameLiveStreaming (171)
[2014.10.22-16.38.27:187][702]LogModuleManager: Shutting down and abandoning module CrashTracker (170)
[2014.10.22-16.38.27:187][702]LogModuleManager: Shutting down and abandoning module HTTP (169)
[2014.10.22-16.38.27:187][702]LogModuleManager: Shutting down and abandoning module NewsFeed (168)
[2014.10.22-16.38.27:187][702]LogModuleManager: Shutting down and abandoning module SceneOutliner (167)
[2014.10.22-16.38.27:187][702]LogModuleManager: Shutting down and abandoning module EditorWidgets (166)
[2014.10.22-16.38.27:187][702]LogModuleManager: Shutting down and abandoning module CollectionManager (165)
[2014.10.22-16.38.27:187][702]LogModuleManager: Shutting down and abandoning module StatsViewer (164)
[2014.10.22-16.38.27:187][702]LogModuleManager: Shutting down and abandoning module FoliageEdit (163)
[2014.10.22-16.38.27:187][702]LogModuleManager: Shutting down and abandoning module LandscapeEditor (162)
[2014.10.22-16.38.27:187][702]LogModuleManager: Shutting down and abandoning module MeshPaint (161)
[2014.10.22-16.38.27:187][702]LogModuleManager: Shutting down and abandoning module ActorPickerMode (160)
[2014.10.22-16.38.27:187][702]LogModuleManager: Shutting down and abandoning module GeometryMode (159)
[2014.10.22-16.38.27:187][702]LogModuleManager: Shutting down and abandoning module TextureAlignMode (158)
[2014.10.22-16.38.27:187][702]LogModuleManager: Shutting down and abandoning module BspMode (157)
[2014.10.22-16.38.27:187][702]LogModuleManager: Shutting down and abandoning module PlacementMode (156)
[2014.10.22-16.38.27:187][702]LogModuleManager: Shutting down and abandoning module DesktopPlatform (155)
[2014.10.22-16.38.27:188][702]LogModuleManager: Shutting down and abandoning module AutomationWorker (154)
[2014.10.22-16.38.27:188][702]LogModuleManager: Shutting down and abandoning module EditorLiveStreaming (153)
[2014.10.22-16.38.27:188][702]LogModuleManager: Shutting down and abandoning module DeviceProfileEditor (152)
[2014.10.22-16.38.27:188][702]LogModuleManager: Shutting down and abandoning module UndoHistory (151)
[2014.10.22-16.38.27:188][702]LogModuleManager: Shutting down and abandoning module GameplayTagsEditor (150)
[2014.10.22-16.38.27:188][702]LogModuleManager: Shutting down and abandoning module UserFeedback (149)
[2014.10.22-16.38.27:188][702]LogModuleManager: Shutting down and abandoning module XmlParser (148)
[2014.10.22-16.38.27:188][702]LogModuleManager: Shutting down and abandoning module Blutility (147)
[2014.10.22-16.38.27:188][702]LogModuleManager: Shutting down and abandoning module IOSPlatformEditor (146)
[2014.10.22-16.38.27:188][702]LogModuleManager: Shutting down and abandoning module IOSRuntimeSettings (145)
[2014.10.22-16.38.27:188][702]LogModuleManager: Shutting down and abandoning module AndroidPlatformEditor (144)
[2014.10.22-16.38.27:188][702]LogModuleManager: Shutting down and abandoning module AndroidRuntimeSettings (143)
[2014.10.22-16.38.27:188][702]LogModuleManager: Shutting down and abandoning module ProjectTargetPlatformEditor (142)
[2014.10.22-16.38.27:188][702]LogModuleManager: Shutting down and abandoning module ProjectSettingsViewer (141)
[2014.10.22-16.38.27:188][702]LogModuleManager: Shutting down and abandoning module InputBindingEditor (140)
[2014.10.22-16.38.27:188][702]LogModuleManager: Shutting down and abandoning module EditorSettingsViewer (139)
[2014.10.22-16.38.27:188][702]LogModuleManager: Shutting down and abandoning module SettingsEditor (138)
[2014.10.22-16.38.27:188][702]LogModuleManager: Shutting down and abandoning module SessionLauncher (137)
[2014.10.22-16.38.27:188][702]LogModuleManager: Shutting down and abandoning module SessionFrontend (136)
[2014.10.22-16.38.27:188][702]LogModuleManager: Shutting down and abandoning module ProfilerClient (135)
[2014.10.22-16.38.27:188][702]LogModuleManager: Shutting down and abandoning module TargetDeviceServices (134)
[2014.10.22-16.38.27:188][702]LogModuleManager: Shutting down and abandoning module DeviceManager (133)
[2014.10.22-16.38.27:188][702]LogModuleManager: Shutting down and abandoning module AutomationController (132)
[2014.10.22-16.38.27:188][702]LogModuleManager: Shutting down and abandoning module AutomationWindow (131)
[2014.10.22-16.38.27:188][702]LogModuleManager: Shutting down and abandoning module Layers (130)
[2014.10.22-16.38.27:188][702]LogModuleManager: Shutting down and abandoning module ComponentVisualizers (129)
[2014.10.22-16.38.27:188][702]LogModuleManager: Shutting down and abandoning module DetailCustomizations (128)
[2014.10.22-16.38.27:188][702]LogModuleManager: Shutting down and abandoning module PackagesDialog (127)
[2014.10.22-16.38.27:188][702]LogModuleManager: Shutting down and abandoning module DirectoryWatcher (126)
[2014.10.22-16.38.27:189][702]LogModuleManager: Shutting down and abandoning module AssetRegistry (125)
[2014.10.22-16.38.27:234][702]LogModuleManager: Shutting down and abandoning module Persona (124)
[2014.10.22-16.38.27:234][702]LogModuleManager: Shutting down and abandoning module GraphEditor (123)
[2014.10.22-16.38.27:234][702]LogModuleManager: Shutting down and abandoning module ClassViewer (122)
[2014.10.22-16.38.27:234][702]LogModuleManager: Shutting down and abandoning module Toolbox (121)
[2014.10.22-16.38.27:234][702]LogModuleManager: Shutting down and abandoning module ModuleUI (120)
[2014.10.22-16.38.27:234][702]LogModuleManager: Shutting down and abandoning module Sequencer (119)
[2014.10.22-16.38.27:234][702]LogModuleManager: Shutting down and abandoning module MovieSceneTools (118)
[2014.10.22-16.38.27:234][702]LogModuleManager: Shutting down and abandoning module OutputLog (117)
[2014.10.22-16.38.27:234][702]LogModuleManager: Shutting down and abandoning module GammaUI (116)
[2014.10.22-16.38.27:234][702]LogModuleManager: Shutting down and abandoning module Documentation (115)
[2014.10.22-16.38.27:234][702]LogModuleManager: Shutting down and abandoning module StreamingPauseRendering (114)
[2014.10.22-16.38.27:234][702]LogModuleManager: Shutting down and abandoning module AnalyticsET (113)
[2014.10.22-16.38.27:234][702]LogModuleManager: Shutting down and abandoning module Analytics (112)
[2014.10.22-16.38.27:234][702]LogModuleManager: Shutting down and abandoning module GameplayDebugger (111)
[2014.10.22-16.38.27:234][702]LogModuleManager: Shutting down and abandoning module AIModule (110)
[2014.10.22-16.38.27:234][702]LogModuleManager: Shutting down and abandoning module ProfilerService (109)
[2014.10.22-16.38.27:468][702]LogModuleManager: Shutting down and abandoning module TaskGraph (108)
[2014.10.22-16.38.27:468][702]LogModuleManager: Shutting down and abandoning module ViewportSnapping (107)
[2014.10.22-16.38.27:468][702]LogModuleManager: Shutting down and abandoning module GameProjectGeneration (106)
[2014.10.22-16.38.27:468][702]LogModuleManager: Shutting down and abandoning module Matinee (105)
[2014.10.22-16.38.27:468][702]LogModuleManager: Shutting down and abandoning module Kismet (104)
[2014.10.22-16.38.27:468][702]LogModuleManager: Shutting down and abandoning module SlateReflector (103)
[2014.10.22-16.38.27:468][702]LogModuleManager: Shutting down and abandoning module LevelEditor (102)
[2014.10.22-16.38.27:469][702]LogModuleManager: Shutting down and abandoning module IntroTutorials (101)
[2014.10.22-16.38.27:470][702]LogModuleManager: Shutting down and abandoning module ContentBrowser (100)
[2014.10.22-16.38.27:470][702]LogModuleManager: Shutting down and abandoning module PropertyEditor (99)
[2014.10.22-16.38.27:470][702]LogModuleManager: Shutting down and abandoning module AssetTools (98)
[2014.10.22-16.38.27:470][702]LogModuleManager: Shutting down and abandoning module MainFrame (97)
[2014.10.22-16.38.27:470][702]LogModuleManager: Shutting down and abandoning module SourceControl (96)
[2014.10.22-16.38.27:470][702]LogModuleManager: Shutting down and abandoning module ImageWrapper (95)
[2014.10.22-16.38.27:470][702]LogModuleManager: Shutting down and abandoning module OnlineBlueprintSupport (94)
[2014.10.22-16.38.27:470][702]LogModuleManager: Shutting down and abandoning module FunctionalTesting (93)
[2014.10.22-16.38.27:470][702]LogModuleManager: Shutting down and abandoning module CollisionAnalyzer (92)
[2014.10.22-16.38.27:470][702]LogModuleManager: Shutting down and abandoning module WorkspaceMenuStructure (91)
[2014.10.22-16.38.27:470][702]LogModuleManager: Shutting down and abandoning module MessageLog (90)
[2014.10.22-16.38.27:470][702]LogModuleManager: Shutting down and abandoning module Slate (89)
[2014.10.22-16.38.27:470][702]LogModuleManager: Shutting down and abandoning module EditorStyle (88)
[2014.10.22-16.38.27:471][702]LogModuleManager: Shutting down and abandoning module SessionServices (87)
[2014.10.22-16.38.27:471][702]LogModuleManager: Shutting down and abandoning module SourceCodeAccess (86)
[2014.10.22-16.38.27:471][702]LogModuleManager: Shutting down and abandoning module HeadMountedDisplay (85)
[2014.10.22-16.38.27:471][702]LogModuleManager: Shutting down and abandoning module XAudio2 (84)
[2014.10.22-16.38.27:471][702]LogModuleManager: Shutting down and abandoning module Networking (82)
[2014.10.22-16.38.27:471][702]LogModuleManager: Shutting down and abandoning module Core (81)
[2014.10.22-16.38.27:471][702]LogModuleManager: Shutting down and abandoning module KismetCompiler (80)
[2014.10.22-16.38.27:471][702]LogModuleManager: Shutting down and abandoning module PhysXFormats (79)
[2014.10.22-16.38.27:471][702]LogModuleManager: Shutting down and abandoning module MeshUtilities (78)
[2014.10.22-16.38.27:471][702]LogModuleManager: Shutting down and abandoning module DerivedDataCache (77)
[2014.10.22-16.38.27:501][702]LogDerivedDataCache: Shutdown
[2014.10.22-16.38.27:501][702]LogModuleManager: Shutting down and abandoning module ShaderFormatOpenGL (76)
[2014.10.22-16.38.27:501][702]LogModuleManager: Shutting down and abandoning module ShaderFormatD3D (75)
[2014.10.22-16.38.27:501][702]LogModuleManager: Shutting down and abandoning module MetalShaderFormat (74)
[2014.10.22-16.38.27:501][702]LogModuleManager: Shutting down and abandoning module TextureFormatUncompressed (73)
[2014.10.22-16.38.27:501][702]LogModuleManager: Shutting down and abandoning module TextureFormatPVR (72)
[2014.10.22-16.38.27:501][702]LogModuleManager: Shutting down and abandoning module TextureFormatDXT (71)
[2014.10.22-16.38.27:501][702]LogModuleManager: Shutting down and abandoning module TextureFormatAndroid (70)
[2014.10.22-16.38.27:501][702]LogModuleManager: Shutting down and abandoning module AudioFormatOpus (69)
[2014.10.22-16.38.27:501][702]LogModuleManager: Shutting down and abandoning module AudioFormatOgg (68)
[2014.10.22-16.38.27:501][702]LogModuleManager: Shutting down and abandoning module AudioFormatADPCM (67)
[2014.10.22-16.38.27:501][702]LogModuleManager: Shutting down and abandoning module Messaging (66)
[2014.10.22-16.38.27:501][702]LogModuleManager: Shutting down and abandoning module IOSTargetPlatform (65)
[2014.10.22-16.38.27:501][702]LogModuleManager: Shutting down and abandoning module Android_PVRTCTargetPlatform (64)
[2014.10.22-16.38.27:501][702]LogModuleManager: Shutting down and abandoning module Android_ETC2TargetPlatform (63)
[2014.10.22-16.38.27:501][702]LogModuleManager: Shutting down and abandoning module Android_ETC1TargetPlatform (62)
[2014.10.22-16.38.27:501][702]LogModuleManager: Shutting down and abandoning module Android_DXTTargetPlatform (61)
[2014.10.22-16.38.27:501][702]LogModuleManager: Shutting down and abandoning module Android_ATCTargetPlatform (60)
[2014.10.22-16.38.27:501][702]LogModuleManager: Shutting down and abandoning module AndroidTargetPlatform (59)
[2014.10.22-16.38.27:501][702]LogModuleManager: Shutting down and abandoning module WindowsTargetPlatform (58)
[2014.10.22-16.38.27:501][702]LogModuleManager: Shutting down and abandoning module WindowsServerTargetPlatform (57)
[2014.10.22-16.38.27:502][702]LogModuleManager: Shutting down and abandoning module WindowsNoEditorTargetPlatform (56)
[2014.10.22-16.38.27:502][702]LogModuleManager: Shutting down and abandoning module WindowsClientTargetPlatform (55)
[2014.10.22-16.38.27:502][702]LogModuleManager: Shutting down and abandoning module TargetPlatform (54)
[2014.10.22-16.38.27:502][702]LogModuleManager: Shutting down and abandoning module InputCore (53)
[2014.10.22-16.38.27:502][702]LogModuleManager: Shutting down and abandoning module Settings (52)
[2014.10.22-16.38.27:502][702]LogModuleManager: Shutting down and abandoning module TextureCompressor (49)
[2014.10.22-16.38.27:502][702]LogModuleManager: Shutting down and abandoning module ShaderCore (48)
[2014.10.22-16.38.27:502][702]LogModuleManager: Shutting down and abandoning module OpenGLDrv (47)
[2014.10.22-16.38.27:502][702]LogModuleManager: Shutting down and abandoning module D3D11RHI (46)
[2014.10.22-16.38.27:502][702]LogModuleManager: Shutting down and abandoning module SlateRHIRenderer (45)
[2014.10.22-16.38.27:502][702]LogModuleManager: Shutting down and abandoning module Renderer (44)
[2014.10.22-16.38.27:502][702]LogModuleManager: Shutting down and abandoning module Engine (43)
[2014.10.22-16.38.27:502][702]LogModuleManager: Shutting down and abandoning module SlateRemote (42)
[2014.10.22-16.38.27:502][702]LogModuleManager: Shutting down and abandoning module ScriptPlugin (41)
[2014.10.22-16.38.27:502][702]LogModuleManager: Shutting down and abandoning module ScriptEditorPlugin (39)
[2014.10.22-16.38.27:502][702]LogModuleManager: Shutting down and abandoning module WindowsMoviePlayer (38)
[2014.10.22-16.38.27:507][702]LogModuleManager: Shutting down and abandoning module ExampleDeviceProfileSelector (31)
[2014.10.22-16.38.27:507][702]LogModuleManager: Shutting down and abandoning module CustomMeshComponent (30)
[2014.10.22-16.38.27:507][702]LogModuleManager: Shutting down and abandoning module CableComponent (29)
[2014.10.22-16.38.27:507][702]LogModuleManager: Shutting down and abandoning module OculusRift (25)
[2014.10.22-16.38.27:507][702]LogModuleManager: Shutting down and abandoning module UdpMessaging (24)
[2014.10.22-16.38.27:608][702]LogModuleManager: Shutting down and abandoning module MessagingDebugger (23)
[2014.10.22-16.38.27:608][702]LogModuleManager: Shutting down and abandoning module SmartSnapping (21)
[2014.10.22-16.38.27:608][702]LogModuleManager: Shutting down and abandoning module PaperJsonImporter (20)
[2014.10.22-16.38.27:608][702]LogModuleManager: Shutting down and abandoning module Paper2DEditor (19)
[2014.10.22-16.38.27:608][702]LogModuleManager: Shutting down and abandoning module Paper2D (18)
[2014.10.22-16.38.27:608][702]LogModuleManager: Shutting down and abandoning module SpeedTreeImporter (14)
[2014.10.22-16.38.27:608][702]LogModuleManager: Shutting down and abandoning module PluginsEditor (13)
[2014.10.22-16.38.27:608][702]LogModuleManager: Shutting down and abandoning module EpicSurvey (12)
[2014.10.22-16.38.27:608][702]LogModuleManager: Shutting down and abandoning module VisualStudioSourceCodeAccess (10)
[2014.10.22-16.38.27:608][702]LogModuleManager: Shutting down and abandoning module UObjectPlugin (9)
[2014.10.22-16.38.27:608][702]LogModuleManager: Shutting down and abandoning module SubversionSourceControl (8)
[2014.10.22-16.38.27:608][702]LogModuleManager: Shutting down and abandoning module PerforceSourceControl (7)
[2014.10.22-16.38.27:608][702]LogModuleManager: Shutting down and abandoning module BlankPlugin (6)
[2014.10.22-16.38.27:608][702]LogModuleManager: Shutting down and abandoning module CoreUObject (5)
[2014.10.22-16.38.27:608][702]LogModuleManager: Shutting down and abandoning module NetworkFile (4)
[2014.10.22-16.38.27:608][702]LogModuleManager: Shutting down and abandoning module StreamingFile (3)
[2014.10.22-16.38.27:608][702]LogModuleManager: Shutting down and abandoning module SandboxFile (2)
[2014.10.22-16.38.27:608][702]LogModuleManager: Shutting down and abandoning module PakFile (1)
[2014.10.22-16.38.27:608][702]LogExit: Exiting.
[2014.10.22-16.38.27:613][702]Log file closed, 10/22/14 12:38:27
